2025-11-24 23:59:42,645 - WARNING - Command '/home/amily/iree-build/compiler/bindings/python/iree/compiler/tools/../_mlir_libs/iree-compile tuning_2025_11_24_23_59/template.mlir -o=tuning_2025_11_24_23_59/candidates/compiled/133.vmfb --mlir-pass-pipeline-crash-reproducer=tuning_2025_11_24_23_59/candidates/compiled/133.vmfb.crash_report.mlir --iree-codegen-tuning-spec-path=tuning_2025_11_24_23_59/candidates/specs/133_spec.mlir --iree-hal-target-device=hip --iree-hip-target=gfx942 --compile-from=executable-sources' timed out after 16 seconds.
2025-11-24 23:59:42,682 - WARNING - Command '/home/amily/iree-build/compiler/bindings/python/iree/compiler/tools/../_mlir_libs/iree-compile tuning_2025_11_24_23_59/template.mlir -o=tuning_2025_11_24_23_59/candidates/compiled/140.vmfb --mlir-pass-pipeline-crash-reproducer=tuning_2025_11_24_23_59/candidates/compiled/140.vmfb.crash_report.mlir --iree-codegen-tuning-spec-path=tuning_2025_11_24_23_59/candidates/specs/140_spec.mlir --iree-hal-target-device=hip --iree-hip-target=gfx942 --compile-from=executable-sources' timed out after 16 seconds.
2025-11-24 23:59:42,710 - WARNING - Command '/home/amily/iree-build/compiler/bindings/python/iree/compiler/tools/../_mlir_libs/iree-compile tuning_2025_11_24_23_59/template.mlir -o=tuning_2025_11_24_23_59/candidates/compiled/143.vmfb --mlir-pass-pipeline-crash-reproducer=tuning_2025_11_24_23_59/candidates/compiled/143.vmfb.crash_report.mlir --iree-codegen-tuning-spec-path=tuning_2025_11_24_23_59/candidates/specs/143_spec.mlir --iree-hal-target-device=hip --iree-hip-target=gfx942 --compile-from=executable-sources' timed out after 16 seconds.
2025-11-24 23:59:43,420 - WARNING - Command '/home/amily/iree-build/compiler/bindings/python/iree/compiler/tools/../_mlir_libs/iree-compile tuning_2025_11_24_23_59/template.mlir -o=tuning_2025_11_24_23_59/candidates/compiled/198.vmfb --mlir-pass-pipeline-crash-reproducer=tuning_2025_11_24_23_59/candidates/compiled/198.vmfb.crash_report.mlir --iree-codegen-tuning-spec-path=tuning_2025_11_24_23_59/candidates/specs/198_spec.mlir --iree-hal-target-device=hip --iree-hip-target=gfx942 --compile-from=executable-sources' timed out after 16 seconds.
2025-11-24 23:59:43,818 - WARNING - Command '/home/amily/iree-build/compiler/bindings/python/iree/compiler/tools/../_mlir_libs/iree-compile tuning_2025_11_24_23_59/template.mlir -o=tuning_2025_11_24_23_59/candidates/compiled/229.vmfb --mlir-pass-pipeline-crash-reproducer=tuning_2025_11_24_23_59/candidates/compiled/229.vmfb.crash_report.mlir --iree-codegen-tuning-spec-path=tuning_2025_11_24_23_59/candidates/specs/229_spec.mlir --iree-hal-target-device=hip --iree-hip-target=gfx942 --compile-from=executable-sources' timed out after 16 seconds.
2025-11-24 23:59:45,606 - WARNING - Command '/home/amily/iree-build/compiler/bindings/python/iree/compiler/tools/../_mlir_libs/iree-compile tuning_2025_11_24_23_59/template.mlir -o=tuning_2025_11_24_23_59/candidates/compiled/349.vmfb --mlir-pass-pipeline-crash-reproducer=tuning_2025_11_24_23_59/candidates/compiled/349.vmfb.crash_report.mlir --iree-codegen-tuning-spec-path=tuning_2025_11_24_23_59/candidates/specs/349_spec.mlir --iree-hal-target-device=hip --iree-hip-target=gfx942 --compile-from=executable-sources' timed out after 16 seconds.
2025-11-24 23:59:45,698 - INFO - Benchmarking compiled dispatch candidates...
2025-11-24 23:59:57,672 - INFO - Smart candidate benchmark timeout is set to 3.60s
2025-11-25 00:04:57,956 - WARNING - Performance regressions detected for the following devices: hip://6, hip://7.
2025-11-25 00:04:57,959 - INFO - Candidate 5 time: 1080.00 us (87.2% of baseline)
2025-11-25 00:04:57,959 - INFO - Candidate 303 time: 1086.67 us (87.9% of baseline)
2025-11-25 00:04:57,959 - INFO - Candidate 225 time: 1080.00 us (89.6% of baseline)
2025-11-25 00:04:57,959 - INFO - Candidate 294 time: 1130.00 us (91.3% of baseline)
2025-11-25 00:04:57,959 - INFO - Candidate 49 time: 1100.00 us (91.3% of baseline)
2025-11-25 00:04:57,959 - INFO - Candidate 238 time: 1130.00 us (93.8% of baseline)
2025-11-25 00:04:57,959 - INFO - Candidate 104 time: 1136.67 us (94.3% of baseline)
2025-11-25 00:04:57,959 - INFO - Candidate 157 time: 1166.67 us (94.3% of baseline)
2025-11-25 00:04:57,959 - INFO - Candidate 111 time: 1170.00 us (94.5% of baseline)
2025-11-25 00:04:57,959 - INFO - Candidate 318 time: 1183.33 us (95.6% of baseline)
2025-11-25 00:04:57,959 - INFO - Candidate 299 time: 1190.00 us (96.2% of baseline)
2025-11-25 00:04:57,959 - INFO - Candidate 87 time: 1193.33 us (96.4% of baseline)
2025-11-25 00:04:57,959 - INFO - Candidate 338 time: 1196.67 us (96.6% of baseline)
2025-11-25 00:04:57,959 - INFO - Candidate 305 time: 1166.67 us (96.8% of baseline)
2025-11-25 00:04:57,959 - INFO - Candidate 181 time: 1223.33 us (98.9% of baseline)
2025-11-25 00:04:57,959 - INFO - Candidate 31 time: 1230.00 us (99.5% of baseline)
2025-11-25 00:04:57,959 - INFO - Candidate 106 time: 1236.67 us (100.0% of baseline)
2025-11-25 00:04:57,960 - INFO - Candidate 236 time: 1213.33 us (100.7% of baseline)
2025-11-25 00:04:57,960 - INFO - Candidate 284 time: 1220.00 us (101.2% of baseline)
2025-11-25 00:04:57,960 - INFO - Candidate 116 time: 1223.33 us (101.5% of baseline)
2025-11-25 00:04:57,960 - INFO - Candidate 161 time: 1256.67 us (101.6% of baseline)
2025-11-25 00:04:57,960 - INFO - Candidate 118 time: 1260.00 us (101.9% of baseline)
2025-11-25 00:04:57,960 - INFO - Candidate 40 time: 1230.00 us (102.1% of baseline)
2025-11-25 00:04:57,960 - INFO - Candidate 256 time: 1230.00 us (102.1% of baseline)
2025-11-25 00:04:57,960 - INFO - Candidate 13 time: 1266.67 us (102.3% of baseline)
2025-11-25 00:04:57,960 - INFO - Candidate 185 time: 1266.67 us (102.4% of baseline)
2025-11-25 00:04:57,960 - INFO - Candidate 48 time: 1236.67 us (102.6% of baseline)
2025-11-25 00:04:57,960 - INFO - Candidate 215 time: 1236.67 us (102.6% of baseline)
2025-11-25 00:04:57,960 - INFO - Candidate 310 time: 1276.67 us (103.1% of baseline)
2025-11-25 00:04:57,960 - INFO - Candidate 260 time: 1276.67 us (103.2% of baseline)
2025-11-25 00:04:57,960 - INFO - Candidate 63 time: 1280.00 us (103.4% of baseline)
2025-11-25 00:04:57,960 - INFO - Candidate 59 time: 1280.00 us (103.5% of baseline)
2025-11-25 00:04:57,960 - INFO - Candidate 110 time: 1280.00 us (103.5% of baseline)
2025-11-25 00:04:57,960 - INFO - Candidate 360 time: 1280.00 us (103.5% of baseline)
2025-11-25 00:04:57,960 - INFO - Candidate 146 time: 1250.00 us (103.7% of baseline)
2025-11-25 00:04:57,960 - INFO - Candidate 285 time: 1250.00 us (103.7% of baseline)
2025-11-25 00:04:57,961 - INFO - Candidate 12 time: 1253.33 us (104.0% of baseline)
2025-11-25 00:04:57,961 - INFO - Candidate 341 time: 1260.00 us (104.6% of baseline)
2025-11-25 00:04:57,961 - INFO - Candidate 363 time: 1296.67 us (104.7% of baseline)
2025-11-25 00:04:57,961 - INFO - Candidate 286 time: 1300.00 us (105.0% of baseline)
2025-11-25 00:04:57,961 - INFO - Candidate 89 time: 1266.67 us (105.1% of baseline)
2025-11-25 00:04:57,961 - INFO - Candidate 182 time: 1303.33 us (105.2% of baseline)
2025-11-25 00:04:57,961 - INFO - Candidate 93 time: 1270.00 us (105.4% of baseline)
2025-11-25 00:04:57,961 - INFO - Candidate 201 time: 1270.00 us (105.4% of baseline)
2025-11-25 00:04:57,961 - INFO - Candidate 244 time: 1270.00 us (105.4% of baseline)
2025-11-25 00:04:57,961 - INFO - Candidate 172 time: 1280.00 us (106.2% of baseline)
2025-11-25 00:04:57,961 - INFO - Candidate 237 time: 1320.00 us (106.6% of baseline)
2025-11-25 00:04:57,961 - INFO - Candidate 16 time: 1286.67 us (106.8% of baseline)
2025-11-25 00:04:57,961 - INFO - Candidate 308 time: 1286.67 us (106.8% of baseline)
2025-11-25 00:04:57,961 - INFO - Candidate 179 time: 1323.33 us (106.9% of baseline)
2025-11-25 00:04:57,961 - INFO - Candidate 17 time: 1326.67 us (107.1% of baseline)
2025-11-25 00:04:57,961 - INFO - Candidate 142 time: 1326.67 us (107.1% of baseline)
2025-11-25 00:04:57,961 - INFO - Candidate 171 time: 1330.00 us (107.4% of baseline)
2025-11-25 00:04:57,961 - INFO - Candidate 257 time: 1330.00 us (107.4% of baseline)
2025-11-25 00:04:57,962 - INFO - Candidate 168 time: 1296.67 us (107.6% of baseline)
2025-11-25 00:04:57,962 - INFO - Candidate 122 time: 1333.33 us (107.8% of baseline)
2025-11-25 00:04:57,962 - INFO - Candidate 330 time: 1300.00 us (107.9% of baseline)
2025-11-25 00:04:57,962 - INFO - Candidate 202 time: 1340.00 us (108.4% of baseline)
2025-11-25 00:04:57,962 - INFO - Candidate 127 time: 1306.67 us (108.4% of baseline)
2025-11-25 00:04:57,962 - INFO - Candidate 91 time: 1343.33 us (108.6% of baseline)
2025-11-25 00:04:57,962 - INFO - Candidate 71 time: 1346.67 us (108.7% of baseline)
2025-11-25 00:04:57,962 - INFO - Candidate 302 time: 1350.00 us (109.0% of baseline)
2025-11-25 00:04:57,962 - INFO - Candidate 263 time: 1350.00 us (109.2% of baseline)
2025-11-25 00:04:57,962 - INFO - Candidate 26 time: 1316.67 us (109.3% of baseline)
2025-11-25 00:04:57,962 - INFO - Candidate 90 time: 1353.33 us (109.3% of baseline)
2025-11-25 00:04:57,962 - INFO - Candidate 15 time: 1320.00 us (109.5% of baseline)
2025-11-25 00:04:57,962 - INFO - Candidate 24 time: 1320.00 us (109.5% of baseline)
2025-11-25 00:04:57,962 - INFO - Candidate 54 time: 1356.67 us (109.6% of baseline)
2025-11-25 00:04:57,962 - INFO - Candidate 132 time: 1356.67 us (109.6% of baseline)
2025-11-25 00:04:57,962 - INFO - Candidate 117 time: 1323.33 us (109.8% of baseline)
2025-11-25 00:04:57,962 - INFO - Candidate 203 time: 1323.33 us (109.8% of baseline)
2025-11-25 00:04:57,962 - INFO - Candidate 186 time: 1360.00 us (109.8% of baseline)
2025-11-25 00:04:57,962 - INFO - Candidate 247 time: 1360.00 us (110.0% of baseline)
2025-11-25 00:04:57,963 - INFO - Candidate 275 time: 1363.33 us (110.2% of baseline)
2025-11-25 00:04:57,963 - INFO - Candidate 314 time: 1370.00 us (110.6% of baseline)
2025-11-25 00:04:57,963 - INFO - Candidate 158 time: 1333.33 us (110.7% of baseline)
2025-11-25 00:04:57,963 - INFO - Candidate 354 time: 1333.33 us (110.7% of baseline)
2025-11-25 00:04:57,963 - INFO - Candidate 66 time: 1370.00 us (110.8% of baseline)
2025-11-25 00:04:57,963 - INFO - Candidate 170 time: 1340.00 us (111.2% of baseline)
2025-11-25 00:04:57,963 - INFO - Candidate 9 time: 1380.00 us (111.4% of baseline)
2025-11-25 00:04:57,963 - INFO - Candidate 76 time: 1343.33 us (111.5% of baseline)
2025-11-25 00:04:57,963 - INFO - Candidate 242 time: 1350.00 us (112.0% of baseline)
2025-11-25 00:04:57,963 - INFO - Candidate 207 time: 1353.33 us (112.3% of baseline)
2025-11-25 00:04:57,963 - INFO - Candidate 18 time: 1360.00 us (112.9% of baseline)
2025-11-25 00:04:57,963 - INFO - Candidate 22 time: 1363.33 us (113.1% of baseline)
2025-11-25 00:04:57,963 - INFO - Candidate 123 time: 1363.33 us (113.1% of baseline)
2025-11-25 00:04:57,963 - INFO - Candidate 324 time: 1363.33 us (113.1% of baseline)
2025-11-25 00:04:57,963 - INFO - Candidate 347 time: 1363.33 us (113.1% of baseline)
2025-11-25 00:04:57,963 - INFO - Candidate 230 time: 1370.00 us (113.7% of baseline)
2025-11-25 00:04:57,963 - INFO - Candidate 264 time: 1373.33 us (114.0% of baseline)
2025-11-25 00:04:57,963 - INFO - Candidate 340 time: 1376.67 us (114.2% of baseline)
2025-11-25 00:04:57,964 - INFO - Candidate 149 time: 1420.00 us (114.8% of baseline)
2025-11-25 00:04:57,964 - INFO - Candidate 176 time: 1386.67 us (115.1% of baseline)
2025-11-25 00:04:57,964 - INFO - Candidate 243 time: 1423.33 us (115.1% of baseline)
2025-11-25 00:04:57,964 - INFO - Candidate 367 time: 1426.67 us (115.2% of baseline)
2025-11-25 00:04:57,964 - INFO - Candidate 205 time: 1390.00 us (115.4% of baseline)
2025-11-25 00:04:57,964 - INFO - Candidate 276 time: 1390.00 us (115.4% of baseline)
2025-11-25 00:04:57,964 - INFO - Candidate 65 time: 1393.33 us (115.6% of baseline)
2025-11-25 00:04:57,964 - INFO - Candidate 121 time: 1393.33 us (115.6% of baseline)
2025-11-25 00:04:57,964 - INFO - Candidate 192 time: 1396.67 us (115.9% of baseline)
2025-11-25 00:04:57,964 - INFO - Candidate 150 time: 1410.00 us (117.0% of baseline)
2025-11-25 00:04:57,964 - INFO - Candidate 224 time: 1453.33 us (117.4% of baseline)
2025-11-25 00:04:57,964 - INFO - Candidate 113 time: 1416.67 us (117.6% of baseline)
2025-11-25 00:04:57,964 - INFO - Candidate 313 time: 1416.67 us (117.6% of baseline)
2025-11-25 00:04:57,964 - INFO - Candidate 60 time: 1420.00 us (117.8% of baseline)
2025-11-25 00:04:57,964 - INFO - Candidate 11 time: 1460.00 us (118.1% of baseline)
2025-11-25 00:04:57,964 - INFO - Candidate 120 time: 1426.67 us (118.4% of baseline)
2025-11-25 00:04:57,964 - INFO - Candidate 156 time: 1426.67 us (118.4% of baseline)
2025-11-25 00:04:57,964 - INFO - Candidate 348 time: 1466.67 us (118.6% of baseline)
2025-11-25 00:04:57,964 - INFO - Candidate 107 time: 1430.00 us (118.7% of baseline)
2025-11-25 00:04:57,965 - INFO - Candidate 131 time: 1430.00 us (118.7% of baseline)
2025-11-25 00:04:57,965 - INFO - Candidate 217 time: 1430.00 us (118.7% of baseline)
2025-11-25 00:04:57,965 - INFO - Candidate 56 time: 1440.00 us (119.5% of baseline)
2025-11-25 00:04:57,965 - INFO - Candidate 96 time: 1440.00 us (119.5% of baseline)
2025-11-25 00:04:57,965 - INFO - Candidate 183 time: 1440.00 us (119.5% of baseline)
2025-11-25 00:04:57,965 - INFO - Candidate 304 time: 1446.67 us (120.1% of baseline)
2025-11-25 00:04:57,965 - INFO - Candidate 46 time: 1486.67 us (120.2% of baseline)
2025-11-25 00:04:57,965 - INFO - Candidate 166 time: 1493.33 us (120.6% of baseline)
2025-11-25 00:04:57,965 - INFO - Candidate 269 time: 1493.33 us (120.6% of baseline)
2025-11-25 00:04:57,965 - INFO - Candidate 277 time: 1500.00 us (121.1% of baseline)
2025-11-25 00:04:57,965 - INFO - Candidate 371 time: 1500.00 us (121.1% of baseline)
2025-11-25 00:04:57,965 - INFO - Candidate 44 time: 1460.00 us (121.2% of baseline)
2025-11-25 00:04:57,965 - INFO - Candidate 282 time: 1460.00 us (121.2% of baseline)
2025-11-25 00:04:57,965 - INFO - Candidate 177 time: 1506.67 us (121.8% of baseline)
2025-11-25 00:04:57,965 - INFO - Candidate 191 time: 1470.00 us (122.0% of baseline)
2025-11-25 00:04:57,965 - INFO - Candidate 79 time: 1513.33 us (122.2% of baseline)
2025-11-25 00:04:57,965 - INFO - Candidate 78 time: 1520.00 us (122.9% of baseline)
2025-11-25 00:04:57,965 - INFO - Candidate 99 time: 1523.33 us (123.2% of baseline)
2025-11-25 00:04:57,965 - INFO - Candidate 216 time: 1526.67 us (123.3% of baseline)
2025-11-25 00:04:57,966 - INFO - Candidate 228 time: 1530.00 us (123.6% of baseline)
2025-11-25 00:04:57,966 - INFO - Candidate 220 time: 1533.33 us (123.8% of baseline)
2025-11-25 00:04:57,966 - INFO - Candidate 372 time: 1533.33 us (124.0% of baseline)
2025-11-25 00:04:57,966 - INFO - Candidate 184 time: 1503.33 us (124.8% of baseline)
2025-11-25 00:04:57,966 - INFO - Candidate 39 time: 1546.67 us (125.1% of baseline)
2025-11-25 00:04:57,966 - INFO - Candidate 214 time: 1550.00 us (125.3% of baseline)
2025-11-25 00:04:57,966 - INFO - Candidate 200 time: 1553.33 us (125.4% of baseline)
2025-11-25 00:04:57,966 - INFO - Candidate 368 time: 1553.33 us (125.6% of baseline)
2025-11-25 00:04:57,966 - INFO - Candidate 70 time: 1556.67 us (125.9% of baseline)
2025-11-25 00:04:57,966 - INFO - Candidate 126 time: 1556.67 us (125.9% of baseline)
2025-11-25 00:04:57,966 - INFO - Candidate 208 time: 1560.00 us (126.0% of baseline)
2025-11-25 00:04:57,966 - INFO - Candidate 332 time: 1520.00 us (126.1% of baseline)
2025-11-25 00:04:57,966 - INFO - Candidate 343 time: 1570.00 us (127.0% of baseline)
2025-11-25 00:04:57,966 - INFO - Candidate 41 time: 1530.00 us (127.0% of baseline)
2025-11-25 00:04:57,966 - INFO - Candidate 152 time: 1530.00 us (127.0% of baseline)
2025-11-25 00:04:57,966 - INFO - Candidate 55 time: 1580.00 us (127.8% of baseline)
2025-11-25 00:04:57,966 - INFO - Candidate 167 time: 1540.00 us (127.8% of baseline)
2025-11-25 00:04:57,966 - INFO - Candidate 240 time: 1540.00 us (127.8% of baseline)
2025-11-25 00:04:57,966 - INFO - Candidate 80 time: 1546.67 us (128.4% of baseline)
2025-11-25 00:04:57,967 - INFO - Candidate 296 time: 1556.67 us (129.2% of baseline)
2025-11-25 00:04:57,967 - INFO - Candidate 212 time: 1600.00 us (129.2% of baseline)
2025-11-25 00:04:57,967 - INFO - Candidate 356 time: 1603.33 us (129.6% of baseline)
2025-11-25 00:04:57,967 - INFO - Candidate 317 time: 1580.00 us (131.1% of baseline)
2025-11-25 00:04:57,967 - INFO - Candidate 223 time: 1583.33 us (131.4% of baseline)
2025-11-25 00:04:57,967 - INFO - Candidate 53 time: 1593.33 us (132.2% of baseline)
2025-11-25 00:04:57,967 - INFO - Candidate 159 time: 1646.67 us (133.0% of baseline)
2025-11-25 00:04:57,967 - INFO - Candidate 37 time: 1603.33 us (133.1% of baseline)
2025-11-25 00:04:57,967 - INFO - Candidate 92 time: 1606.67 us (133.3% of baseline)
2025-11-25 00:04:57,967 - INFO - Candidate 3 time: 1653.33 us (133.5% of baseline)
2025-11-25 00:04:57,967 - INFO - Candidate 233 time: 1653.33 us (133.5% of baseline)
2025-11-25 00:04:57,967 - INFO - Candidate 357 time: 1610.00 us (133.6% of baseline)
2025-11-25 00:04:57,967 - INFO - Candidate 353 time: 1653.33 us (133.7% of baseline)
2025-11-25 00:04:57,967 - INFO - Candidate 193 time: 1660.00 us (134.2% of baseline)
2025-11-25 00:04:57,967 - INFO - Candidate 30 time: 1680.00 us (135.7% of baseline)
2025-11-25 00:04:57,967 - INFO - Candidate 189 time: 1680.00 us (135.8% of baseline)
2025-11-25 00:04:57,967 - INFO - Candidate 147 time: 1683.33 us (135.9% of baseline)
2025-11-25 00:04:57,967 - INFO - Candidate 364 time: 1683.33 us (136.1% of baseline)
2025-11-25 00:04:57,968 - INFO - Candidate 135 time: 1696.67 us (137.2% of baseline)
2025-11-25 00:04:57,968 - INFO - Candidate 306 time: 1706.67 us (137.8% of baseline)
2025-11-25 00:04:57,968 - INFO - Candidate 21 time: 1713.33 us (138.4% of baseline)
2025-11-25 00:04:57,968 - INFO - Candidate 295 time: 1713.33 us (138.5% of baseline)
2025-11-25 00:04:57,968 - INFO - Candidate 232 time: 1673.33 us (138.9% of baseline)
2025-11-25 00:04:57,968 - INFO - Candidate 344 time: 1673.33 us (138.9% of baseline)
2025-11-25 00:04:57,968 - INFO - Candidate 289 time: 1680.00 us (139.4% of baseline)
2025-11-25 00:04:57,968 - INFO - Candidate 213 time: 1686.67 us (140.0% of baseline)
2025-11-25 00:04:57,968 - INFO - Candidate 211 time: 1696.67 us (140.8% of baseline)
2025-11-25 00:04:57,968 - INFO - Candidate 219 time: 1710.00 us (141.9% of baseline)
2025-11-25 00:04:57,968 - INFO - Candidate 288 time: 1713.33 us (142.2% of baseline)
2025-11-25 00:04:57,968 - INFO - Candidate 197 time: 1770.00 us (143.1% of baseline)
2025-11-25 00:04:57,968 - INFO - Candidate 154 time: 1726.67 us (143.3% of baseline)
2025-11-25 00:04:57,968 - INFO - Candidate 32 time: 1730.00 us (143.6% of baseline)
2025-11-25 00:04:57,968 - INFO - Candidate 100 time: 1743.33 us (144.7% of baseline)
2025-11-25 00:04:57,968 - INFO - Candidate 365 time: 1753.33 us (145.5% of baseline)
2025-11-25 00:04:57,968 - INFO - Candidate 124 time: 1830.00 us (147.8% of baseline)
2025-11-25 00:04:57,968 - INFO - Candidate 206 time: 1830.00 us (148.0% of baseline)
2025-11-25 00:04:57,968 - INFO - Candidate 175 time: 1783.33 us (148.0% of baseline)
2025-11-25 00:04:57,969 - INFO - Candidate 250 time: 1786.67 us (148.3% of baseline)
2025-11-25 00:04:57,969 - INFO - Candidate 155 time: 1846.67 us (149.1% of baseline)
2025-11-25 00:04:57,969 - INFO - Candidate 105 time: 1800.00 us (149.4% of baseline)
2025-11-25 00:04:57,969 - INFO - Candidate 75 time: 1850.00 us (149.4% of baseline)
2025-11-25 00:04:57,969 - INFO - Candidate 6 time: 1806.67 us (149.9% of baseline)
2025-11-25 00:04:57,969 - INFO - Candidate 83 time: 1863.33 us (150.5% of baseline)
2025-11-25 00:04:57,969 - INFO - Candidate 266 time: 1823.33 us (151.3% of baseline)
2025-11-25 00:04:57,969 - INFO - Candidate 35 time: 1883.33 us (152.3% of baseline)
2025-11-25 00:04:57,969 - INFO - Candidate 125 time: 1836.67 us (152.4% of baseline)
2025-11-25 00:04:57,969 - INFO - Candidate 14 time: 1900.00 us (153.6% of baseline)
2025-11-25 00:04:57,969 - INFO - Candidate 251 time: 1923.33 us (155.5% of baseline)
2025-11-25 00:04:57,969 - INFO - Candidate 258 time: 1886.67 us (156.6% of baseline)
2025-11-25 00:04:57,969 - INFO - Candidate 141 time: 1926.67 us (159.9% of baseline)
2025-11-25 00:04:57,969 - INFO - Candidate 138 time: 1940.00 us (161.0% of baseline)
2025-11-25 00:04:57,969 - INFO - Candidate 7 time: 1943.33 us (161.3% of baseline)
2025-11-25 00:04:57,969 - INFO - Candidate 77 time: 1943.33 us (161.3% of baseline)
2025-11-25 00:04:57,969 - INFO - Candidate 23 time: 2003.33 us (162.0% of baseline)
2025-11-25 00:04:57,969 - INFO - Candidate 196 time: 1956.67 us (162.4% of baseline)
2025-11-25 00:04:57,969 - INFO - Candidate 331 time: 2020.00 us (163.3% of baseline)
2025-11-25 00:04:57,970 - INFO - Candidate 178 time: 1970.00 us (163.5% of baseline)
2025-11-25 00:04:57,970 - INFO - Candidate 336 time: 1973.33 us (163.8% of baseline)
2025-11-25 00:04:57,970 - INFO - Candidate 249 time: 2073.33 us (167.4% of baseline)
2025-11-25 00:04:57,970 - INFO - Candidate 315 time: 2073.33 us (167.7% of baseline)
2025-11-25 00:04:57,970 - INFO - Candidate 144 time: 2023.33 us (167.9% of baseline)
2025-11-25 00:04:57,970 - INFO - Candidate 115 time: 2083.33 us (168.2% of baseline)
2025-11-25 00:04:57,970 - INFO - Candidate 2 time: 2033.33 us (168.7% of baseline)
2025-11-25 00:04:57,970 - INFO - Candidate 81 time: 2056.67 us (170.7% of baseline)
2025-11-25 00:04:57,970 - INFO - Candidate 169 time: 2130.00 us (172.2% of baseline)
2025-11-25 00:04:57,970 - INFO - Candidate 361 time: 2080.00 us (172.6% of baseline)
2025-11-25 00:04:57,970 - INFO - Candidate 74 time: 2146.67 us (173.6% of baseline)
2025-11-25 00:04:57,970 - INFO - Candidate 95 time: 2150.00 us (173.9% of baseline)
2025-11-25 00:04:57,970 - INFO - Candidate 218 time: 2163.33 us (174.9% of baseline)
2025-11-25 00:04:57,970 - INFO - Candidate 307 time: 2170.00 us (175.5% of baseline)
2025-11-25 00:04:57,970 - INFO - Candidate 311 time: 2180.00 us (176.3% of baseline)
2025-11-25 00:04:57,970 - INFO - Candidate 98 time: 2186.67 us (176.6% of baseline)
2025-11-25 00:04:57,970 - INFO - Candidate 346 time: 2190.00 us (176.9% of baseline)
2025-11-25 00:04:57,970 - INFO - Candidate 259 time: 2136.67 us (177.3% of baseline)
2025-11-25 00:04:57,970 - INFO - Candidate 227 time: 2143.33 us (177.9% of baseline)
2025-11-25 00:04:57,971 - INFO - Candidate 352 time: 2163.33 us (179.5% of baseline)
2025-11-25 00:04:57,971 - INFO - Candidate 10 time: 2166.67 us (179.8% of baseline)
2025-11-25 00:04:57,971 - INFO - Candidate 114 time: 2240.00 us (181.1% of baseline)
2025-11-25 00:04:57,971 - INFO - Candidate 328 time: 2183.33 us (181.2% of baseline)
2025-11-25 00:04:57,971 - INFO - Candidate 38 time: 2280.00 us (184.1% of baseline)
2025-11-25 00:04:57,971 - INFO - Candidate 262 time: 2220.00 us (184.2% of baseline)
2025-11-25 00:04:57,971 - INFO - Candidate 130 time: 2280.00 us (184.4% of baseline)
2025-11-25 00:04:57,971 - INFO - Candidate 84 time: 2226.67 us (184.8% of baseline)
2025-11-25 00:04:57,971 - INFO - Candidate 68 time: 2253.33 us (187.0% of baseline)
2025-11-25 00:04:57,971 - INFO - Candidate 129 time: 2263.33 us (187.8% of baseline)
2025-11-25 00:04:57,971 - INFO - Candidate 246 time: 2263.33 us (187.8% of baseline)
2025-11-25 00:04:57,971 - INFO - Candidate 194 time: 2270.00 us (188.4% of baseline)
2025-11-25 00:04:57,971 - INFO - Candidate 69 time: 2283.33 us (189.5% of baseline)
2025-11-25 00:04:57,971 - INFO - Candidate 272 time: 2296.67 us (190.6% of baseline)
2025-11-25 00:04:57,971 - INFO - Candidate 362 time: 2296.67 us (190.6% of baseline)
2025-11-25 00:04:57,971 - INFO - Candidate 287 time: 2383.33 us (192.7% of baseline)
2025-11-25 00:04:57,971 - INFO - Candidate 321 time: 2346.67 us (194.7% of baseline)
2025-11-25 00:04:57,971 - INFO - Candidate 61 time: 2363.33 us (196.1% of baseline)
2025-11-25 00:04:57,971 - INFO - Candidate 278 time: 2380.00 us (197.5% of baseline)
2025-11-25 00:04:57,972 - INFO - Candidate 25 time: 2453.33 us (198.1% of baseline)
2025-11-25 00:04:57,972 - INFO - Candidate 359 time: 2483.33 us (200.5% of baseline)
2025-11-25 00:04:57,972 - INFO - Candidate 298 time: 2426.67 us (201.4% of baseline)
2025-11-25 00:04:57,972 - INFO - Candidate 265 time: 2513.33 us (203.0% of baseline)
2025-11-25 00:04:57,972 - INFO - Candidate 370 time: 2446.67 us (203.0% of baseline)
2025-11-25 00:04:57,972 - INFO - Candidate 204 time: 2526.67 us (204.0% of baseline)
2025-11-25 00:04:57,972 - INFO - Candidate 337 time: 2460.00 us (204.1% of baseline)
2025-11-25 00:04:57,972 - INFO - Candidate 239 time: 2536.67 us (205.1% of baseline)
2025-11-25 00:04:57,972 - INFO - Candidate 42 time: 2566.67 us (207.5% of baseline)
2025-11-25 00:04:57,972 - INFO - Candidate 226 time: 2583.33 us (208.9% of baseline)
2025-11-25 00:04:57,972 - INFO - Candidate 4 time: 2593.33 us (209.7% of baseline)
2025-11-25 00:04:57,972 - INFO - Candidate 19 time: 2593.33 us (209.7% of baseline)
2025-11-25 00:04:57,972 - INFO - Candidate 58 time: 2613.33 us (211.0% of baseline)
2025-11-25 00:04:57,972 - INFO - Candidate 320 time: 2546.67 us (211.3% of baseline)
2025-11-25 00:04:57,972 - INFO - Candidate 137 time: 2623.33 us (211.8% of baseline)
2025-11-25 00:04:57,972 - INFO - Candidate 180 time: 2580.00 us (214.1% of baseline)
2025-11-25 00:04:57,972 - INFO - Candidate 326 time: 2653.33 us (214.3% of baseline)
2025-11-25 00:04:57,972 - INFO - Candidate 369 time: 2583.33 us (214.4% of baseline)
2025-11-25 00:04:57,972 - INFO - Candidate 43 time: 2683.33 us (216.7% of baseline)
2025-11-25 00:04:57,973 - INFO - Candidate 241 time: 2690.00 us (217.2% of baseline)
2025-11-25 00:04:57,973 - INFO - Candidate 267 time: 2700.00 us (218.3% of baseline)
2025-11-25 00:04:57,973 - INFO - Candidate 252 time: 2653.33 us (220.2% of baseline)
2025-11-25 00:04:57,973 - INFO - Candidate 235 time: 2750.00 us (222.4% of baseline)
2025-11-25 00:04:57,973 - INFO - Candidate 231 time: 2770.00 us (224.0% of baseline)
2025-11-25 00:04:57,973 - INFO - Candidate 88 time: 2703.33 us (224.3% of baseline)
2025-11-25 00:04:57,973 - INFO - Candidate 94 time: 2783.33 us (224.8% of baseline)
2025-11-25 00:04:57,973 - INFO - Candidate 195 time: 2786.67 us (225.0% of baseline)
2025-11-25 00:04:57,973 - INFO - Candidate 245 time: 2786.67 us (225.0% of baseline)
2025-11-25 00:04:57,973 - INFO - Candidate 327 time: 2823.33 us (228.3% of baseline)
2025-11-25 00:04:57,973 - INFO - Candidate 342 time: 2876.67 us (232.3% of baseline)
2025-11-25 00:04:57,973 - INFO - Candidate 329 time: 2950.00 us (238.2% of baseline)
2025-11-25 00:04:57,973 - INFO - Candidate 86 time: 2946.67 us (238.3% of baseline)
2025-11-25 00:04:57,973 - INFO - Candidate 248 time: 2916.67 us (242.0% of baseline)
2025-11-25 00:04:57,973 - INFO - Candidate 153 time: 3033.33 us (245.3% of baseline)
2025-11-25 00:04:57,973 - INFO - Candidate 148 time: 2970.00 us (246.5% of baseline)
2025-11-25 00:04:57,973 - INFO - Candidate 334 time: 3086.67 us (249.3% of baseline)
2025-11-25 00:04:57,973 - INFO - Candidate 190 time: 3106.67 us (250.9% of baseline)
2025-11-25 00:04:57,973 - INFO - Candidate 199 time: 3110.00 us (258.1% of baseline)
2025-11-25 00:04:57,974 - INFO - Candidate 163 time: 3220.00 us (260.0% of baseline)
2025-11-25 00:04:57,974 - INFO - Candidate 20 time: 3160.00 us (262.2% of baseline)
2025-11-25 00:04:57,974 - INFO - Candidate 316 time: 3216.67 us (266.9% of baseline)
2025-11-25 00:04:57,974 - INFO - Candidate 36 time: 3246.67 us (269.4% of baseline)
2025-11-25 00:04:57,974 - INFO - Candidate 82 time: 3386.67 us (273.9% of baseline)
2025-11-25 00:04:57,974 - INFO - Candidate 109 time: 3303.33 us (274.1% of baseline)
2025-11-25 00:04:57,974 - INFO - Candidate 165 time: 3436.67 us (277.9% of baseline)
2025-11-25 00:04:57,974 - INFO - Candidate 102 time: 3500.00 us (282.6% of baseline)
2025-11-25 00:04:57,974 - INFO - Candidate 345 time: 3413.33 us (283.3% of baseline)
2025-11-25 00:04:57,974 - INFO - Candidate 160 time: 3483.33 us (289.1% of baseline)
2025-11-25 00:04:57,974 - INFO - Candidate 85 time: 3506.67 us (291.0% of baseline)
2025-11-25 00:04:57,974 - INFO - Candidate 51 time: 3700.00 us (298.8% of baseline)
2025-11-25 00:04:57,974 - INFO - Candidate 164 time: 3720.00 us (308.7% of baseline)
2025-11-25 00:04:57,974 - INFO - Candidate 50 time: 4273.33 us (345.6% of baseline)
2025-11-25 00:04:57,974 - INFO - Candidate 283 time: 4306.67 us (348.2% of baseline)
2025-11-25 00:04:57,974 - INFO - Candidate 351 time: 4410.00 us (356.1% of baseline)
2025-11-25 00:04:57,974 - INFO - Candidate 162 time: 4313.33 us (358.0% of baseline)
2025-11-25 00:04:57,974 - INFO - Candidate 27 time: 4396.67 us (364.9% of baseline)
2025-11-25 00:04:57,975 - INFO - Candidate 319 time: 4630.00 us (374.4% of baseline)
2025-11-25 00:04:57,975 - INFO - Candidate 210 time: 4730.00 us (382.5% of baseline)
2025-11-25 00:04:57,975 - INFO - Candidate 292 time: 4630.00 us (384.2% of baseline)
2025-11-25 00:04:57,975 - INFO - Candidate 255 time: 4753.33 us (384.4% of baseline)
2025-11-25 00:04:57,975 - INFO - Candidate 281 time: 4776.67 us (385.7% of baseline)
2025-11-25 00:04:57,975 - INFO - Candidate 52 time: 4696.67 us (389.8% of baseline)
2025-11-25 00:04:57,975 - INFO - Candidate 268 time: 4760.00 us (395.0% of baseline)
2025-11-25 00:04:57,975 - INFO - Candidate 139 time: 5026.67 us (406.5% of baseline)
2025-11-25 00:04:57,975 - INFO - Candidate 325 time: 4910.00 us (407.5% of baseline)
2025-11-25 00:04:57,975 - INFO - Candidate 291 time: 5150.00 us (416.4% of baseline)
2025-11-25 00:04:57,975 - INFO - Candidate 254 time: 5030.00 us (417.4% of baseline)
2025-11-25 00:04:57,975 - INFO - Candidate 47 time: 5170.00 us (417.5% of baseline)
2025-11-25 00:04:57,975 - INFO - Candidate 62 time: 5190.00 us (419.7% of baseline)
2025-11-25 00:04:57,975 - INFO - Candidate 301 time: 5203.33 us (431.8% of baseline)
2025-11-25 00:04:57,975 - INFO - Candidate 279 time: 5413.33 us (437.7% of baseline)
2025-11-25 00:04:57,975 - INFO - Candidate 108 time: 5503.33 us (444.4% of baseline)
2025-11-25 00:04:57,975 - INFO - Candidate 134 time: 5433.33 us (450.9% of baseline)
2025-11-25 00:04:57,975 - INFO - Candidate 29 time: 5506.67 us (457.0% of baseline)
2025-11-25 00:04:57,975 - INFO - Candidate 358 time: 6650.00 us (551.9% of baseline)
2025-11-25 00:04:57,976 - INFO - Candidate 72 time: 7083.33 us (587.8% of baseline)
2025-11-25 00:04:57,976 - INFO - Candidate 322 time: 7286.67 us (588.4% of baseline)
2025-11-25 00:04:57,976 - INFO - Candidate 187 time: 7143.33 us (592.8% of baseline)
2025-11-25 00:04:57,976 - INFO - Candidate 300 time: 7213.33 us (598.6% of baseline)
2025-11-25 00:04:57,976 - INFO - Candidate 222 time: 8723.33 us (705.4% of baseline)
2025-11-25 00:04:57,976 - INFO - Candidate 280 time: 8713.33 us (723.1% of baseline)
2025-11-25 00:04:57,976 - INFO - Candidate 33 time: 9113.33 us (756.3% of baseline)
2025-11-25 00:04:57,976 - INFO - Candidate 271 time: 9643.33 us (779.8% of baseline)
2025-11-25 00:04:57,976 - INFO - Candidate 309 time: 9713.33 us (806.1% of baseline)
2025-11-25 00:04:57,976 - INFO - Candidate 103 time: 10100.00 us (816.7% of baseline)
2025-11-25 00:04:57,976 - INFO - Candidate 221 time: 10166.67 us (843.7% of baseline)
2025-11-25 00:04:57,976 - INFO - Candidate 28 time: 10700.00 us (865.2% of baseline)
2025-11-25 00:04:57,976 - INFO - Candidate 273 time: 11500.00 us (928.7% of baseline)
2025-11-25 00:04:57,976 - INFO - Candidate 188 time: 11400.00 us (946.1% of baseline)
2025-11-25 00:04:57,976 - INFO - Candidate 355 time: 11966.67 us (966.4% of baseline)
2025-11-25 00:04:57,976 - INFO - Candidate 8 time: 11966.67 us (967.7% of baseline)
2025-11-25 00:04:57,976 - INFO - Candidate 45 time: 11700.00 us (971.0% of baseline)
2025-11-25 00:04:57,976 - INFO - Candidate 173 time: 12200.00 us (986.5% of baseline)
2025-11-25 00:04:57,976 - INFO - Candidate 333 time: 11966.67 us (993.1% of baseline)
2025-11-25 00:04:57,977 - INFO - Candidate 270 time: 12333.33 us (1023.5% of baseline)
2025-11-25 00:04:57,977 - INFO - Candidate 101 time: 12400.00 us (1029.0% of baseline)
2025-11-25 00:04:57,977 - INFO - Candidate 366 time: 12800.00 us (1062.2% of baseline)
2025-11-25 00:04:57,977 - INFO - Candidate 67 time: 13366.67 us (1079.4% of baseline)
2025-11-25 00:04:57,977 - INFO - Candidate 128 time: 13400.00 us (1082.1% of baseline)
2025-11-25 00:04:57,977 - INFO - Candidate 97 time: 13133.33 us (1089.9% of baseline)
2025-11-25 00:04:57,977 - INFO - Candidate 312 time: 13200.00 us (1095.4% of baseline)
2025-11-25 00:04:57,977 - INFO - Candidate 350 time: 13733.33 us (1139.7% of baseline)
2025-11-25 00:04:57,977 - INFO - Candidate 1 time: 14600.00 us (1211.6% of baseline)
2025-11-25 00:04:57,977 - INFO - Candidate 274 time: 17300.00 us (1435.7% of baseline)
2025-11-25 00:04:57,977 - INFO - Candidate 151 time: 17966.67 us (1450.9% of baseline)
2025-11-25 00:04:57,977 - INFO - Candidate 253 time: 18400.00 us (1485.9% of baseline)
2025-11-25 00:04:57,977 - INFO - Candidate 145 time: 21266.67 us (1719.7% of baseline)
2025-11-25 00:04:57,977 - INFO - Candidate 174 time: 21900.00 us (1768.5% of baseline)
2025-11-25 00:04:57,977 - INFO - Candidate 112 time: 22366.67 us (1856.2% of baseline)
2025-11-25 00:04:57,977 - INFO - Candidate 335 time: 24800.00 us (2005.4% of baseline)
2025-11-25 00:04:57,977 - INFO - Candidate 136 time: 24200.00 us (2008.3% of baseline)
2025-11-25 00:04:57,977 - INFO - Candidate 293 time: 25600.00 us (2124.5% of baseline)
2025-11-25 00:04:57,977 - INFO - Candidate 290 time: 26866.67 us (2169.6% of baseline)
2025-11-25 00:04:57,977 - INFO - Candidate 323 time: 33200.00 us (2684.6% of baseline)
2025-11-25 00:04:57,978 - INFO - Candidate 209 time: 32500.00 us (2697.1% of baseline)
2025-11-25 00:04:57,978 - INFO - Candidate 119 time: 34400.00 us (2777.9% of baseline)
2025-11-25 00:04:57,978 - INFO - Candidate 297 time: 35133.33 us (2837.1% of baseline)
2025-11-25 00:04:57,978 - INFO - Candidate 34 time: 36900.00 us (2979.8% of baseline)
2025-11-25 00:04:57,978 - INFO - Candidate 57 time: 36266.67 us (3009.7% of baseline)
2025-11-25 00:04:57,978 - INFO - Candidate 73 time: 37200.00 us (3087.1% of baseline)
2025-11-25 00:04:57,978 - INFO - Candidate 339 time: 38200.00 us (3088.9% of baseline)
2025-11-25 00:04:57,978 - INFO - Candidate 261 time: 40233.33 us (3249.0% of baseline)
2025-11-25 00:04:57,978 - INFO - Candidate 64 time: 40200.00 us (3336.1% of baseline)
2025-11-25 00:04:57,978 - INFO - Candidate 234 time: 47800.00 us (3966.8% of baseline)
2025-11-25 00:04:57,978 - INFO - Top dispatch candidates: [5, 303, 225, 294, 49, 238, 104, 157, 111, 318, 299, 87, 338, 305, 181, 31, 106, 236, 284, 116, 161, 118, 40, 256, 13, 185, 48, 215, 310, 260, 63, 59, 110, 360, 146, 285, 12, 341, 363, 286, 89, 182, 93, 201, 244, 172, 237, 16, 308, 179, 17, 142, 171, 257, 168, 122, 330, 202, 127, 91, 71, 302, 263, 26, 90, 15, 24, 54, 132, 117, 203, 186, 247, 275, 314, 158, 354, 66, 170, 9, 76, 242, 207, 18, 22, 123, 324, 347, 230, 264, 340, 149, 176, 243, 367, 205, 276, 65, 121, 192, 150, 224, 113, 313, 60, 11, 120, 156, 348, 107, 131, 217, 56, 96, 183, 304, 46, 166, 269, 277, 371, 44, 282, 177, 191, 79, 78, 99, 216, 228, 220, 372, 184, 39, 214, 200, 368, 70, 126, 208, 332, 343, 41, 152, 55, 167, 240, 80, 296, 212, 356, 317, 223, 53, 159, 37, 92, 3, 233, 357, 353, 193, 30, 189, 147, 364, 135, 306, 21, 295, 232, 344, 289, 213, 211, 219, 288, 197, 154, 32, 100, 365, 124, 206, 175, 250, 155, 105, 75, 6, 83, 266, 35, 125, 14, 251, 258, 141, 138, 7, 77, 23, 196, 331, 178, 336, 249, 315, 144, 115, 2, 81, 169, 361, 74, 95, 218, 307, 311, 98, 346, 259, 227, 352, 10, 114, 328, 38, 262, 130, 84, 68, 129, 246, 194, 69, 272, 362, 287, 321, 61, 278, 25, 359, 298, 265, 370, 204, 337, 239, 42, 226, 4, 19, 58, 320, 137, 180, 326, 369, 43, 241, 267, 252, 235, 231, 88, 94, 195, 245, 327, 342, 329, 86, 248, 153, 148, 334, 190, 199, 163, 20, 316, 36, 82, 109, 165, 102, 345, 160, 85, 51, 164, 50, 283, 351, 162, 27, 319, 210, 292, 255, 281, 52, 268, 139, 325, 291, 254, 47, 62, 301, 279, 108, 134, 29, 358, 72, 322, 187, 300, 222, 280, 33, 271, 309, 103, 221, 28, 273, 188, 355, 8, 45, 173, 333, 270, 101, 366, 67, 128, 97, 312, 350, 1, 274, 151, 253, 145, 174, 112, 335, 136, 293, 290, 323, 209, 119, 297, 34, 57, 73, 339, 261, 64, 234]
2025-11-25 00:04:57,979 - INFO - /home/amily/shark-ai/sharktuner/tuning_2025_11_24_23_59/candidates/specs/5_spec.mlir
2025-11-25 00:04:57,979 - INFO - /home/amily/shark-ai/sharktuner/tuning_2025_11_24_23_59/candidates/specs/303_spec.mlir
2025-11-25 00:04:57,979 - INFO - /home/amily/shark-ai/sharktuner/tuning_2025_11_24_23_59/candidates/specs/225_spec.mlir
2025-11-25 00:04:57,979 - INFO - /home/amily/shark-ai/sharktuner/tuning_2025_11_24_23_59/candidates/specs/294_spec.mlir
2025-11-25 00:04:57,979 - INFO - /home/amily/shark-ai/sharktuner/tuning_2025_11_24_23_59/candidates/specs/49_spec.mlir
2025-11-25 00:04:57,979 - INFO - /home/amily/shark-ai/sharktuner/tuning_2025_11_24_23_59/candidates/specs/238_spec.mlir
2025-11-25 00:04:57,979 - INFO - /home/amily/shark-ai/sharktuner/tuning_2025_11_24_23_59/candidates/specs/104_spec.mlir
2025-11-25 00:04:57,979 - INFO - /home/amily/shark-ai/sharktuner/tuning_2025_11_24_23_59/candidates/specs/157_spec.mlir
2025-11-25 00:04:57,980 - INFO - /home/amily/shark-ai/sharktuner/tuning_2025_11_24_23_59/candidates/specs/111_spec.mlir
2025-11-25 00:04:57,980 - INFO - /home/amily/shark-ai/sharktuner/tuning_2025_11_24_23_59/candidates/specs/318_spec.mlir
2025-11-25 00:04:57,980 - INFO - /home/amily/shark-ai/sharktuner/tuning_2025_11_24_23_59/candidates/specs/299_spec.mlir
2025-11-25 00:04:57,980 - INFO - /home/amily/shark-ai/sharktuner/tuning_2025_11_24_23_59/candidates/specs/87_spec.mlir
2025-11-25 00:04:57,980 - INFO - /home/amily/shark-ai/sharktuner/tuning_2025_11_24_23_59/candidates/specs/338_spec.mlir
2025-11-25 00:04:57,980 - INFO - /home/amily/shark-ai/sharktuner/tuning_2025_11_24_23_59/candidates/specs/305_spec.mlir
2025-11-25 00:04:57,980 - INFO - /home/amily/shark-ai/sharktuner/tuning_2025_11_24_23_59/candidates/specs/181_spec.mlir
2025-11-25 00:04:57,980 - INFO - /home/amily/shark-ai/sharktuner/tuning_2025_11_24_23_59/candidates/specs/31_spec.mlir
2025-11-25 00:04:57,980 - INFO - /home/amily/shark-ai/sharktuner/tuning_2025_11_24_23_59/candidates/specs/106_spec.mlir
2025-11-25 00:04:57,981 - INFO - /home/amily/shark-ai/sharktuner/tuning_2025_11_24_23_59/candidates/specs/236_spec.mlir
2025-11-25 00:04:57,981 - INFO - /home/amily/shark-ai/sharktuner/tuning_2025_11_24_23_59/candidates/specs/284_spec.mlir
2025-11-25 00:04:57,981 - INFO - /home/amily/shark-ai/sharktuner/tuning_2025_11_24_23_59/candidates/specs/116_spec.mlir
2025-11-25 00:04:57,981 - INFO - /home/amily/shark-ai/sharktuner/tuning_2025_11_24_23_59/candidates/specs/161_spec.mlir
2025-11-25 00:04:57,981 - INFO - /home/amily/shark-ai/sharktuner/tuning_2025_11_24_23_59/candidates/specs/118_spec.mlir
2025-11-25 00:04:57,981 - INFO - /home/amily/shark-ai/sharktuner/tuning_2025_11_24_23_59/candidates/specs/40_spec.mlir
2025-11-25 00:04:57,981 - INFO - /home/amily/shark-ai/sharktuner/tuning_2025_11_24_23_59/candidates/specs/256_spec.mlir
2025-11-25 00:04:57,981 - INFO - /home/amily/shark-ai/sharktuner/tuning_2025_11_24_23_59/candidates/specs/13_spec.mlir
2025-11-25 00:04:57,981 - INFO - /home/amily/shark-ai/sharktuner/tuning_2025_11_24_23_59/candidates/specs/185_spec.mlir
2025-11-25 00:04:57,982 - INFO - /home/amily/shark-ai/sharktuner/tuning_2025_11_24_23_59/candidates/specs/48_spec.mlir
2025-11-25 00:04:57,982 - INFO - /home/amily/shark-ai/sharktuner/tuning_2025_11_24_23_59/candidates/specs/215_spec.mlir
2025-11-25 00:04:57,982 - INFO - /home/amily/shark-ai/sharktuner/tuning_2025_11_24_23_59/candidates/specs/310_spec.mlir
2025-11-25 00:04:57,982 - INFO - /home/amily/shark-ai/sharktuner/tuning_2025_11_24_23_59/candidates/specs/260_spec.mlir
2025-11-25 00:04:57,982 - INFO - /home/amily/shark-ai/sharktuner/tuning_2025_11_24_23_59/candidates/specs/63_spec.mlir
2025-11-25 00:04:57,982 - INFO - /home/amily/shark-ai/sharktuner/tuning_2025_11_24_23_59/candidates/specs/59_spec.mlir
2025-11-25 00:04:57,982 - INFO - /home/amily/shark-ai/sharktuner/tuning_2025_11_24_23_59/candidates/specs/110_spec.mlir
2025-11-25 00:04:57,982 - INFO - /home/amily/shark-ai/sharktuner/tuning_2025_11_24_23_59/candidates/specs/360_spec.mlir
2025-11-25 00:04:57,982 - INFO - /home/amily/shark-ai/sharktuner/tuning_2025_11_24_23_59/candidates/specs/146_spec.mlir
2025-11-25 00:04:57,983 - INFO - /home/amily/shark-ai/sharktuner/tuning_2025_11_24_23_59/candidates/specs/285_spec.mlir
2025-11-25 00:04:57,983 - INFO - /home/amily/shark-ai/sharktuner/tuning_2025_11_24_23_59/candidates/specs/12_spec.mlir
2025-11-25 00:04:57,983 - INFO - /home/amily/shark-ai/sharktuner/tuning_2025_11_24_23_59/candidates/specs/341_spec.mlir
2025-11-25 00:04:57,983 - INFO - /home/amily/shark-ai/sharktuner/tuning_2025_11_24_23_59/candidates/specs/363_spec.mlir
2025-11-25 00:04:57,983 - INFO - /home/amily/shark-ai/sharktuner/tuning_2025_11_24_23_59/candidates/specs/286_spec.mlir
2025-11-25 00:04:57,983 - INFO - /home/amily/shark-ai/sharktuner/tuning_2025_11_24_23_59/candidates/specs/89_spec.mlir
2025-11-25 00:04:57,983 - INFO - /home/amily/shark-ai/sharktuner/tuning_2025_11_24_23_59/candidates/specs/182_spec.mlir
2025-11-25 00:04:57,983 - INFO - /home/amily/shark-ai/sharktuner/tuning_2025_11_24_23_59/candidates/specs/93_spec.mlir
2025-11-25 00:04:57,983 - INFO - /home/amily/shark-ai/sharktuner/tuning_2025_11_24_23_59/candidates/specs/201_spec.mlir
2025-11-25 00:04:57,984 - INFO - /home/amily/shark-ai/sharktuner/tuning_2025_11_24_23_59/candidates/specs/244_spec.mlir
2025-11-25 00:04:57,984 - INFO - /home/amily/shark-ai/sharktuner/tuning_2025_11_24_23_59/candidates/specs/172_spec.mlir
2025-11-25 00:04:57,984 - INFO - /home/amily/shark-ai/sharktuner/tuning_2025_11_24_23_59/candidates/specs/237_spec.mlir
2025-11-25 00:04:57,984 - INFO - /home/amily/shark-ai/sharktuner/tuning_2025_11_24_23_59/candidates/specs/16_spec.mlir
2025-11-25 00:04:57,984 - INFO - /home/amily/shark-ai/sharktuner/tuning_2025_11_24_23_59/candidates/specs/308_spec.mlir
2025-11-25 00:04:57,984 - INFO - /home/amily/shark-ai/sharktuner/tuning_2025_11_24_23_59/candidates/specs/179_spec.mlir
2025-11-25 00:04:57,984 - INFO - /home/amily/shark-ai/sharktuner/tuning_2025_11_24_23_59/candidates/specs/17_spec.mlir
2025-11-25 00:04:57,984 - INFO - /home/amily/shark-ai/sharktuner/tuning_2025_11_24_23_59/candidates/specs/142_spec.mlir
2025-11-25 00:04:57,984 - INFO - /home/amily/shark-ai/sharktuner/tuning_2025_11_24_23_59/candidates/specs/171_spec.mlir
2025-11-25 00:04:57,985 - INFO - /home/amily/shark-ai/sharktuner/tuning_2025_11_24_23_59/candidates/specs/257_spec.mlir
2025-11-25 00:04:57,985 - INFO - /home/amily/shark-ai/sharktuner/tuning_2025_11_24_23_59/candidates/specs/168_spec.mlir
2025-11-25 00:04:57,985 - INFO - /home/amily/shark-ai/sharktuner/tuning_2025_11_24_23_59/candidates/specs/122_spec.mlir
2025-11-25 00:04:57,985 - INFO - /home/amily/shark-ai/sharktuner/tuning_2025_11_24_23_59/candidates/specs/330_spec.mlir
2025-11-25 00:04:57,985 - INFO - /home/amily/shark-ai/sharktuner/tuning_2025_11_24_23_59/candidates/specs/202_spec.mlir
2025-11-25 00:04:57,985 - INFO - /home/amily/shark-ai/sharktuner/tuning_2025_11_24_23_59/candidates/specs/127_spec.mlir
2025-11-25 00:04:57,985 - INFO - /home/amily/shark-ai/sharktuner/tuning_2025_11_24_23_59/candidates/specs/91_spec.mlir
2025-11-25 00:04:57,985 - INFO - /home/amily/shark-ai/sharktuner/tuning_2025_11_24_23_59/candidates/specs/71_spec.mlir
2025-11-25 00:04:57,985 - INFO - /home/amily/shark-ai/sharktuner/tuning_2025_11_24_23_59/candidates/specs/302_spec.mlir
2025-11-25 00:04:57,985 - INFO - /home/amily/shark-ai/sharktuner/tuning_2025_11_24_23_59/candidates/specs/263_spec.mlir
2025-11-25 00:04:57,986 - INFO - /home/amily/shark-ai/sharktuner/tuning_2025_11_24_23_59/candidates/specs/26_spec.mlir
2025-11-25 00:04:57,986 - INFO - /home/amily/shark-ai/sharktuner/tuning_2025_11_24_23_59/candidates/specs/90_spec.mlir
2025-11-25 00:04:57,986 - INFO - /home/amily/shark-ai/sharktuner/tuning_2025_11_24_23_59/candidates/specs/15_spec.mlir
2025-11-25 00:04:57,986 - INFO - /home/amily/shark-ai/sharktuner/tuning_2025_11_24_23_59/candidates/specs/24_spec.mlir
2025-11-25 00:04:57,986 - INFO - /home/amily/shark-ai/sharktuner/tuning_2025_11_24_23_59/candidates/specs/54_spec.mlir
2025-11-25 00:04:57,986 - INFO - /home/amily/shark-ai/sharktuner/tuning_2025_11_24_23_59/candidates/specs/132_spec.mlir
2025-11-25 00:04:57,986 - INFO - /home/amily/shark-ai/sharktuner/tuning_2025_11_24_23_59/candidates/specs/117_spec.mlir
2025-11-25 00:04:57,986 - INFO - /home/amily/shark-ai/sharktuner/tuning_2025_11_24_23_59/candidates/specs/203_spec.mlir
2025-11-25 00:04:57,986 - INFO - /home/amily/shark-ai/sharktuner/tuning_2025_11_24_23_59/candidates/specs/186_spec.mlir
2025-11-25 00:04:57,987 - INFO - /home/amily/shark-ai/sharktuner/tuning_2025_11_24_23_59/candidates/specs/247_spec.mlir
2025-11-25 00:04:57,987 - INFO - /home/amily/shark-ai/sharktuner/tuning_2025_11_24_23_59/candidates/specs/275_spec.mlir
2025-11-25 00:04:57,987 - INFO - /home/amily/shark-ai/sharktuner/tuning_2025_11_24_23_59/candidates/specs/314_spec.mlir
2025-11-25 00:04:57,987 - INFO - /home/amily/shark-ai/sharktuner/tuning_2025_11_24_23_59/candidates/specs/158_spec.mlir
2025-11-25 00:04:57,987 - INFO - /home/amily/shark-ai/sharktuner/tuning_2025_11_24_23_59/candidates/specs/354_spec.mlir
2025-11-25 00:04:57,987 - INFO - /home/amily/shark-ai/sharktuner/tuning_2025_11_24_23_59/candidates/specs/66_spec.mlir
2025-11-25 00:04:57,987 - INFO - /home/amily/shark-ai/sharktuner/tuning_2025_11_24_23_59/candidates/specs/170_spec.mlir
2025-11-25 00:04:57,987 - INFO - /home/amily/shark-ai/sharktuner/tuning_2025_11_24_23_59/candidates/specs/9_spec.mlir
2025-11-25 00:04:57,987 - INFO - /home/amily/shark-ai/sharktuner/tuning_2025_11_24_23_59/candidates/specs/76_spec.mlir
2025-11-25 00:04:57,988 - INFO - /home/amily/shark-ai/sharktuner/tuning_2025_11_24_23_59/candidates/specs/242_spec.mlir
2025-11-25 00:04:57,988 - INFO - /home/amily/shark-ai/sharktuner/tuning_2025_11_24_23_59/candidates/specs/207_spec.mlir
2025-11-25 00:04:57,988 - INFO - /home/amily/shark-ai/sharktuner/tuning_2025_11_24_23_59/candidates/specs/18_spec.mlir
2025-11-25 00:04:57,988 - INFO - /home/amily/shark-ai/sharktuner/tuning_2025_11_24_23_59/candidates/specs/22_spec.mlir
2025-11-25 00:04:57,988 - INFO - /home/amily/shark-ai/sharktuner/tuning_2025_11_24_23_59/candidates/specs/123_spec.mlir
2025-11-25 00:04:57,988 - INFO - /home/amily/shark-ai/sharktuner/tuning_2025_11_24_23_59/candidates/specs/324_spec.mlir
2025-11-25 00:04:57,988 - INFO - /home/amily/shark-ai/sharktuner/tuning_2025_11_24_23_59/candidates/specs/347_spec.mlir
2025-11-25 00:04:57,988 - INFO - /home/amily/shark-ai/sharktuner/tuning_2025_11_24_23_59/candidates/specs/230_spec.mlir
2025-11-25 00:04:57,988 - INFO - /home/amily/shark-ai/sharktuner/tuning_2025_11_24_23_59/candidates/specs/264_spec.mlir
2025-11-25 00:04:57,989 - INFO - /home/amily/shark-ai/sharktuner/tuning_2025_11_24_23_59/candidates/specs/340_spec.mlir
2025-11-25 00:04:57,989 - INFO - /home/amily/shark-ai/sharktuner/tuning_2025_11_24_23_59/candidates/specs/149_spec.mlir
2025-11-25 00:04:57,989 - INFO - /home/amily/shark-ai/sharktuner/tuning_2025_11_24_23_59/candidates/specs/176_spec.mlir
2025-11-25 00:04:57,989 - INFO - /home/amily/shark-ai/sharktuner/tuning_2025_11_24_23_59/candidates/specs/243_spec.mlir
2025-11-25 00:04:57,989 - INFO - /home/amily/shark-ai/sharktuner/tuning_2025_11_24_23_59/candidates/specs/367_spec.mlir
2025-11-25 00:04:57,989 - INFO - /home/amily/shark-ai/sharktuner/tuning_2025_11_24_23_59/candidates/specs/205_spec.mlir
2025-11-25 00:04:57,989 - INFO - /home/amily/shark-ai/sharktuner/tuning_2025_11_24_23_59/candidates/specs/276_spec.mlir
2025-11-25 00:04:57,989 - INFO - /home/amily/shark-ai/sharktuner/tuning_2025_11_24_23_59/candidates/specs/65_spec.mlir
2025-11-25 00:04:57,989 - INFO - /home/amily/shark-ai/sharktuner/tuning_2025_11_24_23_59/candidates/specs/121_spec.mlir
2025-11-25 00:04:57,990 - INFO - /home/amily/shark-ai/sharktuner/tuning_2025_11_24_23_59/candidates/specs/192_spec.mlir
2025-11-25 00:04:57,990 - INFO - /home/amily/shark-ai/sharktuner/tuning_2025_11_24_23_59/candidates/specs/150_spec.mlir
2025-11-25 00:04:57,990 - INFO - /home/amily/shark-ai/sharktuner/tuning_2025_11_24_23_59/candidates/specs/224_spec.mlir
2025-11-25 00:04:57,990 - INFO - /home/amily/shark-ai/sharktuner/tuning_2025_11_24_23_59/candidates/specs/113_spec.mlir
2025-11-25 00:04:57,990 - INFO - /home/amily/shark-ai/sharktuner/tuning_2025_11_24_23_59/candidates/specs/313_spec.mlir
2025-11-25 00:04:57,990 - INFO - /home/amily/shark-ai/sharktuner/tuning_2025_11_24_23_59/candidates/specs/60_spec.mlir
2025-11-25 00:04:57,990 - INFO - /home/amily/shark-ai/sharktuner/tuning_2025_11_24_23_59/candidates/specs/11_spec.mlir
2025-11-25 00:04:57,990 - INFO - /home/amily/shark-ai/sharktuner/tuning_2025_11_24_23_59/candidates/specs/120_spec.mlir
2025-11-25 00:04:57,990 - INFO - /home/amily/shark-ai/sharktuner/tuning_2025_11_24_23_59/candidates/specs/156_spec.mlir
2025-11-25 00:04:57,991 - INFO - /home/amily/shark-ai/sharktuner/tuning_2025_11_24_23_59/candidates/specs/348_spec.mlir
2025-11-25 00:04:57,991 - INFO - /home/amily/shark-ai/sharktuner/tuning_2025_11_24_23_59/candidates/specs/107_spec.mlir
2025-11-25 00:04:57,991 - INFO - /home/amily/shark-ai/sharktuner/tuning_2025_11_24_23_59/candidates/specs/131_spec.mlir
2025-11-25 00:04:57,991 - INFO - /home/amily/shark-ai/sharktuner/tuning_2025_11_24_23_59/candidates/specs/217_spec.mlir
2025-11-25 00:04:57,991 - INFO - /home/amily/shark-ai/sharktuner/tuning_2025_11_24_23_59/candidates/specs/56_spec.mlir
2025-11-25 00:04:57,991 - INFO - /home/amily/shark-ai/sharktuner/tuning_2025_11_24_23_59/candidates/specs/96_spec.mlir
2025-11-25 00:04:57,991 - INFO - /home/amily/shark-ai/sharktuner/tuning_2025_11_24_23_59/candidates/specs/183_spec.mlir
2025-11-25 00:04:57,991 - INFO - /home/amily/shark-ai/sharktuner/tuning_2025_11_24_23_59/candidates/specs/304_spec.mlir
2025-11-25 00:04:57,991 - INFO - /home/amily/shark-ai/sharktuner/tuning_2025_11_24_23_59/candidates/specs/46_spec.mlir
2025-11-25 00:04:57,991 - INFO - /home/amily/shark-ai/sharktuner/tuning_2025_11_24_23_59/candidates/specs/166_spec.mlir
2025-11-25 00:04:57,992 - INFO - /home/amily/shark-ai/sharktuner/tuning_2025_11_24_23_59/candidates/specs/269_spec.mlir
2025-11-25 00:04:57,992 - INFO - /home/amily/shark-ai/sharktuner/tuning_2025_11_24_23_59/candidates/specs/277_spec.mlir
2025-11-25 00:04:57,992 - INFO - /home/amily/shark-ai/sharktuner/tuning_2025_11_24_23_59/candidates/specs/371_spec.mlir
2025-11-25 00:04:57,992 - INFO - /home/amily/shark-ai/sharktuner/tuning_2025_11_24_23_59/candidates/specs/44_spec.mlir
2025-11-25 00:04:57,992 - INFO - /home/amily/shark-ai/sharktuner/tuning_2025_11_24_23_59/candidates/specs/282_spec.mlir
2025-11-25 00:04:57,992 - INFO - /home/amily/shark-ai/sharktuner/tuning_2025_11_24_23_59/candidates/specs/177_spec.mlir
2025-11-25 00:04:57,992 - INFO - /home/amily/shark-ai/sharktuner/tuning_2025_11_24_23_59/candidates/specs/191_spec.mlir
2025-11-25 00:04:57,992 - INFO - /home/amily/shark-ai/sharktuner/tuning_2025_11_24_23_59/candidates/specs/79_spec.mlir
2025-11-25 00:04:57,992 - INFO - /home/amily/shark-ai/sharktuner/tuning_2025_11_24_23_59/candidates/specs/78_spec.mlir
2025-11-25 00:04:57,993 - INFO - /home/amily/shark-ai/sharktuner/tuning_2025_11_24_23_59/candidates/specs/99_spec.mlir
2025-11-25 00:04:57,993 - INFO - /home/amily/shark-ai/sharktuner/tuning_2025_11_24_23_59/candidates/specs/216_spec.mlir
2025-11-25 00:04:57,993 - INFO - /home/amily/shark-ai/sharktuner/tuning_2025_11_24_23_59/candidates/specs/228_spec.mlir
2025-11-25 00:04:57,993 - INFO - /home/amily/shark-ai/sharktuner/tuning_2025_11_24_23_59/candidates/specs/220_spec.mlir
2025-11-25 00:04:57,993 - INFO - /home/amily/shark-ai/sharktuner/tuning_2025_11_24_23_59/candidates/specs/372_spec.mlir
2025-11-25 00:04:57,993 - INFO - /home/amily/shark-ai/sharktuner/tuning_2025_11_24_23_59/candidates/specs/184_spec.mlir
2025-11-25 00:04:57,993 - INFO - /home/amily/shark-ai/sharktuner/tuning_2025_11_24_23_59/candidates/specs/39_spec.mlir
2025-11-25 00:04:57,993 - INFO - /home/amily/shark-ai/sharktuner/tuning_2025_11_24_23_59/candidates/specs/214_spec.mlir
2025-11-25 00:04:57,993 - INFO - /home/amily/shark-ai/sharktuner/tuning_2025_11_24_23_59/candidates/specs/200_spec.mlir
2025-11-25 00:04:57,994 - INFO - /home/amily/shark-ai/sharktuner/tuning_2025_11_24_23_59/candidates/specs/368_spec.mlir
2025-11-25 00:04:57,994 - INFO - /home/amily/shark-ai/sharktuner/tuning_2025_11_24_23_59/candidates/specs/70_spec.mlir
2025-11-25 00:04:57,994 - INFO - /home/amily/shark-ai/sharktuner/tuning_2025_11_24_23_59/candidates/specs/126_spec.mlir
2025-11-25 00:04:57,994 - INFO - /home/amily/shark-ai/sharktuner/tuning_2025_11_24_23_59/candidates/specs/208_spec.mlir
2025-11-25 00:04:57,994 - INFO - /home/amily/shark-ai/sharktuner/tuning_2025_11_24_23_59/candidates/specs/332_spec.mlir
2025-11-25 00:04:57,994 - INFO - /home/amily/shark-ai/sharktuner/tuning_2025_11_24_23_59/candidates/specs/343_spec.mlir
2025-11-25 00:04:57,994 - INFO - /home/amily/shark-ai/sharktuner/tuning_2025_11_24_23_59/candidates/specs/41_spec.mlir
2025-11-25 00:04:57,994 - INFO - /home/amily/shark-ai/sharktuner/tuning_2025_11_24_23_59/candidates/specs/152_spec.mlir
2025-11-25 00:04:57,995 - INFO - /home/amily/shark-ai/sharktuner/tuning_2025_11_24_23_59/candidates/specs/55_spec.mlir
2025-11-25 00:04:57,995 - INFO - /home/amily/shark-ai/sharktuner/tuning_2025_11_24_23_59/candidates/specs/167_spec.mlir
2025-11-25 00:04:57,995 - INFO - /home/amily/shark-ai/sharktuner/tuning_2025_11_24_23_59/candidates/specs/240_spec.mlir
2025-11-25 00:04:57,995 - INFO - /home/amily/shark-ai/sharktuner/tuning_2025_11_24_23_59/candidates/specs/80_spec.mlir
2025-11-25 00:04:57,995 - INFO - /home/amily/shark-ai/sharktuner/tuning_2025_11_24_23_59/candidates/specs/296_spec.mlir
2025-11-25 00:04:57,995 - INFO - /home/amily/shark-ai/sharktuner/tuning_2025_11_24_23_59/candidates/specs/212_spec.mlir
2025-11-25 00:04:57,995 - INFO - /home/amily/shark-ai/sharktuner/tuning_2025_11_24_23_59/candidates/specs/356_spec.mlir
2025-11-25 00:04:57,995 - INFO - /home/amily/shark-ai/sharktuner/tuning_2025_11_24_23_59/candidates/specs/317_spec.mlir
2025-11-25 00:04:57,995 - INFO - /home/amily/shark-ai/sharktuner/tuning_2025_11_24_23_59/candidates/specs/223_spec.mlir
2025-11-25 00:04:57,995 - INFO - /home/amily/shark-ai/sharktuner/tuning_2025_11_24_23_59/candidates/specs/53_spec.mlir
2025-11-25 00:04:57,996 - INFO - /home/amily/shark-ai/sharktuner/tuning_2025_11_24_23_59/candidates/specs/159_spec.mlir
2025-11-25 00:04:57,996 - INFO - /home/amily/shark-ai/sharktuner/tuning_2025_11_24_23_59/candidates/specs/37_spec.mlir
2025-11-25 00:04:57,996 - INFO - /home/amily/shark-ai/sharktuner/tuning_2025_11_24_23_59/candidates/specs/92_spec.mlir
2025-11-25 00:04:57,996 - INFO - /home/amily/shark-ai/sharktuner/tuning_2025_11_24_23_59/candidates/specs/3_spec.mlir
2025-11-25 00:04:57,996 - INFO - /home/amily/shark-ai/sharktuner/tuning_2025_11_24_23_59/candidates/specs/233_spec.mlir
2025-11-25 00:04:57,996 - INFO - /home/amily/shark-ai/sharktuner/tuning_2025_11_24_23_59/candidates/specs/357_spec.mlir
2025-11-25 00:04:57,996 - INFO - /home/amily/shark-ai/sharktuner/tuning_2025_11_24_23_59/candidates/specs/353_spec.mlir
2025-11-25 00:04:57,996 - INFO - /home/amily/shark-ai/sharktuner/tuning_2025_11_24_23_59/candidates/specs/193_spec.mlir
2025-11-25 00:04:57,996 - INFO - /home/amily/shark-ai/sharktuner/tuning_2025_11_24_23_59/candidates/specs/30_spec.mlir
2025-11-25 00:04:57,997 - INFO - /home/amily/shark-ai/sharktuner/tuning_2025_11_24_23_59/candidates/specs/189_spec.mlir
2025-11-25 00:04:57,997 - INFO - /home/amily/shark-ai/sharktuner/tuning_2025_11_24_23_59/candidates/specs/147_spec.mlir
2025-11-25 00:04:57,997 - INFO - /home/amily/shark-ai/sharktuner/tuning_2025_11_24_23_59/candidates/specs/364_spec.mlir
2025-11-25 00:04:57,997 - INFO - /home/amily/shark-ai/sharktuner/tuning_2025_11_24_23_59/candidates/specs/135_spec.mlir
2025-11-25 00:04:57,997 - INFO - /home/amily/shark-ai/sharktuner/tuning_2025_11_24_23_59/candidates/specs/306_spec.mlir
2025-11-25 00:04:57,997 - INFO - /home/amily/shark-ai/sharktuner/tuning_2025_11_24_23_59/candidates/specs/21_spec.mlir
2025-11-25 00:04:57,997 - INFO - /home/amily/shark-ai/sharktuner/tuning_2025_11_24_23_59/candidates/specs/295_spec.mlir
2025-11-25 00:04:57,997 - INFO - /home/amily/shark-ai/sharktuner/tuning_2025_11_24_23_59/candidates/specs/232_spec.mlir
2025-11-25 00:04:57,997 - INFO - /home/amily/shark-ai/sharktuner/tuning_2025_11_24_23_59/candidates/specs/344_spec.mlir
2025-11-25 00:04:57,998 - INFO - /home/amily/shark-ai/sharktuner/tuning_2025_11_24_23_59/candidates/specs/289_spec.mlir
2025-11-25 00:04:57,998 - INFO - /home/amily/shark-ai/sharktuner/tuning_2025_11_24_23_59/candidates/specs/213_spec.mlir
2025-11-25 00:04:57,998 - INFO - /home/amily/shark-ai/sharktuner/tuning_2025_11_24_23_59/candidates/specs/211_spec.mlir
2025-11-25 00:04:57,998 - INFO - /home/amily/shark-ai/sharktuner/tuning_2025_11_24_23_59/candidates/specs/219_spec.mlir
2025-11-25 00:04:57,998 - INFO - /home/amily/shark-ai/sharktuner/tuning_2025_11_24_23_59/candidates/specs/288_spec.mlir
2025-11-25 00:04:57,998 - INFO - /home/amily/shark-ai/sharktuner/tuning_2025_11_24_23_59/candidates/specs/197_spec.mlir
2025-11-25 00:04:57,998 - INFO - /home/amily/shark-ai/sharktuner/tuning_2025_11_24_23_59/candidates/specs/154_spec.mlir
2025-11-25 00:04:57,998 - INFO - /home/amily/shark-ai/sharktuner/tuning_2025_11_24_23_59/candidates/specs/32_spec.mlir
2025-11-25 00:04:57,998 - INFO - /home/amily/shark-ai/sharktuner/tuning_2025_11_24_23_59/candidates/specs/100_spec.mlir
2025-11-25 00:04:57,998 - INFO - /home/amily/shark-ai/sharktuner/tuning_2025_11_24_23_59/candidates/specs/365_spec.mlir
2025-11-25 00:04:57,998 - INFO - /home/amily/shark-ai/sharktuner/tuning_2025_11_24_23_59/candidates/specs/124_spec.mlir
2025-11-25 00:04:57,998 - INFO - /home/amily/shark-ai/sharktuner/tuning_2025_11_24_23_59/candidates/specs/206_spec.mlir
2025-11-25 00:04:57,999 - INFO - /home/amily/shark-ai/sharktuner/tuning_2025_11_24_23_59/candidates/specs/175_spec.mlir
2025-11-25 00:04:57,999 - INFO - /home/amily/shark-ai/sharktuner/tuning_2025_11_24_23_59/candidates/specs/250_spec.mlir
2025-11-25 00:04:57,999 - INFO - /home/amily/shark-ai/sharktuner/tuning_2025_11_24_23_59/candidates/specs/155_spec.mlir
2025-11-25 00:04:57,999 - INFO - /home/amily/shark-ai/sharktuner/tuning_2025_11_24_23_59/candidates/specs/105_spec.mlir
2025-11-25 00:04:57,999 - INFO - /home/amily/shark-ai/sharktuner/tuning_2025_11_24_23_59/candidates/specs/75_spec.mlir
2025-11-25 00:04:57,999 - INFO - /home/amily/shark-ai/sharktuner/tuning_2025_11_24_23_59/candidates/specs/6_spec.mlir
2025-11-25 00:04:57,999 - INFO - /home/amily/shark-ai/sharktuner/tuning_2025_11_24_23_59/candidates/specs/83_spec.mlir
2025-11-25 00:04:57,999 - INFO - /home/amily/shark-ai/sharktuner/tuning_2025_11_24_23_59/candidates/specs/266_spec.mlir
2025-11-25 00:04:57,999 - INFO - /home/amily/shark-ai/sharktuner/tuning_2025_11_24_23_59/candidates/specs/35_spec.mlir
2025-11-25 00:04:57,999 - INFO - /home/amily/shark-ai/sharktuner/tuning_2025_11_24_23_59/candidates/specs/125_spec.mlir
2025-11-25 00:04:57,999 - INFO - /home/amily/shark-ai/sharktuner/tuning_2025_11_24_23_59/candidates/specs/14_spec.mlir
2025-11-25 00:04:57,999 - INFO - /home/amily/shark-ai/sharktuner/tuning_2025_11_24_23_59/candidates/specs/251_spec.mlir
2025-11-25 00:04:57,999 - INFO - /home/amily/shark-ai/sharktuner/tuning_2025_11_24_23_59/candidates/specs/258_spec.mlir
2025-11-25 00:04:58,000 - INFO - /home/amily/shark-ai/sharktuner/tuning_2025_11_24_23_59/candidates/specs/141_spec.mlir
2025-11-25 00:04:58,000 - INFO - /home/amily/shark-ai/sharktuner/tuning_2025_11_24_23_59/candidates/specs/138_spec.mlir
2025-11-25 00:04:58,000 - INFO - /home/amily/shark-ai/sharktuner/tuning_2025_11_24_23_59/candidates/specs/7_spec.mlir
2025-11-25 00:04:58,000 - INFO - /home/amily/shark-ai/sharktuner/tuning_2025_11_24_23_59/candidates/specs/77_spec.mlir
2025-11-25 00:04:58,000 - INFO - /home/amily/shark-ai/sharktuner/tuning_2025_11_24_23_59/candidates/specs/23_spec.mlir
2025-11-25 00:04:58,000 - INFO - /home/amily/shark-ai/sharktuner/tuning_2025_11_24_23_59/candidates/specs/196_spec.mlir
2025-11-25 00:04:58,000 - INFO - /home/amily/shark-ai/sharktuner/tuning_2025_11_24_23_59/candidates/specs/331_spec.mlir
2025-11-25 00:04:58,000 - INFO - /home/amily/shark-ai/sharktuner/tuning_2025_11_24_23_59/candidates/specs/178_spec.mlir
2025-11-25 00:04:58,000 - INFO - /home/amily/shark-ai/sharktuner/tuning_2025_11_24_23_59/candidates/specs/336_spec.mlir
2025-11-25 00:04:58,000 - INFO - /home/amily/shark-ai/sharktuner/tuning_2025_11_24_23_59/candidates/specs/249_spec.mlir
2025-11-25 00:04:58,000 - INFO - /home/amily/shark-ai/sharktuner/tuning_2025_11_24_23_59/candidates/specs/315_spec.mlir
2025-11-25 00:04:58,000 - INFO - /home/amily/shark-ai/sharktuner/tuning_2025_11_24_23_59/candidates/specs/144_spec.mlir
2025-11-25 00:04:58,000 - INFO - /home/amily/shark-ai/sharktuner/tuning_2025_11_24_23_59/candidates/specs/115_spec.mlir
2025-11-25 00:04:58,001 - INFO - /home/amily/shark-ai/sharktuner/tuning_2025_11_24_23_59/candidates/specs/2_spec.mlir
2025-11-25 00:04:58,001 - INFO - /home/amily/shark-ai/sharktuner/tuning_2025_11_24_23_59/candidates/specs/81_spec.mlir
2025-11-25 00:04:58,001 - INFO - /home/amily/shark-ai/sharktuner/tuning_2025_11_24_23_59/candidates/specs/169_spec.mlir
2025-11-25 00:04:58,001 - INFO - /home/amily/shark-ai/sharktuner/tuning_2025_11_24_23_59/candidates/specs/361_spec.mlir
2025-11-25 00:04:58,001 - INFO - /home/amily/shark-ai/sharktuner/tuning_2025_11_24_23_59/candidates/specs/74_spec.mlir
2025-11-25 00:04:58,001 - INFO - /home/amily/shark-ai/sharktuner/tuning_2025_11_24_23_59/candidates/specs/95_spec.mlir
2025-11-25 00:04:58,001 - INFO - /home/amily/shark-ai/sharktuner/tuning_2025_11_24_23_59/candidates/specs/218_spec.mlir
2025-11-25 00:04:58,001 - INFO - /home/amily/shark-ai/sharktuner/tuning_2025_11_24_23_59/candidates/specs/307_spec.mlir
2025-11-25 00:04:58,001 - INFO - /home/amily/shark-ai/sharktuner/tuning_2025_11_24_23_59/candidates/specs/311_spec.mlir
2025-11-25 00:04:58,001 - INFO - /home/amily/shark-ai/sharktuner/tuning_2025_11_24_23_59/candidates/specs/98_spec.mlir
2025-11-25 00:04:58,001 - INFO - /home/amily/shark-ai/sharktuner/tuning_2025_11_24_23_59/candidates/specs/346_spec.mlir
2025-11-25 00:04:58,001 - INFO - /home/amily/shark-ai/sharktuner/tuning_2025_11_24_23_59/candidates/specs/259_spec.mlir
2025-11-25 00:04:58,001 - INFO - /home/amily/shark-ai/sharktuner/tuning_2025_11_24_23_59/candidates/specs/227_spec.mlir
2025-11-25 00:04:58,002 - INFO - /home/amily/shark-ai/sharktuner/tuning_2025_11_24_23_59/candidates/specs/352_spec.mlir
2025-11-25 00:04:58,002 - INFO - /home/amily/shark-ai/sharktuner/tuning_2025_11_24_23_59/candidates/specs/10_spec.mlir
2025-11-25 00:04:58,002 - INFO - /home/amily/shark-ai/sharktuner/tuning_2025_11_24_23_59/candidates/specs/114_spec.mlir
2025-11-25 00:04:58,002 - INFO - /home/amily/shark-ai/sharktuner/tuning_2025_11_24_23_59/candidates/specs/328_spec.mlir
2025-11-25 00:04:58,002 - INFO - /home/amily/shark-ai/sharktuner/tuning_2025_11_24_23_59/candidates/specs/38_spec.mlir
2025-11-25 00:04:58,002 - INFO - /home/amily/shark-ai/sharktuner/tuning_2025_11_24_23_59/candidates/specs/262_spec.mlir
2025-11-25 00:04:58,002 - INFO - /home/amily/shark-ai/sharktuner/tuning_2025_11_24_23_59/candidates/specs/130_spec.mlir
2025-11-25 00:04:58,002 - INFO - /home/amily/shark-ai/sharktuner/tuning_2025_11_24_23_59/candidates/specs/84_spec.mlir
2025-11-25 00:04:58,002 - INFO - /home/amily/shark-ai/sharktuner/tuning_2025_11_24_23_59/candidates/specs/68_spec.mlir
2025-11-25 00:04:58,002 - INFO - /home/amily/shark-ai/sharktuner/tuning_2025_11_24_23_59/candidates/specs/129_spec.mlir
2025-11-25 00:04:58,002 - INFO - /home/amily/shark-ai/sharktuner/tuning_2025_11_24_23_59/candidates/specs/246_spec.mlir
2025-11-25 00:04:58,002 - INFO - /home/amily/shark-ai/sharktuner/tuning_2025_11_24_23_59/candidates/specs/194_spec.mlir
2025-11-25 00:04:58,003 - INFO - /home/amily/shark-ai/sharktuner/tuning_2025_11_24_23_59/candidates/specs/69_spec.mlir
2025-11-25 00:04:58,003 - INFO - /home/amily/shark-ai/sharktuner/tuning_2025_11_24_23_59/candidates/specs/272_spec.mlir
2025-11-25 00:04:58,003 - INFO - /home/amily/shark-ai/sharktuner/tuning_2025_11_24_23_59/candidates/specs/362_spec.mlir
2025-11-25 00:04:58,003 - INFO - /home/amily/shark-ai/sharktuner/tuning_2025_11_24_23_59/candidates/specs/287_spec.mlir
2025-11-25 00:04:58,003 - INFO - /home/amily/shark-ai/sharktuner/tuning_2025_11_24_23_59/candidates/specs/321_spec.mlir
2025-11-25 00:04:58,003 - INFO - /home/amily/shark-ai/sharktuner/tuning_2025_11_24_23_59/candidates/specs/61_spec.mlir
2025-11-25 00:04:58,003 - INFO - /home/amily/shark-ai/sharktuner/tuning_2025_11_24_23_59/candidates/specs/278_spec.mlir
2025-11-25 00:04:58,003 - INFO - /home/amily/shark-ai/sharktuner/tuning_2025_11_24_23_59/candidates/specs/25_spec.mlir
2025-11-25 00:04:58,003 - INFO - /home/amily/shark-ai/sharktuner/tuning_2025_11_24_23_59/candidates/specs/359_spec.mlir
2025-11-25 00:04:58,003 - INFO - /home/amily/shark-ai/sharktuner/tuning_2025_11_24_23_59/candidates/specs/298_spec.mlir
2025-11-25 00:04:58,003 - INFO - /home/amily/shark-ai/sharktuner/tuning_2025_11_24_23_59/candidates/specs/265_spec.mlir
2025-11-25 00:04:58,003 - INFO - /home/amily/shark-ai/sharktuner/tuning_2025_11_24_23_59/candidates/specs/370_spec.mlir
2025-11-25 00:04:58,003 - INFO - /home/amily/shark-ai/sharktuner/tuning_2025_11_24_23_59/candidates/specs/204_spec.mlir
2025-11-25 00:04:58,004 - INFO - /home/amily/shark-ai/sharktuner/tuning_2025_11_24_23_59/candidates/specs/337_spec.mlir
2025-11-25 00:04:58,004 - INFO - /home/amily/shark-ai/sharktuner/tuning_2025_11_24_23_59/candidates/specs/239_spec.mlir
2025-11-25 00:04:58,004 - INFO - /home/amily/shark-ai/sharktuner/tuning_2025_11_24_23_59/candidates/specs/42_spec.mlir
2025-11-25 00:04:58,004 - INFO - /home/amily/shark-ai/sharktuner/tuning_2025_11_24_23_59/candidates/specs/226_spec.mlir
2025-11-25 00:04:58,004 - INFO - /home/amily/shark-ai/sharktuner/tuning_2025_11_24_23_59/candidates/specs/4_spec.mlir
2025-11-25 00:04:58,004 - INFO - /home/amily/shark-ai/sharktuner/tuning_2025_11_24_23_59/candidates/specs/19_spec.mlir
2025-11-25 00:04:58,004 - INFO - /home/amily/shark-ai/sharktuner/tuning_2025_11_24_23_59/candidates/specs/58_spec.mlir
2025-11-25 00:04:58,004 - INFO - /home/amily/shark-ai/sharktuner/tuning_2025_11_24_23_59/candidates/specs/320_spec.mlir
2025-11-25 00:04:58,004 - INFO - /home/amily/shark-ai/sharktuner/tuning_2025_11_24_23_59/candidates/specs/137_spec.mlir
2025-11-25 00:04:58,004 - INFO - /home/amily/shark-ai/sharktuner/tuning_2025_11_24_23_59/candidates/specs/180_spec.mlir
2025-11-25 00:04:58,004 - INFO - /home/amily/shark-ai/sharktuner/tuning_2025_11_24_23_59/candidates/specs/326_spec.mlir
2025-11-25 00:04:58,004 - INFO - /home/amily/shark-ai/sharktuner/tuning_2025_11_24_23_59/candidates/specs/369_spec.mlir
2025-11-25 00:04:58,004 - INFO - /home/amily/shark-ai/sharktuner/tuning_2025_11_24_23_59/candidates/specs/43_spec.mlir
2025-11-25 00:04:58,005 - INFO - /home/amily/shark-ai/sharktuner/tuning_2025_11_24_23_59/candidates/specs/241_spec.mlir
2025-11-25 00:04:58,005 - INFO - /home/amily/shark-ai/sharktuner/tuning_2025_11_24_23_59/candidates/specs/267_spec.mlir
2025-11-25 00:04:58,005 - INFO - /home/amily/shark-ai/sharktuner/tuning_2025_11_24_23_59/candidates/specs/252_spec.mlir
2025-11-25 00:04:58,005 - INFO - /home/amily/shark-ai/sharktuner/tuning_2025_11_24_23_59/candidates/specs/235_spec.mlir
2025-11-25 00:04:58,005 - INFO - /home/amily/shark-ai/sharktuner/tuning_2025_11_24_23_59/candidates/specs/231_spec.mlir
2025-11-25 00:04:58,005 - INFO - /home/amily/shark-ai/sharktuner/tuning_2025_11_24_23_59/candidates/specs/88_spec.mlir
2025-11-25 00:04:58,005 - INFO - /home/amily/shark-ai/sharktuner/tuning_2025_11_24_23_59/candidates/specs/94_spec.mlir
2025-11-25 00:04:58,005 - INFO - /home/amily/shark-ai/sharktuner/tuning_2025_11_24_23_59/candidates/specs/195_spec.mlir
2025-11-25 00:04:58,005 - INFO - /home/amily/shark-ai/sharktuner/tuning_2025_11_24_23_59/candidates/specs/245_spec.mlir
2025-11-25 00:04:58,005 - INFO - /home/amily/shark-ai/sharktuner/tuning_2025_11_24_23_59/candidates/specs/327_spec.mlir
2025-11-25 00:04:58,005 - INFO - /home/amily/shark-ai/sharktuner/tuning_2025_11_24_23_59/candidates/specs/342_spec.mlir
2025-11-25 00:04:58,005 - INFO - /home/amily/shark-ai/sharktuner/tuning_2025_11_24_23_59/candidates/specs/329_spec.mlir
2025-11-25 00:04:58,005 - INFO - /home/amily/shark-ai/sharktuner/tuning_2025_11_24_23_59/candidates/specs/86_spec.mlir
2025-11-25 00:04:58,006 - INFO - /home/amily/shark-ai/sharktuner/tuning_2025_11_24_23_59/candidates/specs/248_spec.mlir
2025-11-25 00:04:58,006 - INFO - /home/amily/shark-ai/sharktuner/tuning_2025_11_24_23_59/candidates/specs/153_spec.mlir
2025-11-25 00:04:58,006 - INFO - /home/amily/shark-ai/sharktuner/tuning_2025_11_24_23_59/candidates/specs/148_spec.mlir
2025-11-25 00:04:58,006 - INFO - /home/amily/shark-ai/sharktuner/tuning_2025_11_24_23_59/candidates/specs/334_spec.mlir
2025-11-25 00:04:58,006 - INFO - /home/amily/shark-ai/sharktuner/tuning_2025_11_24_23_59/candidates/specs/190_spec.mlir
2025-11-25 00:04:58,006 - INFO - /home/amily/shark-ai/sharktuner/tuning_2025_11_24_23_59/candidates/specs/199_spec.mlir
2025-11-25 00:04:58,006 - INFO - /home/amily/shark-ai/sharktuner/tuning_2025_11_24_23_59/candidates/specs/163_spec.mlir
2025-11-25 00:04:58,006 - INFO - /home/amily/shark-ai/sharktuner/tuning_2025_11_24_23_59/candidates/specs/20_spec.mlir
2025-11-25 00:04:58,006 - INFO - /home/amily/shark-ai/sharktuner/tuning_2025_11_24_23_59/candidates/specs/316_spec.mlir
2025-11-25 00:04:58,006 - INFO - /home/amily/shark-ai/sharktuner/tuning_2025_11_24_23_59/candidates/specs/36_spec.mlir
2025-11-25 00:04:58,006 - INFO - /home/amily/shark-ai/sharktuner/tuning_2025_11_24_23_59/candidates/specs/82_spec.mlir
2025-11-25 00:04:58,006 - INFO - /home/amily/shark-ai/sharktuner/tuning_2025_11_24_23_59/candidates/specs/109_spec.mlir
2025-11-25 00:04:58,006 - INFO - /home/amily/shark-ai/sharktuner/tuning_2025_11_24_23_59/candidates/specs/165_spec.mlir
2025-11-25 00:04:58,007 - INFO - /home/amily/shark-ai/sharktuner/tuning_2025_11_24_23_59/candidates/specs/102_spec.mlir
2025-11-25 00:04:58,007 - INFO - /home/amily/shark-ai/sharktuner/tuning_2025_11_24_23_59/candidates/specs/345_spec.mlir
2025-11-25 00:04:58,007 - INFO - /home/amily/shark-ai/sharktuner/tuning_2025_11_24_23_59/candidates/specs/160_spec.mlir
2025-11-25 00:04:58,007 - INFO - /home/amily/shark-ai/sharktuner/tuning_2025_11_24_23_59/candidates/specs/85_spec.mlir
2025-11-25 00:04:58,007 - INFO - /home/amily/shark-ai/sharktuner/tuning_2025_11_24_23_59/candidates/specs/51_spec.mlir
2025-11-25 00:04:58,007 - INFO - /home/amily/shark-ai/sharktuner/tuning_2025_11_24_23_59/candidates/specs/164_spec.mlir
2025-11-25 00:04:58,007 - INFO - /home/amily/shark-ai/sharktuner/tuning_2025_11_24_23_59/candidates/specs/50_spec.mlir
2025-11-25 00:04:58,007 - INFO - /home/amily/shark-ai/sharktuner/tuning_2025_11_24_23_59/candidates/specs/283_spec.mlir
2025-11-25 00:04:58,007 - INFO - /home/amily/shark-ai/sharktuner/tuning_2025_11_24_23_59/candidates/specs/351_spec.mlir
2025-11-25 00:04:58,007 - INFO - /home/amily/shark-ai/sharktuner/tuning_2025_11_24_23_59/candidates/specs/162_spec.mlir
2025-11-25 00:04:58,007 - INFO - /home/amily/shark-ai/sharktuner/tuning_2025_11_24_23_59/candidates/specs/27_spec.mlir
2025-11-25 00:04:58,007 - INFO - /home/amily/shark-ai/sharktuner/tuning_2025_11_24_23_59/candidates/specs/319_spec.mlir
2025-11-25 00:04:58,007 - INFO - /home/amily/shark-ai/sharktuner/tuning_2025_11_24_23_59/candidates/specs/210_spec.mlir
2025-11-25 00:04:58,008 - INFO - /home/amily/shark-ai/sharktuner/tuning_2025_11_24_23_59/candidates/specs/292_spec.mlir
2025-11-25 00:04:58,008 - INFO - /home/amily/shark-ai/sharktuner/tuning_2025_11_24_23_59/candidates/specs/255_spec.mlir
2025-11-25 00:04:58,008 - INFO - /home/amily/shark-ai/sharktuner/tuning_2025_11_24_23_59/candidates/specs/281_spec.mlir
2025-11-25 00:04:58,008 - INFO - /home/amily/shark-ai/sharktuner/tuning_2025_11_24_23_59/candidates/specs/52_spec.mlir
2025-11-25 00:04:58,008 - INFO - /home/amily/shark-ai/sharktuner/tuning_2025_11_24_23_59/candidates/specs/268_spec.mlir
2025-11-25 00:04:58,008 - INFO - /home/amily/shark-ai/sharktuner/tuning_2025_11_24_23_59/candidates/specs/139_spec.mlir
2025-11-25 00:04:58,008 - INFO - /home/amily/shark-ai/sharktuner/tuning_2025_11_24_23_59/candidates/specs/325_spec.mlir
2025-11-25 00:04:58,008 - INFO - /home/amily/shark-ai/sharktuner/tuning_2025_11_24_23_59/candidates/specs/291_spec.mlir
2025-11-25 00:04:58,008 - INFO - /home/amily/shark-ai/sharktuner/tuning_2025_11_24_23_59/candidates/specs/254_spec.mlir
2025-11-25 00:04:58,008 - INFO - /home/amily/shark-ai/sharktuner/tuning_2025_11_24_23_59/candidates/specs/47_spec.mlir
2025-11-25 00:04:58,008 - INFO - /home/amily/shark-ai/sharktuner/tuning_2025_11_24_23_59/candidates/specs/62_spec.mlir
2025-11-25 00:04:58,008 - INFO - /home/amily/shark-ai/sharktuner/tuning_2025_11_24_23_59/candidates/specs/301_spec.mlir
2025-11-25 00:04:58,008 - INFO - /home/amily/shark-ai/sharktuner/tuning_2025_11_24_23_59/candidates/specs/279_spec.mlir
2025-11-25 00:04:58,008 - INFO - /home/amily/shark-ai/sharktuner/tuning_2025_11_24_23_59/candidates/specs/108_spec.mlir
2025-11-25 00:04:58,009 - INFO - /home/amily/shark-ai/sharktuner/tuning_2025_11_24_23_59/candidates/specs/134_spec.mlir
2025-11-25 00:04:58,009 - INFO - /home/amily/shark-ai/sharktuner/tuning_2025_11_24_23_59/candidates/specs/29_spec.mlir
2025-11-25 00:04:58,009 - INFO - /home/amily/shark-ai/sharktuner/tuning_2025_11_24_23_59/candidates/specs/358_spec.mlir
2025-11-25 00:04:58,009 - INFO - /home/amily/shark-ai/sharktuner/tuning_2025_11_24_23_59/candidates/specs/72_spec.mlir
2025-11-25 00:04:58,009 - INFO - /home/amily/shark-ai/sharktuner/tuning_2025_11_24_23_59/candidates/specs/322_spec.mlir
2025-11-25 00:04:58,009 - INFO - /home/amily/shark-ai/sharktuner/tuning_2025_11_24_23_59/candidates/specs/187_spec.mlir
2025-11-25 00:04:58,009 - INFO - /home/amily/shark-ai/sharktuner/tuning_2025_11_24_23_59/candidates/specs/300_spec.mlir
2025-11-25 00:04:58,009 - INFO - /home/amily/shark-ai/sharktuner/tuning_2025_11_24_23_59/candidates/specs/222_spec.mlir
2025-11-25 00:04:58,009 - INFO - /home/amily/shark-ai/sharktuner/tuning_2025_11_24_23_59/candidates/specs/280_spec.mlir
2025-11-25 00:04:58,009 - INFO - /home/amily/shark-ai/sharktuner/tuning_2025_11_24_23_59/candidates/specs/33_spec.mlir
2025-11-25 00:04:58,009 - INFO - /home/amily/shark-ai/sharktuner/tuning_2025_11_24_23_59/candidates/specs/271_spec.mlir
2025-11-25 00:04:58,009 - INFO - /home/amily/shark-ai/sharktuner/tuning_2025_11_24_23_59/candidates/specs/309_spec.mlir
2025-11-25 00:04:58,009 - INFO - /home/amily/shark-ai/sharktuner/tuning_2025_11_24_23_59/candidates/specs/103_spec.mlir
2025-11-25 00:04:58,010 - INFO - /home/amily/shark-ai/sharktuner/tuning_2025_11_24_23_59/candidates/specs/221_spec.mlir
2025-11-25 00:04:58,010 - INFO - /home/amily/shark-ai/sharktuner/tuning_2025_11_24_23_59/candidates/specs/28_spec.mlir
2025-11-25 00:04:58,010 - INFO - /home/amily/shark-ai/sharktuner/tuning_2025_11_24_23_59/candidates/specs/273_spec.mlir
2025-11-25 00:04:58,010 - INFO - /home/amily/shark-ai/sharktuner/tuning_2025_11_24_23_59/candidates/specs/188_spec.mlir
2025-11-25 00:04:58,010 - INFO - /home/amily/shark-ai/sharktuner/tuning_2025_11_24_23_59/candidates/specs/355_spec.mlir
2025-11-25 00:04:58,010 - INFO - /home/amily/shark-ai/sharktuner/tuning_2025_11_24_23_59/candidates/specs/8_spec.mlir
2025-11-25 00:04:58,010 - INFO - /home/amily/shark-ai/sharktuner/tuning_2025_11_24_23_59/candidates/specs/45_spec.mlir
2025-11-25 00:04:58,010 - INFO - /home/amily/shark-ai/sharktuner/tuning_2025_11_24_23_59/candidates/specs/173_spec.mlir
2025-11-25 00:04:58,010 - INFO - /home/amily/shark-ai/sharktuner/tuning_2025_11_24_23_59/candidates/specs/333_spec.mlir
2025-11-25 00:04:58,010 - INFO - /home/amily/shark-ai/sharktuner/tuning_2025_11_24_23_59/candidates/specs/270_spec.mlir
2025-11-25 00:04:58,010 - INFO - /home/amily/shark-ai/sharktuner/tuning_2025_11_24_23_59/candidates/specs/101_spec.mlir
2025-11-25 00:04:58,010 - INFO - /home/amily/shark-ai/sharktuner/tuning_2025_11_24_23_59/candidates/specs/366_spec.mlir
2025-11-25 00:04:58,010 - INFO - /home/amily/shark-ai/sharktuner/tuning_2025_11_24_23_59/candidates/specs/67_spec.mlir
2025-11-25 00:04:58,011 - INFO - /home/amily/shark-ai/sharktuner/tuning_2025_11_24_23_59/candidates/specs/128_spec.mlir
2025-11-25 00:04:58,011 - INFO - /home/amily/shark-ai/sharktuner/tuning_2025_11_24_23_59/candidates/specs/97_spec.mlir
2025-11-25 00:04:58,011 - INFO - /home/amily/shark-ai/sharktuner/tuning_2025_11_24_23_59/candidates/specs/312_spec.mlir
2025-11-25 00:04:58,011 - INFO - /home/amily/shark-ai/sharktuner/tuning_2025_11_24_23_59/candidates/specs/350_spec.mlir
2025-11-25 00:04:58,011 - INFO - /home/amily/shark-ai/sharktuner/tuning_2025_11_24_23_59/candidates/specs/1_spec.mlir
2025-11-25 00:04:58,011 - INFO - /home/amily/shark-ai/sharktuner/tuning_2025_11_24_23_59/candidates/specs/274_spec.mlir
2025-11-25 00:04:58,011 - INFO - /home/amily/shark-ai/sharktuner/tuning_2025_11_24_23_59/candidates/specs/151_spec.mlir
2025-11-25 00:04:58,011 - INFO - /home/amily/shark-ai/sharktuner/tuning_2025_11_24_23_59/candidates/specs/253_spec.mlir
2025-11-25 00:04:58,011 - INFO - /home/amily/shark-ai/sharktuner/tuning_2025_11_24_23_59/candidates/specs/145_spec.mlir
2025-11-25 00:04:58,011 - INFO - /home/amily/shark-ai/sharktuner/tuning_2025_11_24_23_59/candidates/specs/174_spec.mlir
2025-11-25 00:04:58,011 - INFO - /home/amily/shark-ai/sharktuner/tuning_2025_11_24_23_59/candidates/specs/112_spec.mlir
2025-11-25 00:04:58,011 - INFO - /home/amily/shark-ai/sharktuner/tuning_2025_11_24_23_59/candidates/specs/335_spec.mlir
2025-11-25 00:04:58,011 - INFO - /home/amily/shark-ai/sharktuner/tuning_2025_11_24_23_59/candidates/specs/136_spec.mlir
2025-11-25 00:04:58,012 - INFO - /home/amily/shark-ai/sharktuner/tuning_2025_11_24_23_59/candidates/specs/293_spec.mlir
2025-11-25 00:04:58,012 - INFO - /home/amily/shark-ai/sharktuner/tuning_2025_11_24_23_59/candidates/specs/290_spec.mlir
2025-11-25 00:04:58,012 - INFO - /home/amily/shark-ai/sharktuner/tuning_2025_11_24_23_59/candidates/specs/323_spec.mlir
2025-11-25 00:04:58,012 - INFO - /home/amily/shark-ai/sharktuner/tuning_2025_11_24_23_59/candidates/specs/209_spec.mlir
2025-11-25 00:04:58,012 - INFO - /home/amily/shark-ai/sharktuner/tuning_2025_11_24_23_59/candidates/specs/119_spec.mlir
2025-11-25 00:04:58,012 - INFO - /home/amily/shark-ai/sharktuner/tuning_2025_11_24_23_59/candidates/specs/297_spec.mlir
2025-11-25 00:04:58,012 - INFO - /home/amily/shark-ai/sharktuner/tuning_2025_11_24_23_59/candidates/specs/34_spec.mlir
2025-11-25 00:04:58,012 - INFO - /home/amily/shark-ai/sharktuner/tuning_2025_11_24_23_59/candidates/specs/57_spec.mlir
2025-11-25 00:04:58,012 - INFO - /home/amily/shark-ai/sharktuner/tuning_2025_11_24_23_59/candidates/specs/73_spec.mlir
2025-11-25 00:04:58,012 - INFO - /home/amily/shark-ai/sharktuner/tuning_2025_11_24_23_59/candidates/specs/339_spec.mlir
2025-11-25 00:04:58,012 - INFO - /home/amily/shark-ai/sharktuner/tuning_2025_11_24_23_59/candidates/specs/261_spec.mlir
2025-11-25 00:04:58,012 - INFO - /home/amily/shark-ai/sharktuner/tuning_2025_11_24_23_59/candidates/specs/64_spec.mlir
2025-11-25 00:04:58,012 - INFO - /home/amily/shark-ai/sharktuner/tuning_2025_11_24_23_59/candidates/specs/234_spec.mlir
