2025-11-25 01:52:29,708 - WARNING - Command '/home/amily/iree-build/compiler/bindings/python/iree/compiler/tools/../_mlir_libs/iree-compile tuning_2025_11_25_01_52/template.mlir -o=tuning_2025_11_25_01_52/candidates/compiled/20.vmfb --mlir-pass-pipeline-crash-reproducer=tuning_2025_11_25_01_52/candidates/compiled/20.vmfb.crash_report.mlir --iree-codegen-tuning-spec-path=tuning_2025_11_25_01_52/candidates/specs/20_spec.mlir --iree-hal-target-device=hip --iree-hip-target=gfx942 --compile-from=executable-sources' timed out after 16 seconds.
2025-11-25 01:52:30,130 - WARNING - Command '/home/amily/iree-build/compiler/bindings/python/iree/compiler/tools/../_mlir_libs/iree-compile tuning_2025_11_25_01_52/template.mlir -o=tuning_2025_11_25_01_52/candidates/compiled/90.vmfb --mlir-pass-pipeline-crash-reproducer=tuning_2025_11_25_01_52/candidates/compiled/90.vmfb.crash_report.mlir --iree-codegen-tuning-spec-path=tuning_2025_11_25_01_52/candidates/specs/90_spec.mlir --iree-hal-target-device=hip --iree-hip-target=gfx942 --compile-from=executable-sources' timed out after 16 seconds.
2025-11-25 01:52:30,214 - WARNING - Command '/home/amily/iree-build/compiler/bindings/python/iree/compiler/tools/../_mlir_libs/iree-compile tuning_2025_11_25_01_52/template.mlir -o=tuning_2025_11_25_01_52/candidates/compiled/97.vmfb --mlir-pass-pipeline-crash-reproducer=tuning_2025_11_25_01_52/candidates/compiled/97.vmfb.crash_report.mlir --iree-codegen-tuning-spec-path=tuning_2025_11_25_01_52/candidates/specs/97_spec.mlir --iree-hal-target-device=hip --iree-hip-target=gfx942 --compile-from=executable-sources' timed out after 16 seconds.
2025-11-25 01:52:30,537 - WARNING - Command '/home/amily/iree-build/compiler/bindings/python/iree/compiler/tools/../_mlir_libs/iree-compile tuning_2025_11_25_01_52/template.mlir -o=tuning_2025_11_25_01_52/candidates/compiled/120.vmfb --mlir-pass-pipeline-crash-reproducer=tuning_2025_11_25_01_52/candidates/compiled/120.vmfb.crash_report.mlir --iree-codegen-tuning-spec-path=tuning_2025_11_25_01_52/candidates/specs/120_spec.mlir --iree-hal-target-device=hip --iree-hip-target=gfx942 --compile-from=executable-sources' timed out after 16 seconds.
2025-11-25 01:52:32,685 - WARNING - Command '/home/amily/iree-build/compiler/bindings/python/iree/compiler/tools/../_mlir_libs/iree-compile tuning_2025_11_25_01_52/template.mlir -o=tuning_2025_11_25_01_52/candidates/compiled/276.vmfb --mlir-pass-pipeline-crash-reproducer=tuning_2025_11_25_01_52/candidates/compiled/276.vmfb.crash_report.mlir --iree-codegen-tuning-spec-path=tuning_2025_11_25_01_52/candidates/specs/276_spec.mlir --iree-hal-target-device=hip --iree-hip-target=gfx942 --compile-from=executable-sources' timed out after 16 seconds.
2025-11-25 01:52:33,796 - WARNING - Command '/home/amily/iree-build/compiler/bindings/python/iree/compiler/tools/../_mlir_libs/iree-compile tuning_2025_11_25_01_52/template.mlir -o=tuning_2025_11_25_01_52/candidates/compiled/363.vmfb --mlir-pass-pipeline-crash-reproducer=tuning_2025_11_25_01_52/candidates/compiled/363.vmfb.crash_report.mlir --iree-codegen-tuning-spec-path=tuning_2025_11_25_01_52/candidates/specs/363_spec.mlir --iree-hal-target-device=hip --iree-hip-target=gfx942 --compile-from=executable-sources' timed out after 16 seconds.
2025-11-25 01:52:33,867 - WARNING - Command '/home/amily/iree-build/compiler/bindings/python/iree/compiler/tools/../_mlir_libs/iree-compile tuning_2025_11_25_01_52/template.mlir -o=tuning_2025_11_25_01_52/candidates/compiled/371.vmfb --mlir-pass-pipeline-crash-reproducer=tuning_2025_11_25_01_52/candidates/compiled/371.vmfb.crash_report.mlir --iree-codegen-tuning-spec-path=tuning_2025_11_25_01_52/candidates/specs/371_spec.mlir --iree-hal-target-device=hip --iree-hip-target=gfx942 --compile-from=executable-sources' timed out after 16 seconds.
2025-11-25 01:52:33,960 - INFO - Benchmarking compiled dispatch candidates...
2025-11-25 01:52:45,836 - INFO - Smart candidate benchmark timeout is set to 3.58s
2025-11-25 01:57:39,224 - WARNING - Performance regressions detected for the following devices: hip://5.
2025-11-25 01:57:39,226 - INFO - Candidate 95 time: 8273.33 us (95.8% of baseline)
2025-11-25 01:57:39,227 - INFO - Candidate 202 time: 8276.67 us (95.8% of baseline)
2025-11-25 01:57:39,227 - INFO - Candidate 12 time: 8210.00 us (97.1% of baseline)
2025-11-25 01:57:39,227 - INFO - Candidate 261 time: 8390.00 us (97.1% of baseline)
2025-11-25 01:57:39,227 - INFO - Candidate 319 time: 8393.33 us (97.2% of baseline)
2025-11-25 01:57:39,227 - INFO - Candidate 35 time: 8440.00 us (97.7% of baseline)
2025-11-25 01:57:39,227 - INFO - Candidate 6 time: 8226.67 us (98.0% of baseline)
2025-11-25 01:57:39,227 - INFO - Candidate 302 time: 8500.00 us (98.4% of baseline)
2025-11-25 01:57:39,227 - INFO - Candidate 73 time: 8500.00 us (98.4% of baseline)
2025-11-25 01:57:39,227 - INFO - Candidate 129 time: 8570.00 us (99.2% of baseline)
2025-11-25 01:57:39,227 - INFO - Candidate 47 time: 8326.67 us (99.2% of baseline)
2025-11-25 01:57:39,227 - INFO - Candidate 110 time: 8426.67 us (99.6% of baseline)
2025-11-25 01:57:39,227 - INFO - Candidate 195 time: 8430.00 us (99.7% of baseline)
2025-11-25 01:57:39,227 - INFO - Candidate 345 time: 8453.33 us (99.9% of baseline)
2025-11-25 01:57:39,227 - INFO - Candidate 278 time: 8643.33 us (100.0% of baseline)
2025-11-25 01:57:39,227 - INFO - Candidate 139 time: 8486.67 us (100.3% of baseline)
2025-11-25 01:57:39,227 - INFO - Candidate 8 time: 8730.00 us (101.1% of baseline)
2025-11-25 01:57:39,227 - INFO - Candidate 293 time: 8566.67 us (101.3% of baseline)
2025-11-25 01:57:39,228 - INFO - Candidate 224 time: 8523.33 us (101.6% of baseline)
2025-11-25 01:57:39,228 - INFO - Candidate 287 time: 8783.33 us (101.7% of baseline)
2025-11-25 01:57:39,228 - INFO - Candidate 324 time: 8563.33 us (102.0% of baseline)
2025-11-25 01:57:39,228 - INFO - Candidate 79 time: 8826.67 us (102.2% of baseline)
2025-11-25 01:57:39,228 - INFO - Candidate 87 time: 8870.00 us (102.7% of baseline)
2025-11-25 01:57:39,228 - INFO - Candidate 108 time: 8873.33 us (102.7% of baseline)
2025-11-25 01:57:39,228 - INFO - Candidate 352 time: 8650.00 us (103.1% of baseline)
2025-11-25 01:57:39,228 - INFO - Candidate 27 time: 8770.00 us (103.7% of baseline)
2025-11-25 01:57:39,228 - INFO - Candidate 70 time: 8960.00 us (103.7% of baseline)
2025-11-25 01:57:39,228 - INFO - Candidate 295 time: 8983.33 us (104.0% of baseline)
2025-11-25 01:57:39,228 - INFO - Candidate 18 time: 8986.67 us (104.0% of baseline)
2025-11-25 01:57:39,228 - INFO - Candidate 109 time: 9006.67 us (104.3% of baseline)
2025-11-25 01:57:39,228 - INFO - Candidate 57 time: 9010.00 us (104.3% of baseline)
2025-11-25 01:57:39,228 - INFO - Candidate 147 time: 8830.00 us (104.4% of baseline)
2025-11-25 01:57:39,228 - INFO - Candidate 125 time: 9036.67 us (104.6% of baseline)
2025-11-25 01:57:39,228 - INFO - Candidate 346 time: 9110.00 us (105.4% of baseline)
2025-11-25 01:57:39,228 - INFO - Candidate 247 time: 8853.33 us (105.5% of baseline)
2025-11-25 01:57:39,228 - INFO - Candidate 51 time: 8860.00 us (105.6% of baseline)
2025-11-25 01:57:39,229 - INFO - Candidate 133 time: 9133.33 us (105.7% of baseline)
2025-11-25 01:57:39,229 - INFO - Candidate 96 time: 9140.00 us (105.8% of baseline)
2025-11-25 01:57:39,229 - INFO - Candidate 71 time: 8953.33 us (105.9% of baseline)
2025-11-25 01:57:39,229 - INFO - Candidate 21 time: 8990.00 us (106.3% of baseline)
2025-11-25 01:57:39,229 - INFO - Candidate 187 time: 9000.00 us (106.4% of baseline)
2025-11-25 01:57:39,229 - INFO - Candidate 206 time: 9223.33 us (106.8% of baseline)
2025-11-25 01:57:39,229 - INFO - Candidate 121 time: 9296.67 us (107.6% of baseline)
2025-11-25 01:57:39,229 - INFO - Candidate 311 time: 9310.00 us (107.8% of baseline)
2025-11-25 01:57:39,229 - INFO - Candidate 188 time: 9080.00 us (108.2% of baseline)
2025-11-25 01:57:39,229 - INFO - Candidate 236 time: 9103.33 us (108.5% of baseline)
2025-11-25 01:57:39,229 - INFO - Candidate 16 time: 9193.33 us (108.7% of baseline)
2025-11-25 01:57:39,229 - INFO - Candidate 313 time: 9226.67 us (109.1% of baseline)
2025-11-25 01:57:39,229 - INFO - Candidate 170 time: 9480.00 us (109.7% of baseline)
2025-11-25 01:57:39,229 - INFO - Candidate 117 time: 9546.67 us (110.5% of baseline)
2025-11-25 01:57:39,229 - INFO - Candidate 357 time: 9350.00 us (110.5% of baseline)
2025-11-25 01:57:39,229 - INFO - Candidate 13 time: 9286.67 us (110.7% of baseline)
2025-11-25 01:57:39,229 - INFO - Candidate 296 time: 9320.00 us (111.1% of baseline)
2025-11-25 01:57:39,229 - INFO - Candidate 269 time: 9610.00 us (111.2% of baseline)
2025-11-25 01:57:39,229 - INFO - Candidate 361 time: 9383.33 us (111.8% of baseline)
2025-11-25 01:57:39,230 - INFO - Candidate 144 time: 9386.67 us (111.9% of baseline)
2025-11-25 01:57:39,230 - INFO - Candidate 325 time: 9530.00 us (112.7% of baseline)
2025-11-25 01:57:39,230 - INFO - Candidate 11 time: 9760.00 us (113.0% of baseline)
2025-11-25 01:57:39,230 - INFO - Candidate 9 time: 9483.33 us (113.0% of baseline)
2025-11-25 01:57:39,230 - INFO - Candidate 118 time: 9643.33 us (114.0% of baseline)
2025-11-25 01:57:39,230 - INFO - Candidate 162 time: 9860.00 us (114.1% of baseline)
2025-11-25 01:57:39,230 - INFO - Candidate 291 time: 9863.33 us (114.2% of baseline)
2025-11-25 01:57:39,230 - INFO - Candidate 157 time: 9893.33 us (114.5% of baseline)
2025-11-25 01:57:39,230 - INFO - Candidate 350 time: 9910.00 us (114.7% of baseline)
2025-11-25 01:57:39,230 - INFO - Candidate 229 time: 9933.33 us (115.0% of baseline)
2025-11-25 01:57:39,230 - INFO - Candidate 253 time: 9950.00 us (115.2% of baseline)
2025-11-25 01:57:39,230 - INFO - Candidate 74 time: 10000.00 us (115.7% of baseline)
2025-11-25 01:57:39,230 - INFO - Candidate 38 time: 10066.67 us (116.5% of baseline)
2025-11-25 01:57:39,230 - INFO - Candidate 39 time: 10066.67 us (116.5% of baseline)
2025-11-25 01:57:39,230 - INFO - Candidate 356 time: 9793.33 us (116.7% of baseline)
2025-11-25 01:57:39,230 - INFO - Candidate 251 time: 9796.67 us (116.7% of baseline)
2025-11-25 01:57:39,230 - INFO - Candidate 43 time: 10100.00 us (116.9% of baseline)
2025-11-25 01:57:39,230 - INFO - Candidate 174 time: 10100.00 us (116.9% of baseline)
2025-11-25 01:57:39,230 - INFO - Candidate 250 time: 10166.67 us (117.7% of baseline)
2025-11-25 01:57:39,231 - INFO - Candidate 93 time: 10033.33 us (118.6% of baseline)
2025-11-25 01:57:39,231 - INFO - Candidate 168 time: 9986.67 us (119.0% of baseline)
2025-11-25 01:57:39,231 - INFO - Candidate 268 time: 10100.00 us (119.4% of baseline)
2025-11-25 01:57:39,231 - INFO - Candidate 221 time: 10333.33 us (119.6% of baseline)
2025-11-25 01:57:39,231 - INFO - Candidate 131 time: 10133.33 us (119.8% of baseline)
2025-11-25 01:57:39,231 - INFO - Candidate 115 time: 10100.00 us (120.4% of baseline)
2025-11-25 01:57:39,231 - INFO - Candidate 259 time: 10100.00 us (120.4% of baseline)
2025-11-25 01:57:39,231 - INFO - Candidate 300 time: 10100.00 us (120.4% of baseline)
2025-11-25 01:57:39,231 - INFO - Candidate 158 time: 10466.67 us (121.2% of baseline)
2025-11-25 01:57:39,231 - INFO - Candidate 198 time: 10466.67 us (121.2% of baseline)
2025-11-25 01:57:39,231 - INFO - Candidate 126 time: 10500.00 us (121.6% of baseline)
2025-11-25 01:57:39,231 - INFO - Candidate 175 time: 10300.00 us (121.8% of baseline)
2025-11-25 01:57:39,231 - INFO - Candidate 119 time: 10233.33 us (121.9% of baseline)
2025-11-25 01:57:39,231 - INFO - Candidate 327 time: 10566.67 us (122.3% of baseline)
2025-11-25 01:57:39,231 - INFO - Candidate 177 time: 10600.00 us (122.7% of baseline)
2025-11-25 01:57:39,231 - INFO - Candidate 289 time: 10400.00 us (123.0% of baseline)
2025-11-25 01:57:39,231 - INFO - Candidate 369 time: 10400.00 us (123.0% of baseline)
2025-11-25 01:57:39,231 - INFO - Candidate 22 time: 10666.67 us (123.5% of baseline)
2025-11-25 01:57:39,232 - INFO - Candidate 65 time: 10700.00 us (123.9% of baseline)
2025-11-25 01:57:39,232 - INFO - Candidate 46 time: 10733.33 us (124.2% of baseline)
2025-11-25 01:57:39,232 - INFO - Candidate 185 time: 10800.00 us (125.0% of baseline)
2025-11-25 01:57:39,232 - INFO - Candidate 154 time: 10833.33 us (125.4% of baseline)
2025-11-25 01:57:39,232 - INFO - Candidate 146 time: 11000.00 us (127.3% of baseline)
2025-11-25 01:57:39,232 - INFO - Candidate 45 time: 10700.00 us (127.5% of baseline)
2025-11-25 01:57:39,232 - INFO - Candidate 135 time: 10800.00 us (127.7% of baseline)
2025-11-25 01:57:39,232 - INFO - Candidate 41 time: 10800.00 us (128.7% of baseline)
2025-11-25 01:57:39,232 - INFO - Candidate 107 time: 10800.00 us (128.7% of baseline)
2025-11-25 01:57:39,232 - INFO - Candidate 160 time: 10800.00 us (128.7% of baseline)
2025-11-25 01:57:39,232 - INFO - Candidate 331 time: 11133.33 us (128.9% of baseline)
2025-11-25 01:57:39,232 - INFO - Candidate 145 time: 11200.00 us (129.6% of baseline)
2025-11-25 01:57:39,232 - INFO - Candidate 284 time: 10900.00 us (129.9% of baseline)
2025-11-25 01:57:39,232 - INFO - Candidate 104 time: 11266.67 us (130.4% of baseline)
2025-11-25 01:57:39,232 - INFO - Candidate 142 time: 11366.67 us (131.6% of baseline)
2025-11-25 01:57:39,232 - INFO - Candidate 149 time: 11400.00 us (131.9% of baseline)
2025-11-25 01:57:39,232 - INFO - Candidate 15 time: 11400.00 us (132.0% of baseline)
2025-11-25 01:57:39,232 - INFO - Candidate 192 time: 11133.33 us (132.7% of baseline)
2025-11-25 01:57:39,232 - INFO - Candidate 55 time: 11200.00 us (133.5% of baseline)
2025-11-25 01:57:39,233 - INFO - Candidate 89 time: 11200.00 us (133.5% of baseline)
2025-11-25 01:57:39,233 - INFO - Candidate 112 time: 11566.67 us (133.9% of baseline)
2025-11-25 01:57:39,233 - INFO - Candidate 190 time: 11566.67 us (133.9% of baseline)
2025-11-25 01:57:39,233 - INFO - Candidate 94 time: 11266.67 us (134.3% of baseline)
2025-11-25 01:57:39,233 - INFO - Candidate 230 time: 11600.00 us (134.3% of baseline)
2025-11-25 01:57:39,233 - INFO - Candidate 328 time: 11300.00 us (134.7% of baseline)
2025-11-25 01:57:39,233 - INFO - Candidate 102 time: 11400.00 us (134.8% of baseline)
2025-11-25 01:57:39,233 - INFO - Candidate 297 time: 11400.00 us (134.8% of baseline)
2025-11-25 01:57:39,233 - INFO - Candidate 189 time: 11666.67 us (135.1% of baseline)
2025-11-25 01:57:39,233 - INFO - Candidate 86 time: 11700.00 us (135.4% of baseline)
2025-11-25 01:57:39,233 - INFO - Candidate 257 time: 11700.00 us (135.4% of baseline)
2025-11-25 01:57:39,233 - INFO - Candidate 122 time: 11700.00 us (135.4% of baseline)
2025-11-25 01:57:39,233 - INFO - Candidate 88 time: 11466.67 us (135.6% of baseline)
2025-11-25 01:57:39,233 - INFO - Candidate 286 time: 11733.33 us (135.8% of baseline)
2025-11-25 01:57:39,233 - INFO - Candidate 67 time: 11500.00 us (136.0% of baseline)
2025-11-25 01:57:39,233 - INFO - Candidate 290 time: 11766.67 us (136.2% of baseline)
2025-11-25 01:57:39,233 - INFO - Candidate 2 time: 11800.00 us (136.6% of baseline)
2025-11-25 01:57:39,233 - INFO - Candidate 37 time: 11500.00 us (137.0% of baseline)
2025-11-25 01:57:39,233 - INFO - Candidate 258 time: 11900.00 us (137.8% of baseline)
2025-11-25 01:57:39,234 - INFO - Candidate 317 time: 11700.00 us (138.3% of baseline)
2025-11-25 01:57:39,234 - INFO - Candidate 82 time: 12000.00 us (138.9% of baseline)
2025-11-25 01:57:39,234 - INFO - Candidate 343 time: 12000.00 us (138.9% of baseline)
2025-11-25 01:57:39,234 - INFO - Candidate 355 time: 12000.00 us (138.9% of baseline)
2025-11-25 01:57:39,234 - INFO - Candidate 298 time: 12033.33 us (139.3% of baseline)
2025-11-25 01:57:39,234 - INFO - Candidate 336 time: 11700.00 us (139.4% of baseline)
2025-11-25 01:57:39,234 - INFO - Candidate 181 time: 12100.00 us (140.1% of baseline)
2025-11-25 01:57:39,234 - INFO - Candidate 29 time: 11800.00 us (140.6% of baseline)
2025-11-25 01:57:39,234 - INFO - Candidate 205 time: 12200.00 us (141.2% of baseline)
2025-11-25 01:57:39,234 - INFO - Candidate 32 time: 12200.00 us (141.2% of baseline)
2025-11-25 01:57:39,234 - INFO - Candidate 105 time: 12200.00 us (141.2% of baseline)
2025-11-25 01:57:39,234 - INFO - Candidate 280 time: 11866.67 us (141.4% of baseline)
2025-11-25 01:57:39,234 - INFO - Candidate 365 time: 11966.67 us (141.5% of baseline)
2025-11-25 01:57:39,234 - INFO - Candidate 208 time: 11900.00 us (141.8% of baseline)
2025-11-25 01:57:39,234 - INFO - Candidate 248 time: 12066.67 us (142.7% of baseline)
2025-11-25 01:57:39,234 - INFO - Candidate 326 time: 12333.33 us (142.7% of baseline)
2025-11-25 01:57:39,234 - INFO - Candidate 156 time: 12000.00 us (143.0% of baseline)
2025-11-25 01:57:39,234 - INFO - Candidate 171 time: 12100.00 us (143.1% of baseline)
2025-11-25 01:57:39,234 - INFO - Candidate 256 time: 12100.00 us (143.1% of baseline)
2025-11-25 01:57:39,235 - INFO - Candidate 318 time: 12400.00 us (143.5% of baseline)
2025-11-25 01:57:39,235 - INFO - Candidate 161 time: 12433.33 us (143.9% of baseline)
2025-11-25 01:57:39,235 - INFO - Candidate 315 time: 12466.67 us (144.3% of baseline)
2025-11-25 01:57:39,235 - INFO - Candidate 235 time: 12233.33 us (144.6% of baseline)
2025-11-25 01:57:39,235 - INFO - Candidate 26 time: 12500.00 us (144.7% of baseline)
2025-11-25 01:57:39,235 - INFO - Candidate 19 time: 12533.33 us (145.1% of baseline)
2025-11-25 01:57:39,235 - INFO - Candidate 364 time: 12533.33 us (145.1% of baseline)
2025-11-25 01:57:39,235 - INFO - Candidate 92 time: 12600.00 us (145.9% of baseline)
2025-11-25 01:57:39,235 - INFO - Candidate 339 time: 12600.00 us (145.9% of baseline)
2025-11-25 01:57:39,235 - INFO - Candidate 219 time: 12400.00 us (146.6% of baseline)
2025-11-25 01:57:39,235 - INFO - Candidate 186 time: 12700.00 us (147.0% of baseline)
2025-11-25 01:57:39,235 - INFO - Candidate 277 time: 12500.00 us (147.8% of baseline)
2025-11-25 01:57:39,235 - INFO - Candidate 271 time: 12500.00 us (149.0% of baseline)
2025-11-25 01:57:39,235 - INFO - Candidate 227 time: 12633.33 us (149.4% of baseline)
2025-11-25 01:57:39,235 - INFO - Candidate 132 time: 12566.67 us (149.8% of baseline)
2025-11-25 01:57:39,235 - INFO - Candidate 232 time: 12666.67 us (150.9% of baseline)
2025-11-25 01:57:39,235 - INFO - Candidate 362 time: 13100.00 us (151.6% of baseline)
2025-11-25 01:57:39,235 - INFO - Candidate 309 time: 12866.67 us (152.1% of baseline)
2025-11-25 01:57:39,235 - INFO - Candidate 367 time: 13300.00 us (153.9% of baseline)
2025-11-25 01:57:39,236 - INFO - Candidate 214 time: 13300.00 us (154.0% of baseline)
2025-11-25 01:57:39,236 - INFO - Candidate 340 time: 13066.67 us (155.7% of baseline)
2025-11-25 01:57:39,236 - INFO - Candidate 366 time: 13100.00 us (156.1% of baseline)
2025-11-25 01:57:39,236 - INFO - Candidate 314 time: 13500.00 us (156.2% of baseline)
2025-11-25 01:57:39,236 - INFO - Candidate 265 time: 13566.67 us (157.0% of baseline)
2025-11-25 01:57:39,236 - INFO - Candidate 203 time: 13300.00 us (157.2% of baseline)
2025-11-25 01:57:39,236 - INFO - Candidate 329 time: 13300.00 us (157.2% of baseline)
2025-11-25 01:57:39,236 - INFO - Candidate 176 time: 13200.00 us (157.3% of baseline)
2025-11-25 01:57:39,236 - INFO - Candidate 275 time: 13200.00 us (157.3% of baseline)
2025-11-25 01:57:39,236 - INFO - Candidate 220 time: 13466.67 us (160.5% of baseline)
2025-11-25 01:57:39,236 - INFO - Candidate 116 time: 13866.67 us (160.5% of baseline)
2025-11-25 01:57:39,236 - INFO - Candidate 231 time: 13600.00 us (160.8% of baseline)
2025-11-25 01:57:39,236 - INFO - Candidate 349 time: 13666.67 us (161.6% of baseline)
2025-11-25 01:57:39,236 - INFO - Candidate 341 time: 13833.33 us (163.5% of baseline)
2025-11-25 01:57:39,236 - INFO - Candidate 10 time: 14133.33 us (163.6% of baseline)
2025-11-25 01:57:39,236 - INFO - Candidate 213 time: 14300.00 us (165.5% of baseline)
2025-11-25 01:57:39,236 - INFO - Candidate 91 time: 14400.00 us (166.7% of baseline)
2025-11-25 01:57:39,236 - INFO - Candidate 330 time: 14466.67 us (167.4% of baseline)
2025-11-25 01:57:39,236 - INFO - Candidate 106 time: 14200.00 us (167.9% of baseline)
2025-11-25 01:57:39,237 - INFO - Candidate 211 time: 14200.00 us (167.9% of baseline)
2025-11-25 01:57:39,237 - INFO - Candidate 184 time: 14100.00 us (168.0% of baseline)
2025-11-25 01:57:39,237 - INFO - Candidate 49 time: 14233.33 us (168.3% of baseline)
2025-11-25 01:57:39,237 - INFO - Candidate 245 time: 14566.67 us (168.6% of baseline)
2025-11-25 01:57:39,237 - INFO - Candidate 321 time: 14300.00 us (169.1% of baseline)
2025-11-25 01:57:39,237 - INFO - Candidate 216 time: 14233.33 us (169.6% of baseline)
2025-11-25 01:57:39,237 - INFO - Candidate 207 time: 14400.00 us (170.2% of baseline)
2025-11-25 01:57:39,237 - INFO - Candidate 307 time: 14833.33 us (171.7% of baseline)
2025-11-25 01:57:39,237 - INFO - Candidate 99 time: 14566.67 us (173.6% of baseline)
2025-11-25 01:57:39,237 - INFO - Candidate 191 time: 14700.00 us (173.8% of baseline)
2025-11-25 01:57:39,237 - INFO - Candidate 148 time: 14600.00 us (174.0% of baseline)
2025-11-25 01:57:39,237 - INFO - Candidate 320 time: 14600.00 us (174.0% of baseline)
2025-11-25 01:57:39,237 - INFO - Candidate 210 time: 15100.00 us (174.8% of baseline)
2025-11-25 01:57:39,237 - INFO - Candidate 155 time: 14800.00 us (175.0% of baseline)
2025-11-25 01:57:39,237 - INFO - Candidate 111 time: 14733.33 us (175.6% of baseline)
2025-11-25 01:57:39,237 - INFO - Candidate 98 time: 15000.00 us (177.3% of baseline)
2025-11-25 01:57:39,237 - INFO - Candidate 282 time: 15366.67 us (177.9% of baseline)
2025-11-25 01:57:39,237 - INFO - Candidate 52 time: 15233.33 us (180.1% of baseline)
2025-11-25 01:57:39,238 - INFO - Candidate 351 time: 15666.67 us (181.4% of baseline)
2025-11-25 01:57:39,238 - INFO - Candidate 252 time: 15400.00 us (182.1% of baseline)
2025-11-25 01:57:39,238 - INFO - Candidate 114 time: 15600.00 us (184.4% of baseline)
2025-11-25 01:57:39,238 - INFO - Candidate 273 time: 16000.00 us (185.2% of baseline)
2025-11-25 01:57:39,238 - INFO - Candidate 270 time: 16066.67 us (186.0% of baseline)
2025-11-25 01:57:39,238 - INFO - Candidate 372 time: 16200.00 us (187.5% of baseline)
2025-11-25 01:57:39,238 - INFO - Candidate 36 time: 15900.00 us (188.0% of baseline)
2025-11-25 01:57:39,238 - INFO - Candidate 335 time: 16400.00 us (189.9% of baseline)
2025-11-25 01:57:39,238 - INFO - Candidate 59 time: 16000.00 us (190.7% of baseline)
2025-11-25 01:57:39,238 - INFO - Candidate 244 time: 16266.67 us (192.3% of baseline)
2025-11-25 01:57:39,238 - INFO - Candidate 127 time: 16400.00 us (193.9% of baseline)
2025-11-25 01:57:39,238 - INFO - Candidate 272 time: 16400.00 us (193.9% of baseline)
2025-11-25 01:57:39,238 - INFO - Candidate 254 time: 16900.00 us (195.6% of baseline)
2025-11-25 01:57:39,238 - INFO - Candidate 310 time: 17100.00 us (197.9% of baseline)
2025-11-25 01:57:39,238 - INFO - Candidate 342 time: 17133.33 us (198.3% of baseline)
2025-11-25 01:57:39,238 - INFO - Candidate 23 time: 16833.33 us (199.0% of baseline)
2025-11-25 01:57:39,238 - INFO - Candidate 218 time: 17200.00 us (199.1% of baseline)
2025-11-25 01:57:39,238 - INFO - Candidate 85 time: 16900.00 us (201.4% of baseline)
2025-11-25 01:57:39,238 - INFO - Candidate 180 time: 16966.67 us (202.2% of baseline)
2025-11-25 01:57:39,239 - INFO - Candidate 83 time: 17600.00 us (203.7% of baseline)
2025-11-25 01:57:39,239 - INFO - Candidate 179 time: 17300.00 us (204.5% of baseline)
2025-11-25 01:57:39,239 - INFO - Candidate 44 time: 17333.33 us (204.9% of baseline)
2025-11-25 01:57:39,239 - INFO - Candidate 255 time: 17300.00 us (206.2% of baseline)
2025-11-25 01:57:39,239 - INFO - Candidate 306 time: 17833.33 us (206.4% of baseline)
2025-11-25 01:57:39,239 - INFO - Candidate 69 time: 17900.00 us (207.2% of baseline)
2025-11-25 01:57:39,239 - INFO - Candidate 152 time: 17500.00 us (208.5% of baseline)
2025-11-25 01:57:39,239 - INFO - Candidate 304 time: 17600.00 us (209.7% of baseline)
2025-11-25 01:57:39,239 - INFO - Candidate 58 time: 17900.00 us (211.6% of baseline)
2025-11-25 01:57:39,239 - INFO - Candidate 241 time: 18700.00 us (216.4% of baseline)
2025-11-25 01:57:39,239 - INFO - Candidate 266 time: 18766.67 us (217.2% of baseline)
2025-11-25 01:57:39,239 - INFO - Candidate 128 time: 18300.00 us (218.1% of baseline)
2025-11-25 01:57:39,239 - INFO - Candidate 134 time: 18866.67 us (218.4% of baseline)
2025-11-25 01:57:39,239 - INFO - Candidate 368 time: 19100.00 us (221.1% of baseline)
2025-11-25 01:57:39,239 - INFO - Candidate 68 time: 18566.67 us (221.3% of baseline)
2025-11-25 01:57:39,239 - INFO - Candidate 178 time: 19166.67 us (221.8% of baseline)
2025-11-25 01:57:39,239 - INFO - Candidate 172 time: 18666.67 us (222.4% of baseline)
2025-11-25 01:57:39,239 - INFO - Candidate 54 time: 19266.67 us (223.0% of baseline)
2025-11-25 01:57:39,239 - INFO - Candidate 308 time: 18733.33 us (223.2% of baseline)
2025-11-25 01:57:39,240 - INFO - Candidate 48 time: 19600.00 us (226.9% of baseline)
2025-11-25 01:57:39,240 - INFO - Candidate 305 time: 19200.00 us (227.0% of baseline)
2025-11-25 01:57:39,240 - INFO - Candidate 370 time: 19100.00 us (227.6% of baseline)
2025-11-25 01:57:39,240 - INFO - Candidate 285 time: 19333.33 us (228.6% of baseline)
2025-11-25 01:57:39,240 - INFO - Candidate 137 time: 19933.33 us (230.7% of baseline)
2025-11-25 01:57:39,240 - INFO - Candidate 348 time: 19500.00 us (232.4% of baseline)
2025-11-25 01:57:39,240 - INFO - Candidate 130 time: 20100.00 us (232.7% of baseline)
2025-11-25 01:57:39,240 - INFO - Candidate 63 time: 19700.00 us (232.9% of baseline)
2025-11-25 01:57:39,240 - INFO - Candidate 312 time: 19566.67 us (233.2% of baseline)
2025-11-25 01:57:39,240 - INFO - Candidate 233 time: 20200.00 us (233.8% of baseline)
2025-11-25 01:57:39,240 - INFO - Candidate 279 time: 20233.33 us (234.2% of baseline)
2025-11-25 01:57:39,240 - INFO - Candidate 249 time: 20500.00 us (237.3% of baseline)
2025-11-25 01:57:39,240 - INFO - Candidate 24 time: 20600.00 us (238.5% of baseline)
2025-11-25 01:57:39,240 - INFO - Candidate 141 time: 20666.67 us (239.2% of baseline)
2025-11-25 01:57:39,240 - INFO - Candidate 163 time: 20266.67 us (239.6% of baseline)
2025-11-25 01:57:39,240 - INFO - Candidate 344 time: 20433.33 us (243.5% of baseline)
2025-11-25 01:57:39,240 - INFO - Candidate 173 time: 21200.00 us (245.4% of baseline)
2025-11-25 01:57:39,240 - INFO - Candidate 103 time: 20600.00 us (245.5% of baseline)
2025-11-25 01:57:39,240 - INFO - Candidate 77 time: 20700.00 us (246.7% of baseline)
2025-11-25 01:57:39,241 - INFO - Candidate 4 time: 20866.67 us (246.7% of baseline)
2025-11-25 01:57:39,241 - INFO - Candidate 260 time: 21400.00 us (253.0% of baseline)
2025-11-25 01:57:39,241 - INFO - Candidate 140 time: 21466.67 us (255.8% of baseline)
2025-11-25 01:57:39,241 - INFO - Candidate 169 time: 22133.33 us (256.2% of baseline)
2025-11-25 01:57:39,241 - INFO - Candidate 267 time: 21700.00 us (258.6% of baseline)
2025-11-25 01:57:39,241 - INFO - Candidate 228 time: 21866.67 us (260.6% of baseline)
2025-11-25 01:57:39,241 - INFO - Candidate 283 time: 23000.00 us (266.3% of baseline)
2025-11-25 01:57:39,241 - INFO - Candidate 151 time: 22600.00 us (267.2% of baseline)
2025-11-25 01:57:39,241 - INFO - Candidate 34 time: 24000.00 us (277.8% of baseline)
2025-11-25 01:57:39,241 - INFO - Candidate 61 time: 24000.00 us (277.8% of baseline)
2025-11-25 01:57:39,241 - INFO - Candidate 136 time: 23400.00 us (278.8% of baseline)
2025-11-25 01:57:39,241 - INFO - Candidate 209 time: 24200.00 us (280.1% of baseline)
2025-11-25 01:57:39,241 - INFO - Candidate 303 time: 24200.00 us (280.1% of baseline)
2025-11-25 01:57:39,241 - INFO - Candidate 62 time: 23700.00 us (282.4% of baseline)
2025-11-25 01:57:39,241 - INFO - Candidate 347 time: 24566.67 us (284.4% of baseline)
2025-11-25 01:57:39,241 - INFO - Candidate 225 time: 24633.33 us (285.1% of baseline)
2025-11-25 01:57:39,241 - INFO - Candidate 292 time: 24233.33 us (288.8% of baseline)
2025-11-25 01:57:39,241 - INFO - Candidate 31 time: 24500.00 us (289.7% of baseline)
2025-11-25 01:57:39,241 - INFO - Candidate 5 time: 25400.00 us (294.0% of baseline)
2025-11-25 01:57:39,242 - INFO - Candidate 199 time: 25133.33 us (297.1% of baseline)
2025-11-25 01:57:39,242 - INFO - Candidate 332 time: 25000.00 us (297.9% of baseline)
2025-11-25 01:57:39,242 - INFO - Candidate 338 time: 25900.00 us (299.8% of baseline)
2025-11-25 01:57:39,242 - INFO - Candidate 1 time: 25433.33 us (303.1% of baseline)
2025-11-25 01:57:39,242 - INFO - Candidate 200 time: 25833.33 us (307.8% of baseline)
2025-11-25 01:57:39,242 - INFO - Candidate 238 time: 26766.67 us (309.9% of baseline)
2025-11-25 01:57:39,242 - INFO - Candidate 246 time: 26866.67 us (311.0% of baseline)
2025-11-25 01:57:39,242 - INFO - Candidate 3 time: 27300.00 us (316.0% of baseline)
2025-11-25 01:57:39,242 - INFO - Candidate 358 time: 27500.00 us (318.3% of baseline)
2025-11-25 01:57:39,242 - INFO - Candidate 25 time: 26800.00 us (319.4% of baseline)
2025-11-25 01:57:39,242 - INFO - Candidate 243 time: 26933.33 us (321.0% of baseline)
2025-11-25 01:57:39,242 - INFO - Candidate 237 time: 29800.00 us (344.9% of baseline)
2025-11-25 01:57:39,242 - INFO - Candidate 7 time: 29200.00 us (345.2% of baseline)
2025-11-25 01:57:39,242 - INFO - Candidate 223 time: 30633.33 us (362.2% of baseline)
2025-11-25 01:57:39,242 - INFO - Candidate 217 time: 32200.00 us (372.7% of baseline)
2025-11-25 01:57:39,242 - INFO - Candidate 234 time: 32300.00 us (373.9% of baseline)
2025-11-25 01:57:39,242 - INFO - Candidate 165 time: 33333.33 us (385.8% of baseline)
2025-11-25 01:57:39,242 - INFO - Candidate 53 time: 33500.00 us (387.8% of baseline)
2025-11-25 01:57:39,243 - INFO - Candidate 167 time: 34400.00 us (406.7% of baseline)
2025-11-25 01:57:39,243 - INFO - Candidate 274 time: 36100.00 us (417.9% of baseline)
2025-11-25 01:57:39,243 - INFO - Candidate 153 time: 36200.00 us (419.0% of baseline)
2025-11-25 01:57:39,243 - INFO - Candidate 33 time: 35633.33 us (424.6% of baseline)
2025-11-25 01:57:39,243 - INFO - Candidate 72 time: 36333.33 us (433.0% of baseline)
2025-11-25 01:57:39,243 - INFO - Candidate 124 time: 37000.00 us (440.9% of baseline)
2025-11-25 01:57:39,243 - INFO - Candidate 42 time: 38333.33 us (443.8% of baseline)
2025-11-25 01:57:39,243 - INFO - Candidate 40 time: 37900.00 us (448.1% of baseline)
2025-11-25 01:57:39,243 - INFO - Candidate 50 time: 39100.00 us (452.5% of baseline)
2025-11-25 01:57:39,243 - INFO - Candidate 80 time: 38300.00 us (452.8% of baseline)
2025-11-25 01:57:39,243 - INFO - Candidate 334 time: 40566.67 us (469.5% of baseline)
2025-11-25 01:57:39,243 - INFO - Candidate 239 time: 41033.33 us (485.1% of baseline)
2025-11-25 01:57:39,243 - INFO - Candidate 337 time: 42200.00 us (498.9% of baseline)
2025-11-25 01:57:39,243 - INFO - Candidate 30 time: 43233.33 us (500.4% of baseline)
2025-11-25 01:57:39,243 - INFO - Candidate 17 time: 42000.00 us (500.5% of baseline)
2025-11-25 01:57:39,243 - INFO - Candidate 164 time: 43200.00 us (514.8% of baseline)
2025-11-25 01:57:39,243 - INFO - Candidate 193 time: 44666.67 us (517.1% of baseline)
2025-11-25 01:57:39,243 - INFO - Candidate 204 time: 50866.67 us (606.2% of baseline)
2025-11-25 01:57:39,243 - INFO - Candidate 197 time: 55300.00 us (640.0% of baseline)
2025-11-25 01:57:39,244 - INFO - Candidate 294 time: 55500.00 us (642.4% of baseline)
2025-11-25 01:57:39,244 - INFO - Candidate 222 time: 56500.00 us (654.1% of baseline)
2025-11-25 01:57:39,244 - INFO - Candidate 183 time: 56933.33 us (673.1% of baseline)
2025-11-25 01:57:39,244 - INFO - Candidate 316 time: 61866.67 us (737.2% of baseline)
2025-11-25 01:57:39,244 - INFO - Candidate 14 time: 64766.67 us (749.6% of baseline)
2025-11-25 01:57:39,244 - INFO - Candidate 262 time: 66433.33 us (769.1% of baseline)
2025-11-25 01:57:39,244 - INFO - Candidate 201 time: 67033.33 us (775.8% of baseline)
2025-11-25 01:57:39,244 - INFO - Candidate 215 time: 66166.67 us (782.3% of baseline)
2025-11-25 01:57:39,244 - INFO - Candidate 194 time: 73933.33 us (855.7% of baseline)
2025-11-25 01:57:39,244 - INFO - Candidate 56 time: 73200.00 us (865.4% of baseline)
2025-11-25 01:57:39,244 - INFO - Candidate 113 time: 76033.33 us (880.2% of baseline)
2025-11-25 01:57:39,244 - INFO - Candidate 240 time: 75033.33 us (894.1% of baseline)
2025-11-25 01:57:39,244 - INFO - Candidate 242 time: 77633.33 us (898.7% of baseline)
2025-11-25 01:57:39,244 - INFO - Candidate 354 time: 82933.33 us (959.9% of baseline)
2025-11-25 01:57:39,244 - INFO - Candidate 360 time: 81866.67 us (967.9% of baseline)
2025-11-25 01:57:39,244 - INFO - Candidate 299 time: 87100.00 us (1008.3% of baseline)
2025-11-25 01:57:39,244 - INFO - Candidate 28 time: 87333.33 us (1011.0% of baseline)
2025-11-25 01:57:39,244 - INFO - Candidate 166 time: 89500.00 us (1036.1% of baseline)
2025-11-25 01:57:39,244 - INFO - Candidate 100 time: 91000.00 us (1053.2% of baseline)
2025-11-25 01:57:39,245 - INFO - Candidate 150 time: 95366.67 us (1104.0% of baseline)
2025-11-25 01:57:39,245 - INFO - Candidate 226 time: 96733.33 us (1119.8% of baseline)
2025-11-25 01:57:39,245 - INFO - Candidate 138 time: 97700.00 us (1131.0% of baseline)
2025-11-25 01:57:39,245 - INFO - Candidate 143 time: 96033.33 us (1135.4% of baseline)
2025-11-25 01:57:39,245 - INFO - Candidate 159 time: 96766.67 us (1144.0% of baseline)
2025-11-25 01:57:39,245 - INFO - Candidate 60 time: 106000.00 us (1226.9% of baseline)
2025-11-25 01:57:39,245 - INFO - Candidate 81 time: 104000.00 us (1239.3% of baseline)
2025-11-25 01:57:39,245 - INFO - Candidate 78 time: 111000.00 us (1284.7% of baseline)
2025-11-25 01:57:39,245 - INFO - Candidate 333 time: 112666.67 us (1332.0% of baseline)
2025-11-25 01:57:39,245 - INFO - Candidate 84 time: 113000.00 us (1336.0% of baseline)
2025-11-25 01:57:39,245 - INFO - Candidate 264 time: 125333.33 us (1481.8% of baseline)
2025-11-25 01:57:39,245 - INFO - Candidate 64 time: 130333.33 us (1508.5% of baseline)
2025-11-25 01:57:39,245 - INFO - Candidate 123 time: 130000.00 us (1536.9% of baseline)
2025-11-25 01:57:39,245 - INFO - Candidate 196 time: 130000.00 us (1549.2% of baseline)
2025-11-25 01:57:39,245 - INFO - Candidate 288 time: 132666.67 us (1580.9% of baseline)
2025-11-25 01:57:39,245 - INFO - Candidate 101 time: 142000.00 us (1643.8% of baseline)
2025-11-25 01:57:39,245 - INFO - Candidate 263 time: 142666.67 us (1700.1% of baseline)
2025-11-25 01:57:39,245 - INFO - Candidate 301 time: 155333.33 us (1836.5% of baseline)
2025-11-25 01:57:39,245 - INFO - Candidate 76 time: 159000.00 us (1840.6% of baseline)
2025-11-25 01:57:39,246 - INFO - Candidate 66 time: 161000.00 us (1863.4% of baseline)
2025-11-25 01:57:39,246 - INFO - Candidate 359 time: 163000.00 us (1886.9% of baseline)
2025-11-25 01:57:39,246 - INFO - Candidate 323 time: 165666.67 us (1917.8% of baseline)
2025-11-25 01:57:39,246 - INFO - Candidate 182 time: 168000.00 us (1944.4% of baseline)
2025-11-25 01:57:39,246 - INFO - Candidate 75 time: 186000.00 us (2199.0% of baseline)
2025-11-25 01:57:39,246 - INFO - Candidate 322 time: 202000.00 us (2338.0% of baseline)
2025-11-25 01:57:39,246 - INFO - Candidate 353 time: 199666.67 us (2360.6% of baseline)
2025-11-25 01:57:39,246 - INFO - Candidate 281 time: 274000.00 us (3239.4% of baseline)
2025-11-25 01:57:39,246 - INFO - Candidate 212 time: 293333.33 us (3495.5% of baseline)
2025-11-25 01:57:39,246 - INFO - Top dispatch candidates: [95, 202, 12, 261, 319, 35, 6, 302, 73, 129, 47, 110, 195, 345, 278, 139, 8, 293, 224, 287, 324, 79, 87, 108, 352, 27, 70, 295, 18, 109, 57, 147, 125, 346, 247, 51, 133, 96, 71, 21, 187, 206, 121, 311, 188, 236, 16, 313, 170, 117, 357, 13, 296, 269, 361, 144, 325, 11, 9, 118, 162, 291, 157, 350, 229, 253, 74, 38, 39, 356, 251, 43, 174, 250, 93, 168, 268, 221, 131, 115, 259, 300, 158, 198, 126, 175, 119, 327, 177, 289, 369, 22, 65, 46, 185, 154, 146, 45, 135, 41, 107, 160, 331, 145, 284, 104, 142, 149, 15, 192, 55, 89, 112, 190, 94, 230, 328, 102, 297, 189, 86, 257, 122, 88, 286, 67, 290, 2, 37, 258, 317, 82, 343, 355, 298, 336, 181, 29, 205, 32, 105, 280, 365, 208, 248, 326, 156, 171, 256, 318, 161, 315, 235, 26, 19, 364, 92, 339, 219, 186, 277, 271, 227, 132, 232, 362, 309, 367, 214, 340, 366, 314, 265, 203, 329, 176, 275, 220, 116, 231, 349, 341, 10, 213, 91, 330, 106, 211, 184, 49, 245, 321, 216, 207, 307, 99, 191, 148, 320, 210, 155, 111, 98, 282, 52, 351, 252, 114, 273, 270, 372, 36, 335, 59, 244, 127, 272, 254, 310, 342, 23, 218, 85, 180, 83, 179, 44, 255, 306, 69, 152, 304, 58, 241, 266, 128, 134, 368, 68, 178, 172, 54, 308, 48, 305, 370, 285, 137, 348, 130, 63, 312, 233, 279, 249, 24, 141, 163, 344, 173, 103, 77, 4, 260, 140, 169, 267, 228, 283, 151, 34, 61, 136, 209, 303, 62, 347, 225, 292, 31, 5, 199, 332, 338, 1, 200, 238, 246, 3, 358, 25, 243, 237, 7, 223, 217, 234, 165, 53, 167, 274, 153, 33, 72, 124, 42, 40, 50, 80, 334, 239, 337, 30, 17, 164, 193, 204, 197, 294, 222, 183, 316, 14, 262, 201, 215, 194, 56, 113, 240, 242, 354, 360, 299, 28, 166, 100, 150, 226, 138, 143, 159, 60, 81, 78, 333, 84, 264, 64, 123, 196, 288, 101, 263, 301, 76, 66, 359, 323, 182, 75, 322, 353, 281, 212]
2025-11-25 01:57:39,247 - INFO - /home/amily/shark-ai/sharktuner/tuning_2025_11_25_01_52/candidates/specs/95_spec.mlir
2025-11-25 01:57:39,247 - INFO - /home/amily/shark-ai/sharktuner/tuning_2025_11_25_01_52/candidates/specs/202_spec.mlir
2025-11-25 01:57:39,247 - INFO - /home/amily/shark-ai/sharktuner/tuning_2025_11_25_01_52/candidates/specs/12_spec.mlir
2025-11-25 01:57:39,247 - INFO - /home/amily/shark-ai/sharktuner/tuning_2025_11_25_01_52/candidates/specs/261_spec.mlir
2025-11-25 01:57:39,247 - INFO - /home/amily/shark-ai/sharktuner/tuning_2025_11_25_01_52/candidates/specs/319_spec.mlir
2025-11-25 01:57:39,247 - INFO - /home/amily/shark-ai/sharktuner/tuning_2025_11_25_01_52/candidates/specs/35_spec.mlir
2025-11-25 01:57:39,247 - INFO - /home/amily/shark-ai/sharktuner/tuning_2025_11_25_01_52/candidates/specs/6_spec.mlir
2025-11-25 01:57:39,247 - INFO - /home/amily/shark-ai/sharktuner/tuning_2025_11_25_01_52/candidates/specs/302_spec.mlir
2025-11-25 01:57:39,248 - INFO - /home/amily/shark-ai/sharktuner/tuning_2025_11_25_01_52/candidates/specs/73_spec.mlir
2025-11-25 01:57:39,248 - INFO - /home/amily/shark-ai/sharktuner/tuning_2025_11_25_01_52/candidates/specs/129_spec.mlir
2025-11-25 01:57:39,248 - INFO - /home/amily/shark-ai/sharktuner/tuning_2025_11_25_01_52/candidates/specs/47_spec.mlir
2025-11-25 01:57:39,248 - INFO - /home/amily/shark-ai/sharktuner/tuning_2025_11_25_01_52/candidates/specs/110_spec.mlir
2025-11-25 01:57:39,248 - INFO - /home/amily/shark-ai/sharktuner/tuning_2025_11_25_01_52/candidates/specs/195_spec.mlir
2025-11-25 01:57:39,248 - INFO - /home/amily/shark-ai/sharktuner/tuning_2025_11_25_01_52/candidates/specs/345_spec.mlir
2025-11-25 01:57:39,248 - INFO - /home/amily/shark-ai/sharktuner/tuning_2025_11_25_01_52/candidates/specs/278_spec.mlir
2025-11-25 01:57:39,248 - INFO - /home/amily/shark-ai/sharktuner/tuning_2025_11_25_01_52/candidates/specs/139_spec.mlir
2025-11-25 01:57:39,248 - INFO - /home/amily/shark-ai/sharktuner/tuning_2025_11_25_01_52/candidates/specs/8_spec.mlir
2025-11-25 01:57:39,249 - INFO - /home/amily/shark-ai/sharktuner/tuning_2025_11_25_01_52/candidates/specs/293_spec.mlir
2025-11-25 01:57:39,249 - INFO - /home/amily/shark-ai/sharktuner/tuning_2025_11_25_01_52/candidates/specs/224_spec.mlir
2025-11-25 01:57:39,249 - INFO - /home/amily/shark-ai/sharktuner/tuning_2025_11_25_01_52/candidates/specs/287_spec.mlir
2025-11-25 01:57:39,249 - INFO - /home/amily/shark-ai/sharktuner/tuning_2025_11_25_01_52/candidates/specs/324_spec.mlir
2025-11-25 01:57:39,249 - INFO - /home/amily/shark-ai/sharktuner/tuning_2025_11_25_01_52/candidates/specs/79_spec.mlir
2025-11-25 01:57:39,249 - INFO - /home/amily/shark-ai/sharktuner/tuning_2025_11_25_01_52/candidates/specs/87_spec.mlir
2025-11-25 01:57:39,249 - INFO - /home/amily/shark-ai/sharktuner/tuning_2025_11_25_01_52/candidates/specs/108_spec.mlir
2025-11-25 01:57:39,249 - INFO - /home/amily/shark-ai/sharktuner/tuning_2025_11_25_01_52/candidates/specs/352_spec.mlir
2025-11-25 01:57:39,249 - INFO - /home/amily/shark-ai/sharktuner/tuning_2025_11_25_01_52/candidates/specs/27_spec.mlir
2025-11-25 01:57:39,250 - INFO - /home/amily/shark-ai/sharktuner/tuning_2025_11_25_01_52/candidates/specs/70_spec.mlir
2025-11-25 01:57:39,250 - INFO - /home/amily/shark-ai/sharktuner/tuning_2025_11_25_01_52/candidates/specs/295_spec.mlir
2025-11-25 01:57:39,250 - INFO - /home/amily/shark-ai/sharktuner/tuning_2025_11_25_01_52/candidates/specs/18_spec.mlir
2025-11-25 01:57:39,250 - INFO - /home/amily/shark-ai/sharktuner/tuning_2025_11_25_01_52/candidates/specs/109_spec.mlir
2025-11-25 01:57:39,250 - INFO - /home/amily/shark-ai/sharktuner/tuning_2025_11_25_01_52/candidates/specs/57_spec.mlir
2025-11-25 01:57:39,250 - INFO - /home/amily/shark-ai/sharktuner/tuning_2025_11_25_01_52/candidates/specs/147_spec.mlir
2025-11-25 01:57:39,250 - INFO - /home/amily/shark-ai/sharktuner/tuning_2025_11_25_01_52/candidates/specs/125_spec.mlir
2025-11-25 01:57:39,250 - INFO - /home/amily/shark-ai/sharktuner/tuning_2025_11_25_01_52/candidates/specs/346_spec.mlir
2025-11-25 01:57:39,251 - INFO - /home/amily/shark-ai/sharktuner/tuning_2025_11_25_01_52/candidates/specs/247_spec.mlir
2025-11-25 01:57:39,251 - INFO - /home/amily/shark-ai/sharktuner/tuning_2025_11_25_01_52/candidates/specs/51_spec.mlir
2025-11-25 01:57:39,251 - INFO - /home/amily/shark-ai/sharktuner/tuning_2025_11_25_01_52/candidates/specs/133_spec.mlir
2025-11-25 01:57:39,251 - INFO - /home/amily/shark-ai/sharktuner/tuning_2025_11_25_01_52/candidates/specs/96_spec.mlir
2025-11-25 01:57:39,251 - INFO - /home/amily/shark-ai/sharktuner/tuning_2025_11_25_01_52/candidates/specs/71_spec.mlir
2025-11-25 01:57:39,251 - INFO - /home/amily/shark-ai/sharktuner/tuning_2025_11_25_01_52/candidates/specs/21_spec.mlir
2025-11-25 01:57:39,251 - INFO - /home/amily/shark-ai/sharktuner/tuning_2025_11_25_01_52/candidates/specs/187_spec.mlir
2025-11-25 01:57:39,251 - INFO - /home/amily/shark-ai/sharktuner/tuning_2025_11_25_01_52/candidates/specs/206_spec.mlir
2025-11-25 01:57:39,251 - INFO - /home/amily/shark-ai/sharktuner/tuning_2025_11_25_01_52/candidates/specs/121_spec.mlir
2025-11-25 01:57:39,251 - INFO - /home/amily/shark-ai/sharktuner/tuning_2025_11_25_01_52/candidates/specs/311_spec.mlir
2025-11-25 01:57:39,252 - INFO - /home/amily/shark-ai/sharktuner/tuning_2025_11_25_01_52/candidates/specs/188_spec.mlir
2025-11-25 01:57:39,252 - INFO - /home/amily/shark-ai/sharktuner/tuning_2025_11_25_01_52/candidates/specs/236_spec.mlir
2025-11-25 01:57:39,252 - INFO - /home/amily/shark-ai/sharktuner/tuning_2025_11_25_01_52/candidates/specs/16_spec.mlir
2025-11-25 01:57:39,252 - INFO - /home/amily/shark-ai/sharktuner/tuning_2025_11_25_01_52/candidates/specs/313_spec.mlir
2025-11-25 01:57:39,252 - INFO - /home/amily/shark-ai/sharktuner/tuning_2025_11_25_01_52/candidates/specs/170_spec.mlir
2025-11-25 01:57:39,252 - INFO - /home/amily/shark-ai/sharktuner/tuning_2025_11_25_01_52/candidates/specs/117_spec.mlir
2025-11-25 01:57:39,252 - INFO - /home/amily/shark-ai/sharktuner/tuning_2025_11_25_01_52/candidates/specs/357_spec.mlir
2025-11-25 01:57:39,252 - INFO - /home/amily/shark-ai/sharktuner/tuning_2025_11_25_01_52/candidates/specs/13_spec.mlir
2025-11-25 01:57:39,252 - INFO - /home/amily/shark-ai/sharktuner/tuning_2025_11_25_01_52/candidates/specs/296_spec.mlir
2025-11-25 01:57:39,253 - INFO - /home/amily/shark-ai/sharktuner/tuning_2025_11_25_01_52/candidates/specs/269_spec.mlir
2025-11-25 01:57:39,253 - INFO - /home/amily/shark-ai/sharktuner/tuning_2025_11_25_01_52/candidates/specs/361_spec.mlir
2025-11-25 01:57:39,253 - INFO - /home/amily/shark-ai/sharktuner/tuning_2025_11_25_01_52/candidates/specs/144_spec.mlir
2025-11-25 01:57:39,253 - INFO - /home/amily/shark-ai/sharktuner/tuning_2025_11_25_01_52/candidates/specs/325_spec.mlir
2025-11-25 01:57:39,253 - INFO - /home/amily/shark-ai/sharktuner/tuning_2025_11_25_01_52/candidates/specs/11_spec.mlir
2025-11-25 01:57:39,253 - INFO - /home/amily/shark-ai/sharktuner/tuning_2025_11_25_01_52/candidates/specs/9_spec.mlir
2025-11-25 01:57:39,253 - INFO - /home/amily/shark-ai/sharktuner/tuning_2025_11_25_01_52/candidates/specs/118_spec.mlir
2025-11-25 01:57:39,253 - INFO - /home/amily/shark-ai/sharktuner/tuning_2025_11_25_01_52/candidates/specs/162_spec.mlir
2025-11-25 01:57:39,253 - INFO - /home/amily/shark-ai/sharktuner/tuning_2025_11_25_01_52/candidates/specs/291_spec.mlir
2025-11-25 01:57:39,254 - INFO - /home/amily/shark-ai/sharktuner/tuning_2025_11_25_01_52/candidates/specs/157_spec.mlir
2025-11-25 01:57:39,254 - INFO - /home/amily/shark-ai/sharktuner/tuning_2025_11_25_01_52/candidates/specs/350_spec.mlir
2025-11-25 01:57:39,254 - INFO - /home/amily/shark-ai/sharktuner/tuning_2025_11_25_01_52/candidates/specs/229_spec.mlir
2025-11-25 01:57:39,254 - INFO - /home/amily/shark-ai/sharktuner/tuning_2025_11_25_01_52/candidates/specs/253_spec.mlir
2025-11-25 01:57:39,254 - INFO - /home/amily/shark-ai/sharktuner/tuning_2025_11_25_01_52/candidates/specs/74_spec.mlir
2025-11-25 01:57:39,254 - INFO - /home/amily/shark-ai/sharktuner/tuning_2025_11_25_01_52/candidates/specs/38_spec.mlir
2025-11-25 01:57:39,254 - INFO - /home/amily/shark-ai/sharktuner/tuning_2025_11_25_01_52/candidates/specs/39_spec.mlir
2025-11-25 01:57:39,254 - INFO - /home/amily/shark-ai/sharktuner/tuning_2025_11_25_01_52/candidates/specs/356_spec.mlir
2025-11-25 01:57:39,254 - INFO - /home/amily/shark-ai/sharktuner/tuning_2025_11_25_01_52/candidates/specs/251_spec.mlir
2025-11-25 01:57:39,255 - INFO - /home/amily/shark-ai/sharktuner/tuning_2025_11_25_01_52/candidates/specs/43_spec.mlir
2025-11-25 01:57:39,255 - INFO - /home/amily/shark-ai/sharktuner/tuning_2025_11_25_01_52/candidates/specs/174_spec.mlir
2025-11-25 01:57:39,255 - INFO - /home/amily/shark-ai/sharktuner/tuning_2025_11_25_01_52/candidates/specs/250_spec.mlir
2025-11-25 01:57:39,255 - INFO - /home/amily/shark-ai/sharktuner/tuning_2025_11_25_01_52/candidates/specs/93_spec.mlir
2025-11-25 01:57:39,255 - INFO - /home/amily/shark-ai/sharktuner/tuning_2025_11_25_01_52/candidates/specs/168_spec.mlir
2025-11-25 01:57:39,255 - INFO - /home/amily/shark-ai/sharktuner/tuning_2025_11_25_01_52/candidates/specs/268_spec.mlir
2025-11-25 01:57:39,255 - INFO - /home/amily/shark-ai/sharktuner/tuning_2025_11_25_01_52/candidates/specs/221_spec.mlir
2025-11-25 01:57:39,255 - INFO - /home/amily/shark-ai/sharktuner/tuning_2025_11_25_01_52/candidates/specs/131_spec.mlir
2025-11-25 01:57:39,255 - INFO - /home/amily/shark-ai/sharktuner/tuning_2025_11_25_01_52/candidates/specs/115_spec.mlir
2025-11-25 01:57:39,256 - INFO - /home/amily/shark-ai/sharktuner/tuning_2025_11_25_01_52/candidates/specs/259_spec.mlir
2025-11-25 01:57:39,256 - INFO - /home/amily/shark-ai/sharktuner/tuning_2025_11_25_01_52/candidates/specs/300_spec.mlir
2025-11-25 01:57:39,256 - INFO - /home/amily/shark-ai/sharktuner/tuning_2025_11_25_01_52/candidates/specs/158_spec.mlir
2025-11-25 01:57:39,256 - INFO - /home/amily/shark-ai/sharktuner/tuning_2025_11_25_01_52/candidates/specs/198_spec.mlir
2025-11-25 01:57:39,256 - INFO - /home/amily/shark-ai/sharktuner/tuning_2025_11_25_01_52/candidates/specs/126_spec.mlir
2025-11-25 01:57:39,256 - INFO - /home/amily/shark-ai/sharktuner/tuning_2025_11_25_01_52/candidates/specs/175_spec.mlir
2025-11-25 01:57:39,256 - INFO - /home/amily/shark-ai/sharktuner/tuning_2025_11_25_01_52/candidates/specs/119_spec.mlir
2025-11-25 01:57:39,256 - INFO - /home/amily/shark-ai/sharktuner/tuning_2025_11_25_01_52/candidates/specs/327_spec.mlir
2025-11-25 01:57:39,256 - INFO - /home/amily/shark-ai/sharktuner/tuning_2025_11_25_01_52/candidates/specs/177_spec.mlir
2025-11-25 01:57:39,257 - INFO - /home/amily/shark-ai/sharktuner/tuning_2025_11_25_01_52/candidates/specs/289_spec.mlir
2025-11-25 01:57:39,257 - INFO - /home/amily/shark-ai/sharktuner/tuning_2025_11_25_01_52/candidates/specs/369_spec.mlir
2025-11-25 01:57:39,257 - INFO - /home/amily/shark-ai/sharktuner/tuning_2025_11_25_01_52/candidates/specs/22_spec.mlir
2025-11-25 01:57:39,257 - INFO - /home/amily/shark-ai/sharktuner/tuning_2025_11_25_01_52/candidates/specs/65_spec.mlir
2025-11-25 01:57:39,257 - INFO - /home/amily/shark-ai/sharktuner/tuning_2025_11_25_01_52/candidates/specs/46_spec.mlir
2025-11-25 01:57:39,257 - INFO - /home/amily/shark-ai/sharktuner/tuning_2025_11_25_01_52/candidates/specs/185_spec.mlir
2025-11-25 01:57:39,257 - INFO - /home/amily/shark-ai/sharktuner/tuning_2025_11_25_01_52/candidates/specs/154_spec.mlir
2025-11-25 01:57:39,257 - INFO - /home/amily/shark-ai/sharktuner/tuning_2025_11_25_01_52/candidates/specs/146_spec.mlir
2025-11-25 01:57:39,257 - INFO - /home/amily/shark-ai/sharktuner/tuning_2025_11_25_01_52/candidates/specs/45_spec.mlir
2025-11-25 01:57:39,258 - INFO - /home/amily/shark-ai/sharktuner/tuning_2025_11_25_01_52/candidates/specs/135_spec.mlir
2025-11-25 01:57:39,258 - INFO - /home/amily/shark-ai/sharktuner/tuning_2025_11_25_01_52/candidates/specs/41_spec.mlir
2025-11-25 01:57:39,258 - INFO - /home/amily/shark-ai/sharktuner/tuning_2025_11_25_01_52/candidates/specs/107_spec.mlir
2025-11-25 01:57:39,258 - INFO - /home/amily/shark-ai/sharktuner/tuning_2025_11_25_01_52/candidates/specs/160_spec.mlir
2025-11-25 01:57:39,258 - INFO - /home/amily/shark-ai/sharktuner/tuning_2025_11_25_01_52/candidates/specs/331_spec.mlir
2025-11-25 01:57:39,258 - INFO - /home/amily/shark-ai/sharktuner/tuning_2025_11_25_01_52/candidates/specs/145_spec.mlir
2025-11-25 01:57:39,258 - INFO - /home/amily/shark-ai/sharktuner/tuning_2025_11_25_01_52/candidates/specs/284_spec.mlir
2025-11-25 01:57:39,258 - INFO - /home/amily/shark-ai/sharktuner/tuning_2025_11_25_01_52/candidates/specs/104_spec.mlir
2025-11-25 01:57:39,258 - INFO - /home/amily/shark-ai/sharktuner/tuning_2025_11_25_01_52/candidates/specs/142_spec.mlir
2025-11-25 01:57:39,259 - INFO - /home/amily/shark-ai/sharktuner/tuning_2025_11_25_01_52/candidates/specs/149_spec.mlir
2025-11-25 01:57:39,259 - INFO - /home/amily/shark-ai/sharktuner/tuning_2025_11_25_01_52/candidates/specs/15_spec.mlir
2025-11-25 01:57:39,259 - INFO - /home/amily/shark-ai/sharktuner/tuning_2025_11_25_01_52/candidates/specs/192_spec.mlir
2025-11-25 01:57:39,259 - INFO - /home/amily/shark-ai/sharktuner/tuning_2025_11_25_01_52/candidates/specs/55_spec.mlir
2025-11-25 01:57:39,259 - INFO - /home/amily/shark-ai/sharktuner/tuning_2025_11_25_01_52/candidates/specs/89_spec.mlir
2025-11-25 01:57:39,259 - INFO - /home/amily/shark-ai/sharktuner/tuning_2025_11_25_01_52/candidates/specs/112_spec.mlir
2025-11-25 01:57:39,259 - INFO - /home/amily/shark-ai/sharktuner/tuning_2025_11_25_01_52/candidates/specs/190_spec.mlir
2025-11-25 01:57:39,259 - INFO - /home/amily/shark-ai/sharktuner/tuning_2025_11_25_01_52/candidates/specs/94_spec.mlir
2025-11-25 01:57:39,259 - INFO - /home/amily/shark-ai/sharktuner/tuning_2025_11_25_01_52/candidates/specs/230_spec.mlir
2025-11-25 01:57:39,260 - INFO - /home/amily/shark-ai/sharktuner/tuning_2025_11_25_01_52/candidates/specs/328_spec.mlir
2025-11-25 01:57:39,260 - INFO - /home/amily/shark-ai/sharktuner/tuning_2025_11_25_01_52/candidates/specs/102_spec.mlir
2025-11-25 01:57:39,260 - INFO - /home/amily/shark-ai/sharktuner/tuning_2025_11_25_01_52/candidates/specs/297_spec.mlir
2025-11-25 01:57:39,260 - INFO - /home/amily/shark-ai/sharktuner/tuning_2025_11_25_01_52/candidates/specs/189_spec.mlir
2025-11-25 01:57:39,260 - INFO - /home/amily/shark-ai/sharktuner/tuning_2025_11_25_01_52/candidates/specs/86_spec.mlir
2025-11-25 01:57:39,260 - INFO - /home/amily/shark-ai/sharktuner/tuning_2025_11_25_01_52/candidates/specs/257_spec.mlir
2025-11-25 01:57:39,260 - INFO - /home/amily/shark-ai/sharktuner/tuning_2025_11_25_01_52/candidates/specs/122_spec.mlir
2025-11-25 01:57:39,260 - INFO - /home/amily/shark-ai/sharktuner/tuning_2025_11_25_01_52/candidates/specs/88_spec.mlir
2025-11-25 01:57:39,260 - INFO - /home/amily/shark-ai/sharktuner/tuning_2025_11_25_01_52/candidates/specs/286_spec.mlir
2025-11-25 01:57:39,261 - INFO - /home/amily/shark-ai/sharktuner/tuning_2025_11_25_01_52/candidates/specs/67_spec.mlir
2025-11-25 01:57:39,261 - INFO - /home/amily/shark-ai/sharktuner/tuning_2025_11_25_01_52/candidates/specs/290_spec.mlir
2025-11-25 01:57:39,261 - INFO - /home/amily/shark-ai/sharktuner/tuning_2025_11_25_01_52/candidates/specs/2_spec.mlir
2025-11-25 01:57:39,261 - INFO - /home/amily/shark-ai/sharktuner/tuning_2025_11_25_01_52/candidates/specs/37_spec.mlir
2025-11-25 01:57:39,261 - INFO - /home/amily/shark-ai/sharktuner/tuning_2025_11_25_01_52/candidates/specs/258_spec.mlir
2025-11-25 01:57:39,261 - INFO - /home/amily/shark-ai/sharktuner/tuning_2025_11_25_01_52/candidates/specs/317_spec.mlir
2025-11-25 01:57:39,261 - INFO - /home/amily/shark-ai/sharktuner/tuning_2025_11_25_01_52/candidates/specs/82_spec.mlir
2025-11-25 01:57:39,261 - INFO - /home/amily/shark-ai/sharktuner/tuning_2025_11_25_01_52/candidates/specs/343_spec.mlir
2025-11-25 01:57:39,261 - INFO - /home/amily/shark-ai/sharktuner/tuning_2025_11_25_01_52/candidates/specs/355_spec.mlir
2025-11-25 01:57:39,261 - INFO - /home/amily/shark-ai/sharktuner/tuning_2025_11_25_01_52/candidates/specs/298_spec.mlir
2025-11-25 01:57:39,262 - INFO - /home/amily/shark-ai/sharktuner/tuning_2025_11_25_01_52/candidates/specs/336_spec.mlir
2025-11-25 01:57:39,262 - INFO - /home/amily/shark-ai/sharktuner/tuning_2025_11_25_01_52/candidates/specs/181_spec.mlir
2025-11-25 01:57:39,262 - INFO - /home/amily/shark-ai/sharktuner/tuning_2025_11_25_01_52/candidates/specs/29_spec.mlir
2025-11-25 01:57:39,262 - INFO - /home/amily/shark-ai/sharktuner/tuning_2025_11_25_01_52/candidates/specs/205_spec.mlir
2025-11-25 01:57:39,262 - INFO - /home/amily/shark-ai/sharktuner/tuning_2025_11_25_01_52/candidates/specs/32_spec.mlir
2025-11-25 01:57:39,262 - INFO - /home/amily/shark-ai/sharktuner/tuning_2025_11_25_01_52/candidates/specs/105_spec.mlir
2025-11-25 01:57:39,262 - INFO - /home/amily/shark-ai/sharktuner/tuning_2025_11_25_01_52/candidates/specs/280_spec.mlir
2025-11-25 01:57:39,262 - INFO - /home/amily/shark-ai/sharktuner/tuning_2025_11_25_01_52/candidates/specs/365_spec.mlir
2025-11-25 01:57:39,262 - INFO - /home/amily/shark-ai/sharktuner/tuning_2025_11_25_01_52/candidates/specs/208_spec.mlir
2025-11-25 01:57:39,263 - INFO - /home/amily/shark-ai/sharktuner/tuning_2025_11_25_01_52/candidates/specs/248_spec.mlir
2025-11-25 01:57:39,263 - INFO - /home/amily/shark-ai/sharktuner/tuning_2025_11_25_01_52/candidates/specs/326_spec.mlir
2025-11-25 01:57:39,263 - INFO - /home/amily/shark-ai/sharktuner/tuning_2025_11_25_01_52/candidates/specs/156_spec.mlir
2025-11-25 01:57:39,263 - INFO - /home/amily/shark-ai/sharktuner/tuning_2025_11_25_01_52/candidates/specs/171_spec.mlir
2025-11-25 01:57:39,263 - INFO - /home/amily/shark-ai/sharktuner/tuning_2025_11_25_01_52/candidates/specs/256_spec.mlir
2025-11-25 01:57:39,263 - INFO - /home/amily/shark-ai/sharktuner/tuning_2025_11_25_01_52/candidates/specs/318_spec.mlir
2025-11-25 01:57:39,263 - INFO - /home/amily/shark-ai/sharktuner/tuning_2025_11_25_01_52/candidates/specs/161_spec.mlir
2025-11-25 01:57:39,263 - INFO - /home/amily/shark-ai/sharktuner/tuning_2025_11_25_01_52/candidates/specs/315_spec.mlir
2025-11-25 01:57:39,263 - INFO - /home/amily/shark-ai/sharktuner/tuning_2025_11_25_01_52/candidates/specs/235_spec.mlir
2025-11-25 01:57:39,264 - INFO - /home/amily/shark-ai/sharktuner/tuning_2025_11_25_01_52/candidates/specs/26_spec.mlir
2025-11-25 01:57:39,264 - INFO - /home/amily/shark-ai/sharktuner/tuning_2025_11_25_01_52/candidates/specs/19_spec.mlir
2025-11-25 01:57:39,264 - INFO - /home/amily/shark-ai/sharktuner/tuning_2025_11_25_01_52/candidates/specs/364_spec.mlir
2025-11-25 01:57:39,264 - INFO - /home/amily/shark-ai/sharktuner/tuning_2025_11_25_01_52/candidates/specs/92_spec.mlir
2025-11-25 01:57:39,264 - INFO - /home/amily/shark-ai/sharktuner/tuning_2025_11_25_01_52/candidates/specs/339_spec.mlir
2025-11-25 01:57:39,264 - INFO - /home/amily/shark-ai/sharktuner/tuning_2025_11_25_01_52/candidates/specs/219_spec.mlir
2025-11-25 01:57:39,264 - INFO - /home/amily/shark-ai/sharktuner/tuning_2025_11_25_01_52/candidates/specs/186_spec.mlir
2025-11-25 01:57:39,264 - INFO - /home/amily/shark-ai/sharktuner/tuning_2025_11_25_01_52/candidates/specs/277_spec.mlir
2025-11-25 01:57:39,264 - INFO - /home/amily/shark-ai/sharktuner/tuning_2025_11_25_01_52/candidates/specs/271_spec.mlir
2025-11-25 01:57:39,265 - INFO - /home/amily/shark-ai/sharktuner/tuning_2025_11_25_01_52/candidates/specs/227_spec.mlir
2025-11-25 01:57:39,265 - INFO - /home/amily/shark-ai/sharktuner/tuning_2025_11_25_01_52/candidates/specs/132_spec.mlir
2025-11-25 01:57:39,265 - INFO - /home/amily/shark-ai/sharktuner/tuning_2025_11_25_01_52/candidates/specs/232_spec.mlir
2025-11-25 01:57:39,265 - INFO - /home/amily/shark-ai/sharktuner/tuning_2025_11_25_01_52/candidates/specs/362_spec.mlir
2025-11-25 01:57:39,265 - INFO - /home/amily/shark-ai/sharktuner/tuning_2025_11_25_01_52/candidates/specs/309_spec.mlir
2025-11-25 01:57:39,265 - INFO - /home/amily/shark-ai/sharktuner/tuning_2025_11_25_01_52/candidates/specs/367_spec.mlir
2025-11-25 01:57:39,265 - INFO - /home/amily/shark-ai/sharktuner/tuning_2025_11_25_01_52/candidates/specs/214_spec.mlir
2025-11-25 01:57:39,265 - INFO - /home/amily/shark-ai/sharktuner/tuning_2025_11_25_01_52/candidates/specs/340_spec.mlir
2025-11-25 01:57:39,265 - INFO - /home/amily/shark-ai/sharktuner/tuning_2025_11_25_01_52/candidates/specs/366_spec.mlir
2025-11-25 01:57:39,266 - INFO - /home/amily/shark-ai/sharktuner/tuning_2025_11_25_01_52/candidates/specs/314_spec.mlir
2025-11-25 01:57:39,266 - INFO - /home/amily/shark-ai/sharktuner/tuning_2025_11_25_01_52/candidates/specs/265_spec.mlir
2025-11-25 01:57:39,266 - INFO - /home/amily/shark-ai/sharktuner/tuning_2025_11_25_01_52/candidates/specs/203_spec.mlir
2025-11-25 01:57:39,266 - INFO - /home/amily/shark-ai/sharktuner/tuning_2025_11_25_01_52/candidates/specs/329_spec.mlir
2025-11-25 01:57:39,266 - INFO - /home/amily/shark-ai/sharktuner/tuning_2025_11_25_01_52/candidates/specs/176_spec.mlir
2025-11-25 01:57:39,266 - INFO - /home/amily/shark-ai/sharktuner/tuning_2025_11_25_01_52/candidates/specs/275_spec.mlir
2025-11-25 01:57:39,266 - INFO - /home/amily/shark-ai/sharktuner/tuning_2025_11_25_01_52/candidates/specs/220_spec.mlir
2025-11-25 01:57:39,266 - INFO - /home/amily/shark-ai/sharktuner/tuning_2025_11_25_01_52/candidates/specs/116_spec.mlir
2025-11-25 01:57:39,266 - INFO - /home/amily/shark-ai/sharktuner/tuning_2025_11_25_01_52/candidates/specs/231_spec.mlir
2025-11-25 01:57:39,266 - INFO - /home/amily/shark-ai/sharktuner/tuning_2025_11_25_01_52/candidates/specs/349_spec.mlir
2025-11-25 01:57:39,267 - INFO - /home/amily/shark-ai/sharktuner/tuning_2025_11_25_01_52/candidates/specs/341_spec.mlir
2025-11-25 01:57:39,267 - INFO - /home/amily/shark-ai/sharktuner/tuning_2025_11_25_01_52/candidates/specs/10_spec.mlir
2025-11-25 01:57:39,267 - INFO - /home/amily/shark-ai/sharktuner/tuning_2025_11_25_01_52/candidates/specs/213_spec.mlir
2025-11-25 01:57:39,267 - INFO - /home/amily/shark-ai/sharktuner/tuning_2025_11_25_01_52/candidates/specs/91_spec.mlir
2025-11-25 01:57:39,267 - INFO - /home/amily/shark-ai/sharktuner/tuning_2025_11_25_01_52/candidates/specs/330_spec.mlir
2025-11-25 01:57:39,267 - INFO - /home/amily/shark-ai/sharktuner/tuning_2025_11_25_01_52/candidates/specs/106_spec.mlir
2025-11-25 01:57:39,267 - INFO - /home/amily/shark-ai/sharktuner/tuning_2025_11_25_01_52/candidates/specs/211_spec.mlir
2025-11-25 01:57:39,267 - INFO - /home/amily/shark-ai/sharktuner/tuning_2025_11_25_01_52/candidates/specs/184_spec.mlir
2025-11-25 01:57:39,267 - INFO - /home/amily/shark-ai/sharktuner/tuning_2025_11_25_01_52/candidates/specs/49_spec.mlir
2025-11-25 01:57:39,267 - INFO - /home/amily/shark-ai/sharktuner/tuning_2025_11_25_01_52/candidates/specs/245_spec.mlir
2025-11-25 01:57:39,267 - INFO - /home/amily/shark-ai/sharktuner/tuning_2025_11_25_01_52/candidates/specs/321_spec.mlir
2025-11-25 01:57:39,267 - INFO - /home/amily/shark-ai/sharktuner/tuning_2025_11_25_01_52/candidates/specs/216_spec.mlir
2025-11-25 01:57:39,268 - INFO - /home/amily/shark-ai/sharktuner/tuning_2025_11_25_01_52/candidates/specs/207_spec.mlir
2025-11-25 01:57:39,268 - INFO - /home/amily/shark-ai/sharktuner/tuning_2025_11_25_01_52/candidates/specs/307_spec.mlir
2025-11-25 01:57:39,268 - INFO - /home/amily/shark-ai/sharktuner/tuning_2025_11_25_01_52/candidates/specs/99_spec.mlir
2025-11-25 01:57:39,268 - INFO - /home/amily/shark-ai/sharktuner/tuning_2025_11_25_01_52/candidates/specs/191_spec.mlir
2025-11-25 01:57:39,268 - INFO - /home/amily/shark-ai/sharktuner/tuning_2025_11_25_01_52/candidates/specs/148_spec.mlir
2025-11-25 01:57:39,268 - INFO - /home/amily/shark-ai/sharktuner/tuning_2025_11_25_01_52/candidates/specs/320_spec.mlir
2025-11-25 01:57:39,268 - INFO - /home/amily/shark-ai/sharktuner/tuning_2025_11_25_01_52/candidates/specs/210_spec.mlir
2025-11-25 01:57:39,268 - INFO - /home/amily/shark-ai/sharktuner/tuning_2025_11_25_01_52/candidates/specs/155_spec.mlir
2025-11-25 01:57:39,268 - INFO - /home/amily/shark-ai/sharktuner/tuning_2025_11_25_01_52/candidates/specs/111_spec.mlir
2025-11-25 01:57:39,268 - INFO - /home/amily/shark-ai/sharktuner/tuning_2025_11_25_01_52/candidates/specs/98_spec.mlir
2025-11-25 01:57:39,268 - INFO - /home/amily/shark-ai/sharktuner/tuning_2025_11_25_01_52/candidates/specs/282_spec.mlir
2025-11-25 01:57:39,268 - INFO - /home/amily/shark-ai/sharktuner/tuning_2025_11_25_01_52/candidates/specs/52_spec.mlir
2025-11-25 01:57:39,268 - INFO - /home/amily/shark-ai/sharktuner/tuning_2025_11_25_01_52/candidates/specs/351_spec.mlir
2025-11-25 01:57:39,269 - INFO - /home/amily/shark-ai/sharktuner/tuning_2025_11_25_01_52/candidates/specs/252_spec.mlir
2025-11-25 01:57:39,269 - INFO - /home/amily/shark-ai/sharktuner/tuning_2025_11_25_01_52/candidates/specs/114_spec.mlir
2025-11-25 01:57:39,269 - INFO - /home/amily/shark-ai/sharktuner/tuning_2025_11_25_01_52/candidates/specs/273_spec.mlir
2025-11-25 01:57:39,269 - INFO - /home/amily/shark-ai/sharktuner/tuning_2025_11_25_01_52/candidates/specs/270_spec.mlir
2025-11-25 01:57:39,269 - INFO - /home/amily/shark-ai/sharktuner/tuning_2025_11_25_01_52/candidates/specs/372_spec.mlir
2025-11-25 01:57:39,269 - INFO - /home/amily/shark-ai/sharktuner/tuning_2025_11_25_01_52/candidates/specs/36_spec.mlir
2025-11-25 01:57:39,269 - INFO - /home/amily/shark-ai/sharktuner/tuning_2025_11_25_01_52/candidates/specs/335_spec.mlir
2025-11-25 01:57:39,269 - INFO - /home/amily/shark-ai/sharktuner/tuning_2025_11_25_01_52/candidates/specs/59_spec.mlir
2025-11-25 01:57:39,269 - INFO - /home/amily/shark-ai/sharktuner/tuning_2025_11_25_01_52/candidates/specs/244_spec.mlir
2025-11-25 01:57:39,269 - INFO - /home/amily/shark-ai/sharktuner/tuning_2025_11_25_01_52/candidates/specs/127_spec.mlir
2025-11-25 01:57:39,269 - INFO - /home/amily/shark-ai/sharktuner/tuning_2025_11_25_01_52/candidates/specs/272_spec.mlir
2025-11-25 01:57:39,269 - INFO - /home/amily/shark-ai/sharktuner/tuning_2025_11_25_01_52/candidates/specs/254_spec.mlir
2025-11-25 01:57:39,269 - INFO - /home/amily/shark-ai/sharktuner/tuning_2025_11_25_01_52/candidates/specs/310_spec.mlir
2025-11-25 01:57:39,270 - INFO - /home/amily/shark-ai/sharktuner/tuning_2025_11_25_01_52/candidates/specs/342_spec.mlir
2025-11-25 01:57:39,270 - INFO - /home/amily/shark-ai/sharktuner/tuning_2025_11_25_01_52/candidates/specs/23_spec.mlir
2025-11-25 01:57:39,270 - INFO - /home/amily/shark-ai/sharktuner/tuning_2025_11_25_01_52/candidates/specs/218_spec.mlir
2025-11-25 01:57:39,270 - INFO - /home/amily/shark-ai/sharktuner/tuning_2025_11_25_01_52/candidates/specs/85_spec.mlir
2025-11-25 01:57:39,270 - INFO - /home/amily/shark-ai/sharktuner/tuning_2025_11_25_01_52/candidates/specs/180_spec.mlir
2025-11-25 01:57:39,270 - INFO - /home/amily/shark-ai/sharktuner/tuning_2025_11_25_01_52/candidates/specs/83_spec.mlir
2025-11-25 01:57:39,270 - INFO - /home/amily/shark-ai/sharktuner/tuning_2025_11_25_01_52/candidates/specs/179_spec.mlir
2025-11-25 01:57:39,270 - INFO - /home/amily/shark-ai/sharktuner/tuning_2025_11_25_01_52/candidates/specs/44_spec.mlir
2025-11-25 01:57:39,270 - INFO - /home/amily/shark-ai/sharktuner/tuning_2025_11_25_01_52/candidates/specs/255_spec.mlir
2025-11-25 01:57:39,270 - INFO - /home/amily/shark-ai/sharktuner/tuning_2025_11_25_01_52/candidates/specs/306_spec.mlir
2025-11-25 01:57:39,270 - INFO - /home/amily/shark-ai/sharktuner/tuning_2025_11_25_01_52/candidates/specs/69_spec.mlir
2025-11-25 01:57:39,270 - INFO - /home/amily/shark-ai/sharktuner/tuning_2025_11_25_01_52/candidates/specs/152_spec.mlir
2025-11-25 01:57:39,270 - INFO - /home/amily/shark-ai/sharktuner/tuning_2025_11_25_01_52/candidates/specs/304_spec.mlir
2025-11-25 01:57:39,271 - INFO - /home/amily/shark-ai/sharktuner/tuning_2025_11_25_01_52/candidates/specs/58_spec.mlir
2025-11-25 01:57:39,271 - INFO - /home/amily/shark-ai/sharktuner/tuning_2025_11_25_01_52/candidates/specs/241_spec.mlir
2025-11-25 01:57:39,271 - INFO - /home/amily/shark-ai/sharktuner/tuning_2025_11_25_01_52/candidates/specs/266_spec.mlir
2025-11-25 01:57:39,271 - INFO - /home/amily/shark-ai/sharktuner/tuning_2025_11_25_01_52/candidates/specs/128_spec.mlir
2025-11-25 01:57:39,271 - INFO - /home/amily/shark-ai/sharktuner/tuning_2025_11_25_01_52/candidates/specs/134_spec.mlir
2025-11-25 01:57:39,271 - INFO - /home/amily/shark-ai/sharktuner/tuning_2025_11_25_01_52/candidates/specs/368_spec.mlir
2025-11-25 01:57:39,271 - INFO - /home/amily/shark-ai/sharktuner/tuning_2025_11_25_01_52/candidates/specs/68_spec.mlir
2025-11-25 01:57:39,271 - INFO - /home/amily/shark-ai/sharktuner/tuning_2025_11_25_01_52/candidates/specs/178_spec.mlir
2025-11-25 01:57:39,271 - INFO - /home/amily/shark-ai/sharktuner/tuning_2025_11_25_01_52/candidates/specs/172_spec.mlir
2025-11-25 01:57:39,271 - INFO - /home/amily/shark-ai/sharktuner/tuning_2025_11_25_01_52/candidates/specs/54_spec.mlir
2025-11-25 01:57:39,271 - INFO - /home/amily/shark-ai/sharktuner/tuning_2025_11_25_01_52/candidates/specs/308_spec.mlir
2025-11-25 01:57:39,271 - INFO - /home/amily/shark-ai/sharktuner/tuning_2025_11_25_01_52/candidates/specs/48_spec.mlir
2025-11-25 01:57:39,271 - INFO - /home/amily/shark-ai/sharktuner/tuning_2025_11_25_01_52/candidates/specs/305_spec.mlir
2025-11-25 01:57:39,272 - INFO - /home/amily/shark-ai/sharktuner/tuning_2025_11_25_01_52/candidates/specs/370_spec.mlir
2025-11-25 01:57:39,272 - INFO - /home/amily/shark-ai/sharktuner/tuning_2025_11_25_01_52/candidates/specs/285_spec.mlir
2025-11-25 01:57:39,272 - INFO - /home/amily/shark-ai/sharktuner/tuning_2025_11_25_01_52/candidates/specs/137_spec.mlir
2025-11-25 01:57:39,272 - INFO - /home/amily/shark-ai/sharktuner/tuning_2025_11_25_01_52/candidates/specs/348_spec.mlir
2025-11-25 01:57:39,272 - INFO - /home/amily/shark-ai/sharktuner/tuning_2025_11_25_01_52/candidates/specs/130_spec.mlir
2025-11-25 01:57:39,272 - INFO - /home/amily/shark-ai/sharktuner/tuning_2025_11_25_01_52/candidates/specs/63_spec.mlir
2025-11-25 01:57:39,272 - INFO - /home/amily/shark-ai/sharktuner/tuning_2025_11_25_01_52/candidates/specs/312_spec.mlir
2025-11-25 01:57:39,272 - INFO - /home/amily/shark-ai/sharktuner/tuning_2025_11_25_01_52/candidates/specs/233_spec.mlir
2025-11-25 01:57:39,272 - INFO - /home/amily/shark-ai/sharktuner/tuning_2025_11_25_01_52/candidates/specs/279_spec.mlir
2025-11-25 01:57:39,272 - INFO - /home/amily/shark-ai/sharktuner/tuning_2025_11_25_01_52/candidates/specs/249_spec.mlir
2025-11-25 01:57:39,272 - INFO - /home/amily/shark-ai/sharktuner/tuning_2025_11_25_01_52/candidates/specs/24_spec.mlir
2025-11-25 01:57:39,272 - INFO - /home/amily/shark-ai/sharktuner/tuning_2025_11_25_01_52/candidates/specs/141_spec.mlir
2025-11-25 01:57:39,272 - INFO - /home/amily/shark-ai/sharktuner/tuning_2025_11_25_01_52/candidates/specs/163_spec.mlir
2025-11-25 01:57:39,273 - INFO - /home/amily/shark-ai/sharktuner/tuning_2025_11_25_01_52/candidates/specs/344_spec.mlir
2025-11-25 01:57:39,273 - INFO - /home/amily/shark-ai/sharktuner/tuning_2025_11_25_01_52/candidates/specs/173_spec.mlir
2025-11-25 01:57:39,273 - INFO - /home/amily/shark-ai/sharktuner/tuning_2025_11_25_01_52/candidates/specs/103_spec.mlir
2025-11-25 01:57:39,273 - INFO - /home/amily/shark-ai/sharktuner/tuning_2025_11_25_01_52/candidates/specs/77_spec.mlir
2025-11-25 01:57:39,273 - INFO - /home/amily/shark-ai/sharktuner/tuning_2025_11_25_01_52/candidates/specs/4_spec.mlir
2025-11-25 01:57:39,273 - INFO - /home/amily/shark-ai/sharktuner/tuning_2025_11_25_01_52/candidates/specs/260_spec.mlir
2025-11-25 01:57:39,273 - INFO - /home/amily/shark-ai/sharktuner/tuning_2025_11_25_01_52/candidates/specs/140_spec.mlir
2025-11-25 01:57:39,273 - INFO - /home/amily/shark-ai/sharktuner/tuning_2025_11_25_01_52/candidates/specs/169_spec.mlir
2025-11-25 01:57:39,273 - INFO - /home/amily/shark-ai/sharktuner/tuning_2025_11_25_01_52/candidates/specs/267_spec.mlir
2025-11-25 01:57:39,273 - INFO - /home/amily/shark-ai/sharktuner/tuning_2025_11_25_01_52/candidates/specs/228_spec.mlir
2025-11-25 01:57:39,273 - INFO - /home/amily/shark-ai/sharktuner/tuning_2025_11_25_01_52/candidates/specs/283_spec.mlir
2025-11-25 01:57:39,273 - INFO - /home/amily/shark-ai/sharktuner/tuning_2025_11_25_01_52/candidates/specs/151_spec.mlir
2025-11-25 01:57:39,273 - INFO - /home/amily/shark-ai/sharktuner/tuning_2025_11_25_01_52/candidates/specs/34_spec.mlir
2025-11-25 01:57:39,274 - INFO - /home/amily/shark-ai/sharktuner/tuning_2025_11_25_01_52/candidates/specs/61_spec.mlir
2025-11-25 01:57:39,274 - INFO - /home/amily/shark-ai/sharktuner/tuning_2025_11_25_01_52/candidates/specs/136_spec.mlir
2025-11-25 01:57:39,274 - INFO - /home/amily/shark-ai/sharktuner/tuning_2025_11_25_01_52/candidates/specs/209_spec.mlir
2025-11-25 01:57:39,274 - INFO - /home/amily/shark-ai/sharktuner/tuning_2025_11_25_01_52/candidates/specs/303_spec.mlir
2025-11-25 01:57:39,274 - INFO - /home/amily/shark-ai/sharktuner/tuning_2025_11_25_01_52/candidates/specs/62_spec.mlir
2025-11-25 01:57:39,274 - INFO - /home/amily/shark-ai/sharktuner/tuning_2025_11_25_01_52/candidates/specs/347_spec.mlir
2025-11-25 01:57:39,274 - INFO - /home/amily/shark-ai/sharktuner/tuning_2025_11_25_01_52/candidates/specs/225_spec.mlir
2025-11-25 01:57:39,274 - INFO - /home/amily/shark-ai/sharktuner/tuning_2025_11_25_01_52/candidates/specs/292_spec.mlir
2025-11-25 01:57:39,274 - INFO - /home/amily/shark-ai/sharktuner/tuning_2025_11_25_01_52/candidates/specs/31_spec.mlir
2025-11-25 01:57:39,274 - INFO - /home/amily/shark-ai/sharktuner/tuning_2025_11_25_01_52/candidates/specs/5_spec.mlir
2025-11-25 01:57:39,274 - INFO - /home/amily/shark-ai/sharktuner/tuning_2025_11_25_01_52/candidates/specs/199_spec.mlir
2025-11-25 01:57:39,274 - INFO - /home/amily/shark-ai/sharktuner/tuning_2025_11_25_01_52/candidates/specs/332_spec.mlir
2025-11-25 01:57:39,274 - INFO - /home/amily/shark-ai/sharktuner/tuning_2025_11_25_01_52/candidates/specs/338_spec.mlir
2025-11-25 01:57:39,275 - INFO - /home/amily/shark-ai/sharktuner/tuning_2025_11_25_01_52/candidates/specs/1_spec.mlir
2025-11-25 01:57:39,275 - INFO - /home/amily/shark-ai/sharktuner/tuning_2025_11_25_01_52/candidates/specs/200_spec.mlir
2025-11-25 01:57:39,275 - INFO - /home/amily/shark-ai/sharktuner/tuning_2025_11_25_01_52/candidates/specs/238_spec.mlir
2025-11-25 01:57:39,275 - INFO - /home/amily/shark-ai/sharktuner/tuning_2025_11_25_01_52/candidates/specs/246_spec.mlir
2025-11-25 01:57:39,275 - INFO - /home/amily/shark-ai/sharktuner/tuning_2025_11_25_01_52/candidates/specs/3_spec.mlir
2025-11-25 01:57:39,275 - INFO - /home/amily/shark-ai/sharktuner/tuning_2025_11_25_01_52/candidates/specs/358_spec.mlir
2025-11-25 01:57:39,275 - INFO - /home/amily/shark-ai/sharktuner/tuning_2025_11_25_01_52/candidates/specs/25_spec.mlir
2025-11-25 01:57:39,275 - INFO - /home/amily/shark-ai/sharktuner/tuning_2025_11_25_01_52/candidates/specs/243_spec.mlir
2025-11-25 01:57:39,275 - INFO - /home/amily/shark-ai/sharktuner/tuning_2025_11_25_01_52/candidates/specs/237_spec.mlir
2025-11-25 01:57:39,275 - INFO - /home/amily/shark-ai/sharktuner/tuning_2025_11_25_01_52/candidates/specs/7_spec.mlir
2025-11-25 01:57:39,275 - INFO - /home/amily/shark-ai/sharktuner/tuning_2025_11_25_01_52/candidates/specs/223_spec.mlir
2025-11-25 01:57:39,275 - INFO - /home/amily/shark-ai/sharktuner/tuning_2025_11_25_01_52/candidates/specs/217_spec.mlir
2025-11-25 01:57:39,275 - INFO - /home/amily/shark-ai/sharktuner/tuning_2025_11_25_01_52/candidates/specs/234_spec.mlir
2025-11-25 01:57:39,276 - INFO - /home/amily/shark-ai/sharktuner/tuning_2025_11_25_01_52/candidates/specs/165_spec.mlir
2025-11-25 01:57:39,276 - INFO - /home/amily/shark-ai/sharktuner/tuning_2025_11_25_01_52/candidates/specs/53_spec.mlir
2025-11-25 01:57:39,276 - INFO - /home/amily/shark-ai/sharktuner/tuning_2025_11_25_01_52/candidates/specs/167_spec.mlir
2025-11-25 01:57:39,276 - INFO - /home/amily/shark-ai/sharktuner/tuning_2025_11_25_01_52/candidates/specs/274_spec.mlir
2025-11-25 01:57:39,276 - INFO - /home/amily/shark-ai/sharktuner/tuning_2025_11_25_01_52/candidates/specs/153_spec.mlir
2025-11-25 01:57:39,276 - INFO - /home/amily/shark-ai/sharktuner/tuning_2025_11_25_01_52/candidates/specs/33_spec.mlir
2025-11-25 01:57:39,276 - INFO - /home/amily/shark-ai/sharktuner/tuning_2025_11_25_01_52/candidates/specs/72_spec.mlir
2025-11-25 01:57:39,276 - INFO - /home/amily/shark-ai/sharktuner/tuning_2025_11_25_01_52/candidates/specs/124_spec.mlir
2025-11-25 01:57:39,276 - INFO - /home/amily/shark-ai/sharktuner/tuning_2025_11_25_01_52/candidates/specs/42_spec.mlir
2025-11-25 01:57:39,276 - INFO - /home/amily/shark-ai/sharktuner/tuning_2025_11_25_01_52/candidates/specs/40_spec.mlir
2025-11-25 01:57:39,276 - INFO - /home/amily/shark-ai/sharktuner/tuning_2025_11_25_01_52/candidates/specs/50_spec.mlir
2025-11-25 01:57:39,276 - INFO - /home/amily/shark-ai/sharktuner/tuning_2025_11_25_01_52/candidates/specs/80_spec.mlir
2025-11-25 01:57:39,276 - INFO - /home/amily/shark-ai/sharktuner/tuning_2025_11_25_01_52/candidates/specs/334_spec.mlir
2025-11-25 01:57:39,277 - INFO - /home/amily/shark-ai/sharktuner/tuning_2025_11_25_01_52/candidates/specs/239_spec.mlir
2025-11-25 01:57:39,277 - INFO - /home/amily/shark-ai/sharktuner/tuning_2025_11_25_01_52/candidates/specs/337_spec.mlir
2025-11-25 01:57:39,277 - INFO - /home/amily/shark-ai/sharktuner/tuning_2025_11_25_01_52/candidates/specs/30_spec.mlir
2025-11-25 01:57:39,277 - INFO - /home/amily/shark-ai/sharktuner/tuning_2025_11_25_01_52/candidates/specs/17_spec.mlir
2025-11-25 01:57:39,277 - INFO - /home/amily/shark-ai/sharktuner/tuning_2025_11_25_01_52/candidates/specs/164_spec.mlir
2025-11-25 01:57:39,277 - INFO - /home/amily/shark-ai/sharktuner/tuning_2025_11_25_01_52/candidates/specs/193_spec.mlir
2025-11-25 01:57:39,277 - INFO - /home/amily/shark-ai/sharktuner/tuning_2025_11_25_01_52/candidates/specs/204_spec.mlir
2025-11-25 01:57:39,277 - INFO - /home/amily/shark-ai/sharktuner/tuning_2025_11_25_01_52/candidates/specs/197_spec.mlir
2025-11-25 01:57:39,277 - INFO - /home/amily/shark-ai/sharktuner/tuning_2025_11_25_01_52/candidates/specs/294_spec.mlir
2025-11-25 01:57:39,277 - INFO - /home/amily/shark-ai/sharktuner/tuning_2025_11_25_01_52/candidates/specs/222_spec.mlir
2025-11-25 01:57:39,277 - INFO - /home/amily/shark-ai/sharktuner/tuning_2025_11_25_01_52/candidates/specs/183_spec.mlir
2025-11-25 01:57:39,277 - INFO - /home/amily/shark-ai/sharktuner/tuning_2025_11_25_01_52/candidates/specs/316_spec.mlir
2025-11-25 01:57:39,277 - INFO - /home/amily/shark-ai/sharktuner/tuning_2025_11_25_01_52/candidates/specs/14_spec.mlir
2025-11-25 01:57:39,277 - INFO - /home/amily/shark-ai/sharktuner/tuning_2025_11_25_01_52/candidates/specs/262_spec.mlir
2025-11-25 01:57:39,278 - INFO - /home/amily/shark-ai/sharktuner/tuning_2025_11_25_01_52/candidates/specs/201_spec.mlir
2025-11-25 01:57:39,278 - INFO - /home/amily/shark-ai/sharktuner/tuning_2025_11_25_01_52/candidates/specs/215_spec.mlir
2025-11-25 01:57:39,278 - INFO - /home/amily/shark-ai/sharktuner/tuning_2025_11_25_01_52/candidates/specs/194_spec.mlir
2025-11-25 01:57:39,278 - INFO - /home/amily/shark-ai/sharktuner/tuning_2025_11_25_01_52/candidates/specs/56_spec.mlir
2025-11-25 01:57:39,278 - INFO - /home/amily/shark-ai/sharktuner/tuning_2025_11_25_01_52/candidates/specs/113_spec.mlir
2025-11-25 01:57:39,278 - INFO - /home/amily/shark-ai/sharktuner/tuning_2025_11_25_01_52/candidates/specs/240_spec.mlir
2025-11-25 01:57:39,278 - INFO - /home/amily/shark-ai/sharktuner/tuning_2025_11_25_01_52/candidates/specs/242_spec.mlir
2025-11-25 01:57:39,278 - INFO - /home/amily/shark-ai/sharktuner/tuning_2025_11_25_01_52/candidates/specs/354_spec.mlir
2025-11-25 01:57:39,278 - INFO - /home/amily/shark-ai/sharktuner/tuning_2025_11_25_01_52/candidates/specs/360_spec.mlir
2025-11-25 01:57:39,278 - INFO - /home/amily/shark-ai/sharktuner/tuning_2025_11_25_01_52/candidates/specs/299_spec.mlir
2025-11-25 01:57:39,278 - INFO - /home/amily/shark-ai/sharktuner/tuning_2025_11_25_01_52/candidates/specs/28_spec.mlir
2025-11-25 01:57:39,278 - INFO - /home/amily/shark-ai/sharktuner/tuning_2025_11_25_01_52/candidates/specs/166_spec.mlir
2025-11-25 01:57:39,278 - INFO - /home/amily/shark-ai/sharktuner/tuning_2025_11_25_01_52/candidates/specs/100_spec.mlir
2025-11-25 01:57:39,279 - INFO - /home/amily/shark-ai/sharktuner/tuning_2025_11_25_01_52/candidates/specs/150_spec.mlir
2025-11-25 01:57:39,279 - INFO - /home/amily/shark-ai/sharktuner/tuning_2025_11_25_01_52/candidates/specs/226_spec.mlir
2025-11-25 01:57:39,279 - INFO - /home/amily/shark-ai/sharktuner/tuning_2025_11_25_01_52/candidates/specs/138_spec.mlir
2025-11-25 01:57:39,279 - INFO - /home/amily/shark-ai/sharktuner/tuning_2025_11_25_01_52/candidates/specs/143_spec.mlir
2025-11-25 01:57:39,279 - INFO - /home/amily/shark-ai/sharktuner/tuning_2025_11_25_01_52/candidates/specs/159_spec.mlir
2025-11-25 01:57:39,279 - INFO - /home/amily/shark-ai/sharktuner/tuning_2025_11_25_01_52/candidates/specs/60_spec.mlir
2025-11-25 01:57:39,279 - INFO - /home/amily/shark-ai/sharktuner/tuning_2025_11_25_01_52/candidates/specs/81_spec.mlir
2025-11-25 01:57:39,279 - INFO - /home/amily/shark-ai/sharktuner/tuning_2025_11_25_01_52/candidates/specs/78_spec.mlir
2025-11-25 01:57:39,279 - INFO - /home/amily/shark-ai/sharktuner/tuning_2025_11_25_01_52/candidates/specs/333_spec.mlir
2025-11-25 01:57:39,279 - INFO - /home/amily/shark-ai/sharktuner/tuning_2025_11_25_01_52/candidates/specs/84_spec.mlir
2025-11-25 01:57:39,279 - INFO - /home/amily/shark-ai/sharktuner/tuning_2025_11_25_01_52/candidates/specs/264_spec.mlir
2025-11-25 01:57:39,279 - INFO - /home/amily/shark-ai/sharktuner/tuning_2025_11_25_01_52/candidates/specs/64_spec.mlir
2025-11-25 01:57:39,279 - INFO - /home/amily/shark-ai/sharktuner/tuning_2025_11_25_01_52/candidates/specs/123_spec.mlir
2025-11-25 01:57:39,280 - INFO - /home/amily/shark-ai/sharktuner/tuning_2025_11_25_01_52/candidates/specs/196_spec.mlir
2025-11-25 01:57:39,280 - INFO - /home/amily/shark-ai/sharktuner/tuning_2025_11_25_01_52/candidates/specs/288_spec.mlir
2025-11-25 01:57:39,280 - INFO - /home/amily/shark-ai/sharktuner/tuning_2025_11_25_01_52/candidates/specs/101_spec.mlir
2025-11-25 01:57:39,280 - INFO - /home/amily/shark-ai/sharktuner/tuning_2025_11_25_01_52/candidates/specs/263_spec.mlir
2025-11-25 01:57:39,280 - INFO - /home/amily/shark-ai/sharktuner/tuning_2025_11_25_01_52/candidates/specs/301_spec.mlir
2025-11-25 01:57:39,280 - INFO - /home/amily/shark-ai/sharktuner/tuning_2025_11_25_01_52/candidates/specs/76_spec.mlir
2025-11-25 01:57:39,280 - INFO - /home/amily/shark-ai/sharktuner/tuning_2025_11_25_01_52/candidates/specs/66_spec.mlir
2025-11-25 01:57:39,280 - INFO - /home/amily/shark-ai/sharktuner/tuning_2025_11_25_01_52/candidates/specs/359_spec.mlir
2025-11-25 01:57:39,280 - INFO - /home/amily/shark-ai/sharktuner/tuning_2025_11_25_01_52/candidates/specs/323_spec.mlir
2025-11-25 01:57:39,280 - INFO - /home/amily/shark-ai/sharktuner/tuning_2025_11_25_01_52/candidates/specs/182_spec.mlir
2025-11-25 01:57:39,280 - INFO - /home/amily/shark-ai/sharktuner/tuning_2025_11_25_01_52/candidates/specs/75_spec.mlir
2025-11-25 01:57:39,280 - INFO - /home/amily/shark-ai/sharktuner/tuning_2025_11_25_01_52/candidates/specs/322_spec.mlir
2025-11-25 01:57:39,280 - INFO - /home/amily/shark-ai/sharktuner/tuning_2025_11_25_01_52/candidates/specs/353_spec.mlir
2025-11-25 01:57:39,281 - INFO - /home/amily/shark-ai/sharktuner/tuning_2025_11_25_01_52/candidates/specs/281_spec.mlir
2025-11-25 01:57:39,281 - INFO - /home/amily/shark-ai/sharktuner/tuning_2025_11_25_01_52/candidates/specs/212_spec.mlir
