2025-11-24 21:58:59,720 - INFO - Benchmarking compiled dispatch candidates...
2025-11-24 21:59:14,078 - INFO - Smart candidate benchmark timeout is set to 4.69s
2025-11-24 22:01:34,954 - WARNING - Performance regressions detected for the following devices: hip://5, hip://6.
2025-11-24 22:01:34,955 - INFO - Candidate 46 time: 34.00 us (63.0% of baseline)
2025-11-24 22:01:34,956 - INFO - Candidate 8 time: 37.00 us (68.5% of baseline)
2025-11-24 22:01:34,956 - INFO - Candidate 85 time: 37.00 us (68.5% of baseline)
2025-11-24 22:01:34,956 - INFO - Candidate 25 time: 35.00 us (70.0% of baseline)
2025-11-24 22:01:34,956 - INFO - Candidate 15 time: 35.00 us (73.9% of baseline)
2025-11-24 22:01:34,956 - INFO - Candidate 90 time: 35.67 us (75.4% of baseline)
2025-11-24 22:01:34,956 - INFO - Candidate 73 time: 38.00 us (76.0% of baseline)
2025-11-24 22:01:34,956 - INFO - Candidate 41 time: 38.33 us (76.7% of baseline)
2025-11-24 22:01:34,956 - INFO - Candidate 96 time: 38.33 us (76.7% of baseline)
2025-11-24 22:01:34,956 - INFO - Candidate 74 time: 36.33 us (76.8% of baseline)
2025-11-24 22:01:34,956 - INFO - Candidate 144 time: 41.67 us (77.2% of baseline)
2025-11-24 22:01:34,956 - INFO - Candidate 77 time: 38.67 us (77.3% of baseline)
2025-11-24 22:01:34,956 - INFO - Candidate 53 time: 39.00 us (78.0% of baseline)
2025-11-24 22:01:34,956 - INFO - Candidate 42 time: 42.33 us (78.4% of baseline)
2025-11-24 22:01:34,956 - INFO - Candidate 12 time: 42.67 us (79.0% of baseline)
2025-11-24 22:01:34,956 - INFO - Candidate 31 time: 35.00 us (79.5% of baseline)
2025-11-24 22:01:34,956 - INFO - Candidate 4 time: 40.67 us (81.3% of baseline)
2025-11-24 22:01:34,956 - INFO - Candidate 7 time: 40.67 us (81.3% of baseline)
2025-11-24 22:01:34,957 - INFO - Candidate 21 time: 44.33 us (82.1% of baseline)
2025-11-24 22:01:34,957 - INFO - Candidate 24 time: 40.33 us (85.2% of baseline)
2025-11-24 22:01:34,957 - INFO - Candidate 149 time: 46.33 us (85.8% of baseline)
2025-11-24 22:01:34,957 - INFO - Candidate 1 time: 40.67 us (85.9% of baseline)
2025-11-24 22:01:34,957 - INFO - Candidate 2 time: 38.00 us (86.4% of baseline)
2025-11-24 22:01:34,957 - INFO - Candidate 75 time: 46.67 us (86.4% of baseline)
2025-11-24 22:01:34,957 - INFO - Candidate 49 time: 43.33 us (86.7% of baseline)
2025-11-24 22:01:34,957 - INFO - Candidate 112 time: 47.00 us (87.0% of baseline)
2025-11-24 22:01:34,957 - INFO - Candidate 39 time: 38.67 us (87.9% of baseline)
2025-11-24 22:01:34,957 - INFO - Candidate 58 time: 41.67 us (88.0% of baseline)
2025-11-24 22:01:34,957 - INFO - Candidate 120 time: 48.00 us (88.9% of baseline)
2025-11-24 22:01:34,957 - INFO - Candidate 83 time: 44.67 us (89.3% of baseline)
2025-11-24 22:01:34,957 - INFO - Candidate 5 time: 42.33 us (89.4% of baseline)
2025-11-24 22:01:34,957 - INFO - Candidate 69 time: 42.33 us (89.4% of baseline)
2025-11-24 22:01:34,957 - INFO - Candidate 147 time: 42.33 us (89.4% of baseline)
2025-11-24 22:01:34,957 - INFO - Candidate 22 time: 45.33 us (90.7% of baseline)
2025-11-24 22:01:34,957 - INFO - Candidate 51 time: 49.00 us (90.7% of baseline)
2025-11-24 22:01:34,957 - INFO - Candidate 79 time: 49.00 us (90.7% of baseline)
2025-11-24 22:01:34,958 - INFO - Candidate 95 time: 49.00 us (90.7% of baseline)
2025-11-24 22:01:34,958 - INFO - Candidate 134 time: 43.00 us (90.8% of baseline)
2025-11-24 22:01:34,958 - INFO - Candidate 3 time: 49.33 us (91.4% of baseline)
2025-11-24 22:01:34,958 - INFO - Candidate 35 time: 40.33 us (91.7% of baseline)
2025-11-24 22:01:34,958 - INFO - Candidate 91 time: 46.00 us (92.0% of baseline)
2025-11-24 22:01:34,958 - INFO - Candidate 80 time: 40.67 us (92.4% of baseline)
2025-11-24 22:01:34,958 - INFO - Candidate 70 time: 50.33 us (93.2% of baseline)
2025-11-24 22:01:34,958 - INFO - Candidate 101 time: 44.33 us (93.7% of baseline)
2025-11-24 22:01:34,958 - INFO - Candidate 29 time: 47.00 us (94.0% of baseline)
2025-11-24 22:01:34,958 - INFO - Candidate 123 time: 47.00 us (94.0% of baseline)
2025-11-24 22:01:34,958 - INFO - Candidate 106 time: 44.67 us (94.4% of baseline)
2025-11-24 22:01:34,958 - INFO - Candidate 107 time: 47.33 us (94.7% of baseline)
2025-11-24 22:01:34,958 - INFO - Candidate 89 time: 51.67 us (95.7% of baseline)
2025-11-24 22:01:34,958 - INFO - Candidate 104 time: 51.67 us (95.7% of baseline)
2025-11-24 22:01:34,958 - INFO - Candidate 108 time: 52.33 us (96.9% of baseline)
2025-11-24 22:01:34,958 - INFO - Candidate 14 time: 42.67 us (97.0% of baseline)
2025-11-24 22:01:34,958 - INFO - Candidate 60 time: 42.67 us (97.0% of baseline)
2025-11-24 22:01:34,958 - INFO - Candidate 138 time: 46.00 us (97.2% of baseline)
2025-11-24 22:01:34,959 - INFO - Candidate 81 time: 52.67 us (97.5% of baseline)
2025-11-24 22:01:34,959 - INFO - Candidate 6 time: 43.00 us (97.7% of baseline)
2025-11-24 22:01:34,959 - INFO - Candidate 135 time: 49.00 us (98.0% of baseline)
2025-11-24 22:01:34,959 - INFO - Candidate 94 time: 46.67 us (98.6% of baseline)
2025-11-24 22:01:34,959 - INFO - Candidate 146 time: 49.33 us (98.7% of baseline)
2025-11-24 22:01:34,959 - INFO - Candidate 156 time: 53.33 us (98.8% of baseline)
2025-11-24 22:01:34,959 - INFO - Candidate 103 time: 49.67 us (99.3% of baseline)
2025-11-24 22:01:34,959 - INFO - Candidate 55 time: 54.00 us (100.0% of baseline)
2025-11-24 22:01:34,959 - INFO - Candidate 66 time: 54.00 us (100.0% of baseline)
2025-11-24 22:01:34,959 - INFO - Candidate 142 time: 50.00 us (100.0% of baseline)
2025-11-24 22:01:34,959 - INFO - Candidate 136 time: 54.33 us (100.6% of baseline)
2025-11-24 22:01:34,959 - INFO - Candidate 13 time: 50.33 us (100.7% of baseline)
2025-11-24 22:01:34,959 - INFO - Candidate 33 time: 50.33 us (100.7% of baseline)
2025-11-24 22:01:34,959 - INFO - Candidate 71 time: 50.33 us (100.7% of baseline)
2025-11-24 22:01:34,959 - INFO - Candidate 122 time: 47.67 us (100.7% of baseline)
2025-11-24 22:01:34,959 - INFO - Candidate 143 time: 48.00 us (101.4% of baseline)
2025-11-24 22:01:34,959 - INFO - Candidate 20 time: 55.00 us (101.9% of baseline)
2025-11-24 22:01:34,959 - INFO - Candidate 18 time: 51.00 us (102.0% of baseline)
2025-11-24 22:01:34,959 - INFO - Candidate 61 time: 51.00 us (102.0% of baseline)
2025-11-24 22:01:34,960 - INFO - Candidate 152 time: 48.33 us (102.1% of baseline)
2025-11-24 22:01:34,960 - INFO - Candidate 16 time: 55.33 us (102.5% of baseline)
2025-11-24 22:01:34,960 - INFO - Candidate 57 time: 55.33 us (102.5% of baseline)
2025-11-24 22:01:34,960 - INFO - Candidate 92 time: 55.33 us (102.5% of baseline)
2025-11-24 22:01:34,960 - INFO - Candidate 87 time: 51.33 us (102.7% of baseline)
2025-11-24 22:01:34,960 - INFO - Candidate 113 time: 48.67 us (102.8% of baseline)
2025-11-24 22:01:34,960 - INFO - Candidate 125 time: 55.67 us (103.1% of baseline)
2025-11-24 22:01:34,960 - INFO - Candidate 111 time: 51.67 us (103.3% of baseline)
2025-11-24 22:01:34,960 - INFO - Candidate 10 time: 49.00 us (103.5% of baseline)
2025-11-24 22:01:34,960 - INFO - Candidate 32 time: 49.33 us (104.2% of baseline)
2025-11-24 22:01:34,960 - INFO - Candidate 50 time: 49.33 us (104.2% of baseline)
2025-11-24 22:01:34,960 - INFO - Candidate 130 time: 49.33 us (104.2% of baseline)
2025-11-24 22:01:34,960 - INFO - Candidate 43 time: 46.00 us (104.5% of baseline)
2025-11-24 22:01:34,960 - INFO - Candidate 109 time: 49.67 us (104.9% of baseline)
2025-11-24 22:01:34,960 - INFO - Candidate 38 time: 56.67 us (104.9% of baseline)
2025-11-24 22:01:34,960 - INFO - Candidate 17 time: 50.00 us (105.6% of baseline)
2025-11-24 22:01:34,960 - INFO - Candidate 52 time: 46.67 us (106.1% of baseline)
2025-11-24 22:01:34,960 - INFO - Candidate 141 time: 57.33 us (106.2% of baseline)
2025-11-24 22:01:34,960 - INFO - Candidate 126 time: 50.33 us (106.3% of baseline)
2025-11-24 22:01:34,961 - INFO - Candidate 121 time: 47.00 us (106.8% of baseline)
2025-11-24 22:01:34,961 - INFO - Candidate 19 time: 47.33 us (107.6% of baseline)
2025-11-24 22:01:34,961 - INFO - Candidate 86 time: 51.00 us (107.7% of baseline)
2025-11-24 22:01:34,961 - INFO - Candidate 116 time: 58.33 us (108.0% of baseline)
2025-11-24 22:01:34,961 - INFO - Candidate 30 time: 59.00 us (109.3% of baseline)
2025-11-24 22:01:34,961 - INFO - Candidate 26 time: 48.33 us (109.8% of baseline)
2025-11-24 22:01:34,961 - INFO - Candidate 129 time: 48.33 us (109.8% of baseline)
2025-11-24 22:01:34,961 - INFO - Candidate 140 time: 48.33 us (109.8% of baseline)
2025-11-24 22:01:34,961 - INFO - Candidate 27 time: 52.00 us (109.9% of baseline)
2025-11-24 22:01:34,961 - INFO - Candidate 44 time: 52.67 us (111.3% of baseline)
2025-11-24 22:01:34,961 - INFO - Candidate 67 time: 56.00 us (112.0% of baseline)
2025-11-24 22:01:34,961 - INFO - Candidate 153 time: 60.67 us (112.3% of baseline)
2025-11-24 22:01:34,961 - INFO - Candidate 110 time: 49.67 us (112.9% of baseline)
2025-11-24 22:01:34,961 - INFO - Candidate 133 time: 49.67 us (112.9% of baseline)
2025-11-24 22:01:34,961 - INFO - Candidate 139 time: 56.67 us (113.3% of baseline)
2025-11-24 22:01:34,961 - INFO - Candidate 28 time: 61.33 us (113.6% of baseline)
2025-11-24 22:01:34,961 - INFO - Candidate 11 time: 50.00 us (113.6% of baseline)
2025-11-24 22:01:34,961 - INFO - Candidate 127 time: 57.00 us (114.0% of baseline)
2025-11-24 22:01:34,962 - INFO - Candidate 40 time: 54.00 us (114.1% of baseline)
2025-11-24 22:01:34,962 - INFO - Candidate 150 time: 57.33 us (114.7% of baseline)
2025-11-24 22:01:34,962 - INFO - Candidate 99 time: 58.00 us (116.0% of baseline)
2025-11-24 22:01:34,962 - INFO - Candidate 56 time: 51.33 us (116.7% of baseline)
2025-11-24 22:01:34,962 - INFO - Candidate 128 time: 63.00 us (116.7% of baseline)
2025-11-24 22:01:34,962 - INFO - Candidate 47 time: 55.33 us (116.9% of baseline)
2025-11-24 22:01:34,962 - INFO - Candidate 63 time: 55.33 us (116.9% of baseline)
2025-11-24 22:01:34,962 - INFO - Candidate 78 time: 55.33 us (116.9% of baseline)
2025-11-24 22:01:34,962 - INFO - Candidate 59 time: 58.67 us (117.3% of baseline)
2025-11-24 22:01:34,962 - INFO - Candidate 48 time: 52.00 us (118.2% of baseline)
2025-11-24 22:01:34,962 - INFO - Candidate 97 time: 56.00 us (118.3% of baseline)
2025-11-24 22:01:34,962 - INFO - Candidate 45 time: 59.33 us (118.7% of baseline)
2025-11-24 22:01:34,962 - INFO - Candidate 154 time: 52.33 us (118.9% of baseline)
2025-11-24 22:01:34,962 - INFO - Candidate 115 time: 59.67 us (119.3% of baseline)
2025-11-24 22:01:34,962 - INFO - Candidate 37 time: 60.00 us (120.0% of baseline)
2025-11-24 22:01:34,962 - INFO - Candidate 82 time: 57.33 us (121.1% of baseline)
2025-11-24 22:01:34,962 - INFO - Candidate 34 time: 65.67 us (121.6% of baseline)
2025-11-24 22:01:34,962 - INFO - Candidate 84 time: 54.00 us (122.7% of baseline)
2025-11-24 22:01:34,963 - INFO - Candidate 157 time: 58.33 us (123.2% of baseline)
2025-11-24 22:01:34,963 - INFO - Candidate 114 time: 54.67 us (124.2% of baseline)
2025-11-24 22:01:34,963 - INFO - Candidate 119 time: 62.33 us (124.7% of baseline)
2025-11-24 22:01:34,963 - INFO - Candidate 36 time: 59.33 us (125.4% of baseline)
2025-11-24 22:01:34,963 - INFO - Candidate 93 time: 55.33 us (125.8% of baseline)
2025-11-24 22:01:34,963 - INFO - Candidate 54 time: 59.67 us (126.1% of baseline)
2025-11-24 22:01:34,963 - INFO - Candidate 76 time: 55.67 us (126.5% of baseline)
2025-11-24 22:01:34,963 - INFO - Candidate 105 time: 56.00 us (127.3% of baseline)
2025-11-24 22:01:34,963 - INFO - Candidate 88 time: 56.33 us (128.0% of baseline)
2025-11-24 22:01:34,963 - INFO - Candidate 9 time: 64.67 us (129.3% of baseline)
2025-11-24 22:01:34,963 - INFO - Candidate 131 time: 64.67 us (129.3% of baseline)
2025-11-24 22:01:34,963 - INFO - Candidate 117 time: 57.00 us (129.5% of baseline)
2025-11-24 22:01:34,963 - INFO - Candidate 132 time: 70.33 us (130.2% of baseline)
2025-11-24 22:01:34,963 - INFO - Candidate 148 time: 57.33 us (130.3% of baseline)
2025-11-24 22:01:34,963 - INFO - Candidate 98 time: 57.67 us (131.1% of baseline)
2025-11-24 22:01:34,963 - INFO - Candidate 137 time: 57.67 us (131.1% of baseline)
2025-11-24 22:01:34,963 - INFO - Candidate 68 time: 58.00 us (131.8% of baseline)
2025-11-24 22:01:34,963 - INFO - Candidate 151 time: 58.00 us (131.8% of baseline)
2025-11-24 22:01:34,963 - INFO - Candidate 72 time: 58.67 us (133.3% of baseline)
2025-11-24 22:01:34,964 - INFO - Candidate 65 time: 63.33 us (133.8% of baseline)
2025-11-24 22:01:34,964 - INFO - Candidate 124 time: 59.00 us (134.1% of baseline)
2025-11-24 22:01:34,964 - INFO - Candidate 64 time: 62.33 us (141.7% of baseline)
2025-11-24 22:01:34,964 - INFO - Candidate 145 time: 62.33 us (141.7% of baseline)
2025-11-24 22:01:34,964 - INFO - Candidate 23 time: 63.00 us (143.2% of baseline)
2025-11-24 22:01:34,964 - INFO - Candidate 102 time: 63.00 us (143.2% of baseline)
2025-11-24 22:01:34,964 - INFO - Candidate 100 time: 87.67 us (162.3% of baseline)
2025-11-24 22:01:34,964 - INFO - Candidate 62 time: 96.33 us (178.4% of baseline)
2025-11-24 22:01:34,964 - INFO - Candidate 118 time: 85.33 us (180.3% of baseline)
2025-11-24 22:01:34,964 - INFO - Candidate 155 time: 95.33 us (190.7% of baseline)
2025-11-24 22:01:34,964 - INFO - Top dispatch candidates: [46, 8, 85, 25, 15, 90, 73, 41, 96, 74, 144, 77, 53, 42, 12, 31, 4, 7, 21, 24, 149, 1, 2, 75, 49, 112, 39, 58, 120, 83, 5, 69, 147, 22, 51, 79, 95, 134, 3, 35, 91, 80, 70, 101, 29, 123, 106, 107, 89, 104, 108, 14, 60, 138, 81, 6, 135, 94, 146, 156, 103, 55, 66, 142, 136, 13, 33, 71, 122, 143, 20, 18, 61, 152, 16, 57, 92, 87, 113, 125, 111, 10, 32, 50, 130, 43, 109, 38, 17, 52, 141, 126, 121, 19, 86, 116, 30, 26, 129, 140, 27, 44, 67, 153, 110, 133, 139, 28, 11, 127, 40, 150, 99, 56, 128, 47, 63, 78, 59, 48, 97, 45, 154, 115, 37, 82, 34, 84, 157, 114, 119, 36, 93, 54, 76, 105, 88, 9, 131, 117, 132, 148, 98, 137, 68, 151, 72, 65, 124, 64, 145, 23, 102, 100, 62, 118, 155]
2025-11-24 22:01:34,965 - INFO - /home/amily/shark-ai/sharktuner/tuning_2025_11_24_21_58/candidates/specs/46_spec.mlir
2025-11-24 22:01:34,965 - INFO - /home/amily/shark-ai/sharktuner/tuning_2025_11_24_21_58/candidates/specs/8_spec.mlir
2025-11-24 22:01:34,965 - INFO - /home/amily/shark-ai/sharktuner/tuning_2025_11_24_21_58/candidates/specs/85_spec.mlir
2025-11-24 22:01:34,965 - INFO - /home/amily/shark-ai/sharktuner/tuning_2025_11_24_21_58/candidates/specs/25_spec.mlir
2025-11-24 22:01:34,965 - INFO - /home/amily/shark-ai/sharktuner/tuning_2025_11_24_21_58/candidates/specs/15_spec.mlir
2025-11-24 22:01:34,965 - INFO - /home/amily/shark-ai/sharktuner/tuning_2025_11_24_21_58/candidates/specs/90_spec.mlir
2025-11-24 22:01:34,965 - INFO - /home/amily/shark-ai/sharktuner/tuning_2025_11_24_21_58/candidates/specs/73_spec.mlir
2025-11-24 22:01:34,965 - INFO - /home/amily/shark-ai/sharktuner/tuning_2025_11_24_21_58/candidates/specs/41_spec.mlir
2025-11-24 22:01:34,965 - INFO - /home/amily/shark-ai/sharktuner/tuning_2025_11_24_21_58/candidates/specs/96_spec.mlir
2025-11-24 22:01:34,966 - INFO - /home/amily/shark-ai/sharktuner/tuning_2025_11_24_21_58/candidates/specs/74_spec.mlir
2025-11-24 22:01:34,966 - INFO - /home/amily/shark-ai/sharktuner/tuning_2025_11_24_21_58/candidates/specs/144_spec.mlir
2025-11-24 22:01:34,966 - INFO - /home/amily/shark-ai/sharktuner/tuning_2025_11_24_21_58/candidates/specs/77_spec.mlir
2025-11-24 22:01:34,966 - INFO - /home/amily/shark-ai/sharktuner/tuning_2025_11_24_21_58/candidates/specs/53_spec.mlir
2025-11-24 22:01:34,966 - INFO - /home/amily/shark-ai/sharktuner/tuning_2025_11_24_21_58/candidates/specs/42_spec.mlir
2025-11-24 22:01:34,966 - INFO - /home/amily/shark-ai/sharktuner/tuning_2025_11_24_21_58/candidates/specs/12_spec.mlir
2025-11-24 22:01:34,966 - INFO - /home/amily/shark-ai/sharktuner/tuning_2025_11_24_21_58/candidates/specs/31_spec.mlir
2025-11-24 22:01:34,966 - INFO - /home/amily/shark-ai/sharktuner/tuning_2025_11_24_21_58/candidates/specs/4_spec.mlir
2025-11-24 22:01:34,967 - INFO - /home/amily/shark-ai/sharktuner/tuning_2025_11_24_21_58/candidates/specs/7_spec.mlir
2025-11-24 22:01:34,967 - INFO - /home/amily/shark-ai/sharktuner/tuning_2025_11_24_21_58/candidates/specs/21_spec.mlir
2025-11-24 22:01:34,967 - INFO - /home/amily/shark-ai/sharktuner/tuning_2025_11_24_21_58/candidates/specs/24_spec.mlir
2025-11-24 22:01:34,967 - INFO - /home/amily/shark-ai/sharktuner/tuning_2025_11_24_21_58/candidates/specs/149_spec.mlir
2025-11-24 22:01:34,967 - INFO - /home/amily/shark-ai/sharktuner/tuning_2025_11_24_21_58/candidates/specs/1_spec.mlir
2025-11-24 22:01:34,967 - INFO - /home/amily/shark-ai/sharktuner/tuning_2025_11_24_21_58/candidates/specs/2_spec.mlir
2025-11-24 22:01:34,967 - INFO - /home/amily/shark-ai/sharktuner/tuning_2025_11_24_21_58/candidates/specs/75_spec.mlir
2025-11-24 22:01:34,967 - INFO - /home/amily/shark-ai/sharktuner/tuning_2025_11_24_21_58/candidates/specs/49_spec.mlir
2025-11-24 22:01:34,967 - INFO - /home/amily/shark-ai/sharktuner/tuning_2025_11_24_21_58/candidates/specs/112_spec.mlir
2025-11-24 22:01:34,968 - INFO - /home/amily/shark-ai/sharktuner/tuning_2025_11_24_21_58/candidates/specs/39_spec.mlir
2025-11-24 22:01:34,968 - INFO - /home/amily/shark-ai/sharktuner/tuning_2025_11_24_21_58/candidates/specs/58_spec.mlir
2025-11-24 22:01:34,968 - INFO - /home/amily/shark-ai/sharktuner/tuning_2025_11_24_21_58/candidates/specs/120_spec.mlir
2025-11-24 22:01:34,968 - INFO - /home/amily/shark-ai/sharktuner/tuning_2025_11_24_21_58/candidates/specs/83_spec.mlir
2025-11-24 22:01:34,968 - INFO - /home/amily/shark-ai/sharktuner/tuning_2025_11_24_21_58/candidates/specs/5_spec.mlir
2025-11-24 22:01:34,968 - INFO - /home/amily/shark-ai/sharktuner/tuning_2025_11_24_21_58/candidates/specs/69_spec.mlir
2025-11-24 22:01:34,968 - INFO - /home/amily/shark-ai/sharktuner/tuning_2025_11_24_21_58/candidates/specs/147_spec.mlir
2025-11-24 22:01:34,968 - INFO - /home/amily/shark-ai/sharktuner/tuning_2025_11_24_21_58/candidates/specs/22_spec.mlir
2025-11-24 22:01:34,968 - INFO - /home/amily/shark-ai/sharktuner/tuning_2025_11_24_21_58/candidates/specs/51_spec.mlir
2025-11-24 22:01:34,969 - INFO - /home/amily/shark-ai/sharktuner/tuning_2025_11_24_21_58/candidates/specs/79_spec.mlir
2025-11-24 22:01:34,969 - INFO - /home/amily/shark-ai/sharktuner/tuning_2025_11_24_21_58/candidates/specs/95_spec.mlir
2025-11-24 22:01:34,969 - INFO - /home/amily/shark-ai/sharktuner/tuning_2025_11_24_21_58/candidates/specs/134_spec.mlir
2025-11-24 22:01:34,969 - INFO - /home/amily/shark-ai/sharktuner/tuning_2025_11_24_21_58/candidates/specs/3_spec.mlir
2025-11-24 22:01:34,969 - INFO - /home/amily/shark-ai/sharktuner/tuning_2025_11_24_21_58/candidates/specs/35_spec.mlir
2025-11-24 22:01:34,969 - INFO - /home/amily/shark-ai/sharktuner/tuning_2025_11_24_21_58/candidates/specs/91_spec.mlir
2025-11-24 22:01:34,969 - INFO - /home/amily/shark-ai/sharktuner/tuning_2025_11_24_21_58/candidates/specs/80_spec.mlir
2025-11-24 22:01:34,969 - INFO - /home/amily/shark-ai/sharktuner/tuning_2025_11_24_21_58/candidates/specs/70_spec.mlir
2025-11-24 22:01:34,969 - INFO - /home/amily/shark-ai/sharktuner/tuning_2025_11_24_21_58/candidates/specs/101_spec.mlir
2025-11-24 22:01:34,970 - INFO - /home/amily/shark-ai/sharktuner/tuning_2025_11_24_21_58/candidates/specs/29_spec.mlir
2025-11-24 22:01:34,970 - INFO - /home/amily/shark-ai/sharktuner/tuning_2025_11_24_21_58/candidates/specs/123_spec.mlir
2025-11-24 22:01:34,970 - INFO - /home/amily/shark-ai/sharktuner/tuning_2025_11_24_21_58/candidates/specs/106_spec.mlir
2025-11-24 22:01:34,970 - INFO - /home/amily/shark-ai/sharktuner/tuning_2025_11_24_21_58/candidates/specs/107_spec.mlir
2025-11-24 22:01:34,970 - INFO - /home/amily/shark-ai/sharktuner/tuning_2025_11_24_21_58/candidates/specs/89_spec.mlir
2025-11-24 22:01:34,970 - INFO - /home/amily/shark-ai/sharktuner/tuning_2025_11_24_21_58/candidates/specs/104_spec.mlir
2025-11-24 22:01:34,970 - INFO - /home/amily/shark-ai/sharktuner/tuning_2025_11_24_21_58/candidates/specs/108_spec.mlir
2025-11-24 22:01:34,970 - INFO - /home/amily/shark-ai/sharktuner/tuning_2025_11_24_21_58/candidates/specs/14_spec.mlir
2025-11-24 22:01:34,970 - INFO - /home/amily/shark-ai/sharktuner/tuning_2025_11_24_21_58/candidates/specs/60_spec.mlir
2025-11-24 22:01:34,971 - INFO - /home/amily/shark-ai/sharktuner/tuning_2025_11_24_21_58/candidates/specs/138_spec.mlir
2025-11-24 22:01:34,971 - INFO - /home/amily/shark-ai/sharktuner/tuning_2025_11_24_21_58/candidates/specs/81_spec.mlir
2025-11-24 22:01:34,971 - INFO - /home/amily/shark-ai/sharktuner/tuning_2025_11_24_21_58/candidates/specs/6_spec.mlir
2025-11-24 22:01:34,971 - INFO - /home/amily/shark-ai/sharktuner/tuning_2025_11_24_21_58/candidates/specs/135_spec.mlir
2025-11-24 22:01:34,971 - INFO - /home/amily/shark-ai/sharktuner/tuning_2025_11_24_21_58/candidates/specs/94_spec.mlir
2025-11-24 22:01:34,971 - INFO - /home/amily/shark-ai/sharktuner/tuning_2025_11_24_21_58/candidates/specs/146_spec.mlir
2025-11-24 22:01:34,971 - INFO - /home/amily/shark-ai/sharktuner/tuning_2025_11_24_21_58/candidates/specs/156_spec.mlir
2025-11-24 22:01:34,971 - INFO - /home/amily/shark-ai/sharktuner/tuning_2025_11_24_21_58/candidates/specs/103_spec.mlir
2025-11-24 22:01:34,972 - INFO - /home/amily/shark-ai/sharktuner/tuning_2025_11_24_21_58/candidates/specs/55_spec.mlir
2025-11-24 22:01:34,972 - INFO - /home/amily/shark-ai/sharktuner/tuning_2025_11_24_21_58/candidates/specs/66_spec.mlir
2025-11-24 22:01:34,972 - INFO - /home/amily/shark-ai/sharktuner/tuning_2025_11_24_21_58/candidates/specs/142_spec.mlir
2025-11-24 22:01:34,972 - INFO - /home/amily/shark-ai/sharktuner/tuning_2025_11_24_21_58/candidates/specs/136_spec.mlir
2025-11-24 22:01:34,972 - INFO - /home/amily/shark-ai/sharktuner/tuning_2025_11_24_21_58/candidates/specs/13_spec.mlir
2025-11-24 22:01:34,972 - INFO - /home/amily/shark-ai/sharktuner/tuning_2025_11_24_21_58/candidates/specs/33_spec.mlir
2025-11-24 22:01:34,972 - INFO - /home/amily/shark-ai/sharktuner/tuning_2025_11_24_21_58/candidates/specs/71_spec.mlir
2025-11-24 22:01:34,972 - INFO - /home/amily/shark-ai/sharktuner/tuning_2025_11_24_21_58/candidates/specs/122_spec.mlir
2025-11-24 22:01:34,972 - INFO - /home/amily/shark-ai/sharktuner/tuning_2025_11_24_21_58/candidates/specs/143_spec.mlir
2025-11-24 22:01:34,973 - INFO - /home/amily/shark-ai/sharktuner/tuning_2025_11_24_21_58/candidates/specs/20_spec.mlir
2025-11-24 22:01:34,973 - INFO - /home/amily/shark-ai/sharktuner/tuning_2025_11_24_21_58/candidates/specs/18_spec.mlir
2025-11-24 22:01:34,973 - INFO - /home/amily/shark-ai/sharktuner/tuning_2025_11_24_21_58/candidates/specs/61_spec.mlir
2025-11-24 22:01:34,973 - INFO - /home/amily/shark-ai/sharktuner/tuning_2025_11_24_21_58/candidates/specs/152_spec.mlir
2025-11-24 22:01:34,973 - INFO - /home/amily/shark-ai/sharktuner/tuning_2025_11_24_21_58/candidates/specs/16_spec.mlir
2025-11-24 22:01:34,973 - INFO - /home/amily/shark-ai/sharktuner/tuning_2025_11_24_21_58/candidates/specs/57_spec.mlir
2025-11-24 22:01:34,973 - INFO - /home/amily/shark-ai/sharktuner/tuning_2025_11_24_21_58/candidates/specs/92_spec.mlir
2025-11-24 22:01:34,973 - INFO - /home/amily/shark-ai/sharktuner/tuning_2025_11_24_21_58/candidates/specs/87_spec.mlir
2025-11-24 22:01:34,973 - INFO - /home/amily/shark-ai/sharktuner/tuning_2025_11_24_21_58/candidates/specs/113_spec.mlir
2025-11-24 22:01:34,974 - INFO - /home/amily/shark-ai/sharktuner/tuning_2025_11_24_21_58/candidates/specs/125_spec.mlir
2025-11-24 22:01:34,974 - INFO - /home/amily/shark-ai/sharktuner/tuning_2025_11_24_21_58/candidates/specs/111_spec.mlir
2025-11-24 22:01:34,974 - INFO - /home/amily/shark-ai/sharktuner/tuning_2025_11_24_21_58/candidates/specs/10_spec.mlir
2025-11-24 22:01:34,974 - INFO - /home/amily/shark-ai/sharktuner/tuning_2025_11_24_21_58/candidates/specs/32_spec.mlir
2025-11-24 22:01:34,974 - INFO - /home/amily/shark-ai/sharktuner/tuning_2025_11_24_21_58/candidates/specs/50_spec.mlir
2025-11-24 22:01:34,974 - INFO - /home/amily/shark-ai/sharktuner/tuning_2025_11_24_21_58/candidates/specs/130_spec.mlir
2025-11-24 22:01:34,974 - INFO - /home/amily/shark-ai/sharktuner/tuning_2025_11_24_21_58/candidates/specs/43_spec.mlir
2025-11-24 22:01:34,974 - INFO - /home/amily/shark-ai/sharktuner/tuning_2025_11_24_21_58/candidates/specs/109_spec.mlir
2025-11-24 22:01:34,974 - INFO - /home/amily/shark-ai/sharktuner/tuning_2025_11_24_21_58/candidates/specs/38_spec.mlir
2025-11-24 22:01:34,975 - INFO - /home/amily/shark-ai/sharktuner/tuning_2025_11_24_21_58/candidates/specs/17_spec.mlir
2025-11-24 22:01:34,975 - INFO - /home/amily/shark-ai/sharktuner/tuning_2025_11_24_21_58/candidates/specs/52_spec.mlir
2025-11-24 22:01:34,975 - INFO - /home/amily/shark-ai/sharktuner/tuning_2025_11_24_21_58/candidates/specs/141_spec.mlir
2025-11-24 22:01:34,975 - INFO - /home/amily/shark-ai/sharktuner/tuning_2025_11_24_21_58/candidates/specs/126_spec.mlir
2025-11-24 22:01:34,975 - INFO - /home/amily/shark-ai/sharktuner/tuning_2025_11_24_21_58/candidates/specs/121_spec.mlir
2025-11-24 22:01:34,975 - INFO - /home/amily/shark-ai/sharktuner/tuning_2025_11_24_21_58/candidates/specs/19_spec.mlir
2025-11-24 22:01:34,975 - INFO - /home/amily/shark-ai/sharktuner/tuning_2025_11_24_21_58/candidates/specs/86_spec.mlir
2025-11-24 22:01:34,975 - INFO - /home/amily/shark-ai/sharktuner/tuning_2025_11_24_21_58/candidates/specs/116_spec.mlir
2025-11-24 22:01:34,976 - INFO - /home/amily/shark-ai/sharktuner/tuning_2025_11_24_21_58/candidates/specs/30_spec.mlir
2025-11-24 22:01:34,976 - INFO - /home/amily/shark-ai/sharktuner/tuning_2025_11_24_21_58/candidates/specs/26_spec.mlir
2025-11-24 22:01:34,976 - INFO - /home/amily/shark-ai/sharktuner/tuning_2025_11_24_21_58/candidates/specs/129_spec.mlir
2025-11-24 22:01:34,976 - INFO - /home/amily/shark-ai/sharktuner/tuning_2025_11_24_21_58/candidates/specs/140_spec.mlir
2025-11-24 22:01:34,976 - INFO - /home/amily/shark-ai/sharktuner/tuning_2025_11_24_21_58/candidates/specs/27_spec.mlir
2025-11-24 22:01:34,976 - INFO - /home/amily/shark-ai/sharktuner/tuning_2025_11_24_21_58/candidates/specs/44_spec.mlir
2025-11-24 22:01:34,976 - INFO - /home/amily/shark-ai/sharktuner/tuning_2025_11_24_21_58/candidates/specs/67_spec.mlir
2025-11-24 22:01:34,976 - INFO - /home/amily/shark-ai/sharktuner/tuning_2025_11_24_21_58/candidates/specs/153_spec.mlir
2025-11-24 22:01:34,976 - INFO - /home/amily/shark-ai/sharktuner/tuning_2025_11_24_21_58/candidates/specs/110_spec.mlir
2025-11-24 22:01:34,977 - INFO - /home/amily/shark-ai/sharktuner/tuning_2025_11_24_21_58/candidates/specs/133_spec.mlir
2025-11-24 22:01:34,977 - INFO - /home/amily/shark-ai/sharktuner/tuning_2025_11_24_21_58/candidates/specs/139_spec.mlir
2025-11-24 22:01:34,977 - INFO - /home/amily/shark-ai/sharktuner/tuning_2025_11_24_21_58/candidates/specs/28_spec.mlir
2025-11-24 22:01:34,977 - INFO - /home/amily/shark-ai/sharktuner/tuning_2025_11_24_21_58/candidates/specs/11_spec.mlir
2025-11-24 22:01:34,977 - INFO - /home/amily/shark-ai/sharktuner/tuning_2025_11_24_21_58/candidates/specs/127_spec.mlir
2025-11-24 22:01:34,977 - INFO - /home/amily/shark-ai/sharktuner/tuning_2025_11_24_21_58/candidates/specs/40_spec.mlir
2025-11-24 22:01:34,977 - INFO - /home/amily/shark-ai/sharktuner/tuning_2025_11_24_21_58/candidates/specs/150_spec.mlir
2025-11-24 22:01:34,977 - INFO - /home/amily/shark-ai/sharktuner/tuning_2025_11_24_21_58/candidates/specs/99_spec.mlir
2025-11-24 22:01:34,977 - INFO - /home/amily/shark-ai/sharktuner/tuning_2025_11_24_21_58/candidates/specs/56_spec.mlir
2025-11-24 22:01:34,978 - INFO - /home/amily/shark-ai/sharktuner/tuning_2025_11_24_21_58/candidates/specs/128_spec.mlir
2025-11-24 22:01:34,978 - INFO - /home/amily/shark-ai/sharktuner/tuning_2025_11_24_21_58/candidates/specs/47_spec.mlir
2025-11-24 22:01:34,978 - INFO - /home/amily/shark-ai/sharktuner/tuning_2025_11_24_21_58/candidates/specs/63_spec.mlir
2025-11-24 22:01:34,978 - INFO - /home/amily/shark-ai/sharktuner/tuning_2025_11_24_21_58/candidates/specs/78_spec.mlir
2025-11-24 22:01:34,978 - INFO - /home/amily/shark-ai/sharktuner/tuning_2025_11_24_21_58/candidates/specs/59_spec.mlir
2025-11-24 22:01:34,978 - INFO - /home/amily/shark-ai/sharktuner/tuning_2025_11_24_21_58/candidates/specs/48_spec.mlir
2025-11-24 22:01:34,978 - INFO - /home/amily/shark-ai/sharktuner/tuning_2025_11_24_21_58/candidates/specs/97_spec.mlir
2025-11-24 22:01:34,978 - INFO - /home/amily/shark-ai/sharktuner/tuning_2025_11_24_21_58/candidates/specs/45_spec.mlir
2025-11-24 22:01:34,978 - INFO - /home/amily/shark-ai/sharktuner/tuning_2025_11_24_21_58/candidates/specs/154_spec.mlir
2025-11-24 22:01:34,979 - INFO - /home/amily/shark-ai/sharktuner/tuning_2025_11_24_21_58/candidates/specs/115_spec.mlir
2025-11-24 22:01:34,979 - INFO - /home/amily/shark-ai/sharktuner/tuning_2025_11_24_21_58/candidates/specs/37_spec.mlir
2025-11-24 22:01:34,979 - INFO - /home/amily/shark-ai/sharktuner/tuning_2025_11_24_21_58/candidates/specs/82_spec.mlir
2025-11-24 22:01:34,979 - INFO - /home/amily/shark-ai/sharktuner/tuning_2025_11_24_21_58/candidates/specs/34_spec.mlir
2025-11-24 22:01:34,979 - INFO - /home/amily/shark-ai/sharktuner/tuning_2025_11_24_21_58/candidates/specs/84_spec.mlir
2025-11-24 22:01:34,979 - INFO - /home/amily/shark-ai/sharktuner/tuning_2025_11_24_21_58/candidates/specs/157_spec.mlir
2025-11-24 22:01:34,979 - INFO - /home/amily/shark-ai/sharktuner/tuning_2025_11_24_21_58/candidates/specs/114_spec.mlir
2025-11-24 22:01:34,979 - INFO - /home/amily/shark-ai/sharktuner/tuning_2025_11_24_21_58/candidates/specs/119_spec.mlir
2025-11-24 22:01:34,979 - INFO - /home/amily/shark-ai/sharktuner/tuning_2025_11_24_21_58/candidates/specs/36_spec.mlir
2025-11-24 22:01:34,980 - INFO - /home/amily/shark-ai/sharktuner/tuning_2025_11_24_21_58/candidates/specs/93_spec.mlir
2025-11-24 22:01:34,980 - INFO - /home/amily/shark-ai/sharktuner/tuning_2025_11_24_21_58/candidates/specs/54_spec.mlir
2025-11-24 22:01:34,980 - INFO - /home/amily/shark-ai/sharktuner/tuning_2025_11_24_21_58/candidates/specs/76_spec.mlir
2025-11-24 22:01:34,980 - INFO - /home/amily/shark-ai/sharktuner/tuning_2025_11_24_21_58/candidates/specs/105_spec.mlir
2025-11-24 22:01:34,980 - INFO - /home/amily/shark-ai/sharktuner/tuning_2025_11_24_21_58/candidates/specs/88_spec.mlir
2025-11-24 22:01:34,980 - INFO - /home/amily/shark-ai/sharktuner/tuning_2025_11_24_21_58/candidates/specs/9_spec.mlir
2025-11-24 22:01:34,980 - INFO - /home/amily/shark-ai/sharktuner/tuning_2025_11_24_21_58/candidates/specs/131_spec.mlir
2025-11-24 22:01:34,980 - INFO - /home/amily/shark-ai/sharktuner/tuning_2025_11_24_21_58/candidates/specs/117_spec.mlir
2025-11-24 22:01:34,980 - INFO - /home/amily/shark-ai/sharktuner/tuning_2025_11_24_21_58/candidates/specs/132_spec.mlir
2025-11-24 22:01:34,981 - INFO - /home/amily/shark-ai/sharktuner/tuning_2025_11_24_21_58/candidates/specs/148_spec.mlir
2025-11-24 22:01:34,981 - INFO - /home/amily/shark-ai/sharktuner/tuning_2025_11_24_21_58/candidates/specs/98_spec.mlir
2025-11-24 22:01:34,981 - INFO - /home/amily/shark-ai/sharktuner/tuning_2025_11_24_21_58/candidates/specs/137_spec.mlir
2025-11-24 22:01:34,981 - INFO - /home/amily/shark-ai/sharktuner/tuning_2025_11_24_21_58/candidates/specs/68_spec.mlir
2025-11-24 22:01:34,981 - INFO - /home/amily/shark-ai/sharktuner/tuning_2025_11_24_21_58/candidates/specs/151_spec.mlir
2025-11-24 22:01:34,981 - INFO - /home/amily/shark-ai/sharktuner/tuning_2025_11_24_21_58/candidates/specs/72_spec.mlir
2025-11-24 22:01:34,981 - INFO - /home/amily/shark-ai/sharktuner/tuning_2025_11_24_21_58/candidates/specs/65_spec.mlir
2025-11-24 22:01:34,981 - INFO - /home/amily/shark-ai/sharktuner/tuning_2025_11_24_21_58/candidates/specs/124_spec.mlir
2025-11-24 22:01:34,981 - INFO - /home/amily/shark-ai/sharktuner/tuning_2025_11_24_21_58/candidates/specs/64_spec.mlir
2025-11-24 22:01:34,982 - INFO - /home/amily/shark-ai/sharktuner/tuning_2025_11_24_21_58/candidates/specs/145_spec.mlir
2025-11-24 22:01:34,982 - INFO - /home/amily/shark-ai/sharktuner/tuning_2025_11_24_21_58/candidates/specs/23_spec.mlir
2025-11-24 22:01:34,982 - INFO - /home/amily/shark-ai/sharktuner/tuning_2025_11_24_21_58/candidates/specs/102_spec.mlir
2025-11-24 22:01:34,982 - INFO - /home/amily/shark-ai/sharktuner/tuning_2025_11_24_21_58/candidates/specs/100_spec.mlir
2025-11-24 22:01:34,982 - INFO - /home/amily/shark-ai/sharktuner/tuning_2025_11_24_21_58/candidates/specs/62_spec.mlir
2025-11-24 22:01:34,982 - INFO - /home/amily/shark-ai/sharktuner/tuning_2025_11_24_21_58/candidates/specs/118_spec.mlir
2025-11-24 22:01:34,982 - INFO - /home/amily/shark-ai/sharktuner/tuning_2025_11_24_21_58/candidates/specs/155_spec.mlir
