2025-11-25 10:41:44,865 - INFO - Benchmarking compiled dispatch candidates...
2025-11-25 10:41:56,848 - INFO - Smart candidate benchmark timeout is set to 3.64s
2025-11-25 10:46:20,626 - INFO - Candidate 299 time: 58.33 us (43.9% of baseline)
2025-11-25 10:46:20,626 - INFO - Candidate 170 time: 59.00 us (45.3% of baseline)
2025-11-25 10:46:20,626 - INFO - Candidate 171 time: 60.33 us (46.5% of baseline)
2025-11-25 10:46:20,626 - INFO - Candidate 84 time: 62.33 us (48.0% of baseline)
2025-11-25 10:46:20,626 - INFO - Candidate 153 time: 70.33 us (52.9% of baseline)
2025-11-25 10:46:20,626 - INFO - Candidate 210 time: 70.00 us (53.9% of baseline)
2025-11-25 10:46:20,626 - INFO - Candidate 225 time: 72.00 us (54.2% of baseline)
2025-11-25 10:46:20,626 - INFO - Candidate 14 time: 70.67 us (54.4% of baseline)
2025-11-25 10:46:20,626 - INFO - Candidate 160 time: 71.00 us (54.7% of baseline)
2025-11-25 10:46:20,626 - INFO - Candidate 281 time: 72.67 us (55.3% of baseline)
2025-11-25 10:46:20,626 - INFO - Candidate 73 time: 76.33 us (58.1% of baseline)
2025-11-25 10:46:20,626 - INFO - Candidate 252 time: 77.33 us (58.2% of baseline)
2025-11-25 10:46:20,626 - INFO - Candidate 68 time: 77.67 us (58.5% of baseline)
2025-11-25 10:46:20,626 - INFO - Candidate 38 time: 77.00 us (59.2% of baseline)
2025-11-25 10:46:20,627 - INFO - Candidate 197 time: 79.33 us (60.4% of baseline)
2025-11-25 10:46:20,627 - INFO - Candidate 173 time: 78.67 us (60.4% of baseline)
2025-11-25 10:46:20,627 - INFO - Candidate 18 time: 80.00 us (60.9% of baseline)
2025-11-25 10:46:20,627 - INFO - Candidate 27 time: 88.33 us (66.5% of baseline)
2025-11-25 10:46:20,627 - INFO - Candidate 7 time: 88.67 us (66.8% of baseline)
2025-11-25 10:46:20,627 - INFO - Candidate 51 time: 87.00 us (66.8% of baseline)
2025-11-25 10:46:20,627 - INFO - Candidate 185 time: 87.00 us (66.8% of baseline)
2025-11-25 10:46:20,627 - INFO - Candidate 47 time: 88.67 us (68.1% of baseline)
2025-11-25 10:46:20,627 - INFO - Candidate 287 time: 90.67 us (68.3% of baseline)
2025-11-25 10:46:20,627 - INFO - Candidate 101 time: 88.67 us (68.3% of baseline)
2025-11-25 10:46:20,627 - INFO - Candidate 96 time: 91.00 us (68.5% of baseline)
2025-11-25 10:46:20,627 - INFO - Candidate 201 time: 90.33 us (68.8% of baseline)
2025-11-25 10:46:20,627 - INFO - Candidate 187 time: 91.67 us (69.0% of baseline)
2025-11-25 10:46:20,627 - INFO - Candidate 242 time: 91.67 us (69.0% of baseline)
2025-11-25 10:46:20,627 - INFO - Candidate 284 time: 89.67 us (69.1% of baseline)
2025-11-25 10:46:20,627 - INFO - Candidate 328 time: 90.00 us (69.1% of baseline)
2025-11-25 10:46:20,627 - INFO - Candidate 178 time: 90.00 us (69.3% of baseline)
2025-11-25 10:46:20,627 - INFO - Candidate 241 time: 91.33 us (70.2% of baseline)
2025-11-25 10:46:20,627 - INFO - Candidate 293 time: 92.33 us (70.3% of baseline)
2025-11-25 10:46:20,627 - INFO - Candidate 81 time: 91.67 us (70.4% of baseline)
2025-11-25 10:46:20,628 - INFO - Candidate 77 time: 92.00 us (70.7% of baseline)
2025-11-25 10:46:20,628 - INFO - Candidate 272 time: 92.33 us (71.1% of baseline)
2025-11-25 10:46:20,628 - INFO - Candidate 193 time: 92.67 us (71.2% of baseline)
2025-11-25 10:46:20,628 - INFO - Candidate 83 time: 94.67 us (71.3% of baseline)
2025-11-25 10:46:20,628 - INFO - Candidate 291 time: 94.67 us (71.3% of baseline)
2025-11-25 10:46:20,628 - INFO - Candidate 102 time: 93.00 us (71.4% of baseline)
2025-11-25 10:46:20,628 - INFO - Candidate 15 time: 94.00 us (71.6% of baseline)
2025-11-25 10:46:20,628 - INFO - Candidate 62 time: 93.00 us (71.6% of baseline)
2025-11-25 10:46:20,628 - INFO - Candidate 70 time: 94.00 us (72.2% of baseline)
2025-11-25 10:46:20,628 - INFO - Candidate 318 time: 95.00 us (72.3% of baseline)
2025-11-25 10:46:20,628 - INFO - Candidate 119 time: 94.33 us (72.5% of baseline)
2025-11-25 10:46:20,628 - INFO - Candidate 251 time: 95.00 us (73.0% of baseline)
2025-11-25 10:46:20,628 - INFO - Candidate 121 time: 96.00 us (73.1% of baseline)
2025-11-25 10:46:20,628 - INFO - Candidate 258 time: 96.33 us (73.4% of baseline)
2025-11-25 10:46:20,628 - INFO - Candidate 181 time: 96.00 us (73.8% of baseline)
2025-11-25 10:46:20,628 - INFO - Candidate 202 time: 96.00 us (73.8% of baseline)
2025-11-25 10:46:20,628 - INFO - Candidate 192 time: 97.00 us (73.9% of baseline)
2025-11-25 10:46:20,628 - INFO - Candidate 266 time: 98.33 us (74.9% of baseline)
2025-11-25 10:46:20,628 - INFO - Candidate 147 time: 97.67 us (75.0% of baseline)
2025-11-25 10:46:20,629 - INFO - Candidate 222 time: 98.33 us (75.7% of baseline)
2025-11-25 10:46:20,629 - INFO - Candidate 95 time: 100.67 us (76.6% of baseline)
2025-11-25 10:46:20,629 - INFO - Candidate 11 time: 99.67 us (76.8% of baseline)
2025-11-25 10:46:20,629 - INFO - Candidate 16 time: 102.00 us (76.8% of baseline)
2025-11-25 10:46:20,629 - INFO - Candidate 130 time: 102.00 us (76.8% of baseline)
2025-11-25 10:46:20,629 - INFO - Candidate 115 time: 101.00 us (77.6% of baseline)
2025-11-25 10:46:20,629 - INFO - Candidate 144 time: 104.00 us (78.3% of baseline)
2025-11-25 10:46:20,629 - INFO - Candidate 334 time: 102.67 us (79.1% of baseline)
2025-11-25 10:46:20,629 - INFO - Candidate 145 time: 103.00 us (79.3% of baseline)
2025-11-25 10:46:20,629 - INFO - Candidate 159 time: 106.00 us (80.7% of baseline)
2025-11-25 10:46:20,629 - INFO - Candidate 165 time: 105.33 us (80.9% of baseline)
2025-11-25 10:46:20,629 - INFO - Candidate 157 time: 108.33 us (81.6% of baseline)
2025-11-25 10:46:20,629 - INFO - Candidate 35 time: 109.00 us (82.1% of baseline)
2025-11-25 10:46:20,629 - INFO - Candidate 148 time: 109.00 us (82.1% of baseline)
2025-11-25 10:46:20,629 - INFO - Candidate 103 time: 113.33 us (86.3% of baseline)
2025-11-25 10:46:20,629 - INFO - Candidate 126 time: 117.33 us (88.3% of baseline)
2025-11-25 10:46:20,629 - INFO - Candidate 57 time: 115.33 us (88.8% of baseline)
2025-11-25 10:46:20,629 - INFO - Candidate 1 time: 118.67 us (90.4% of baseline)
2025-11-25 10:46:20,629 - INFO - Candidate 273 time: 123.00 us (93.7% of baseline)
2025-11-25 10:46:20,629 - INFO - Candidate 322 time: 123.00 us (93.7% of baseline)
2025-11-25 10:46:20,630 - INFO - Candidate 221 time: 124.67 us (93.9% of baseline)
2025-11-25 10:46:20,630 - INFO - Candidate 117 time: 125.33 us (94.4% of baseline)
2025-11-25 10:46:20,630 - INFO - Candidate 65 time: 124.00 us (94.4% of baseline)
2025-11-25 10:46:20,630 - INFO - Candidate 182 time: 122.67 us (94.5% of baseline)
2025-11-25 10:46:20,630 - INFO - Candidate 209 time: 126.67 us (95.4% of baseline)
2025-11-25 10:46:20,630 - INFO - Candidate 176 time: 125.67 us (95.7% of baseline)
2025-11-25 10:46:20,630 - INFO - Candidate 320 time: 124.33 us (95.8% of baseline)
2025-11-25 10:46:20,630 - INFO - Candidate 6 time: 124.67 us (96.0% of baseline)
2025-11-25 10:46:20,630 - INFO - Candidate 60 time: 125.00 us (96.0% of baseline)
2025-11-25 10:46:20,630 - INFO - Candidate 309 time: 125.33 us (96.3% of baseline)
2025-11-25 10:46:20,630 - INFO - Candidate 37 time: 126.67 us (96.4% of baseline)
2025-11-25 10:46:20,630 - INFO - Candidate 90 time: 125.67 us (96.5% of baseline)
2025-11-25 10:46:20,630 - INFO - Candidate 255 time: 126.00 us (96.8% of baseline)
2025-11-25 10:46:20,630 - INFO - Candidate 248 time: 127.33 us (97.0% of baseline)
2025-11-25 10:46:20,630 - INFO - Candidate 263 time: 126.00 us (97.0% of baseline)
2025-11-25 10:46:20,630 - INFO - Candidate 271 time: 129.00 us (97.1% of baseline)
2025-11-25 10:46:20,630 - INFO - Candidate 208 time: 126.67 us (97.3% of baseline)
2025-11-25 10:46:20,630 - INFO - Candidate 22 time: 129.67 us (97.6% of baseline)
2025-11-25 10:46:20,630 - INFO - Candidate 66 time: 127.67 us (98.3% of baseline)
2025-11-25 10:46:20,631 - INFO - Candidate 216 time: 128.33 us (98.6% of baseline)
2025-11-25 10:46:20,631 - INFO - Candidate 294 time: 128.33 us (98.6% of baseline)
2025-11-25 10:46:20,631 - INFO - Candidate 24 time: 128.67 us (99.1% of baseline)
2025-11-25 10:46:20,631 - INFO - Candidate 300 time: 129.33 us (99.6% of baseline)
2025-11-25 10:46:20,631 - INFO - Candidate 297 time: 130.00 us (99.9% of baseline)
2025-11-25 10:46:20,631 - INFO - Candidate 97 time: 130.00 us (100.1% of baseline)
2025-11-25 10:46:20,631 - INFO - Candidate 36 time: 130.33 us (100.4% of baseline)
2025-11-25 10:46:20,631 - INFO - Candidate 154 time: 132.00 us (100.5% of baseline)
2025-11-25 10:46:20,631 - INFO - Candidate 168 time: 130.67 us (100.6% of baseline)
2025-11-25 10:46:20,631 - INFO - Candidate 253 time: 130.67 us (100.6% of baseline)
2025-11-25 10:46:20,631 - INFO - Candidate 232 time: 131.33 us (100.9% of baseline)
2025-11-25 10:46:20,631 - INFO - Candidate 82 time: 133.00 us (101.3% of baseline)
2025-11-25 10:46:20,631 - INFO - Candidate 10 time: 134.00 us (102.0% of baseline)
2025-11-25 10:46:20,631 - INFO - Candidate 74 time: 133.00 us (102.2% of baseline)
2025-11-25 10:46:20,631 - INFO - Candidate 220 time: 133.00 us (102.2% of baseline)
2025-11-25 10:46:20,631 - INFO - Candidate 53 time: 132.67 us (102.2% of baseline)
2025-11-25 10:46:20,631 - INFO - Candidate 25 time: 133.33 us (102.4% of baseline)
2025-11-25 10:46:20,631 - INFO - Candidate 224 time: 134.00 us (102.9% of baseline)
2025-11-25 10:46:20,631 - INFO - Candidate 87 time: 137.33 us (103.4% of baseline)
2025-11-25 10:46:20,631 - INFO - Candidate 113 time: 137.33 us (103.4% of baseline)
2025-11-25 10:46:20,632 - INFO - Candidate 19 time: 137.67 us (103.6% of baseline)
2025-11-25 10:46:20,632 - INFO - Candidate 321 time: 135.00 us (103.7% of baseline)
2025-11-25 10:46:20,632 - INFO - Candidate 312 time: 134.67 us (103.7% of baseline)
2025-11-25 10:46:20,632 - INFO - Candidate 72 time: 138.67 us (104.4% of baseline)
2025-11-25 10:46:20,632 - INFO - Candidate 304 time: 138.67 us (104.4% of baseline)
2025-11-25 10:46:20,632 - INFO - Candidate 270 time: 136.00 us (104.5% of baseline)
2025-11-25 10:46:20,632 - INFO - Candidate 200 time: 135.67 us (104.5% of baseline)
2025-11-25 10:46:20,632 - INFO - Candidate 231 time: 136.00 us (104.7% of baseline)
2025-11-25 10:46:20,632 - INFO - Candidate 71 time: 136.67 us (105.3% of baseline)
2025-11-25 10:46:20,632 - INFO - Candidate 240 time: 138.33 us (105.3% of baseline)
2025-11-25 10:46:20,632 - INFO - Candidate 230 time: 139.00 us (105.8% of baseline)
2025-11-25 10:46:20,632 - INFO - Candidate 41 time: 139.33 us (106.1% of baseline)
2025-11-25 10:46:20,632 - INFO - Candidate 92 time: 143.33 us (109.1% of baseline)
2025-11-25 10:46:20,632 - INFO - Candidate 261 time: 145.33 us (109.4% of baseline)
2025-11-25 10:46:20,632 - INFO - Candidate 283 time: 146.33 us (110.2% of baseline)
2025-11-25 10:46:20,632 - INFO - Candidate 290 time: 143.67 us (110.4% of baseline)
2025-11-25 10:46:20,632 - INFO - Candidate 342 time: 145.00 us (111.4% of baseline)
2025-11-25 10:46:20,632 - INFO - Candidate 205 time: 148.00 us (111.4% of baseline)
2025-11-25 10:46:20,632 - INFO - Candidate 129 time: 146.33 us (111.4% of baseline)
2025-11-25 10:46:20,632 - INFO - Candidate 218 time: 144.67 us (111.4% of baseline)
2025-11-25 10:46:20,633 - INFO - Candidate 133 time: 149.33 us (112.4% of baseline)
2025-11-25 10:46:20,633 - INFO - Candidate 124 time: 149.00 us (114.5% of baseline)
2025-11-25 10:46:20,633 - INFO - Candidate 162 time: 149.33 us (114.7% of baseline)
2025-11-25 10:46:20,633 - INFO - Candidate 146 time: 151.00 us (115.0% of baseline)
2025-11-25 10:46:20,633 - INFO - Candidate 295 time: 153.00 us (115.2% of baseline)
2025-11-25 10:46:20,633 - INFO - Candidate 112 time: 151.33 us (115.2% of baseline)
2025-11-25 10:46:20,633 - INFO - Candidate 211 time: 151.33 us (115.2% of baseline)
2025-11-25 10:46:20,633 - INFO - Candidate 247 time: 150.00 us (115.5% of baseline)
2025-11-25 10:46:20,633 - INFO - Candidate 307 time: 154.00 us (115.9% of baseline)
2025-11-25 10:46:20,633 - INFO - Candidate 219 time: 152.67 us (116.2% of baseline)
2025-11-25 10:46:20,633 - INFO - Candidate 23 time: 153.00 us (116.5% of baseline)
2025-11-25 10:46:20,633 - INFO - Candidate 265 time: 155.33 us (116.9% of baseline)
2025-11-25 10:46:20,633 - INFO - Candidate 142 time: 156.33 us (117.7% of baseline)
2025-11-25 10:46:20,633 - INFO - Candidate 5 time: 155.67 us (118.5% of baseline)
2025-11-25 10:46:20,633 - INFO - Candidate 109 time: 160.00 us (120.5% of baseline)
2025-11-25 10:46:20,633 - INFO - Candidate 331 time: 157.33 us (120.9% of baseline)
2025-11-25 10:46:20,633 - INFO - Candidate 89 time: 159.33 us (122.7% of baseline)
2025-11-25 10:46:20,633 - INFO - Candidate 217 time: 165.33 us (124.5% of baseline)
2025-11-25 10:46:20,633 - INFO - Candidate 98 time: 163.33 us (125.5% of baseline)
2025-11-25 10:46:20,633 - INFO - Candidate 93 time: 163.33 us (125.8% of baseline)
2025-11-25 10:46:20,634 - INFO - Candidate 134 time: 165.33 us (125.9% of baseline)
2025-11-25 10:46:20,634 - INFO - Candidate 292 time: 164.67 us (126.8% of baseline)
2025-11-25 10:46:20,634 - INFO - Candidate 61 time: 166.67 us (126.9% of baseline)
2025-11-25 10:46:20,634 - INFO - Candidate 56 time: 165.33 us (127.0% of baseline)
2025-11-25 10:46:20,634 - INFO - Candidate 305 time: 166.00 us (127.5% of baseline)
2025-11-25 10:46:20,634 - INFO - Candidate 325 time: 170.33 us (128.2% of baseline)
2025-11-25 10:46:20,634 - INFO - Candidate 28 time: 167.00 us (128.6% of baseline)
2025-11-25 10:46:20,634 - INFO - Candidate 323 time: 171.33 us (132.0% of baseline)
2025-11-25 10:46:20,634 - INFO - Candidate 319 time: 192.00 us (144.5% of baseline)
2025-11-25 10:46:20,634 - INFO - Candidate 229 time: 192.67 us (145.0% of baseline)
2025-11-25 10:46:20,634 - INFO - Candidate 214 time: 194.33 us (146.3% of baseline)
2025-11-25 10:46:20,634 - INFO - Candidate 279 time: 195.00 us (146.8% of baseline)
2025-11-25 10:46:20,634 - INFO - Candidate 317 time: 192.67 us (148.0% of baseline)
2025-11-25 10:46:20,634 - INFO - Candidate 175 time: 192.67 us (148.4% of baseline)
2025-11-25 10:46:20,634 - INFO - Candidate 189 time: 193.67 us (148.8% of baseline)
2025-11-25 10:46:20,634 - INFO - Candidate 166 time: 198.00 us (149.1% of baseline)
2025-11-25 10:46:20,634 - INFO - Candidate 329 time: 196.00 us (149.2% of baseline)
2025-11-25 10:46:20,634 - INFO - Candidate 122 time: 198.33 us (149.3% of baseline)
2025-11-25 10:46:20,634 - INFO - Candidate 238 time: 198.67 us (149.6% of baseline)
2025-11-25 10:46:20,635 - INFO - Candidate 282 time: 195.00 us (149.8% of baseline)
2025-11-25 10:46:20,635 - INFO - Candidate 308 time: 194.67 us (149.9% of baseline)
2025-11-25 10:46:20,635 - INFO - Candidate 244 time: 197.00 us (150.0% of baseline)
2025-11-25 10:46:20,635 - INFO - Candidate 155 time: 195.33 us (150.4% of baseline)
2025-11-25 10:46:20,635 - INFO - Candidate 313 time: 196.00 us (150.6% of baseline)
2025-11-25 10:46:20,635 - INFO - Candidate 264 time: 197.00 us (151.3% of baseline)
2025-11-25 10:46:20,635 - INFO - Candidate 108 time: 199.00 us (151.5% of baseline)
2025-11-25 10:46:20,635 - INFO - Candidate 139 time: 197.33 us (151.6% of baseline)
2025-11-25 10:46:20,635 - INFO - Candidate 46 time: 199.67 us (152.0% of baseline)
2025-11-25 10:46:20,635 - INFO - Candidate 12 time: 202.33 us (152.3% of baseline)
2025-11-25 10:46:20,635 - INFO - Candidate 136 time: 198.33 us (152.8% of baseline)
2025-11-25 10:46:20,635 - INFO - Candidate 259 time: 201.33 us (154.7% of baseline)
2025-11-25 10:46:20,635 - INFO - Candidate 269 time: 201.00 us (154.8% of baseline)
2025-11-25 10:46:20,635 - INFO - Candidate 188 time: 204.00 us (155.3% of baseline)
2025-11-25 10:46:20,635 - INFO - Candidate 48 time: 206.33 us (155.3% of baseline)
2025-11-25 10:46:20,635 - INFO - Candidate 206 time: 203.33 us (156.6% of baseline)
2025-11-25 10:46:20,635 - INFO - Candidate 131 time: 204.00 us (156.7% of baseline)
2025-11-25 10:46:20,635 - INFO - Candidate 137 time: 209.00 us (157.3% of baseline)
2025-11-25 10:46:20,635 - INFO - Candidate 164 time: 206.67 us (159.2% of baseline)
2025-11-25 10:46:20,635 - INFO - Candidate 298 time: 209.33 us (159.4% of baseline)
2025-11-25 10:46:20,636 - INFO - Candidate 198 time: 212.33 us (163.1% of baseline)
2025-11-25 10:46:20,636 - INFO - Candidate 215 time: 214.33 us (163.2% of baseline)
2025-11-25 10:46:20,636 - INFO - Candidate 172 time: 216.67 us (165.0% of baseline)
2025-11-25 10:46:20,636 - INFO - Candidate 196 time: 214.67 us (165.3% of baseline)
2025-11-25 10:46:20,636 - INFO - Candidate 127 time: 216.00 us (165.9% of baseline)
2025-11-25 10:46:20,636 - INFO - Candidate 88 time: 219.67 us (167.3% of baseline)
2025-11-25 10:46:20,636 - INFO - Candidate 260 time: 223.67 us (170.3% of baseline)
2025-11-25 10:46:20,636 - INFO - Candidate 223 time: 225.67 us (171.8% of baseline)
2025-11-25 10:46:20,636 - INFO - Candidate 31 time: 228.67 us (172.1% of baseline)
2025-11-25 10:46:20,636 - INFO - Candidate 340 time: 224.00 us (172.5% of baseline)
2025-11-25 10:46:20,636 - INFO - Candidate 289 time: 227.00 us (172.8% of baseline)
2025-11-25 10:46:20,636 - INFO - Candidate 341 time: 229.67 us (172.9% of baseline)
2025-11-25 10:46:20,636 - INFO - Candidate 184 time: 228.00 us (173.6% of baseline)
2025-11-25 10:46:20,636 - INFO - Candidate 179 time: 230.67 us (173.7% of baseline)
2025-11-25 10:46:20,636 - INFO - Candidate 306 time: 228.33 us (173.9% of baseline)
2025-11-25 10:46:20,636 - INFO - Candidate 100 time: 231.00 us (173.9% of baseline)
2025-11-25 10:46:20,636 - INFO - Candidate 105 time: 226.00 us (174.1% of baseline)
2025-11-25 10:46:20,636 - INFO - Candidate 78 time: 232.33 us (174.9% of baseline)
2025-11-25 10:46:20,636 - INFO - Candidate 316 time: 232.33 us (174.9% of baseline)
2025-11-25 10:46:20,636 - INFO - Candidate 9 time: 231.00 us (177.5% of baseline)
2025-11-25 10:46:20,637 - INFO - Candidate 32 time: 231.00 us (177.9% of baseline)
2025-11-25 10:46:20,637 - INFO - Candidate 132 time: 231.00 us (177.9% of baseline)
2025-11-25 10:46:20,637 - INFO - Candidate 233 time: 237.67 us (178.9% of baseline)
2025-11-25 10:46:20,637 - INFO - Candidate 156 time: 234.00 us (179.8% of baseline)
2025-11-25 10:46:20,637 - INFO - Candidate 278 time: 234.00 us (179.8% of baseline)
2025-11-25 10:46:20,637 - INFO - Candidate 118 time: 234.67 us (180.7% of baseline)
2025-11-25 10:46:20,637 - INFO - Candidate 288 time: 236.00 us (181.8% of baseline)
2025-11-25 10:46:20,637 - INFO - Candidate 239 time: 237.00 us (182.5% of baseline)
2025-11-25 10:46:20,637 - INFO - Candidate 276 time: 238.33 us (183.6% of baseline)
2025-11-25 10:46:20,637 - INFO - Candidate 169 time: 244.67 us (184.2% of baseline)
2025-11-25 10:46:20,637 - INFO - Candidate 34 time: 241.00 us (185.1% of baseline)
2025-11-25 10:46:20,637 - INFO - Candidate 314 time: 244.67 us (186.3% of baseline)
2025-11-25 10:46:20,637 - INFO - Candidate 332 time: 248.33 us (187.0% of baseline)
2025-11-25 10:46:20,637 - INFO - Candidate 301 time: 244.33 us (187.7% of baseline)
2025-11-25 10:46:20,637 - INFO - Candidate 227 time: 249.33 us (189.8% of baseline)
2025-11-25 10:46:20,637 - INFO - Candidate 151 time: 249.00 us (191.8% of baseline)
2025-11-25 10:46:20,637 - INFO - Candidate 3 time: 250.33 us (192.8% of baseline)
2025-11-25 10:46:20,637 - INFO - Candidate 80 time: 251.00 us (193.3% of baseline)
2025-11-25 10:46:20,637 - INFO - Candidate 199 time: 257.33 us (193.7% of baseline)
2025-11-25 10:46:20,637 - INFO - Candidate 45 time: 254.67 us (196.1% of baseline)
2025-11-25 10:46:20,638 - INFO - Candidate 167 time: 258.33 us (196.7% of baseline)
2025-11-25 10:46:20,638 - INFO - Candidate 237 time: 259.00 us (199.0% of baseline)
2025-11-25 10:46:20,638 - INFO - Candidate 39 time: 269.33 us (202.8% of baseline)
2025-11-25 10:46:20,638 - INFO - Candidate 44 time: 276.33 us (208.0% of baseline)
2025-11-25 10:46:20,638 - INFO - Candidate 116 time: 281.00 us (214.0% of baseline)
2025-11-25 10:46:20,638 - INFO - Candidate 2 time: 333.00 us (250.7% of baseline)
2025-11-25 10:46:20,638 - INFO - Candidate 150 time: 330.67 us (251.8% of baseline)
2025-11-25 10:46:20,638 - INFO - Candidate 343 time: 331.00 us (252.0% of baseline)
2025-11-25 10:46:20,638 - INFO - Candidate 183 time: 335.00 us (252.2% of baseline)
2025-11-25 10:46:20,638 - INFO - Candidate 91 time: 335.33 us (252.4% of baseline)
2025-11-25 10:46:20,638 - INFO - Candidate 152 time: 329.00 us (252.8% of baseline)
2025-11-25 10:46:20,638 - INFO - Candidate 335 time: 333.67 us (256.3% of baseline)
2025-11-25 10:46:20,638 - INFO - Candidate 17 time: 334.67 us (257.1% of baseline)
2025-11-25 10:46:20,638 - INFO - Candidate 141 time: 339.67 us (258.6% of baseline)
2025-11-25 10:46:20,638 - INFO - Candidate 111 time: 336.67 us (258.6% of baseline)
2025-11-25 10:46:20,638 - INFO - Candidate 114 time: 337.00 us (259.6% of baseline)
2025-11-25 10:46:20,638 - INFO - Candidate 212 time: 341.00 us (262.0% of baseline)
2025-11-25 10:46:20,638 - INFO - Candidate 26 time: 344.67 us (262.4% of baseline)
2025-11-25 10:46:20,638 - INFO - Candidate 310 time: 347.00 us (264.2% of baseline)
2025-11-25 10:46:20,639 - INFO - Candidate 140 time: 345.00 us (265.7% of baseline)
2025-11-25 10:46:20,639 - INFO - Candidate 194 time: 353.00 us (265.7% of baseline)
2025-11-25 10:46:20,639 - INFO - Candidate 13 time: 346.00 us (265.8% of baseline)
2025-11-25 10:46:20,639 - INFO - Candidate 54 time: 349.33 us (266.0% of baseline)
2025-11-25 10:46:20,639 - INFO - Candidate 257 time: 345.67 us (266.2% of baseline)
2025-11-25 10:46:20,639 - INFO - Candidate 333 time: 350.33 us (266.8% of baseline)
2025-11-25 10:46:20,639 - INFO - Candidate 110 time: 347.33 us (267.5% of baseline)
2025-11-25 10:46:20,639 - INFO - Candidate 67 time: 351.67 us (267.8% of baseline)
2025-11-25 10:46:20,639 - INFO - Candidate 213 time: 348.33 us (268.3% of baseline)
2025-11-25 10:46:20,639 - INFO - Candidate 33 time: 355.33 us (270.6% of baseline)
2025-11-25 10:46:20,639 - INFO - Candidate 243 time: 352.67 us (271.6% of baseline)
2025-11-25 10:46:20,639 - INFO - Candidate 135 time: 363.67 us (279.4% of baseline)
2025-11-25 10:46:20,639 - INFO - Candidate 191 time: 367.00 us (282.7% of baseline)
2025-11-25 10:46:20,639 - INFO - Candidate 163 time: 371.33 us (282.7% of baseline)
2025-11-25 10:46:20,639 - INFO - Candidate 246 time: 378.33 us (284.8% of baseline)
2025-11-25 10:46:20,639 - INFO - Candidate 207 time: 392.33 us (298.7% of baseline)
2025-11-25 10:46:20,639 - INFO - Candidate 302 time: 395.67 us (301.3% of baseline)
2025-11-25 10:46:20,639 - INFO - Candidate 64 time: 399.00 us (306.5% of baseline)
2025-11-25 10:46:20,639 - INFO - Candidate 174 time: 410.00 us (308.7% of baseline)
2025-11-25 10:46:20,639 - INFO - Candidate 52 time: 412.67 us (310.7% of baseline)
2025-11-25 10:46:20,640 - INFO - Candidate 339 time: 412.33 us (314.0% of baseline)
2025-11-25 10:46:20,640 - INFO - Candidate 63 time: 417.33 us (314.2% of baseline)
2025-11-25 10:46:20,640 - INFO - Candidate 104 time: 417.67 us (314.4% of baseline)
2025-11-25 10:46:20,640 - INFO - Candidate 226 time: 414.33 us (319.1% of baseline)
2025-11-25 10:46:20,640 - INFO - Candidate 75 time: 414.67 us (319.4% of baseline)
2025-11-25 10:46:20,640 - INFO - Candidate 303 time: 415.00 us (319.6% of baseline)
2025-11-25 10:46:20,640 - INFO - Candidate 85 time: 421.33 us (323.7% of baseline)
2025-11-25 10:46:20,640 - INFO - Candidate 285 time: 425.33 us (323.9% of baseline)
2025-11-25 10:46:20,640 - INFO - Candidate 286 time: 422.33 us (324.5% of baseline)
2025-11-25 10:46:20,640 - INFO - Candidate 20 time: 421.67 us (324.8% of baseline)
2025-11-25 10:46:20,640 - INFO - Candidate 128 time: 428.00 us (329.7% of baseline)
2025-11-25 10:46:20,640 - INFO - Candidate 315 time: 429.33 us (330.7% of baseline)
2025-11-25 10:46:20,640 - INFO - Candidate 4 time: 433.67 us (333.2% of baseline)
2025-11-25 10:46:20,640 - INFO - Candidate 21 time: 433.67 us (333.2% of baseline)
2025-11-25 10:46:20,640 - INFO - Candidate 236 time: 438.67 us (334.0% of baseline)
2025-11-25 10:46:20,640 - INFO - Candidate 186 time: 434.00 us (334.3% of baseline)
2025-11-25 10:46:20,640 - INFO - Candidate 123 time: 435.00 us (335.0% of baseline)
2025-11-25 10:46:20,640 - INFO - Candidate 311 time: 448.67 us (337.8% of baseline)
2025-11-25 10:46:20,640 - INFO - Candidate 256 time: 460.00 us (346.3% of baseline)
2025-11-25 10:46:20,640 - INFO - Candidate 161 time: 462.33 us (348.1% of baseline)
2025-11-25 10:46:20,641 - INFO - Candidate 180 time: 466.00 us (354.8% of baseline)
2025-11-25 10:46:20,641 - INFO - Candidate 125 time: 501.67 us (382.0% of baseline)
2025-11-25 10:46:20,641 - INFO - Candidate 228 time: 538.00 us (413.3% of baseline)
2025-11-25 10:46:20,641 - INFO - Candidate 280 time: 578.33 us (445.4% of baseline)
2025-11-25 10:46:20,641 - INFO - Candidate 296 time: 643.33 us (495.5% of baseline)
2025-11-25 10:46:20,641 - INFO - Candidate 177 time: 645.33 us (495.8% of baseline)
2025-11-25 10:46:20,641 - INFO - Candidate 254 time: 690.33 us (525.6% of baseline)
2025-11-25 10:46:20,641 - INFO - Candidate 330 time: 740.00 us (570.0% of baseline)
2025-11-25 10:46:20,641 - INFO - Candidate 235 time: 746.33 us (574.8% of baseline)
2025-11-25 10:46:20,641 - INFO - Candidate 59 time: 778.33 us (585.9% of baseline)
2025-11-25 10:46:20,641 - INFO - Candidate 94 time: 804.67 us (618.2% of baseline)
2025-11-25 10:46:20,641 - INFO - Candidate 274 time: 841.00 us (646.1% of baseline)
2025-11-25 10:46:20,641 - INFO - Candidate 143 time: 1100.00 us (845.1% of baseline)
2025-11-25 10:46:20,641 - INFO - Candidate 29 time: 1233.33 us (947.5% of baseline)
2025-11-25 10:46:20,641 - INFO - Candidate 245 time: 1366.67 us (1049.9% of baseline)
2025-11-25 10:46:20,641 - INFO - Candidate 138 time: 1460.00 us (1111.7% of baseline)
2025-11-25 10:46:20,641 - INFO - Candidate 277 time: 1496.67 us (1139.6% of baseline)
2025-11-25 10:46:20,641 - INFO - Candidate 79 time: 1503.33 us (1144.7% of baseline)
2025-11-25 10:46:20,641 - INFO - Candidate 275 time: 1543.33 us (1161.9% of baseline)
2025-11-25 10:46:20,642 - INFO - Candidate 99 time: 1590.00 us (1210.7% of baseline)
2025-11-25 10:46:20,642 - INFO - Candidate 337 time: 1616.67 us (1217.1% of baseline)
2025-11-25 10:46:20,642 - INFO - Candidate 40 time: 1756.67 us (1353.0% of baseline)
2025-11-25 10:46:20,642 - INFO - Candidate 49 time: 1880.00 us (1448.0% of baseline)
2025-11-25 10:46:20,642 - INFO - Candidate 190 time: 3600.00 us (2710.2% of baseline)
2025-11-25 10:46:20,642 - INFO - Candidate 106 time: 3950.00 us (3034.6% of baseline)
2025-11-25 10:46:20,642 - INFO - Candidate 42 time: 4996.67 us (3838.7% of baseline)
2025-11-25 10:46:20,642 - INFO - Candidate 50 time: 5720.00 us (4355.3% of baseline)
2025-11-25 10:46:20,642 - INFO - Top dispatch candidates: [299, 170, 171, 84, 153, 210, 225, 14, 160, 281, 73, 252, 68, 38, 197, 173, 18, 27, 7, 51, 185, 47, 287, 101, 96, 201, 187, 242, 284, 328, 178, 241, 293, 81, 77, 272, 193, 83, 291, 102, 15, 62, 70, 318, 119, 251, 121, 258, 181, 202, 192, 266, 147, 222, 95, 11, 16, 130, 115, 144, 334, 145, 159, 165, 157, 35, 148, 103, 126, 57, 1, 273, 322, 221, 117, 65, 182, 209, 176, 320, 6, 60, 309, 37, 90, 255, 248, 263, 271, 208, 22, 66, 216, 294, 24, 300, 297, 97, 36, 154, 168, 253, 232, 82, 10, 74, 220, 53, 25, 224, 87, 113, 19, 321, 312, 72, 304, 270, 200, 231, 71, 240, 230, 41, 92, 261, 283, 290, 342, 205, 129, 218, 133, 124, 162, 146, 295, 112, 211, 247, 307, 219, 23, 265, 142, 5, 109, 331, 89, 217, 98, 93, 134, 292, 61, 56, 305, 325, 28, 323, 319, 229, 214, 279, 317, 175, 189, 166, 329, 122, 238, 282, 308, 244, 155, 313, 264, 108, 139, 46, 12, 136, 259, 269, 188, 48, 206, 131, 137, 164, 298, 198, 215, 172, 196, 127, 88, 260, 223, 31, 340, 289, 341, 184, 179, 306, 100, 105, 78, 316, 9, 32, 132, 233, 156, 278, 118, 288, 239, 276, 169, 34, 314, 332, 301, 227, 151, 3, 80, 199, 45, 167, 237, 39, 44, 116, 2, 150, 343, 183, 91, 152, 335, 17, 141, 111, 114, 212, 26, 310, 140, 194, 13, 54, 257, 333, 110, 67, 213, 33, 243, 135, 191, 163, 246, 207, 302, 64, 174, 52, 339, 63, 104, 226, 75, 303, 85, 285, 286, 20, 128, 315, 4, 21, 236, 186, 123, 311, 256, 161, 180, 125, 228, 280, 296, 177, 254, 330, 235, 59, 94, 274, 143, 29, 245, 138, 277, 79, 275, 99, 337, 40, 49, 190, 106, 42, 50]
2025-11-25 10:46:20,642 - INFO - /home/amily/shark-ai/sharktuner/tuning_2025_11_25_10_41/candidates/specs/299_spec.mlir
2025-11-25 10:46:20,643 - INFO - /home/amily/shark-ai/sharktuner/tuning_2025_11_25_10_41/candidates/specs/170_spec.mlir
2025-11-25 10:46:20,643 - INFO - /home/amily/shark-ai/sharktuner/tuning_2025_11_25_10_41/candidates/specs/171_spec.mlir
2025-11-25 10:46:20,643 - INFO - /home/amily/shark-ai/sharktuner/tuning_2025_11_25_10_41/candidates/specs/84_spec.mlir
2025-11-25 10:46:20,643 - INFO - /home/amily/shark-ai/sharktuner/tuning_2025_11_25_10_41/candidates/specs/153_spec.mlir
2025-11-25 10:46:20,643 - INFO - /home/amily/shark-ai/sharktuner/tuning_2025_11_25_10_41/candidates/specs/210_spec.mlir
2025-11-25 10:46:20,643 - INFO - /home/amily/shark-ai/sharktuner/tuning_2025_11_25_10_41/candidates/specs/225_spec.mlir
2025-11-25 10:46:20,643 - INFO - /home/amily/shark-ai/sharktuner/tuning_2025_11_25_10_41/candidates/specs/14_spec.mlir
2025-11-25 10:46:20,643 - INFO - /home/amily/shark-ai/sharktuner/tuning_2025_11_25_10_41/candidates/specs/160_spec.mlir
2025-11-25 10:46:20,644 - INFO - /home/amily/shark-ai/sharktuner/tuning_2025_11_25_10_41/candidates/specs/281_spec.mlir
2025-11-25 10:46:20,644 - INFO - /home/amily/shark-ai/sharktuner/tuning_2025_11_25_10_41/candidates/specs/73_spec.mlir
2025-11-25 10:46:20,644 - INFO - /home/amily/shark-ai/sharktuner/tuning_2025_11_25_10_41/candidates/specs/252_spec.mlir
2025-11-25 10:46:20,644 - INFO - /home/amily/shark-ai/sharktuner/tuning_2025_11_25_10_41/candidates/specs/68_spec.mlir
2025-11-25 10:46:20,644 - INFO - /home/amily/shark-ai/sharktuner/tuning_2025_11_25_10_41/candidates/specs/38_spec.mlir
2025-11-25 10:46:20,644 - INFO - /home/amily/shark-ai/sharktuner/tuning_2025_11_25_10_41/candidates/specs/197_spec.mlir
2025-11-25 10:46:20,644 - INFO - /home/amily/shark-ai/sharktuner/tuning_2025_11_25_10_41/candidates/specs/173_spec.mlir
2025-11-25 10:46:20,644 - INFO - /home/amily/shark-ai/sharktuner/tuning_2025_11_25_10_41/candidates/specs/18_spec.mlir
2025-11-25 10:46:20,644 - INFO - /home/amily/shark-ai/sharktuner/tuning_2025_11_25_10_41/candidates/specs/27_spec.mlir
2025-11-25 10:46:20,644 - INFO - /home/amily/shark-ai/sharktuner/tuning_2025_11_25_10_41/candidates/specs/7_spec.mlir
2025-11-25 10:46:20,645 - INFO - /home/amily/shark-ai/sharktuner/tuning_2025_11_25_10_41/candidates/specs/51_spec.mlir
2025-11-25 10:46:20,645 - INFO - /home/amily/shark-ai/sharktuner/tuning_2025_11_25_10_41/candidates/specs/185_spec.mlir
2025-11-25 10:46:20,645 - INFO - /home/amily/shark-ai/sharktuner/tuning_2025_11_25_10_41/candidates/specs/47_spec.mlir
2025-11-25 10:46:20,645 - INFO - /home/amily/shark-ai/sharktuner/tuning_2025_11_25_10_41/candidates/specs/287_spec.mlir
2025-11-25 10:46:20,645 - INFO - /home/amily/shark-ai/sharktuner/tuning_2025_11_25_10_41/candidates/specs/101_spec.mlir
2025-11-25 10:46:20,645 - INFO - /home/amily/shark-ai/sharktuner/tuning_2025_11_25_10_41/candidates/specs/96_spec.mlir
2025-11-25 10:46:20,645 - INFO - /home/amily/shark-ai/sharktuner/tuning_2025_11_25_10_41/candidates/specs/201_spec.mlir
2025-11-25 10:46:20,645 - INFO - /home/amily/shark-ai/sharktuner/tuning_2025_11_25_10_41/candidates/specs/187_spec.mlir
2025-11-25 10:46:20,645 - INFO - /home/amily/shark-ai/sharktuner/tuning_2025_11_25_10_41/candidates/specs/242_spec.mlir
2025-11-25 10:46:20,646 - INFO - /home/amily/shark-ai/sharktuner/tuning_2025_11_25_10_41/candidates/specs/284_spec.mlir
2025-11-25 10:46:20,646 - INFO - /home/amily/shark-ai/sharktuner/tuning_2025_11_25_10_41/candidates/specs/328_spec.mlir
2025-11-25 10:46:20,646 - INFO - /home/amily/shark-ai/sharktuner/tuning_2025_11_25_10_41/candidates/specs/178_spec.mlir
2025-11-25 10:46:20,646 - INFO - /home/amily/shark-ai/sharktuner/tuning_2025_11_25_10_41/candidates/specs/241_spec.mlir
2025-11-25 10:46:20,646 - INFO - /home/amily/shark-ai/sharktuner/tuning_2025_11_25_10_41/candidates/specs/293_spec.mlir
2025-11-25 10:46:20,646 - INFO - /home/amily/shark-ai/sharktuner/tuning_2025_11_25_10_41/candidates/specs/81_spec.mlir
2025-11-25 10:46:20,646 - INFO - /home/amily/shark-ai/sharktuner/tuning_2025_11_25_10_41/candidates/specs/77_spec.mlir
2025-11-25 10:46:20,646 - INFO - /home/amily/shark-ai/sharktuner/tuning_2025_11_25_10_41/candidates/specs/272_spec.mlir
2025-11-25 10:46:20,646 - INFO - /home/amily/shark-ai/sharktuner/tuning_2025_11_25_10_41/candidates/specs/193_spec.mlir
2025-11-25 10:46:20,647 - INFO - /home/amily/shark-ai/sharktuner/tuning_2025_11_25_10_41/candidates/specs/83_spec.mlir
2025-11-25 10:46:20,647 - INFO - /home/amily/shark-ai/sharktuner/tuning_2025_11_25_10_41/candidates/specs/291_spec.mlir
2025-11-25 10:46:20,647 - INFO - /home/amily/shark-ai/sharktuner/tuning_2025_11_25_10_41/candidates/specs/102_spec.mlir
2025-11-25 10:46:20,647 - INFO - /home/amily/shark-ai/sharktuner/tuning_2025_11_25_10_41/candidates/specs/15_spec.mlir
2025-11-25 10:46:20,647 - INFO - /home/amily/shark-ai/sharktuner/tuning_2025_11_25_10_41/candidates/specs/62_spec.mlir
2025-11-25 10:46:20,647 - INFO - /home/amily/shark-ai/sharktuner/tuning_2025_11_25_10_41/candidates/specs/70_spec.mlir
2025-11-25 10:46:20,647 - INFO - /home/amily/shark-ai/sharktuner/tuning_2025_11_25_10_41/candidates/specs/318_spec.mlir
2025-11-25 10:46:20,647 - INFO - /home/amily/shark-ai/sharktuner/tuning_2025_11_25_10_41/candidates/specs/119_spec.mlir
2025-11-25 10:46:20,647 - INFO - /home/amily/shark-ai/sharktuner/tuning_2025_11_25_10_41/candidates/specs/251_spec.mlir
2025-11-25 10:46:20,647 - INFO - /home/amily/shark-ai/sharktuner/tuning_2025_11_25_10_41/candidates/specs/121_spec.mlir
2025-11-25 10:46:20,648 - INFO - /home/amily/shark-ai/sharktuner/tuning_2025_11_25_10_41/candidates/specs/258_spec.mlir
2025-11-25 10:46:20,648 - INFO - /home/amily/shark-ai/sharktuner/tuning_2025_11_25_10_41/candidates/specs/181_spec.mlir
2025-11-25 10:46:20,648 - INFO - /home/amily/shark-ai/sharktuner/tuning_2025_11_25_10_41/candidates/specs/202_spec.mlir
2025-11-25 10:46:20,648 - INFO - /home/amily/shark-ai/sharktuner/tuning_2025_11_25_10_41/candidates/specs/192_spec.mlir
2025-11-25 10:46:20,648 - INFO - /home/amily/shark-ai/sharktuner/tuning_2025_11_25_10_41/candidates/specs/266_spec.mlir
2025-11-25 10:46:20,648 - INFO - /home/amily/shark-ai/sharktuner/tuning_2025_11_25_10_41/candidates/specs/147_spec.mlir
2025-11-25 10:46:20,648 - INFO - /home/amily/shark-ai/sharktuner/tuning_2025_11_25_10_41/candidates/specs/222_spec.mlir
2025-11-25 10:46:20,648 - INFO - /home/amily/shark-ai/sharktuner/tuning_2025_11_25_10_41/candidates/specs/95_spec.mlir
2025-11-25 10:46:20,648 - INFO - /home/amily/shark-ai/sharktuner/tuning_2025_11_25_10_41/candidates/specs/11_spec.mlir
2025-11-25 10:46:20,649 - INFO - /home/amily/shark-ai/sharktuner/tuning_2025_11_25_10_41/candidates/specs/16_spec.mlir
2025-11-25 10:46:20,649 - INFO - /home/amily/shark-ai/sharktuner/tuning_2025_11_25_10_41/candidates/specs/130_spec.mlir
2025-11-25 10:46:20,649 - INFO - /home/amily/shark-ai/sharktuner/tuning_2025_11_25_10_41/candidates/specs/115_spec.mlir
2025-11-25 10:46:20,649 - INFO - /home/amily/shark-ai/sharktuner/tuning_2025_11_25_10_41/candidates/specs/144_spec.mlir
2025-11-25 10:46:20,649 - INFO - /home/amily/shark-ai/sharktuner/tuning_2025_11_25_10_41/candidates/specs/334_spec.mlir
2025-11-25 10:46:20,649 - INFO - /home/amily/shark-ai/sharktuner/tuning_2025_11_25_10_41/candidates/specs/145_spec.mlir
2025-11-25 10:46:20,649 - INFO - /home/amily/shark-ai/sharktuner/tuning_2025_11_25_10_41/candidates/specs/159_spec.mlir
2025-11-25 10:46:20,649 - INFO - /home/amily/shark-ai/sharktuner/tuning_2025_11_25_10_41/candidates/specs/165_spec.mlir
2025-11-25 10:46:20,649 - INFO - /home/amily/shark-ai/sharktuner/tuning_2025_11_25_10_41/candidates/specs/157_spec.mlir
2025-11-25 10:46:20,649 - INFO - /home/amily/shark-ai/sharktuner/tuning_2025_11_25_10_41/candidates/specs/35_spec.mlir
2025-11-25 10:46:20,650 - INFO - /home/amily/shark-ai/sharktuner/tuning_2025_11_25_10_41/candidates/specs/148_spec.mlir
2025-11-25 10:46:20,650 - INFO - /home/amily/shark-ai/sharktuner/tuning_2025_11_25_10_41/candidates/specs/103_spec.mlir
2025-11-25 10:46:20,650 - INFO - /home/amily/shark-ai/sharktuner/tuning_2025_11_25_10_41/candidates/specs/126_spec.mlir
2025-11-25 10:46:20,650 - INFO - /home/amily/shark-ai/sharktuner/tuning_2025_11_25_10_41/candidates/specs/57_spec.mlir
2025-11-25 10:46:20,650 - INFO - /home/amily/shark-ai/sharktuner/tuning_2025_11_25_10_41/candidates/specs/1_spec.mlir
2025-11-25 10:46:20,650 - INFO - /home/amily/shark-ai/sharktuner/tuning_2025_11_25_10_41/candidates/specs/273_spec.mlir
2025-11-25 10:46:20,650 - INFO - /home/amily/shark-ai/sharktuner/tuning_2025_11_25_10_41/candidates/specs/322_spec.mlir
2025-11-25 10:46:20,650 - INFO - /home/amily/shark-ai/sharktuner/tuning_2025_11_25_10_41/candidates/specs/221_spec.mlir
2025-11-25 10:46:20,650 - INFO - /home/amily/shark-ai/sharktuner/tuning_2025_11_25_10_41/candidates/specs/117_spec.mlir
2025-11-25 10:46:20,651 - INFO - /home/amily/shark-ai/sharktuner/tuning_2025_11_25_10_41/candidates/specs/65_spec.mlir
2025-11-25 10:46:20,651 - INFO - /home/amily/shark-ai/sharktuner/tuning_2025_11_25_10_41/candidates/specs/182_spec.mlir
2025-11-25 10:46:20,651 - INFO - /home/amily/shark-ai/sharktuner/tuning_2025_11_25_10_41/candidates/specs/209_spec.mlir
2025-11-25 10:46:20,651 - INFO - /home/amily/shark-ai/sharktuner/tuning_2025_11_25_10_41/candidates/specs/176_spec.mlir
2025-11-25 10:46:20,651 - INFO - /home/amily/shark-ai/sharktuner/tuning_2025_11_25_10_41/candidates/specs/320_spec.mlir
2025-11-25 10:46:20,651 - INFO - /home/amily/shark-ai/sharktuner/tuning_2025_11_25_10_41/candidates/specs/6_spec.mlir
2025-11-25 10:46:20,651 - INFO - /home/amily/shark-ai/sharktuner/tuning_2025_11_25_10_41/candidates/specs/60_spec.mlir
2025-11-25 10:46:20,651 - INFO - /home/amily/shark-ai/sharktuner/tuning_2025_11_25_10_41/candidates/specs/309_spec.mlir
2025-11-25 10:46:20,651 - INFO - /home/amily/shark-ai/sharktuner/tuning_2025_11_25_10_41/candidates/specs/37_spec.mlir
2025-11-25 10:46:20,651 - INFO - /home/amily/shark-ai/sharktuner/tuning_2025_11_25_10_41/candidates/specs/90_spec.mlir
2025-11-25 10:46:20,652 - INFO - /home/amily/shark-ai/sharktuner/tuning_2025_11_25_10_41/candidates/specs/255_spec.mlir
2025-11-25 10:46:20,652 - INFO - /home/amily/shark-ai/sharktuner/tuning_2025_11_25_10_41/candidates/specs/248_spec.mlir
2025-11-25 10:46:20,652 - INFO - /home/amily/shark-ai/sharktuner/tuning_2025_11_25_10_41/candidates/specs/263_spec.mlir
2025-11-25 10:46:20,652 - INFO - /home/amily/shark-ai/sharktuner/tuning_2025_11_25_10_41/candidates/specs/271_spec.mlir
2025-11-25 10:46:20,652 - INFO - /home/amily/shark-ai/sharktuner/tuning_2025_11_25_10_41/candidates/specs/208_spec.mlir
2025-11-25 10:46:20,652 - INFO - /home/amily/shark-ai/sharktuner/tuning_2025_11_25_10_41/candidates/specs/22_spec.mlir
2025-11-25 10:46:20,652 - INFO - /home/amily/shark-ai/sharktuner/tuning_2025_11_25_10_41/candidates/specs/66_spec.mlir
2025-11-25 10:46:20,652 - INFO - /home/amily/shark-ai/sharktuner/tuning_2025_11_25_10_41/candidates/specs/216_spec.mlir
2025-11-25 10:46:20,652 - INFO - /home/amily/shark-ai/sharktuner/tuning_2025_11_25_10_41/candidates/specs/294_spec.mlir
2025-11-25 10:46:20,653 - INFO - /home/amily/shark-ai/sharktuner/tuning_2025_11_25_10_41/candidates/specs/24_spec.mlir
2025-11-25 10:46:20,653 - INFO - /home/amily/shark-ai/sharktuner/tuning_2025_11_25_10_41/candidates/specs/300_spec.mlir
2025-11-25 10:46:20,653 - INFO - /home/amily/shark-ai/sharktuner/tuning_2025_11_25_10_41/candidates/specs/297_spec.mlir
2025-11-25 10:46:20,653 - INFO - /home/amily/shark-ai/sharktuner/tuning_2025_11_25_10_41/candidates/specs/97_spec.mlir
2025-11-25 10:46:20,653 - INFO - /home/amily/shark-ai/sharktuner/tuning_2025_11_25_10_41/candidates/specs/36_spec.mlir
2025-11-25 10:46:20,653 - INFO - /home/amily/shark-ai/sharktuner/tuning_2025_11_25_10_41/candidates/specs/154_spec.mlir
2025-11-25 10:46:20,653 - INFO - /home/amily/shark-ai/sharktuner/tuning_2025_11_25_10_41/candidates/specs/168_spec.mlir
2025-11-25 10:46:20,653 - INFO - /home/amily/shark-ai/sharktuner/tuning_2025_11_25_10_41/candidates/specs/253_spec.mlir
2025-11-25 10:46:20,653 - INFO - /home/amily/shark-ai/sharktuner/tuning_2025_11_25_10_41/candidates/specs/232_spec.mlir
2025-11-25 10:46:20,653 - INFO - /home/amily/shark-ai/sharktuner/tuning_2025_11_25_10_41/candidates/specs/82_spec.mlir
2025-11-25 10:46:20,654 - INFO - /home/amily/shark-ai/sharktuner/tuning_2025_11_25_10_41/candidates/specs/10_spec.mlir
2025-11-25 10:46:20,654 - INFO - /home/amily/shark-ai/sharktuner/tuning_2025_11_25_10_41/candidates/specs/74_spec.mlir
2025-11-25 10:46:20,654 - INFO - /home/amily/shark-ai/sharktuner/tuning_2025_11_25_10_41/candidates/specs/220_spec.mlir
2025-11-25 10:46:20,654 - INFO - /home/amily/shark-ai/sharktuner/tuning_2025_11_25_10_41/candidates/specs/53_spec.mlir
2025-11-25 10:46:20,654 - INFO - /home/amily/shark-ai/sharktuner/tuning_2025_11_25_10_41/candidates/specs/25_spec.mlir
2025-11-25 10:46:20,654 - INFO - /home/amily/shark-ai/sharktuner/tuning_2025_11_25_10_41/candidates/specs/224_spec.mlir
2025-11-25 10:46:20,654 - INFO - /home/amily/shark-ai/sharktuner/tuning_2025_11_25_10_41/candidates/specs/87_spec.mlir
2025-11-25 10:46:20,654 - INFO - /home/amily/shark-ai/sharktuner/tuning_2025_11_25_10_41/candidates/specs/113_spec.mlir
2025-11-25 10:46:20,654 - INFO - /home/amily/shark-ai/sharktuner/tuning_2025_11_25_10_41/candidates/specs/19_spec.mlir
2025-11-25 10:46:20,655 - INFO - /home/amily/shark-ai/sharktuner/tuning_2025_11_25_10_41/candidates/specs/321_spec.mlir
2025-11-25 10:46:20,655 - INFO - /home/amily/shark-ai/sharktuner/tuning_2025_11_25_10_41/candidates/specs/312_spec.mlir
2025-11-25 10:46:20,655 - INFO - /home/amily/shark-ai/sharktuner/tuning_2025_11_25_10_41/candidates/specs/72_spec.mlir
2025-11-25 10:46:20,655 - INFO - /home/amily/shark-ai/sharktuner/tuning_2025_11_25_10_41/candidates/specs/304_spec.mlir
2025-11-25 10:46:20,655 - INFO - /home/amily/shark-ai/sharktuner/tuning_2025_11_25_10_41/candidates/specs/270_spec.mlir
2025-11-25 10:46:20,655 - INFO - /home/amily/shark-ai/sharktuner/tuning_2025_11_25_10_41/candidates/specs/200_spec.mlir
2025-11-25 10:46:20,655 - INFO - /home/amily/shark-ai/sharktuner/tuning_2025_11_25_10_41/candidates/specs/231_spec.mlir
2025-11-25 10:46:20,655 - INFO - /home/amily/shark-ai/sharktuner/tuning_2025_11_25_10_41/candidates/specs/71_spec.mlir
2025-11-25 10:46:20,655 - INFO - /home/amily/shark-ai/sharktuner/tuning_2025_11_25_10_41/candidates/specs/240_spec.mlir
2025-11-25 10:46:20,656 - INFO - /home/amily/shark-ai/sharktuner/tuning_2025_11_25_10_41/candidates/specs/230_spec.mlir
2025-11-25 10:46:20,656 - INFO - /home/amily/shark-ai/sharktuner/tuning_2025_11_25_10_41/candidates/specs/41_spec.mlir
2025-11-25 10:46:20,656 - INFO - /home/amily/shark-ai/sharktuner/tuning_2025_11_25_10_41/candidates/specs/92_spec.mlir
2025-11-25 10:46:20,656 - INFO - /home/amily/shark-ai/sharktuner/tuning_2025_11_25_10_41/candidates/specs/261_spec.mlir
2025-11-25 10:46:20,656 - INFO - /home/amily/shark-ai/sharktuner/tuning_2025_11_25_10_41/candidates/specs/283_spec.mlir
2025-11-25 10:46:20,656 - INFO - /home/amily/shark-ai/sharktuner/tuning_2025_11_25_10_41/candidates/specs/290_spec.mlir
2025-11-25 10:46:20,656 - INFO - /home/amily/shark-ai/sharktuner/tuning_2025_11_25_10_41/candidates/specs/342_spec.mlir
2025-11-25 10:46:20,656 - INFO - /home/amily/shark-ai/sharktuner/tuning_2025_11_25_10_41/candidates/specs/205_spec.mlir
2025-11-25 10:46:20,656 - INFO - /home/amily/shark-ai/sharktuner/tuning_2025_11_25_10_41/candidates/specs/129_spec.mlir
2025-11-25 10:46:20,656 - INFO - /home/amily/shark-ai/sharktuner/tuning_2025_11_25_10_41/candidates/specs/218_spec.mlir
2025-11-25 10:46:20,657 - INFO - /home/amily/shark-ai/sharktuner/tuning_2025_11_25_10_41/candidates/specs/133_spec.mlir
2025-11-25 10:46:20,657 - INFO - /home/amily/shark-ai/sharktuner/tuning_2025_11_25_10_41/candidates/specs/124_spec.mlir
2025-11-25 10:46:20,657 - INFO - /home/amily/shark-ai/sharktuner/tuning_2025_11_25_10_41/candidates/specs/162_spec.mlir
2025-11-25 10:46:20,657 - INFO - /home/amily/shark-ai/sharktuner/tuning_2025_11_25_10_41/candidates/specs/146_spec.mlir
2025-11-25 10:46:20,657 - INFO - /home/amily/shark-ai/sharktuner/tuning_2025_11_25_10_41/candidates/specs/295_spec.mlir
2025-11-25 10:46:20,657 - INFO - /home/amily/shark-ai/sharktuner/tuning_2025_11_25_10_41/candidates/specs/112_spec.mlir
2025-11-25 10:46:20,657 - INFO - /home/amily/shark-ai/sharktuner/tuning_2025_11_25_10_41/candidates/specs/211_spec.mlir
2025-11-25 10:46:20,657 - INFO - /home/amily/shark-ai/sharktuner/tuning_2025_11_25_10_41/candidates/specs/247_spec.mlir
2025-11-25 10:46:20,657 - INFO - /home/amily/shark-ai/sharktuner/tuning_2025_11_25_10_41/candidates/specs/307_spec.mlir
2025-11-25 10:46:20,657 - INFO - /home/amily/shark-ai/sharktuner/tuning_2025_11_25_10_41/candidates/specs/219_spec.mlir
2025-11-25 10:46:20,658 - INFO - /home/amily/shark-ai/sharktuner/tuning_2025_11_25_10_41/candidates/specs/23_spec.mlir
2025-11-25 10:46:20,658 - INFO - /home/amily/shark-ai/sharktuner/tuning_2025_11_25_10_41/candidates/specs/265_spec.mlir
2025-11-25 10:46:20,658 - INFO - /home/amily/shark-ai/sharktuner/tuning_2025_11_25_10_41/candidates/specs/142_spec.mlir
2025-11-25 10:46:20,658 - INFO - /home/amily/shark-ai/sharktuner/tuning_2025_11_25_10_41/candidates/specs/5_spec.mlir
2025-11-25 10:46:20,658 - INFO - /home/amily/shark-ai/sharktuner/tuning_2025_11_25_10_41/candidates/specs/109_spec.mlir
2025-11-25 10:46:20,658 - INFO - /home/amily/shark-ai/sharktuner/tuning_2025_11_25_10_41/candidates/specs/331_spec.mlir
2025-11-25 10:46:20,658 - INFO - /home/amily/shark-ai/sharktuner/tuning_2025_11_25_10_41/candidates/specs/89_spec.mlir
2025-11-25 10:46:20,658 - INFO - /home/amily/shark-ai/sharktuner/tuning_2025_11_25_10_41/candidates/specs/217_spec.mlir
2025-11-25 10:46:20,658 - INFO - /home/amily/shark-ai/sharktuner/tuning_2025_11_25_10_41/candidates/specs/98_spec.mlir
2025-11-25 10:46:20,659 - INFO - /home/amily/shark-ai/sharktuner/tuning_2025_11_25_10_41/candidates/specs/93_spec.mlir
2025-11-25 10:46:20,659 - INFO - /home/amily/shark-ai/sharktuner/tuning_2025_11_25_10_41/candidates/specs/134_spec.mlir
2025-11-25 10:46:20,659 - INFO - /home/amily/shark-ai/sharktuner/tuning_2025_11_25_10_41/candidates/specs/292_spec.mlir
2025-11-25 10:46:20,659 - INFO - /home/amily/shark-ai/sharktuner/tuning_2025_11_25_10_41/candidates/specs/61_spec.mlir
2025-11-25 10:46:20,659 - INFO - /home/amily/shark-ai/sharktuner/tuning_2025_11_25_10_41/candidates/specs/56_spec.mlir
2025-11-25 10:46:20,659 - INFO - /home/amily/shark-ai/sharktuner/tuning_2025_11_25_10_41/candidates/specs/305_spec.mlir
2025-11-25 10:46:20,659 - INFO - /home/amily/shark-ai/sharktuner/tuning_2025_11_25_10_41/candidates/specs/325_spec.mlir
2025-11-25 10:46:20,659 - INFO - /home/amily/shark-ai/sharktuner/tuning_2025_11_25_10_41/candidates/specs/28_spec.mlir
2025-11-25 10:46:20,659 - INFO - /home/amily/shark-ai/sharktuner/tuning_2025_11_25_10_41/candidates/specs/323_spec.mlir
2025-11-25 10:46:20,659 - INFO - /home/amily/shark-ai/sharktuner/tuning_2025_11_25_10_41/candidates/specs/319_spec.mlir
2025-11-25 10:46:20,660 - INFO - /home/amily/shark-ai/sharktuner/tuning_2025_11_25_10_41/candidates/specs/229_spec.mlir
2025-11-25 10:46:20,660 - INFO - /home/amily/shark-ai/sharktuner/tuning_2025_11_25_10_41/candidates/specs/214_spec.mlir
2025-11-25 10:46:20,660 - INFO - /home/amily/shark-ai/sharktuner/tuning_2025_11_25_10_41/candidates/specs/279_spec.mlir
2025-11-25 10:46:20,660 - INFO - /home/amily/shark-ai/sharktuner/tuning_2025_11_25_10_41/candidates/specs/317_spec.mlir
2025-11-25 10:46:20,660 - INFO - /home/amily/shark-ai/sharktuner/tuning_2025_11_25_10_41/candidates/specs/175_spec.mlir
2025-11-25 10:46:20,660 - INFO - /home/amily/shark-ai/sharktuner/tuning_2025_11_25_10_41/candidates/specs/189_spec.mlir
2025-11-25 10:46:20,660 - INFO - /home/amily/shark-ai/sharktuner/tuning_2025_11_25_10_41/candidates/specs/166_spec.mlir
2025-11-25 10:46:20,660 - INFO - /home/amily/shark-ai/sharktuner/tuning_2025_11_25_10_41/candidates/specs/329_spec.mlir
2025-11-25 10:46:20,660 - INFO - /home/amily/shark-ai/sharktuner/tuning_2025_11_25_10_41/candidates/specs/122_spec.mlir
2025-11-25 10:46:20,661 - INFO - /home/amily/shark-ai/sharktuner/tuning_2025_11_25_10_41/candidates/specs/238_spec.mlir
2025-11-25 10:46:20,661 - INFO - /home/amily/shark-ai/sharktuner/tuning_2025_11_25_10_41/candidates/specs/282_spec.mlir
2025-11-25 10:46:20,661 - INFO - /home/amily/shark-ai/sharktuner/tuning_2025_11_25_10_41/candidates/specs/308_spec.mlir
2025-11-25 10:46:20,661 - INFO - /home/amily/shark-ai/sharktuner/tuning_2025_11_25_10_41/candidates/specs/244_spec.mlir
2025-11-25 10:46:20,661 - INFO - /home/amily/shark-ai/sharktuner/tuning_2025_11_25_10_41/candidates/specs/155_spec.mlir
2025-11-25 10:46:20,661 - INFO - /home/amily/shark-ai/sharktuner/tuning_2025_11_25_10_41/candidates/specs/313_spec.mlir
2025-11-25 10:46:20,661 - INFO - /home/amily/shark-ai/sharktuner/tuning_2025_11_25_10_41/candidates/specs/264_spec.mlir
2025-11-25 10:46:20,661 - INFO - /home/amily/shark-ai/sharktuner/tuning_2025_11_25_10_41/candidates/specs/108_spec.mlir
2025-11-25 10:46:20,661 - INFO - /home/amily/shark-ai/sharktuner/tuning_2025_11_25_10_41/candidates/specs/139_spec.mlir
2025-11-25 10:46:20,661 - INFO - /home/amily/shark-ai/sharktuner/tuning_2025_11_25_10_41/candidates/specs/46_spec.mlir
2025-11-25 10:46:20,662 - INFO - /home/amily/shark-ai/sharktuner/tuning_2025_11_25_10_41/candidates/specs/12_spec.mlir
2025-11-25 10:46:20,662 - INFO - /home/amily/shark-ai/sharktuner/tuning_2025_11_25_10_41/candidates/specs/136_spec.mlir
2025-11-25 10:46:20,662 - INFO - /home/amily/shark-ai/sharktuner/tuning_2025_11_25_10_41/candidates/specs/259_spec.mlir
2025-11-25 10:46:20,662 - INFO - /home/amily/shark-ai/sharktuner/tuning_2025_11_25_10_41/candidates/specs/269_spec.mlir
2025-11-25 10:46:20,662 - INFO - /home/amily/shark-ai/sharktuner/tuning_2025_11_25_10_41/candidates/specs/188_spec.mlir
2025-11-25 10:46:20,662 - INFO - /home/amily/shark-ai/sharktuner/tuning_2025_11_25_10_41/candidates/specs/48_spec.mlir
2025-11-25 10:46:20,662 - INFO - /home/amily/shark-ai/sharktuner/tuning_2025_11_25_10_41/candidates/specs/206_spec.mlir
2025-11-25 10:46:20,662 - INFO - /home/amily/shark-ai/sharktuner/tuning_2025_11_25_10_41/candidates/specs/131_spec.mlir
2025-11-25 10:46:20,662 - INFO - /home/amily/shark-ai/sharktuner/tuning_2025_11_25_10_41/candidates/specs/137_spec.mlir
2025-11-25 10:46:20,663 - INFO - /home/amily/shark-ai/sharktuner/tuning_2025_11_25_10_41/candidates/specs/164_spec.mlir
2025-11-25 10:46:20,663 - INFO - /home/amily/shark-ai/sharktuner/tuning_2025_11_25_10_41/candidates/specs/298_spec.mlir
2025-11-25 10:46:20,663 - INFO - /home/amily/shark-ai/sharktuner/tuning_2025_11_25_10_41/candidates/specs/198_spec.mlir
2025-11-25 10:46:20,663 - INFO - /home/amily/shark-ai/sharktuner/tuning_2025_11_25_10_41/candidates/specs/215_spec.mlir
2025-11-25 10:46:20,663 - INFO - /home/amily/shark-ai/sharktuner/tuning_2025_11_25_10_41/candidates/specs/172_spec.mlir
2025-11-25 10:46:20,663 - INFO - /home/amily/shark-ai/sharktuner/tuning_2025_11_25_10_41/candidates/specs/196_spec.mlir
2025-11-25 10:46:20,663 - INFO - /home/amily/shark-ai/sharktuner/tuning_2025_11_25_10_41/candidates/specs/127_spec.mlir
2025-11-25 10:46:20,663 - INFO - /home/amily/shark-ai/sharktuner/tuning_2025_11_25_10_41/candidates/specs/88_spec.mlir
2025-11-25 10:46:20,663 - INFO - /home/amily/shark-ai/sharktuner/tuning_2025_11_25_10_41/candidates/specs/260_spec.mlir
2025-11-25 10:46:20,663 - INFO - /home/amily/shark-ai/sharktuner/tuning_2025_11_25_10_41/candidates/specs/223_spec.mlir
2025-11-25 10:46:20,664 - INFO - /home/amily/shark-ai/sharktuner/tuning_2025_11_25_10_41/candidates/specs/31_spec.mlir
2025-11-25 10:46:20,664 - INFO - /home/amily/shark-ai/sharktuner/tuning_2025_11_25_10_41/candidates/specs/340_spec.mlir
2025-11-25 10:46:20,664 - INFO - /home/amily/shark-ai/sharktuner/tuning_2025_11_25_10_41/candidates/specs/289_spec.mlir
2025-11-25 10:46:20,664 - INFO - /home/amily/shark-ai/sharktuner/tuning_2025_11_25_10_41/candidates/specs/341_spec.mlir
2025-11-25 10:46:20,664 - INFO - /home/amily/shark-ai/sharktuner/tuning_2025_11_25_10_41/candidates/specs/184_spec.mlir
2025-11-25 10:46:20,664 - INFO - /home/amily/shark-ai/sharktuner/tuning_2025_11_25_10_41/candidates/specs/179_spec.mlir
2025-11-25 10:46:20,664 - INFO - /home/amily/shark-ai/sharktuner/tuning_2025_11_25_10_41/candidates/specs/306_spec.mlir
2025-11-25 10:46:20,664 - INFO - /home/amily/shark-ai/sharktuner/tuning_2025_11_25_10_41/candidates/specs/100_spec.mlir
2025-11-25 10:46:20,664 - INFO - /home/amily/shark-ai/sharktuner/tuning_2025_11_25_10_41/candidates/specs/105_spec.mlir
2025-11-25 10:46:20,664 - INFO - /home/amily/shark-ai/sharktuner/tuning_2025_11_25_10_41/candidates/specs/78_spec.mlir
2025-11-25 10:46:20,665 - INFO - /home/amily/shark-ai/sharktuner/tuning_2025_11_25_10_41/candidates/specs/316_spec.mlir
2025-11-25 10:46:20,665 - INFO - /home/amily/shark-ai/sharktuner/tuning_2025_11_25_10_41/candidates/specs/9_spec.mlir
2025-11-25 10:46:20,665 - INFO - /home/amily/shark-ai/sharktuner/tuning_2025_11_25_10_41/candidates/specs/32_spec.mlir
2025-11-25 10:46:20,665 - INFO - /home/amily/shark-ai/sharktuner/tuning_2025_11_25_10_41/candidates/specs/132_spec.mlir
2025-11-25 10:46:20,665 - INFO - /home/amily/shark-ai/sharktuner/tuning_2025_11_25_10_41/candidates/specs/233_spec.mlir
2025-11-25 10:46:20,665 - INFO - /home/amily/shark-ai/sharktuner/tuning_2025_11_25_10_41/candidates/specs/156_spec.mlir
2025-11-25 10:46:20,665 - INFO - /home/amily/shark-ai/sharktuner/tuning_2025_11_25_10_41/candidates/specs/278_spec.mlir
2025-11-25 10:46:20,665 - INFO - /home/amily/shark-ai/sharktuner/tuning_2025_11_25_10_41/candidates/specs/118_spec.mlir
2025-11-25 10:46:20,665 - INFO - /home/amily/shark-ai/sharktuner/tuning_2025_11_25_10_41/candidates/specs/288_spec.mlir
2025-11-25 10:46:20,666 - INFO - /home/amily/shark-ai/sharktuner/tuning_2025_11_25_10_41/candidates/specs/239_spec.mlir
2025-11-25 10:46:20,666 - INFO - /home/amily/shark-ai/sharktuner/tuning_2025_11_25_10_41/candidates/specs/276_spec.mlir
2025-11-25 10:46:20,666 - INFO - /home/amily/shark-ai/sharktuner/tuning_2025_11_25_10_41/candidates/specs/169_spec.mlir
2025-11-25 10:46:20,666 - INFO - /home/amily/shark-ai/sharktuner/tuning_2025_11_25_10_41/candidates/specs/34_spec.mlir
2025-11-25 10:46:20,666 - INFO - /home/amily/shark-ai/sharktuner/tuning_2025_11_25_10_41/candidates/specs/314_spec.mlir
2025-11-25 10:46:20,666 - INFO - /home/amily/shark-ai/sharktuner/tuning_2025_11_25_10_41/candidates/specs/332_spec.mlir
2025-11-25 10:46:20,666 - INFO - /home/amily/shark-ai/sharktuner/tuning_2025_11_25_10_41/candidates/specs/301_spec.mlir
2025-11-25 10:46:20,666 - INFO - /home/amily/shark-ai/sharktuner/tuning_2025_11_25_10_41/candidates/specs/227_spec.mlir
2025-11-25 10:46:20,666 - INFO - /home/amily/shark-ai/sharktuner/tuning_2025_11_25_10_41/candidates/specs/151_spec.mlir
2025-11-25 10:46:20,666 - INFO - /home/amily/shark-ai/sharktuner/tuning_2025_11_25_10_41/candidates/specs/3_spec.mlir
2025-11-25 10:46:20,667 - INFO - /home/amily/shark-ai/sharktuner/tuning_2025_11_25_10_41/candidates/specs/80_spec.mlir
2025-11-25 10:46:20,667 - INFO - /home/amily/shark-ai/sharktuner/tuning_2025_11_25_10_41/candidates/specs/199_spec.mlir
2025-11-25 10:46:20,667 - INFO - /home/amily/shark-ai/sharktuner/tuning_2025_11_25_10_41/candidates/specs/45_spec.mlir
2025-11-25 10:46:20,667 - INFO - /home/amily/shark-ai/sharktuner/tuning_2025_11_25_10_41/candidates/specs/167_spec.mlir
2025-11-25 10:46:20,667 - INFO - /home/amily/shark-ai/sharktuner/tuning_2025_11_25_10_41/candidates/specs/237_spec.mlir
2025-11-25 10:46:20,667 - INFO - /home/amily/shark-ai/sharktuner/tuning_2025_11_25_10_41/candidates/specs/39_spec.mlir
2025-11-25 10:46:20,667 - INFO - /home/amily/shark-ai/sharktuner/tuning_2025_11_25_10_41/candidates/specs/44_spec.mlir
2025-11-25 10:46:20,667 - INFO - /home/amily/shark-ai/sharktuner/tuning_2025_11_25_10_41/candidates/specs/116_spec.mlir
2025-11-25 10:46:20,667 - INFO - /home/amily/shark-ai/sharktuner/tuning_2025_11_25_10_41/candidates/specs/2_spec.mlir
2025-11-25 10:46:20,667 - INFO - /home/amily/shark-ai/sharktuner/tuning_2025_11_25_10_41/candidates/specs/150_spec.mlir
2025-11-25 10:46:20,667 - INFO - /home/amily/shark-ai/sharktuner/tuning_2025_11_25_10_41/candidates/specs/343_spec.mlir
2025-11-25 10:46:20,667 - INFO - /home/amily/shark-ai/sharktuner/tuning_2025_11_25_10_41/candidates/specs/183_spec.mlir
2025-11-25 10:46:20,667 - INFO - /home/amily/shark-ai/sharktuner/tuning_2025_11_25_10_41/candidates/specs/91_spec.mlir
2025-11-25 10:46:20,667 - INFO - /home/amily/shark-ai/sharktuner/tuning_2025_11_25_10_41/candidates/specs/152_spec.mlir
2025-11-25 10:46:20,668 - INFO - /home/amily/shark-ai/sharktuner/tuning_2025_11_25_10_41/candidates/specs/335_spec.mlir
2025-11-25 10:46:20,668 - INFO - /home/amily/shark-ai/sharktuner/tuning_2025_11_25_10_41/candidates/specs/17_spec.mlir
2025-11-25 10:46:20,668 - INFO - /home/amily/shark-ai/sharktuner/tuning_2025_11_25_10_41/candidates/specs/141_spec.mlir
2025-11-25 10:46:20,668 - INFO - /home/amily/shark-ai/sharktuner/tuning_2025_11_25_10_41/candidates/specs/111_spec.mlir
2025-11-25 10:46:20,668 - INFO - /home/amily/shark-ai/sharktuner/tuning_2025_11_25_10_41/candidates/specs/114_spec.mlir
2025-11-25 10:46:20,668 - INFO - /home/amily/shark-ai/sharktuner/tuning_2025_11_25_10_41/candidates/specs/212_spec.mlir
2025-11-25 10:46:20,668 - INFO - /home/amily/shark-ai/sharktuner/tuning_2025_11_25_10_41/candidates/specs/26_spec.mlir
2025-11-25 10:46:20,668 - INFO - /home/amily/shark-ai/sharktuner/tuning_2025_11_25_10_41/candidates/specs/310_spec.mlir
2025-11-25 10:46:20,668 - INFO - /home/amily/shark-ai/sharktuner/tuning_2025_11_25_10_41/candidates/specs/140_spec.mlir
2025-11-25 10:46:20,668 - INFO - /home/amily/shark-ai/sharktuner/tuning_2025_11_25_10_41/candidates/specs/194_spec.mlir
2025-11-25 10:46:20,668 - INFO - /home/amily/shark-ai/sharktuner/tuning_2025_11_25_10_41/candidates/specs/13_spec.mlir
2025-11-25 10:46:20,668 - INFO - /home/amily/shark-ai/sharktuner/tuning_2025_11_25_10_41/candidates/specs/54_spec.mlir
2025-11-25 10:46:20,668 - INFO - /home/amily/shark-ai/sharktuner/tuning_2025_11_25_10_41/candidates/specs/257_spec.mlir
2025-11-25 10:46:20,668 - INFO - /home/amily/shark-ai/sharktuner/tuning_2025_11_25_10_41/candidates/specs/333_spec.mlir
2025-11-25 10:46:20,669 - INFO - /home/amily/shark-ai/sharktuner/tuning_2025_11_25_10_41/candidates/specs/110_spec.mlir
2025-11-25 10:46:20,669 - INFO - /home/amily/shark-ai/sharktuner/tuning_2025_11_25_10_41/candidates/specs/67_spec.mlir
2025-11-25 10:46:20,669 - INFO - /home/amily/shark-ai/sharktuner/tuning_2025_11_25_10_41/candidates/specs/213_spec.mlir
2025-11-25 10:46:20,669 - INFO - /home/amily/shark-ai/sharktuner/tuning_2025_11_25_10_41/candidates/specs/33_spec.mlir
2025-11-25 10:46:20,669 - INFO - /home/amily/shark-ai/sharktuner/tuning_2025_11_25_10_41/candidates/specs/243_spec.mlir
2025-11-25 10:46:20,669 - INFO - /home/amily/shark-ai/sharktuner/tuning_2025_11_25_10_41/candidates/specs/135_spec.mlir
2025-11-25 10:46:20,669 - INFO - /home/amily/shark-ai/sharktuner/tuning_2025_11_25_10_41/candidates/specs/191_spec.mlir
2025-11-25 10:46:20,669 - INFO - /home/amily/shark-ai/sharktuner/tuning_2025_11_25_10_41/candidates/specs/163_spec.mlir
2025-11-25 10:46:20,669 - INFO - /home/amily/shark-ai/sharktuner/tuning_2025_11_25_10_41/candidates/specs/246_spec.mlir
2025-11-25 10:46:20,669 - INFO - /home/amily/shark-ai/sharktuner/tuning_2025_11_25_10_41/candidates/specs/207_spec.mlir
2025-11-25 10:46:20,669 - INFO - /home/amily/shark-ai/sharktuner/tuning_2025_11_25_10_41/candidates/specs/302_spec.mlir
2025-11-25 10:46:20,669 - INFO - /home/amily/shark-ai/sharktuner/tuning_2025_11_25_10_41/candidates/specs/64_spec.mlir
2025-11-25 10:46:20,669 - INFO - /home/amily/shark-ai/sharktuner/tuning_2025_11_25_10_41/candidates/specs/174_spec.mlir
2025-11-25 10:46:20,670 - INFO - /home/amily/shark-ai/sharktuner/tuning_2025_11_25_10_41/candidates/specs/52_spec.mlir
2025-11-25 10:46:20,670 - INFO - /home/amily/shark-ai/sharktuner/tuning_2025_11_25_10_41/candidates/specs/339_spec.mlir
2025-11-25 10:46:20,670 - INFO - /home/amily/shark-ai/sharktuner/tuning_2025_11_25_10_41/candidates/specs/63_spec.mlir
2025-11-25 10:46:20,670 - INFO - /home/amily/shark-ai/sharktuner/tuning_2025_11_25_10_41/candidates/specs/104_spec.mlir
2025-11-25 10:46:20,670 - INFO - /home/amily/shark-ai/sharktuner/tuning_2025_11_25_10_41/candidates/specs/226_spec.mlir
2025-11-25 10:46:20,670 - INFO - /home/amily/shark-ai/sharktuner/tuning_2025_11_25_10_41/candidates/specs/75_spec.mlir
2025-11-25 10:46:20,670 - INFO - /home/amily/shark-ai/sharktuner/tuning_2025_11_25_10_41/candidates/specs/303_spec.mlir
2025-11-25 10:46:20,670 - INFO - /home/amily/shark-ai/sharktuner/tuning_2025_11_25_10_41/candidates/specs/85_spec.mlir
2025-11-25 10:46:20,670 - INFO - /home/amily/shark-ai/sharktuner/tuning_2025_11_25_10_41/candidates/specs/285_spec.mlir
2025-11-25 10:46:20,670 - INFO - /home/amily/shark-ai/sharktuner/tuning_2025_11_25_10_41/candidates/specs/286_spec.mlir
2025-11-25 10:46:20,670 - INFO - /home/amily/shark-ai/sharktuner/tuning_2025_11_25_10_41/candidates/specs/20_spec.mlir
2025-11-25 10:46:20,670 - INFO - /home/amily/shark-ai/sharktuner/tuning_2025_11_25_10_41/candidates/specs/128_spec.mlir
2025-11-25 10:46:20,670 - INFO - /home/amily/shark-ai/sharktuner/tuning_2025_11_25_10_41/candidates/specs/315_spec.mlir
2025-11-25 10:46:20,670 - INFO - /home/amily/shark-ai/sharktuner/tuning_2025_11_25_10_41/candidates/specs/4_spec.mlir
2025-11-25 10:46:20,671 - INFO - /home/amily/shark-ai/sharktuner/tuning_2025_11_25_10_41/candidates/specs/21_spec.mlir
2025-11-25 10:46:20,671 - INFO - /home/amily/shark-ai/sharktuner/tuning_2025_11_25_10_41/candidates/specs/236_spec.mlir
2025-11-25 10:46:20,671 - INFO - /home/amily/shark-ai/sharktuner/tuning_2025_11_25_10_41/candidates/specs/186_spec.mlir
2025-11-25 10:46:20,671 - INFO - /home/amily/shark-ai/sharktuner/tuning_2025_11_25_10_41/candidates/specs/123_spec.mlir
2025-11-25 10:46:20,671 - INFO - /home/amily/shark-ai/sharktuner/tuning_2025_11_25_10_41/candidates/specs/311_spec.mlir
2025-11-25 10:46:20,671 - INFO - /home/amily/shark-ai/sharktuner/tuning_2025_11_25_10_41/candidates/specs/256_spec.mlir
2025-11-25 10:46:20,671 - INFO - /home/amily/shark-ai/sharktuner/tuning_2025_11_25_10_41/candidates/specs/161_spec.mlir
2025-11-25 10:46:20,671 - INFO - /home/amily/shark-ai/sharktuner/tuning_2025_11_25_10_41/candidates/specs/180_spec.mlir
2025-11-25 10:46:20,671 - INFO - /home/amily/shark-ai/sharktuner/tuning_2025_11_25_10_41/candidates/specs/125_spec.mlir
2025-11-25 10:46:20,671 - INFO - /home/amily/shark-ai/sharktuner/tuning_2025_11_25_10_41/candidates/specs/228_spec.mlir
2025-11-25 10:46:20,671 - INFO - /home/amily/shark-ai/sharktuner/tuning_2025_11_25_10_41/candidates/specs/280_spec.mlir
2025-11-25 10:46:20,671 - INFO - /home/amily/shark-ai/sharktuner/tuning_2025_11_25_10_41/candidates/specs/296_spec.mlir
2025-11-25 10:46:20,671 - INFO - /home/amily/shark-ai/sharktuner/tuning_2025_11_25_10_41/candidates/specs/177_spec.mlir
2025-11-25 10:46:20,672 - INFO - /home/amily/shark-ai/sharktuner/tuning_2025_11_25_10_41/candidates/specs/254_spec.mlir
2025-11-25 10:46:20,672 - INFO - /home/amily/shark-ai/sharktuner/tuning_2025_11_25_10_41/candidates/specs/330_spec.mlir
2025-11-25 10:46:20,672 - INFO - /home/amily/shark-ai/sharktuner/tuning_2025_11_25_10_41/candidates/specs/235_spec.mlir
2025-11-25 10:46:20,672 - INFO - /home/amily/shark-ai/sharktuner/tuning_2025_11_25_10_41/candidates/specs/59_spec.mlir
2025-11-25 10:46:20,672 - INFO - /home/amily/shark-ai/sharktuner/tuning_2025_11_25_10_41/candidates/specs/94_spec.mlir
2025-11-25 10:46:20,672 - INFO - /home/amily/shark-ai/sharktuner/tuning_2025_11_25_10_41/candidates/specs/274_spec.mlir
2025-11-25 10:46:20,672 - INFO - /home/amily/shark-ai/sharktuner/tuning_2025_11_25_10_41/candidates/specs/143_spec.mlir
2025-11-25 10:46:20,672 - INFO - /home/amily/shark-ai/sharktuner/tuning_2025_11_25_10_41/candidates/specs/29_spec.mlir
2025-11-25 10:46:20,672 - INFO - /home/amily/shark-ai/sharktuner/tuning_2025_11_25_10_41/candidates/specs/245_spec.mlir
2025-11-25 10:46:20,672 - INFO - /home/amily/shark-ai/sharktuner/tuning_2025_11_25_10_41/candidates/specs/138_spec.mlir
2025-11-25 10:46:20,672 - INFO - /home/amily/shark-ai/sharktuner/tuning_2025_11_25_10_41/candidates/specs/277_spec.mlir
2025-11-25 10:46:20,672 - INFO - /home/amily/shark-ai/sharktuner/tuning_2025_11_25_10_41/candidates/specs/79_spec.mlir
2025-11-25 10:46:20,672 - INFO - /home/amily/shark-ai/sharktuner/tuning_2025_11_25_10_41/candidates/specs/275_spec.mlir
2025-11-25 10:46:20,672 - INFO - /home/amily/shark-ai/sharktuner/tuning_2025_11_25_10_41/candidates/specs/99_spec.mlir
2025-11-25 10:46:20,673 - INFO - /home/amily/shark-ai/sharktuner/tuning_2025_11_25_10_41/candidates/specs/337_spec.mlir
2025-11-25 10:46:20,673 - INFO - /home/amily/shark-ai/sharktuner/tuning_2025_11_25_10_41/candidates/specs/40_spec.mlir
2025-11-25 10:46:20,673 - INFO - /home/amily/shark-ai/sharktuner/tuning_2025_11_25_10_41/candidates/specs/49_spec.mlir
2025-11-25 10:46:20,673 - INFO - /home/amily/shark-ai/sharktuner/tuning_2025_11_25_10_41/candidates/specs/190_spec.mlir
2025-11-25 10:46:20,673 - INFO - /home/amily/shark-ai/sharktuner/tuning_2025_11_25_10_41/candidates/specs/106_spec.mlir
2025-11-25 10:46:20,673 - INFO - /home/amily/shark-ai/sharktuner/tuning_2025_11_25_10_41/candidates/specs/42_spec.mlir
2025-11-25 10:46:20,673 - INFO - /home/amily/shark-ai/sharktuner/tuning_2025_11_25_10_41/candidates/specs/50_spec.mlir
