2025-11-25 00:56:50,272 - WARNING - Command '/home/amily/iree-build/compiler/bindings/python/iree/compiler/tools/../_mlir_libs/iree-compile tuning_2025_11_25_00_56/template.mlir -o=tuning_2025_11_25_00_56/candidates/compiled/89.vmfb --mlir-pass-pipeline-crash-reproducer=tuning_2025_11_25_00_56/candidates/compiled/89.vmfb.crash_report.mlir --iree-codegen-tuning-spec-path=tuning_2025_11_25_00_56/candidates/specs/89_spec.mlir --iree-hal-target-device=hip --iree-hip-target=gfx942 --compile-from=executable-sources' timed out after 16 seconds.
2025-11-25 00:56:50,748 - WARNING - Command '/home/amily/iree-build/compiler/bindings/python/iree/compiler/tools/../_mlir_libs/iree-compile tuning_2025_11_25_00_56/template.mlir -o=tuning_2025_11_25_00_56/candidates/compiled/115.vmfb --mlir-pass-pipeline-crash-reproducer=tuning_2025_11_25_00_56/candidates/compiled/115.vmfb.crash_report.mlir --iree-codegen-tuning-spec-path=tuning_2025_11_25_00_56/candidates/specs/115_spec.mlir --iree-hal-target-device=hip --iree-hip-target=gfx942 --compile-from=executable-sources' timed out after 16 seconds.
2025-11-25 00:56:50,918 - WARNING - Command '/home/amily/iree-build/compiler/bindings/python/iree/compiler/tools/../_mlir_libs/iree-compile tuning_2025_11_25_00_56/template.mlir -o=tuning_2025_11_25_00_56/candidates/compiled/122.vmfb --mlir-pass-pipeline-crash-reproducer=tuning_2025_11_25_00_56/candidates/compiled/122.vmfb.crash_report.mlir --iree-codegen-tuning-spec-path=tuning_2025_11_25_00_56/candidates/specs/122_spec.mlir --iree-hal-target-device=hip --iree-hip-target=gfx942 --compile-from=executable-sources' timed out after 16 seconds.
2025-11-25 00:56:51,425 - WARNING - Command '/home/amily/iree-build/compiler/bindings/python/iree/compiler/tools/../_mlir_libs/iree-compile tuning_2025_11_25_00_56/template.mlir -o=tuning_2025_11_25_00_56/candidates/compiled/145.vmfb --mlir-pass-pipeline-crash-reproducer=tuning_2025_11_25_00_56/candidates/compiled/145.vmfb.crash_report.mlir --iree-codegen-tuning-spec-path=tuning_2025_11_25_00_56/candidates/specs/145_spec.mlir --iree-hal-target-device=hip --iree-hip-target=gfx942 --compile-from=executable-sources' timed out after 16 seconds.
2025-11-25 00:56:52,062 - WARNING - Command '/home/amily/iree-build/compiler/bindings/python/iree/compiler/tools/../_mlir_libs/iree-compile tuning_2025_11_25_00_56/template.mlir -o=tuning_2025_11_25_00_56/candidates/compiled/167.vmfb --mlir-pass-pipeline-crash-reproducer=tuning_2025_11_25_00_56/candidates/compiled/167.vmfb.crash_report.mlir --iree-codegen-tuning-spec-path=tuning_2025_11_25_00_56/candidates/specs/167_spec.mlir --iree-hal-target-device=hip --iree-hip-target=gfx942 --compile-from=executable-sources' timed out after 16 seconds.
2025-11-25 00:56:54,858 - WARNING - Command '/home/amily/iree-build/compiler/bindings/python/iree/compiler/tools/../_mlir_libs/iree-compile tuning_2025_11_25_00_56/template.mlir -o=tuning_2025_11_25_00_56/candidates/compiled/271.vmfb --mlir-pass-pipeline-crash-reproducer=tuning_2025_11_25_00_56/candidates/compiled/271.vmfb.crash_report.mlir --iree-codegen-tuning-spec-path=tuning_2025_11_25_00_56/candidates/specs/271_spec.mlir --iree-hal-target-device=hip --iree-hip-target=gfx942 --compile-from=executable-sources' timed out after 16 seconds.
2025-11-25 00:56:56,122 - WARNING - Command '/home/amily/iree-build/compiler/bindings/python/iree/compiler/tools/../_mlir_libs/iree-compile tuning_2025_11_25_00_56/template.mlir -o=tuning_2025_11_25_00_56/candidates/compiled/318.vmfb --mlir-pass-pipeline-crash-reproducer=tuning_2025_11_25_00_56/candidates/compiled/318.vmfb.crash_report.mlir --iree-codegen-tuning-spec-path=tuning_2025_11_25_00_56/candidates/specs/318_spec.mlir --iree-hal-target-device=hip --iree-hip-target=gfx942 --compile-from=executable-sources' timed out after 16 seconds.
2025-11-25 00:56:57,250 - WARNING - Command '/home/amily/iree-build/compiler/bindings/python/iree/compiler/tools/../_mlir_libs/iree-compile tuning_2025_11_25_00_56/template.mlir -o=tuning_2025_11_25_00_56/candidates/compiled/347.vmfb --mlir-pass-pipeline-crash-reproducer=tuning_2025_11_25_00_56/candidates/compiled/347.vmfb.crash_report.mlir --iree-codegen-tuning-spec-path=tuning_2025_11_25_00_56/candidates/specs/347_spec.mlir --iree-hal-target-device=hip --iree-hip-target=gfx942 --compile-from=executable-sources' timed out after 16 seconds.
2025-11-25 00:56:57,855 - WARNING - Command '/home/amily/iree-build/compiler/bindings/python/iree/compiler/tools/../_mlir_libs/iree-compile tuning_2025_11_25_00_56/template.mlir -o=tuning_2025_11_25_00_56/candidates/compiled/368.vmfb --mlir-pass-pipeline-crash-reproducer=tuning_2025_11_25_00_56/candidates/compiled/368.vmfb.crash_report.mlir --iree-codegen-tuning-spec-path=tuning_2025_11_25_00_56/candidates/specs/368_spec.mlir --iree-hal-target-device=hip --iree-hip-target=gfx942 --compile-from=executable-sources' timed out after 16 seconds.
2025-11-25 00:56:58,132 - INFO - Benchmarking compiled dispatch candidates...
2025-11-25 00:57:11,470 - INFO - Smart candidate benchmark timeout is set to 5.85s
2025-11-25 00:57:34,414 - INFO - Benchmark of candidate 26 timed out after 5.85066 seconds.
2025-11-25 00:57:41,014 - INFO - Benchmark of candidate 34 timed out after 5.85066 seconds.
2025-11-25 00:58:37,094 - INFO - Benchmark of candidate 101 timed out after 5.85066 seconds.
2025-11-25 00:58:42,806 - INFO - Benchmark of candidate 106 timed out after 5.85066 seconds.
2025-11-25 00:59:06,098 - INFO - Benchmark of candidate 138 timed out after 5.85066 seconds.
2025-11-25 00:59:23,602 - INFO - Benchmark of candidate 158 timed out after 5.85066 seconds.
2025-11-25 00:59:29,562 - INFO - Benchmark of candidate 164 timed out after 5.85066 seconds.
2025-11-25 00:59:37,786 - INFO - Benchmark of candidate 174 timed out after 5.85066 seconds.
2025-11-25 01:01:40,830 - INFO - Benchmark of candidate 330 timed out after 5.85066 seconds.
2025-11-25 01:02:22,680 - WARNING - Performance regressions detected for the following devices: hip://5.
2025-11-25 01:02:22,681 - INFO - Candidate 7 time: 40.67 us (29.0% of baseline)
2025-11-25 01:02:22,681 - INFO - Candidate 335 time: 44.67 us (31.8% of baseline)
2025-11-25 01:02:22,681 - INFO - Candidate 153 time: 50.67 us (36.1% of baseline)
2025-11-25 01:02:22,681 - INFO - Candidate 146 time: 54.00 us (38.5% of baseline)
2025-11-25 01:02:22,681 - INFO - Candidate 307 time: 54.00 us (38.5% of baseline)
2025-11-25 01:02:22,681 - INFO - Candidate 275 time: 54.67 us (39.0% of baseline)
2025-11-25 01:02:22,681 - INFO - Candidate 194 time: 55.00 us (39.2% of baseline)
2025-11-25 01:02:22,681 - INFO - Candidate 232 time: 55.00 us (39.2% of baseline)
2025-11-25 01:02:22,681 - INFO - Candidate 211 time: 56.33 us (40.1% of baseline)
2025-11-25 01:02:22,681 - INFO - Candidate 83 time: 57.33 us (40.9% of baseline)
2025-11-25 01:02:22,681 - INFO - Candidate 236 time: 57.67 us (41.1% of baseline)
2025-11-25 01:02:22,681 - INFO - Candidate 149 time: 58.67 us (41.8% of baseline)
2025-11-25 01:02:22,681 - INFO - Candidate 332 time: 59.00 us (42.0% of baseline)
2025-11-25 01:02:22,681 - INFO - Candidate 63 time: 61.33 us (43.7% of baseline)
2025-11-25 01:02:22,681 - INFO - Candidate 259 time: 61.33 us (43.7% of baseline)
2025-11-25 01:02:22,681 - INFO - Candidate 295 time: 61.33 us (43.7% of baseline)
2025-11-25 01:02:22,681 - INFO - Candidate 339 time: 63.00 us (44.9% of baseline)
2025-11-25 01:02:22,682 - INFO - Candidate 35 time: 66.67 us (47.5% of baseline)
2025-11-25 01:02:22,682 - INFO - Candidate 252 time: 66.67 us (47.5% of baseline)
2025-11-25 01:02:22,682 - INFO - Candidate 310 time: 67.00 us (47.7% of baseline)
2025-11-25 01:02:22,682 - INFO - Candidate 356 time: 70.00 us (49.9% of baseline)
2025-11-25 01:02:22,682 - INFO - Candidate 24 time: 70.33 us (50.1% of baseline)
2025-11-25 01:02:22,682 - INFO - Candidate 184 time: 71.00 us (50.6% of baseline)
2025-11-25 01:02:22,682 - INFO - Candidate 263 time: 71.67 us (51.1% of baseline)
2025-11-25 01:02:22,682 - INFO - Candidate 343 time: 73.67 us (52.5% of baseline)
2025-11-25 01:02:22,682 - INFO - Candidate 79 time: 75.00 us (53.4% of baseline)
2025-11-25 01:02:22,682 - INFO - Candidate 360 time: 77.00 us (54.9% of baseline)
2025-11-25 01:02:22,682 - INFO - Candidate 230 time: 77.67 us (55.3% of baseline)
2025-11-25 01:02:22,682 - INFO - Candidate 19 time: 78.67 us (56.1% of baseline)
2025-11-25 01:02:22,682 - INFO - Candidate 266 time: 78.67 us (56.1% of baseline)
2025-11-25 01:02:22,682 - INFO - Candidate 283 time: 79.33 us (56.5% of baseline)
2025-11-25 01:02:22,682 - INFO - Candidate 324 time: 80.00 us (57.0% of baseline)
2025-11-25 01:02:22,682 - INFO - Candidate 74 time: 37.00 us (58.6% of baseline)
2025-11-25 01:02:22,682 - INFO - Candidate 240 time: 82.33 us (58.7% of baseline)
2025-11-25 01:02:22,682 - INFO - Candidate 94 time: 39.00 us (61.7% of baseline)
2025-11-25 01:02:22,682 - INFO - Candidate 303 time: 87.67 us (62.5% of baseline)
2025-11-25 01:02:22,682 - INFO - Candidate 98 time: 43.67 us (69.1% of baseline)
2025-11-25 01:02:22,682 - INFO - Candidate 336 time: 43.67 us (69.1% of baseline)
2025-11-25 01:02:22,682 - INFO - Candidate 119 time: 42.33 us (71.3% of baseline)
2025-11-25 01:02:22,682 - INFO - Candidate 216 time: 102.00 us (72.7% of baseline)
2025-11-25 01:02:22,682 - INFO - Candidate 334 time: 43.67 us (73.6% of baseline)
2025-11-25 01:02:22,682 - INFO - Candidate 260 time: 46.67 us (73.9% of baseline)
2025-11-25 01:02:22,682 - INFO - Candidate 96 time: 105.00 us (74.8% of baseline)
2025-11-25 01:02:22,682 - INFO - Candidate 225 time: 105.00 us (74.8% of baseline)
2025-11-25 01:02:22,682 - INFO - Candidate 179 time: 44.67 us (75.3% of baseline)
2025-11-25 01:02:22,682 - INFO - Candidate 175 time: 108.00 us (77.0% of baseline)
2025-11-25 01:02:22,682 - INFO - Candidate 131 time: 49.00 us (77.6% of baseline)
2025-11-25 01:02:22,682 - INFO - Candidate 157 time: 112.33 us (80.0% of baseline)
2025-11-25 01:02:22,682 - INFO - Candidate 161 time: 112.33 us (80.0% of baseline)
2025-11-25 01:02:22,682 - INFO - Candidate 139 time: 47.67 us (80.3% of baseline)
2025-11-25 01:02:22,682 - INFO - Candidate 84 time: 51.00 us (80.7% of baseline)
2025-11-25 01:02:22,682 - INFO - Candidate 66 time: 48.00 us (80.9% of baseline)
2025-11-25 01:02:22,682 - INFO - Candidate 219 time: 48.00 us (80.9% of baseline)
2025-11-25 01:02:22,682 - INFO - Candidate 365 time: 43.00 us (82.4% of baseline)
2025-11-25 01:02:22,682 - INFO - Candidate 261 time: 49.33 us (83.1% of baseline)
2025-11-25 01:02:22,682 - INFO - Candidate 88 time: 53.67 us (85.0% of baseline)
2025-11-25 01:02:22,682 - INFO - Candidate 170 time: 53.67 us (85.0% of baseline)
2025-11-25 01:02:22,682 - INFO - Candidate 75 time: 50.67 us (85.4% of baseline)
2025-11-25 01:02:22,682 - INFO - Candidate 172 time: 51.00 us (86.0% of baseline)
2025-11-25 01:02:22,682 - INFO - Candidate 256 time: 121.33 us (86.5% of baseline)
2025-11-25 01:02:22,682 - INFO - Candidate 33 time: 51.33 us (86.5% of baseline)
2025-11-25 01:02:22,682 - INFO - Candidate 9 time: 54.67 us (86.5% of baseline)
2025-11-25 01:02:22,683 - INFO - Candidate 132 time: 45.67 us (87.5% of baseline)
2025-11-25 01:02:22,683 - INFO - Candidate 124 time: 52.00 us (87.6% of baseline)
2025-11-25 01:02:22,683 - INFO - Candidate 53 time: 124.00 us (88.4% of baseline)
2025-11-25 01:02:22,683 - INFO - Candidate 366 time: 56.33 us (89.2% of baseline)
2025-11-25 01:02:22,683 - INFO - Candidate 372 time: 53.00 us (89.3% of baseline)
2025-11-25 01:02:22,683 - INFO - Candidate 207 time: 56.67 us (89.7% of baseline)
2025-11-25 01:02:22,683 - INFO - Candidate 291 time: 126.67 us (90.3% of baseline)
2025-11-25 01:02:22,683 - INFO - Candidate 340 time: 57.33 us (90.8% of baseline)
2025-11-25 01:02:22,683 - INFO - Candidate 235 time: 58.00 us (91.8% of baseline)
2025-11-25 01:02:22,683 - INFO - Candidate 239 time: 58.00 us (91.8% of baseline)
2025-11-25 01:02:22,683 - INFO - Candidate 109 time: 129.00 us (91.9% of baseline)
2025-11-25 01:02:22,683 - INFO - Candidate 183 time: 55.00 us (92.7% of baseline)
2025-11-25 01:02:22,683 - INFO - Candidate 306 time: 55.33 us (93.3% of baseline)
2025-11-25 01:02:22,683 - INFO - Candidate 72 time: 131.67 us (93.8% of baseline)
2025-11-25 01:02:22,683 - INFO - Candidate 311 time: 56.00 us (94.4% of baseline)
2025-11-25 01:02:22,683 - INFO - Candidate 65 time: 59.67 us (94.5% of baseline)
2025-11-25 01:02:22,683 - INFO - Candidate 251 time: 60.33 us (95.5% of baseline)
2025-11-25 01:02:22,683 - INFO - Candidate 279 time: 134.33 us (95.7% of baseline)
2025-11-25 01:02:22,683 - INFO - Candidate 48 time: 57.00 us (96.1% of baseline)
2025-11-25 01:02:22,683 - INFO - Candidate 120 time: 135.00 us (96.2% of baseline)
2025-11-25 01:02:22,683 - INFO - Candidate 255 time: 61.00 us (96.6% of baseline)
2025-11-25 01:02:22,683 - INFO - Candidate 213 time: 57.33 us (96.6% of baseline)
2025-11-25 01:02:22,683 - INFO - Candidate 209 time: 58.00 us (97.8% of baseline)
2025-11-25 01:02:22,683 - INFO - Candidate 277 time: 62.33 us (98.7% of baseline)
2025-11-25 01:02:22,683 - INFO - Candidate 319 time: 58.67 us (98.9% of baseline)
2025-11-25 01:02:22,683 - INFO - Candidate 144 time: 62.67 us (99.2% of baseline)
2025-11-25 01:02:22,683 - INFO - Candidate 187 time: 59.00 us (99.4% of baseline)
2025-11-25 01:02:22,683 - INFO - Candidate 214 time: 63.67 us (100.8% of baseline)
2025-11-25 01:02:22,683 - INFO - Candidate 54 time: 53.67 us (102.9% of baseline)
2025-11-25 01:02:22,683 - INFO - Candidate 264 time: 65.33 us (103.4% of baseline)
2025-11-25 01:02:22,683 - INFO - Candidate 30 time: 65.67 us (104.0% of baseline)
2025-11-25 01:02:22,683 - INFO - Candidate 362 time: 65.67 us (104.0% of baseline)
2025-11-25 01:02:22,683 - INFO - Candidate 298 time: 62.33 us (105.1% of baseline)
2025-11-25 01:02:22,683 - INFO - Candidate 338 time: 62.33 us (105.1% of baseline)
2025-11-25 01:02:22,683 - INFO - Candidate 69 time: 55.00 us (105.4% of baseline)
2025-11-25 01:02:22,683 - INFO - Candidate 316 time: 55.00 us (105.4% of baseline)
2025-11-25 01:02:22,683 - INFO - Candidate 286 time: 63.00 us (106.2% of baseline)
2025-11-25 01:02:22,683 - INFO - Candidate 155 time: 55.67 us (106.7% of baseline)
2025-11-25 01:02:22,683 - INFO - Candidate 296 time: 55.67 us (106.7% of baseline)
2025-11-25 01:02:22,683 - INFO - Candidate 350 time: 68.00 us (107.7% of baseline)
2025-11-25 01:02:22,683 - INFO - Candidate 218 time: 56.33 us (108.0% of baseline)
2025-11-25 01:02:22,683 - INFO - Candidate 308 time: 56.67 us (108.6% of baseline)
2025-11-25 01:02:22,683 - INFO - Candidate 11 time: 154.00 us (109.7% of baseline)
2025-11-25 01:02:22,683 - INFO - Candidate 285 time: 69.33 us (109.8% of baseline)
2025-11-25 01:02:22,683 - INFO - Candidate 233 time: 57.67 us (110.5% of baseline)
2025-11-25 01:02:22,683 - INFO - Candidate 281 time: 70.00 us (110.8% of baseline)
2025-11-25 01:02:22,683 - INFO - Candidate 278 time: 66.33 us (111.8% of baseline)
2025-11-25 01:02:22,684 - INFO - Candidate 326 time: 72.00 us (114.0% of baseline)
2025-11-25 01:02:22,684 - INFO - Candidate 188 time: 59.67 us (114.4% of baseline)
2025-11-25 01:02:22,684 - INFO - Candidate 186 time: 72.67 us (115.0% of baseline)
2025-11-25 01:02:22,684 - INFO - Candidate 344 time: 72.67 us (115.0% of baseline)
2025-11-25 01:02:22,684 - INFO - Candidate 78 time: 73.00 us (115.6% of baseline)
2025-11-25 01:02:22,684 - INFO - Candidate 331 time: 68.67 us (115.7% of baseline)
2025-11-25 01:02:22,684 - INFO - Candidate 165 time: 73.67 us (116.6% of baseline)
2025-11-25 01:02:22,684 - INFO - Candidate 226 time: 61.33 us (117.6% of baseline)
2025-11-25 01:02:22,684 - INFO - Candidate 47 time: 165.00 us (117.6% of baseline)
2025-11-25 01:02:22,684 - INFO - Candidate 56 time: 70.00 us (118.0% of baseline)
2025-11-25 01:02:22,684 - INFO - Candidate 268 time: 74.67 us (118.2% of baseline)
2025-11-25 01:02:22,684 - INFO - Candidate 258 time: 61.67 us (118.2% of baseline)
2025-11-25 01:02:22,684 - INFO - Candidate 367 time: 71.33 us (120.2% of baseline)
2025-11-25 01:02:22,684 - INFO - Candidate 142 time: 64.00 us (122.7% of baseline)
2025-11-25 01:02:22,684 - INFO - Candidate 68 time: 78.00 us (123.5% of baseline)
2025-11-25 01:02:22,684 - INFO - Candidate 245 time: 73.67 us (124.2% of baseline)
2025-11-25 01:02:22,684 - INFO - Candidate 309 time: 79.67 us (126.1% of baseline)
2025-11-25 01:02:22,684 - INFO - Candidate 290 time: 75.33 us (127.0% of baseline)
2025-11-25 01:02:22,684 - INFO - Candidate 276 time: 66.67 us (127.8% of baseline)
2025-11-25 01:02:22,684 - INFO - Candidate 12 time: 76.33 us (128.7% of baseline)
2025-11-25 01:02:22,684 - INFO - Candidate 177 time: 67.33 us (129.1% of baseline)
2025-11-25 01:02:22,684 - INFO - Candidate 273 time: 82.00 us (129.8% of baseline)
2025-11-25 01:02:22,684 - INFO - Candidate 289 time: 82.00 us (129.8% of baseline)
2025-11-25 01:02:22,684 - INFO - Candidate 284 time: 68.33 us (131.0% of baseline)
2025-11-25 01:02:22,684 - INFO - Candidate 100 time: 69.00 us (132.3% of baseline)
2025-11-25 01:02:22,684 - INFO - Candidate 189 time: 186.67 us (133.0% of baseline)
2025-11-25 01:02:22,684 - INFO - Candidate 95 time: 70.00 us (134.2% of baseline)
2025-11-25 01:02:22,684 - INFO - Candidate 269 time: 80.67 us (136.0% of baseline)
2025-11-25 01:02:22,684 - INFO - Candidate 301 time: 86.00 us (136.1% of baseline)
2025-11-25 01:02:22,684 - INFO - Candidate 148 time: 81.00 us (136.5% of baseline)
2025-11-25 01:02:22,684 - INFO - Candidate 349 time: 71.33 us (136.7% of baseline)
2025-11-25 01:02:22,684 - INFO - Candidate 195 time: 86.67 us (137.2% of baseline)
2025-11-25 01:02:22,684 - INFO - Candidate 302 time: 82.00 us (138.2% of baseline)
2025-11-25 01:02:22,684 - INFO - Candidate 58 time: 72.33 us (138.7% of baseline)
2025-11-25 01:02:22,684 - INFO - Candidate 212 time: 88.00 us (139.3% of baseline)
2025-11-25 01:02:22,684 - INFO - Candidate 322 time: 88.00 us (139.3% of baseline)
2025-11-25 01:02:22,684 - INFO - Candidate 136 time: 73.33 us (140.6% of baseline)
2025-11-25 01:02:22,684 - INFO - Candidate 93 time: 198.67 us (141.6% of baseline)
2025-11-25 01:02:22,684 - INFO - Candidate 62 time: 75.00 us (143.8% of baseline)
2025-11-25 01:02:22,684 - INFO - Candidate 337 time: 75.33 us (144.4% of baseline)
2025-11-25 01:02:22,684 - INFO - Candidate 320 time: 204.33 us (145.6% of baseline)
2025-11-25 01:02:22,684 - INFO - Candidate 299 time: 208.33 us (148.5% of baseline)
2025-11-25 01:02:22,684 - INFO - Candidate 91 time: 77.67 us (148.9% of baseline)
2025-11-25 01:02:22,684 - INFO - Candidate 76 time: 209.33 us (149.2% of baseline)
2025-11-25 01:02:22,684 - INFO - Candidate 43 time: 89.00 us (150.0% of baseline)
2025-11-25 01:02:22,684 - INFO - Candidate 315 time: 214.00 us (152.5% of baseline)
2025-11-25 01:02:22,685 - INFO - Candidate 341 time: 80.00 us (153.4% of baseline)
2025-11-25 01:02:22,685 - INFO - Candidate 304 time: 80.33 us (154.0% of baseline)
2025-11-25 01:02:22,685 - INFO - Candidate 27 time: 81.00 us (155.3% of baseline)
2025-11-25 01:02:22,685 - INFO - Candidate 361 time: 81.00 us (155.3% of baseline)
2025-11-25 01:02:22,685 - INFO - Candidate 274 time: 93.00 us (156.7% of baseline)
2025-11-25 01:02:22,685 - INFO - Candidate 127 time: 82.33 us (157.8% of baseline)
2025-11-25 01:02:22,685 - INFO - Candidate 345 time: 83.67 us (160.4% of baseline)
2025-11-25 01:02:22,685 - INFO - Candidate 364 time: 226.00 us (161.0% of baseline)
2025-11-25 01:02:22,685 - INFO - Candidate 321 time: 86.00 us (164.9% of baseline)
2025-11-25 01:02:22,685 - INFO - Candidate 16 time: 106.00 us (167.8% of baseline)
2025-11-25 01:02:22,685 - INFO - Candidate 227 time: 107.00 us (169.4% of baseline)
2025-11-25 01:02:22,685 - INFO - Candidate 45 time: 109.00 us (172.6% of baseline)
2025-11-25 01:02:22,685 - INFO - Candidate 60 time: 109.00 us (172.6% of baseline)
2025-11-25 01:02:22,685 - INFO - Candidate 180 time: 109.33 us (173.1% of baseline)
2025-11-25 01:02:22,685 - INFO - Candidate 176 time: 104.00 us (175.3% of baseline)
2025-11-25 01:02:22,685 - INFO - Candidate 25 time: 112.00 us (177.3% of baseline)
2025-11-25 01:02:22,685 - INFO - Candidate 71 time: 106.00 us (178.7% of baseline)
2025-11-25 01:02:22,685 - INFO - Candidate 204 time: 106.00 us (178.7% of baseline)
2025-11-25 01:02:22,685 - INFO - Candidate 242 time: 93.33 us (178.9% of baseline)
2025-11-25 01:02:22,685 - INFO - Candidate 210 time: 93.67 us (179.6% of baseline)
2025-11-25 01:02:22,685 - INFO - Candidate 140 time: 114.00 us (180.5% of baseline)
2025-11-25 01:02:22,685 - INFO - Candidate 231 time: 114.33 us (181.0% of baseline)
2025-11-25 01:02:22,685 - INFO - Candidate 160 time: 116.00 us (183.6% of baseline)
2025-11-25 01:02:22,685 - INFO - Candidate 110 time: 109.67 us (184.8% of baseline)
2025-11-25 01:02:22,685 - INFO - Candidate 272 time: 97.67 us (187.2% of baseline)
2025-11-25 01:02:22,685 - INFO - Candidate 249 time: 113.67 us (191.6% of baseline)
2025-11-25 01:02:22,685 - INFO - Candidate 82 time: 114.67 us (193.3% of baseline)
2025-11-25 01:02:22,685 - INFO - Candidate 162 time: 101.00 us (193.6% of baseline)
2025-11-25 01:02:22,685 - INFO - Candidate 2 time: 115.33 us (194.4% of baseline)
2025-11-25 01:02:22,685 - INFO - Candidate 358 time: 125.00 us (197.9% of baseline)
2025-11-25 01:02:22,685 - INFO - Candidate 234 time: 118.67 us (200.0% of baseline)
2025-11-25 01:02:22,685 - INFO - Candidate 363 time: 119.00 us (200.6% of baseline)
2025-11-25 01:02:22,685 - INFO - Candidate 215 time: 105.00 us (201.3% of baseline)
2025-11-25 01:02:22,685 - INFO - Candidate 342 time: 119.67 us (201.7% of baseline)
2025-11-25 01:02:22,685 - INFO - Candidate 8 time: 120.33 us (202.8% of baseline)
2025-11-25 01:02:22,685 - INFO - Candidate 202 time: 284.67 us (202.9% of baseline)
2025-11-25 01:02:22,685 - INFO - Candidate 300 time: 106.00 us (203.2% of baseline)
2025-11-25 01:02:22,685 - INFO - Candidate 323 time: 121.00 us (203.9% of baseline)
2025-11-25 01:02:22,685 - INFO - Candidate 355 time: 121.67 us (205.1% of baseline)
2025-11-25 01:02:22,685 - INFO - Candidate 50 time: 107.67 us (206.4% of baseline)
2025-11-25 01:02:22,685 - INFO - Candidate 359 time: 123.67 us (208.4% of baseline)
2025-11-25 01:02:22,685 - INFO - Candidate 246 time: 110.67 us (212.1% of baseline)
2025-11-25 01:02:22,685 - INFO - Candidate 241 time: 126.00 us (212.4% of baseline)
2025-11-25 01:02:22,685 - INFO - Candidate 40 time: 111.00 us (212.8% of baseline)
2025-11-25 01:02:22,685 - INFO - Candidate 81 time: 112.00 us (214.7% of baseline)
2025-11-25 01:02:22,685 - INFO - Candidate 92 time: 129.00 us (217.4% of baseline)
2025-11-25 01:02:22,685 - INFO - Candidate 192 time: 115.00 us (220.4% of baseline)
2025-11-25 01:02:22,686 - INFO - Candidate 151 time: 118.67 us (227.5% of baseline)
2025-11-25 01:02:22,686 - INFO - Candidate 130 time: 136.67 us (230.3% of baseline)
2025-11-25 01:02:22,686 - INFO - Candidate 254 time: 123.00 us (235.8% of baseline)
2025-11-25 01:02:22,686 - INFO - Candidate 292 time: 123.00 us (235.8% of baseline)
2025-11-25 01:02:22,686 - INFO - Candidate 173 time: 123.67 us (237.1% of baseline)
2025-11-25 01:02:22,686 - INFO - Candidate 87 time: 335.67 us (239.2% of baseline)
2025-11-25 01:02:22,686 - INFO - Candidate 143 time: 150.00 us (252.8% of baseline)
2025-11-25 01:02:22,686 - INFO - Candidate 270 time: 371.00 us (264.4% of baseline)
2025-11-25 01:02:22,686 - INFO - Candidate 49 time: 177.67 us (281.3% of baseline)
2025-11-25 01:02:22,686 - INFO - Candidate 152 time: 183.33 us (290.2% of baseline)
2025-11-25 01:02:22,686 - INFO - Candidate 21 time: 185.00 us (292.9% of baseline)
2025-11-25 01:02:22,686 - INFO - Candidate 185 time: 153.33 us (293.9% of baseline)
2025-11-25 01:02:22,686 - INFO - Candidate 10 time: 153.67 us (294.6% of baseline)
2025-11-25 01:02:22,686 - INFO - Candidate 52 time: 178.00 us (300.0% of baseline)
2025-11-25 01:02:22,686 - INFO - Candidate 37 time: 178.33 us (300.6% of baseline)
2025-11-25 01:02:22,686 - INFO - Candidate 121 time: 190.67 us (301.8% of baseline)
2025-11-25 01:02:22,686 - INFO - Candidate 22 time: 158.67 us (304.2% of baseline)
2025-11-25 01:02:22,686 - INFO - Candidate 156 time: 193.33 us (306.1% of baseline)
2025-11-25 01:02:22,686 - INFO - Candidate 190 time: 196.67 us (311.3% of baseline)
2025-11-25 01:02:22,686 - INFO - Candidate 46 time: 167.00 us (320.1% of baseline)
2025-11-25 01:02:22,686 - INFO - Candidate 117 time: 169.67 us (325.2% of baseline)
2025-11-25 01:02:22,686 - INFO - Candidate 224 time: 200.33 us (337.6% of baseline)
2025-11-25 01:02:22,686 - INFO - Candidate 371 time: 215.00 us (340.4% of baseline)
2025-11-25 01:02:22,686 - INFO - Candidate 229 time: 180.33 us (345.7% of baseline)
2025-11-25 01:02:22,686 - INFO - Candidate 294 time: 207.33 us (349.4% of baseline)
2025-11-25 01:02:22,686 - INFO - Candidate 237 time: 208.67 us (351.7% of baseline)
2025-11-25 01:02:22,686 - INFO - Candidate 223 time: 222.33 us (352.0% of baseline)
2025-11-25 01:02:22,686 - INFO - Candidate 280 time: 188.67 us (361.7% of baseline)
2025-11-25 01:02:22,686 - INFO - Candidate 135 time: 228.67 us (362.0% of baseline)
2025-11-25 01:02:22,686 - INFO - Candidate 238 time: 189.00 us (362.3% of baseline)
2025-11-25 01:02:22,686 - INFO - Candidate 346 time: 216.33 us (364.6% of baseline)
2025-11-25 01:02:22,686 - INFO - Candidate 267 time: 190.33 us (364.9% of baseline)
2025-11-25 01:02:22,686 - INFO - Candidate 103 time: 225.67 us (380.3% of baseline)
2025-11-25 01:02:22,686 - INFO - Candidate 191 time: 232.00 us (391.0% of baseline)
2025-11-25 01:02:22,686 - INFO - Candidate 357 time: 204.33 us (391.7% of baseline)
2025-11-25 01:02:22,686 - INFO - Candidate 288 time: 210.67 us (403.8% of baseline)
2025-11-25 01:02:22,686 - INFO - Candidate 250 time: 216.67 us (415.3% of baseline)
2025-11-25 01:02:22,686 - INFO - Candidate 220 time: 268.67 us (425.3% of baseline)
2025-11-25 01:02:22,686 - INFO - Candidate 325 time: 222.00 us (425.6% of baseline)
2025-11-25 01:02:22,686 - INFO - Candidate 41 time: 611.00 us (435.4% of baseline)
2025-11-25 01:02:22,686 - INFO - Candidate 128 time: 612.33 us (436.3% of baseline)
2025-11-25 01:02:22,686 - INFO - Candidate 327 time: 271.67 us (457.9% of baseline)
2025-11-25 01:02:22,686 - INFO - Candidate 293 time: 305.00 us (482.8% of baseline)
2025-11-25 01:02:22,686 - INFO - Candidate 221 time: 705.33 us (502.6% of baseline)
2025-11-25 01:02:22,686 - INFO - Candidate 247 time: 329.00 us (520.8% of baseline)
2025-11-25 01:02:22,686 - INFO - Candidate 196 time: 317.33 us (534.8% of baseline)
2025-11-25 01:02:22,687 - INFO - Candidate 253 time: 323.33 us (544.9% of baseline)
2025-11-25 01:02:22,687 - INFO - Candidate 243 time: 344.67 us (545.6% of baseline)
2025-11-25 01:02:22,687 - INFO - Candidate 206 time: 286.00 us (548.2% of baseline)
2025-11-25 01:02:22,687 - INFO - Candidate 3 time: 304.33 us (583.4% of baseline)
2025-11-25 01:02:22,687 - INFO - Candidate 178 time: 860.00 us (612.8% of baseline)
2025-11-25 01:02:22,687 - INFO - Candidate 147 time: 323.00 us (619.2% of baseline)
2025-11-25 01:02:22,687 - INFO - Candidate 369 time: 959.67 us (683.8% of baseline)
2025-11-25 01:02:22,687 - INFO - Candidate 248 time: 960.33 us (684.3% of baseline)
2025-11-25 01:02:22,687 - INFO - Candidate 171 time: 987.00 us (703.3% of baseline)
2025-11-25 01:02:22,687 - INFO - Candidate 198 time: 987.00 us (703.3% of baseline)
2025-11-25 01:02:22,687 - INFO - Candidate 168 time: 1010.00 us (719.7% of baseline)
2025-11-25 01:02:22,687 - INFO - Candidate 312 time: 378.00 us (724.6% of baseline)
2025-11-25 01:02:22,687 - INFO - Candidate 287 time: 1056.67 us (753.0% of baseline)
2025-11-25 01:02:22,687 - INFO - Candidate 244 time: 1066.67 us (760.1% of baseline)
2025-11-25 01:02:22,687 - INFO - Candidate 113 time: 1153.33 us (821.9% of baseline)
2025-11-25 01:02:22,687 - INFO - Candidate 32 time: 1170.00 us (833.7% of baseline)
2025-11-25 01:02:22,687 - INFO - Candidate 348 time: 1183.33 us (843.2% of baseline)
2025-11-25 01:02:22,687 - INFO - Candidate 73 time: 452.33 us (867.1% of baseline)
2025-11-25 01:02:22,687 - INFO - Candidate 329 time: 478.67 us (917.6% of baseline)
2025-11-25 01:02:22,687 - INFO - Candidate 208 time: 1540.00 us (1097.4% of baseline)
2025-11-25 01:02:22,687 - INFO - Candidate 1 time: 1733.33 us (1235.2% of baseline)
2025-11-25 01:02:22,687 - INFO - Candidate 133 time: 2086.67 us (1486.9% of baseline)
2025-11-25 01:02:22,687 - INFO - Candidate 166 time: 2139.67 us (1524.7% of baseline)
2025-11-25 01:02:22,687 - INFO - Candidate 305 time: 994.67 us (1574.7% of baseline)
2025-11-25 01:02:22,687 - INFO - Candidate 354 time: 1010.00 us (1598.9% of baseline)
2025-11-25 01:02:22,687 - INFO - Candidate 159 time: 919.67 us (1762.9% of baseline)
2025-11-25 01:02:22,687 - INFO - Candidate 333 time: 919.67 us (1762.9% of baseline)
2025-11-25 01:02:22,687 - INFO - Candidate 126 time: 2495.33 us (1778.1% of baseline)
2025-11-25 01:02:22,687 - INFO - Candidate 370 time: 976.00 us (1870.9% of baseline)
2025-11-25 01:02:22,687 - INFO - Candidate 351 time: 1156.67 us (1949.4% of baseline)
2025-11-25 01:02:22,687 - INFO - Candidate 18 time: 2771.00 us (1974.6% of baseline)
2025-11-25 01:02:22,687 - INFO - Candidate 28 time: 2950.00 us (2102.1% of baseline)
2025-11-25 01:02:22,687 - INFO - Candidate 182 time: 2984.67 us (2126.8% of baseline)
2025-11-25 01:02:22,687 - INFO - Candidate 265 time: 1316.67 us (2219.1% of baseline)
2025-11-25 01:02:22,687 - INFO - Candidate 297 time: 1410.00 us (2232.2% of baseline)
2025-11-25 01:02:22,687 - INFO - Candidate 154 time: 1330.00 us (2241.6% of baseline)
2025-11-25 01:02:22,687 - INFO - Candidate 314 time: 1363.33 us (2297.8% of baseline)
2025-11-25 01:02:22,687 - INFO - Candidate 67 time: 3256.67 us (2320.7% of baseline)
2025-11-25 01:02:22,687 - INFO - Candidate 5 time: 3357.33 us (2392.4% of baseline)
2025-11-25 01:02:22,687 - INFO - Candidate 353 time: 1420.00 us (2722.0% of baseline)
2025-11-25 01:02:22,687 - INFO - Candidate 39 time: 1758.00 us (2783.1% of baseline)
2025-11-25 01:02:22,687 - INFO - Candidate 282 time: 1706.67 us (2876.4% of baseline)
2025-11-25 01:02:22,687 - INFO - Candidate 352 time: 4420.00 us (3149.6% of baseline)
2025-11-25 01:02:22,687 - INFO - Candidate 61 time: 1917.67 us (3232.0% of baseline)
2025-11-25 01:02:22,687 - INFO - Candidate 313 time: 2103.33 us (3329.8% of baseline)
2025-11-25 01:02:22,687 - INFO - Candidate 90 time: 2054.67 us (3462.9% of baseline)
2025-11-25 01:02:22,687 - INFO - Candidate 205 time: 2273.00 us (3598.4% of baseline)
2025-11-25 01:02:22,688 - INFO - Candidate 15 time: 1983.33 us (3801.9% of baseline)
2025-11-25 01:02:22,688 - INFO - Candidate 163 time: 2563.00 us (4057.5% of baseline)
2025-11-25 01:02:22,688 - INFO - Candidate 203 time: 2182.67 us (4184.0% of baseline)
2025-11-25 01:02:22,688 - INFO - Candidate 200 time: 2512.67 us (4234.8% of baseline)
2025-11-25 01:02:22,688 - INFO - Candidate 29 time: 2770.33 us (4385.8% of baseline)
2025-11-25 01:02:22,688 - INFO - Candidate 134 time: 6326.67 us (4508.3% of baseline)
2025-11-25 01:02:22,688 - INFO - Candidate 222 time: 2394.67 us (4590.4% of baseline)
2025-11-25 01:02:22,688 - INFO - Candidate 31 time: 2417.67 us (4634.5% of baseline)
2025-11-25 01:02:22,688 - INFO - Candidate 57 time: 3009.33 us (4764.1% of baseline)
2025-11-25 01:02:22,688 - INFO - Candidate 23 time: 2827.33 us (4765.2% of baseline)
2025-11-25 01:02:22,688 - INFO - Candidate 77 time: 2710.00 us (5194.9% of baseline)
2025-11-25 01:02:22,688 - INFO - Candidate 123 time: 2711.67 us (5198.1% of baseline)
2025-11-25 01:02:22,688 - INFO - Candidate 118 time: 3516.33 us (5566.8% of baseline)
2025-11-25 01:02:22,688 - INFO - Candidate 51 time: 7933.33 us (5653.2% of baseline)
2025-11-25 01:02:22,688 - INFO - Candidate 193 time: 3571.33 us (5653.8% of baseline)
2025-11-25 01:02:22,688 - INFO - Candidate 102 time: 3596.00 us (5692.9% of baseline)
2025-11-25 01:02:22,688 - INFO - Candidate 59 time: 8096.67 us (5769.6% of baseline)
2025-11-25 01:02:22,688 - INFO - Candidate 141 time: 3012.67 us (5775.1% of baseline)
2025-11-25 01:02:22,688 - INFO - Candidate 111 time: 3700.33 us (5858.0% of baseline)
2025-11-25 01:02:22,688 - INFO - Candidate 328 time: 8273.33 us (5895.5% of baseline)
2025-11-25 01:02:22,688 - INFO - Candidate 44 time: 8413.33 us (5995.2% of baseline)
2025-11-25 01:02:22,688 - INFO - Candidate 85 time: 3154.67 us (6047.3% of baseline)
2025-11-25 01:02:22,688 - INFO - Candidate 116 time: 3158.67 us (6055.0% of baseline)
2025-11-25 01:02:22,688 - INFO - Candidate 55 time: 3829.00 us (6061.7% of baseline)
2025-11-25 01:02:22,688 - INFO - Candidate 13 time: 3863.67 us (6116.6% of baseline)
2025-11-25 01:02:22,688 - INFO - Candidate 64 time: 3646.33 us (6145.5% of baseline)
2025-11-25 01:02:22,688 - INFO - Candidate 228 time: 3653.33 us (6157.3% of baseline)
2025-11-25 01:02:22,688 - INFO - Candidate 80 time: 3730.33 us (6287.1% of baseline)
2025-11-25 01:02:22,688 - INFO - Candidate 257 time: 3906.67 us (6584.3% of baseline)
2025-11-25 01:02:22,688 - INFO - Candidate 38 time: 4073.33 us (6865.2% of baseline)
2025-11-25 01:02:22,688 - INFO - Candidate 150 time: 4351.67 us (6889.2% of baseline)
2025-11-25 01:02:22,688 - INFO - Candidate 6 time: 4448.00 us (7041.7% of baseline)
2025-11-25 01:02:22,688 - INFO - Candidate 4 time: 4510.00 us (7139.8% of baseline)
2025-11-25 01:02:22,688 - INFO - Candidate 201 time: 3746.00 us (7180.8% of baseline)
2025-11-25 01:02:22,688 - INFO - Candidate 70 time: 4431.67 us (7469.1% of baseline)
2025-11-25 01:02:22,688 - INFO - Candidate 217 time: 4527.67 us (7630.9% of baseline)
2025-11-25 01:02:22,688 - INFO - Candidate 14 time: 4130.67 us (7918.2% of baseline)
2025-11-25 01:02:22,688 - INFO - Candidate 99 time: 4798.67 us (8087.6% of baseline)
2025-11-25 01:02:22,688 - INFO - Candidate 108 time: 5034.33 us (8484.8% of baseline)
2025-11-25 01:02:22,688 - INFO - Candidate 20 time: 5079.33 us (8560.7% of baseline)
2025-11-25 01:02:22,688 - INFO - Candidate 317 time: 5603.33 us (8870.7% of baseline)
2025-11-25 01:02:22,688 - INFO - Candidate 199 time: 5700.00 us (9023.7% of baseline)
2025-11-25 01:02:22,688 - INFO - Candidate 262 time: 4946.67 us (9482.4% of baseline)
2025-11-25 01:02:22,688 - INFO - Candidate 36 time: 6053.33 us (9583.1% of baseline)
2025-11-25 01:02:22,688 - INFO - Candidate 129 time: 6160.00 us (9752.0% of baseline)
2025-11-25 01:02:22,688 - INFO - Candidate 97 time: 6230.00 us (10500.0% of baseline)
2025-11-25 01:02:22,688 - INFO - Candidate 137 time: 6876.67 us (11589.9% of baseline)
2025-11-25 01:02:22,689 - INFO - Candidate 86 time: 6066.67 us (11629.4% of baseline)
2025-11-25 01:02:22,689 - INFO - Candidate 105 time: 7693.33 us (12179.4% of baseline)
2025-11-25 01:02:22,689 - INFO - Candidate 112 time: 7950.00 us (12585.8% of baseline)
2025-11-25 01:02:22,689 - INFO - Candidate 42 time: 7976.67 us (12628.0% of baseline)
2025-11-25 01:02:22,689 - INFO - Candidate 114 time: 7526.67 us (12685.4% of baseline)
2025-11-25 01:02:22,689 - INFO - Candidate 107 time: 8016.67 us (12691.3% of baseline)
2025-11-25 01:02:22,689 - INFO - Candidate 17 time: 7823.33 us (13185.4% of baseline)
2025-11-25 01:02:22,689 - INFO - Candidate 169 time: 7320.00 us (14031.9% of baseline)
2025-11-25 01:02:22,689 - INFO - Candidate 125 time: 8870.00 us (14042.2% of baseline)
2025-11-25 01:02:22,689 - INFO - Candidate 104 time: 7976.67 us (15290.7% of baseline)
2025-11-25 01:02:22,689 - INFO - Candidate 197 time: 8050.00 us (15431.3% of baseline)
2025-11-25 01:02:22,689 - INFO - Candidate 181 time: 8130.00 us (15584.7% of baseline)
2025-11-25 01:02:22,689 - INFO - Candidate 26 time: inf us (inf% of baseline)
2025-11-25 01:02:22,689 - INFO - Candidate 34 time: inf us (inf% of baseline)
2025-11-25 01:02:22,689 - INFO - Candidate 101 time: inf us (inf% of baseline)
2025-11-25 01:02:22,689 - INFO - Candidate 106 time: inf us (inf% of baseline)
2025-11-25 01:02:22,689 - INFO - Candidate 138 time: inf us (inf% of baseline)
2025-11-25 01:02:22,689 - INFO - Candidate 158 time: inf us (inf% of baseline)
2025-11-25 01:02:22,689 - INFO - Candidate 164 time: inf us (inf% of baseline)
2025-11-25 01:02:22,689 - INFO - Candidate 174 time: inf us (inf% of baseline)
2025-11-25 01:02:22,689 - INFO - Candidate 330 time: inf us (inf% of baseline)
2025-11-25 01:02:22,689 - INFO - Top dispatch candidates: [7, 335, 153, 146, 307, 275, 194, 232, 211, 83, 236, 149, 332, 63, 259, 295, 339, 35, 252, 310, 356, 24, 184, 263, 343, 79, 360, 230, 19, 266, 283, 324, 74, 240, 94, 303, 98, 336, 119, 216, 334, 260, 96, 225, 179, 175, 131, 157, 161, 139, 84, 66, 219, 365, 261, 88, 170, 75, 172, 256, 33, 9, 132, 124, 53, 366, 372, 207, 291, 340, 235, 239, 109, 183, 306, 72, 311, 65, 251, 279, 48, 120, 255, 213, 209, 277, 319, 144, 187, 214, 54, 264, 30, 362, 298, 338, 69, 316, 286, 155, 296, 350, 218, 308, 11, 285, 233, 281, 278, 326, 188, 186, 344, 78, 331, 165, 226, 47, 56, 268, 258, 367, 142, 68, 245, 309, 290, 276, 12, 177, 273, 289, 284, 100, 189, 95, 269, 301, 148, 349, 195, 302, 58, 212, 322, 136, 93, 62, 337, 320, 299, 91, 76, 43, 315, 341, 304, 27, 361, 274, 127, 345, 364, 321, 16, 227, 45, 60, 180, 176, 25, 71, 204, 242, 210, 140, 231, 160, 110, 272, 249, 82, 162, 2, 358, 234, 363, 215, 342, 8, 202, 300, 323, 355, 50, 359, 246, 241, 40, 81, 92, 192, 151, 130, 254, 292, 173, 87, 143, 270, 49, 152, 21, 185, 10, 52, 37, 121, 22, 156, 190, 46, 117, 224, 371, 229, 294, 237, 223, 280, 135, 238, 346, 267, 103, 191, 357, 288, 250, 220, 325, 41, 128, 327, 293, 221, 247, 196, 253, 243, 206, 3, 178, 147, 369, 248, 171, 198, 168, 312, 287, 244, 113, 32, 348, 73, 329, 208, 1, 133, 166, 305, 354, 159, 333, 126, 370, 351, 18, 28, 182, 265, 297, 154, 314, 67, 5, 353, 39, 282, 352, 61, 313, 90, 205, 15, 163, 203, 200, 29, 134, 222, 31, 57, 23, 77, 123, 118, 51, 193, 102, 59, 141, 111, 328, 44, 85, 116, 55, 13, 64, 228, 80, 257, 38, 150, 6, 4, 201, 70, 217, 14, 99, 108, 20, 317, 199, 262, 36, 129, 97, 137, 86, 105, 112, 42, 114, 107, 17, 169, 125, 104, 197, 181, 26, 34, 101, 106, 138, 158, 164, 174, 330]
2025-11-25 01:02:22,689 - INFO - /home/amily/shark-ai/sharktuner/tuning_2025_11_25_00_56/candidates/specs/7_spec.mlir
2025-11-25 01:02:22,689 - INFO - /home/amily/shark-ai/sharktuner/tuning_2025_11_25_00_56/candidates/specs/335_spec.mlir
2025-11-25 01:02:22,689 - INFO - /home/amily/shark-ai/sharktuner/tuning_2025_11_25_00_56/candidates/specs/153_spec.mlir
2025-11-25 01:02:22,689 - INFO - /home/amily/shark-ai/sharktuner/tuning_2025_11_25_00_56/candidates/specs/146_spec.mlir
2025-11-25 01:02:22,689 - INFO - /home/amily/shark-ai/sharktuner/tuning_2025_11_25_00_56/candidates/specs/307_spec.mlir
2025-11-25 01:02:22,689 - INFO - /home/amily/shark-ai/sharktuner/tuning_2025_11_25_00_56/candidates/specs/275_spec.mlir
2025-11-25 01:02:22,690 - INFO - /home/amily/shark-ai/sharktuner/tuning_2025_11_25_00_56/candidates/specs/194_spec.mlir
2025-11-25 01:02:22,690 - INFO - /home/amily/shark-ai/sharktuner/tuning_2025_11_25_00_56/candidates/specs/232_spec.mlir
2025-11-25 01:02:22,690 - INFO - /home/amily/shark-ai/sharktuner/tuning_2025_11_25_00_56/candidates/specs/211_spec.mlir
2025-11-25 01:02:22,690 - INFO - /home/amily/shark-ai/sharktuner/tuning_2025_11_25_00_56/candidates/specs/83_spec.mlir
2025-11-25 01:02:22,690 - INFO - /home/amily/shark-ai/sharktuner/tuning_2025_11_25_00_56/candidates/specs/236_spec.mlir
2025-11-25 01:02:22,690 - INFO - /home/amily/shark-ai/sharktuner/tuning_2025_11_25_00_56/candidates/specs/149_spec.mlir
2025-11-25 01:02:22,690 - INFO - /home/amily/shark-ai/sharktuner/tuning_2025_11_25_00_56/candidates/specs/332_spec.mlir
2025-11-25 01:02:22,690 - INFO - /home/amily/shark-ai/sharktuner/tuning_2025_11_25_00_56/candidates/specs/63_spec.mlir
2025-11-25 01:02:22,690 - INFO - /home/amily/shark-ai/sharktuner/tuning_2025_11_25_00_56/candidates/specs/259_spec.mlir
2025-11-25 01:02:22,690 - INFO - /home/amily/shark-ai/sharktuner/tuning_2025_11_25_00_56/candidates/specs/295_spec.mlir
2025-11-25 01:02:22,690 - INFO - /home/amily/shark-ai/sharktuner/tuning_2025_11_25_00_56/candidates/specs/339_spec.mlir
2025-11-25 01:02:22,690 - INFO - /home/amily/shark-ai/sharktuner/tuning_2025_11_25_00_56/candidates/specs/35_spec.mlir
2025-11-25 01:02:22,690 - INFO - /home/amily/shark-ai/sharktuner/tuning_2025_11_25_00_56/candidates/specs/252_spec.mlir
2025-11-25 01:02:22,690 - INFO - /home/amily/shark-ai/sharktuner/tuning_2025_11_25_00_56/candidates/specs/310_spec.mlir
2025-11-25 01:02:22,690 - INFO - /home/amily/shark-ai/sharktuner/tuning_2025_11_25_00_56/candidates/specs/356_spec.mlir
2025-11-25 01:02:22,690 - INFO - /home/amily/shark-ai/sharktuner/tuning_2025_11_25_00_56/candidates/specs/24_spec.mlir
2025-11-25 01:02:22,690 - INFO - /home/amily/shark-ai/sharktuner/tuning_2025_11_25_00_56/candidates/specs/184_spec.mlir
2025-11-25 01:02:22,690 - INFO - /home/amily/shark-ai/sharktuner/tuning_2025_11_25_00_56/candidates/specs/263_spec.mlir
2025-11-25 01:02:22,690 - INFO - /home/amily/shark-ai/sharktuner/tuning_2025_11_25_00_56/candidates/specs/343_spec.mlir
2025-11-25 01:02:22,690 - INFO - /home/amily/shark-ai/sharktuner/tuning_2025_11_25_00_56/candidates/specs/79_spec.mlir
2025-11-25 01:02:22,690 - INFO - /home/amily/shark-ai/sharktuner/tuning_2025_11_25_00_56/candidates/specs/360_spec.mlir
2025-11-25 01:02:22,691 - INFO - /home/amily/shark-ai/sharktuner/tuning_2025_11_25_00_56/candidates/specs/230_spec.mlir
2025-11-25 01:02:22,691 - INFO - /home/amily/shark-ai/sharktuner/tuning_2025_11_25_00_56/candidates/specs/19_spec.mlir
2025-11-25 01:02:22,691 - INFO - /home/amily/shark-ai/sharktuner/tuning_2025_11_25_00_56/candidates/specs/266_spec.mlir
2025-11-25 01:02:22,691 - INFO - /home/amily/shark-ai/sharktuner/tuning_2025_11_25_00_56/candidates/specs/283_spec.mlir
2025-11-25 01:02:22,691 - INFO - /home/amily/shark-ai/sharktuner/tuning_2025_11_25_00_56/candidates/specs/324_spec.mlir
2025-11-25 01:02:22,691 - INFO - /home/amily/shark-ai/sharktuner/tuning_2025_11_25_00_56/candidates/specs/74_spec.mlir
2025-11-25 01:02:22,691 - INFO - /home/amily/shark-ai/sharktuner/tuning_2025_11_25_00_56/candidates/specs/240_spec.mlir
2025-11-25 01:02:22,691 - INFO - /home/amily/shark-ai/sharktuner/tuning_2025_11_25_00_56/candidates/specs/94_spec.mlir
2025-11-25 01:02:22,691 - INFO - /home/amily/shark-ai/sharktuner/tuning_2025_11_25_00_56/candidates/specs/303_spec.mlir
2025-11-25 01:02:22,691 - INFO - /home/amily/shark-ai/sharktuner/tuning_2025_11_25_00_56/candidates/specs/98_spec.mlir
2025-11-25 01:02:22,691 - INFO - /home/amily/shark-ai/sharktuner/tuning_2025_11_25_00_56/candidates/specs/336_spec.mlir
2025-11-25 01:02:22,691 - INFO - /home/amily/shark-ai/sharktuner/tuning_2025_11_25_00_56/candidates/specs/119_spec.mlir
2025-11-25 01:02:22,691 - INFO - /home/amily/shark-ai/sharktuner/tuning_2025_11_25_00_56/candidates/specs/216_spec.mlir
2025-11-25 01:02:22,691 - INFO - /home/amily/shark-ai/sharktuner/tuning_2025_11_25_00_56/candidates/specs/334_spec.mlir
2025-11-25 01:02:22,691 - INFO - /home/amily/shark-ai/sharktuner/tuning_2025_11_25_00_56/candidates/specs/260_spec.mlir
2025-11-25 01:02:22,691 - INFO - /home/amily/shark-ai/sharktuner/tuning_2025_11_25_00_56/candidates/specs/96_spec.mlir
2025-11-25 01:02:22,691 - INFO - /home/amily/shark-ai/sharktuner/tuning_2025_11_25_00_56/candidates/specs/225_spec.mlir
2025-11-25 01:02:22,691 - INFO - /home/amily/shark-ai/sharktuner/tuning_2025_11_25_00_56/candidates/specs/179_spec.mlir
2025-11-25 01:02:22,691 - INFO - /home/amily/shark-ai/sharktuner/tuning_2025_11_25_00_56/candidates/specs/175_spec.mlir
2025-11-25 01:02:22,691 - INFO - /home/amily/shark-ai/sharktuner/tuning_2025_11_25_00_56/candidates/specs/131_spec.mlir
2025-11-25 01:02:22,691 - INFO - /home/amily/shark-ai/sharktuner/tuning_2025_11_25_00_56/candidates/specs/157_spec.mlir
2025-11-25 01:02:22,691 - INFO - /home/amily/shark-ai/sharktuner/tuning_2025_11_25_00_56/candidates/specs/161_spec.mlir
2025-11-25 01:02:22,692 - INFO - /home/amily/shark-ai/sharktuner/tuning_2025_11_25_00_56/candidates/specs/139_spec.mlir
2025-11-25 01:02:22,692 - INFO - /home/amily/shark-ai/sharktuner/tuning_2025_11_25_00_56/candidates/specs/84_spec.mlir
2025-11-25 01:02:22,692 - INFO - /home/amily/shark-ai/sharktuner/tuning_2025_11_25_00_56/candidates/specs/66_spec.mlir
2025-11-25 01:02:22,692 - INFO - /home/amily/shark-ai/sharktuner/tuning_2025_11_25_00_56/candidates/specs/219_spec.mlir
2025-11-25 01:02:22,692 - INFO - /home/amily/shark-ai/sharktuner/tuning_2025_11_25_00_56/candidates/specs/365_spec.mlir
2025-11-25 01:02:22,692 - INFO - /home/amily/shark-ai/sharktuner/tuning_2025_11_25_00_56/candidates/specs/261_spec.mlir
2025-11-25 01:02:22,692 - INFO - /home/amily/shark-ai/sharktuner/tuning_2025_11_25_00_56/candidates/specs/88_spec.mlir
2025-11-25 01:02:22,692 - INFO - /home/amily/shark-ai/sharktuner/tuning_2025_11_25_00_56/candidates/specs/170_spec.mlir
2025-11-25 01:02:22,692 - INFO - /home/amily/shark-ai/sharktuner/tuning_2025_11_25_00_56/candidates/specs/75_spec.mlir
2025-11-25 01:02:22,692 - INFO - /home/amily/shark-ai/sharktuner/tuning_2025_11_25_00_56/candidates/specs/172_spec.mlir
2025-11-25 01:02:22,692 - INFO - /home/amily/shark-ai/sharktuner/tuning_2025_11_25_00_56/candidates/specs/256_spec.mlir
2025-11-25 01:02:22,692 - INFO - /home/amily/shark-ai/sharktuner/tuning_2025_11_25_00_56/candidates/specs/33_spec.mlir
2025-11-25 01:02:22,692 - INFO - /home/amily/shark-ai/sharktuner/tuning_2025_11_25_00_56/candidates/specs/9_spec.mlir
2025-11-25 01:02:22,692 - INFO - /home/amily/shark-ai/sharktuner/tuning_2025_11_25_00_56/candidates/specs/132_spec.mlir
2025-11-25 01:02:22,692 - INFO - /home/amily/shark-ai/sharktuner/tuning_2025_11_25_00_56/candidates/specs/124_spec.mlir
2025-11-25 01:02:22,692 - INFO - /home/amily/shark-ai/sharktuner/tuning_2025_11_25_00_56/candidates/specs/53_spec.mlir
2025-11-25 01:02:22,692 - INFO - /home/amily/shark-ai/sharktuner/tuning_2025_11_25_00_56/candidates/specs/366_spec.mlir
2025-11-25 01:02:22,692 - INFO - /home/amily/shark-ai/sharktuner/tuning_2025_11_25_00_56/candidates/specs/372_spec.mlir
2025-11-25 01:02:22,692 - INFO - /home/amily/shark-ai/sharktuner/tuning_2025_11_25_00_56/candidates/specs/207_spec.mlir
2025-11-25 01:02:22,692 - INFO - /home/amily/shark-ai/sharktuner/tuning_2025_11_25_00_56/candidates/specs/291_spec.mlir
2025-11-25 01:02:22,692 - INFO - /home/amily/shark-ai/sharktuner/tuning_2025_11_25_00_56/candidates/specs/340_spec.mlir
2025-11-25 01:02:22,692 - INFO - /home/amily/shark-ai/sharktuner/tuning_2025_11_25_00_56/candidates/specs/235_spec.mlir
2025-11-25 01:02:22,693 - INFO - /home/amily/shark-ai/sharktuner/tuning_2025_11_25_00_56/candidates/specs/239_spec.mlir
2025-11-25 01:02:22,693 - INFO - /home/amily/shark-ai/sharktuner/tuning_2025_11_25_00_56/candidates/specs/109_spec.mlir
2025-11-25 01:02:22,693 - INFO - /home/amily/shark-ai/sharktuner/tuning_2025_11_25_00_56/candidates/specs/183_spec.mlir
2025-11-25 01:02:22,693 - INFO - /home/amily/shark-ai/sharktuner/tuning_2025_11_25_00_56/candidates/specs/306_spec.mlir
2025-11-25 01:02:22,693 - INFO - /home/amily/shark-ai/sharktuner/tuning_2025_11_25_00_56/candidates/specs/72_spec.mlir
2025-11-25 01:02:22,693 - INFO - /home/amily/shark-ai/sharktuner/tuning_2025_11_25_00_56/candidates/specs/311_spec.mlir
2025-11-25 01:02:22,693 - INFO - /home/amily/shark-ai/sharktuner/tuning_2025_11_25_00_56/candidates/specs/65_spec.mlir
2025-11-25 01:02:22,693 - INFO - /home/amily/shark-ai/sharktuner/tuning_2025_11_25_00_56/candidates/specs/251_spec.mlir
2025-11-25 01:02:22,693 - INFO - /home/amily/shark-ai/sharktuner/tuning_2025_11_25_00_56/candidates/specs/279_spec.mlir
2025-11-25 01:02:22,693 - INFO - /home/amily/shark-ai/sharktuner/tuning_2025_11_25_00_56/candidates/specs/48_spec.mlir
2025-11-25 01:02:22,693 - INFO - /home/amily/shark-ai/sharktuner/tuning_2025_11_25_00_56/candidates/specs/120_spec.mlir
2025-11-25 01:02:22,693 - INFO - /home/amily/shark-ai/sharktuner/tuning_2025_11_25_00_56/candidates/specs/255_spec.mlir
2025-11-25 01:02:22,693 - INFO - /home/amily/shark-ai/sharktuner/tuning_2025_11_25_00_56/candidates/specs/213_spec.mlir
2025-11-25 01:02:22,693 - INFO - /home/amily/shark-ai/sharktuner/tuning_2025_11_25_00_56/candidates/specs/209_spec.mlir
2025-11-25 01:02:22,693 - INFO - /home/amily/shark-ai/sharktuner/tuning_2025_11_25_00_56/candidates/specs/277_spec.mlir
2025-11-25 01:02:22,693 - INFO - /home/amily/shark-ai/sharktuner/tuning_2025_11_25_00_56/candidates/specs/319_spec.mlir
2025-11-25 01:02:22,693 - INFO - /home/amily/shark-ai/sharktuner/tuning_2025_11_25_00_56/candidates/specs/144_spec.mlir
2025-11-25 01:02:22,693 - INFO - /home/amily/shark-ai/sharktuner/tuning_2025_11_25_00_56/candidates/specs/187_spec.mlir
2025-11-25 01:02:22,693 - INFO - /home/amily/shark-ai/sharktuner/tuning_2025_11_25_00_56/candidates/specs/214_spec.mlir
2025-11-25 01:02:22,693 - INFO - /home/amily/shark-ai/sharktuner/tuning_2025_11_25_00_56/candidates/specs/54_spec.mlir
2025-11-25 01:02:22,693 - INFO - /home/amily/shark-ai/sharktuner/tuning_2025_11_25_00_56/candidates/specs/264_spec.mlir
2025-11-25 01:02:22,693 - INFO - /home/amily/shark-ai/sharktuner/tuning_2025_11_25_00_56/candidates/specs/30_spec.mlir
2025-11-25 01:02:22,694 - INFO - /home/amily/shark-ai/sharktuner/tuning_2025_11_25_00_56/candidates/specs/362_spec.mlir
2025-11-25 01:02:22,694 - INFO - /home/amily/shark-ai/sharktuner/tuning_2025_11_25_00_56/candidates/specs/298_spec.mlir
2025-11-25 01:02:22,694 - INFO - /home/amily/shark-ai/sharktuner/tuning_2025_11_25_00_56/candidates/specs/338_spec.mlir
2025-11-25 01:02:22,694 - INFO - /home/amily/shark-ai/sharktuner/tuning_2025_11_25_00_56/candidates/specs/69_spec.mlir
2025-11-25 01:02:22,694 - INFO - /home/amily/shark-ai/sharktuner/tuning_2025_11_25_00_56/candidates/specs/316_spec.mlir
2025-11-25 01:02:22,694 - INFO - /home/amily/shark-ai/sharktuner/tuning_2025_11_25_00_56/candidates/specs/286_spec.mlir
2025-11-25 01:02:22,694 - INFO - /home/amily/shark-ai/sharktuner/tuning_2025_11_25_00_56/candidates/specs/155_spec.mlir
2025-11-25 01:02:22,694 - INFO - /home/amily/shark-ai/sharktuner/tuning_2025_11_25_00_56/candidates/specs/296_spec.mlir
2025-11-25 01:02:22,694 - INFO - /home/amily/shark-ai/sharktuner/tuning_2025_11_25_00_56/candidates/specs/350_spec.mlir
2025-11-25 01:02:22,694 - INFO - /home/amily/shark-ai/sharktuner/tuning_2025_11_25_00_56/candidates/specs/218_spec.mlir
2025-11-25 01:02:22,694 - INFO - /home/amily/shark-ai/sharktuner/tuning_2025_11_25_00_56/candidates/specs/308_spec.mlir
2025-11-25 01:02:22,694 - INFO - /home/amily/shark-ai/sharktuner/tuning_2025_11_25_00_56/candidates/specs/11_spec.mlir
2025-11-25 01:02:22,694 - INFO - /home/amily/shark-ai/sharktuner/tuning_2025_11_25_00_56/candidates/specs/285_spec.mlir
2025-11-25 01:02:22,694 - INFO - /home/amily/shark-ai/sharktuner/tuning_2025_11_25_00_56/candidates/specs/233_spec.mlir
2025-11-25 01:02:22,694 - INFO - /home/amily/shark-ai/sharktuner/tuning_2025_11_25_00_56/candidates/specs/281_spec.mlir
2025-11-25 01:02:22,694 - INFO - /home/amily/shark-ai/sharktuner/tuning_2025_11_25_00_56/candidates/specs/278_spec.mlir
2025-11-25 01:02:22,694 - INFO - /home/amily/shark-ai/sharktuner/tuning_2025_11_25_00_56/candidates/specs/326_spec.mlir
2025-11-25 01:02:22,694 - INFO - /home/amily/shark-ai/sharktuner/tuning_2025_11_25_00_56/candidates/specs/188_spec.mlir
2025-11-25 01:02:22,694 - INFO - /home/amily/shark-ai/sharktuner/tuning_2025_11_25_00_56/candidates/specs/186_spec.mlir
2025-11-25 01:02:22,694 - INFO - /home/amily/shark-ai/sharktuner/tuning_2025_11_25_00_56/candidates/specs/344_spec.mlir
2025-11-25 01:02:22,694 - INFO - /home/amily/shark-ai/sharktuner/tuning_2025_11_25_00_56/candidates/specs/78_spec.mlir
2025-11-25 01:02:22,694 - INFO - /home/amily/shark-ai/sharktuner/tuning_2025_11_25_00_56/candidates/specs/331_spec.mlir
2025-11-25 01:02:22,695 - INFO - /home/amily/shark-ai/sharktuner/tuning_2025_11_25_00_56/candidates/specs/165_spec.mlir
2025-11-25 01:02:22,695 - INFO - /home/amily/shark-ai/sharktuner/tuning_2025_11_25_00_56/candidates/specs/226_spec.mlir
2025-11-25 01:02:22,695 - INFO - /home/amily/shark-ai/sharktuner/tuning_2025_11_25_00_56/candidates/specs/47_spec.mlir
2025-11-25 01:02:22,695 - INFO - /home/amily/shark-ai/sharktuner/tuning_2025_11_25_00_56/candidates/specs/56_spec.mlir
2025-11-25 01:02:22,695 - INFO - /home/amily/shark-ai/sharktuner/tuning_2025_11_25_00_56/candidates/specs/268_spec.mlir
2025-11-25 01:02:22,695 - INFO - /home/amily/shark-ai/sharktuner/tuning_2025_11_25_00_56/candidates/specs/258_spec.mlir
2025-11-25 01:02:22,695 - INFO - /home/amily/shark-ai/sharktuner/tuning_2025_11_25_00_56/candidates/specs/367_spec.mlir
2025-11-25 01:02:22,695 - INFO - /home/amily/shark-ai/sharktuner/tuning_2025_11_25_00_56/candidates/specs/142_spec.mlir
2025-11-25 01:02:22,695 - INFO - /home/amily/shark-ai/sharktuner/tuning_2025_11_25_00_56/candidates/specs/68_spec.mlir
2025-11-25 01:02:22,695 - INFO - /home/amily/shark-ai/sharktuner/tuning_2025_11_25_00_56/candidates/specs/245_spec.mlir
2025-11-25 01:02:22,695 - INFO - /home/amily/shark-ai/sharktuner/tuning_2025_11_25_00_56/candidates/specs/309_spec.mlir
2025-11-25 01:02:22,695 - INFO - /home/amily/shark-ai/sharktuner/tuning_2025_11_25_00_56/candidates/specs/290_spec.mlir
2025-11-25 01:02:22,695 - INFO - /home/amily/shark-ai/sharktuner/tuning_2025_11_25_00_56/candidates/specs/276_spec.mlir
2025-11-25 01:02:22,695 - INFO - /home/amily/shark-ai/sharktuner/tuning_2025_11_25_00_56/candidates/specs/12_spec.mlir
2025-11-25 01:02:22,695 - INFO - /home/amily/shark-ai/sharktuner/tuning_2025_11_25_00_56/candidates/specs/177_spec.mlir
2025-11-25 01:02:22,695 - INFO - /home/amily/shark-ai/sharktuner/tuning_2025_11_25_00_56/candidates/specs/273_spec.mlir
2025-11-25 01:02:22,695 - INFO - /home/amily/shark-ai/sharktuner/tuning_2025_11_25_00_56/candidates/specs/289_spec.mlir
2025-11-25 01:02:22,695 - INFO - /home/amily/shark-ai/sharktuner/tuning_2025_11_25_00_56/candidates/specs/284_spec.mlir
2025-11-25 01:02:22,695 - INFO - /home/amily/shark-ai/sharktuner/tuning_2025_11_25_00_56/candidates/specs/100_spec.mlir
2025-11-25 01:02:22,695 - INFO - /home/amily/shark-ai/sharktuner/tuning_2025_11_25_00_56/candidates/specs/189_spec.mlir
2025-11-25 01:02:22,695 - INFO - /home/amily/shark-ai/sharktuner/tuning_2025_11_25_00_56/candidates/specs/95_spec.mlir
2025-11-25 01:02:22,695 - INFO - /home/amily/shark-ai/sharktuner/tuning_2025_11_25_00_56/candidates/specs/269_spec.mlir
2025-11-25 01:02:22,696 - INFO - /home/amily/shark-ai/sharktuner/tuning_2025_11_25_00_56/candidates/specs/301_spec.mlir
2025-11-25 01:02:22,696 - INFO - /home/amily/shark-ai/sharktuner/tuning_2025_11_25_00_56/candidates/specs/148_spec.mlir
2025-11-25 01:02:22,696 - INFO - /home/amily/shark-ai/sharktuner/tuning_2025_11_25_00_56/candidates/specs/349_spec.mlir
2025-11-25 01:02:22,696 - INFO - /home/amily/shark-ai/sharktuner/tuning_2025_11_25_00_56/candidates/specs/195_spec.mlir
2025-11-25 01:02:22,696 - INFO - /home/amily/shark-ai/sharktuner/tuning_2025_11_25_00_56/candidates/specs/302_spec.mlir
2025-11-25 01:02:22,696 - INFO - /home/amily/shark-ai/sharktuner/tuning_2025_11_25_00_56/candidates/specs/58_spec.mlir
2025-11-25 01:02:22,696 - INFO - /home/amily/shark-ai/sharktuner/tuning_2025_11_25_00_56/candidates/specs/212_spec.mlir
2025-11-25 01:02:22,696 - INFO - /home/amily/shark-ai/sharktuner/tuning_2025_11_25_00_56/candidates/specs/322_spec.mlir
2025-11-25 01:02:22,696 - INFO - /home/amily/shark-ai/sharktuner/tuning_2025_11_25_00_56/candidates/specs/136_spec.mlir
2025-11-25 01:02:22,696 - INFO - /home/amily/shark-ai/sharktuner/tuning_2025_11_25_00_56/candidates/specs/93_spec.mlir
2025-11-25 01:02:22,696 - INFO - /home/amily/shark-ai/sharktuner/tuning_2025_11_25_00_56/candidates/specs/62_spec.mlir
2025-11-25 01:02:22,696 - INFO - /home/amily/shark-ai/sharktuner/tuning_2025_11_25_00_56/candidates/specs/337_spec.mlir
2025-11-25 01:02:22,696 - INFO - /home/amily/shark-ai/sharktuner/tuning_2025_11_25_00_56/candidates/specs/320_spec.mlir
2025-11-25 01:02:22,696 - INFO - /home/amily/shark-ai/sharktuner/tuning_2025_11_25_00_56/candidates/specs/299_spec.mlir
2025-11-25 01:02:22,696 - INFO - /home/amily/shark-ai/sharktuner/tuning_2025_11_25_00_56/candidates/specs/91_spec.mlir
2025-11-25 01:02:22,696 - INFO - /home/amily/shark-ai/sharktuner/tuning_2025_11_25_00_56/candidates/specs/76_spec.mlir
2025-11-25 01:02:22,696 - INFO - /home/amily/shark-ai/sharktuner/tuning_2025_11_25_00_56/candidates/specs/43_spec.mlir
2025-11-25 01:02:22,696 - INFO - /home/amily/shark-ai/sharktuner/tuning_2025_11_25_00_56/candidates/specs/315_spec.mlir
2025-11-25 01:02:22,696 - INFO - /home/amily/shark-ai/sharktuner/tuning_2025_11_25_00_56/candidates/specs/341_spec.mlir
2025-11-25 01:02:22,696 - INFO - /home/amily/shark-ai/sharktuner/tuning_2025_11_25_00_56/candidates/specs/304_spec.mlir
2025-11-25 01:02:22,696 - INFO - /home/amily/shark-ai/sharktuner/tuning_2025_11_25_00_56/candidates/specs/27_spec.mlir
2025-11-25 01:02:22,696 - INFO - /home/amily/shark-ai/sharktuner/tuning_2025_11_25_00_56/candidates/specs/361_spec.mlir
2025-11-25 01:02:22,697 - INFO - /home/amily/shark-ai/sharktuner/tuning_2025_11_25_00_56/candidates/specs/274_spec.mlir
2025-11-25 01:02:22,697 - INFO - /home/amily/shark-ai/sharktuner/tuning_2025_11_25_00_56/candidates/specs/127_spec.mlir
2025-11-25 01:02:22,697 - INFO - /home/amily/shark-ai/sharktuner/tuning_2025_11_25_00_56/candidates/specs/345_spec.mlir
2025-11-25 01:02:22,697 - INFO - /home/amily/shark-ai/sharktuner/tuning_2025_11_25_00_56/candidates/specs/364_spec.mlir
2025-11-25 01:02:22,697 - INFO - /home/amily/shark-ai/sharktuner/tuning_2025_11_25_00_56/candidates/specs/321_spec.mlir
2025-11-25 01:02:22,697 - INFO - /home/amily/shark-ai/sharktuner/tuning_2025_11_25_00_56/candidates/specs/16_spec.mlir
2025-11-25 01:02:22,697 - INFO - /home/amily/shark-ai/sharktuner/tuning_2025_11_25_00_56/candidates/specs/227_spec.mlir
2025-11-25 01:02:22,697 - INFO - /home/amily/shark-ai/sharktuner/tuning_2025_11_25_00_56/candidates/specs/45_spec.mlir
2025-11-25 01:02:22,697 - INFO - /home/amily/shark-ai/sharktuner/tuning_2025_11_25_00_56/candidates/specs/60_spec.mlir
2025-11-25 01:02:22,697 - INFO - /home/amily/shark-ai/sharktuner/tuning_2025_11_25_00_56/candidates/specs/180_spec.mlir
2025-11-25 01:02:22,697 - INFO - /home/amily/shark-ai/sharktuner/tuning_2025_11_25_00_56/candidates/specs/176_spec.mlir
2025-11-25 01:02:22,697 - INFO - /home/amily/shark-ai/sharktuner/tuning_2025_11_25_00_56/candidates/specs/25_spec.mlir
2025-11-25 01:02:22,697 - INFO - /home/amily/shark-ai/sharktuner/tuning_2025_11_25_00_56/candidates/specs/71_spec.mlir
2025-11-25 01:02:22,697 - INFO - /home/amily/shark-ai/sharktuner/tuning_2025_11_25_00_56/candidates/specs/204_spec.mlir
2025-11-25 01:02:22,697 - INFO - /home/amily/shark-ai/sharktuner/tuning_2025_11_25_00_56/candidates/specs/242_spec.mlir
2025-11-25 01:02:22,697 - INFO - /home/amily/shark-ai/sharktuner/tuning_2025_11_25_00_56/candidates/specs/210_spec.mlir
2025-11-25 01:02:22,697 - INFO - /home/amily/shark-ai/sharktuner/tuning_2025_11_25_00_56/candidates/specs/140_spec.mlir
2025-11-25 01:02:22,697 - INFO - /home/amily/shark-ai/sharktuner/tuning_2025_11_25_00_56/candidates/specs/231_spec.mlir
2025-11-25 01:02:22,697 - INFO - /home/amily/shark-ai/sharktuner/tuning_2025_11_25_00_56/candidates/specs/160_spec.mlir
2025-11-25 01:02:22,697 - INFO - /home/amily/shark-ai/sharktuner/tuning_2025_11_25_00_56/candidates/specs/110_spec.mlir
2025-11-25 01:02:22,697 - INFO - /home/amily/shark-ai/sharktuner/tuning_2025_11_25_00_56/candidates/specs/272_spec.mlir
2025-11-25 01:02:22,697 - INFO - /home/amily/shark-ai/sharktuner/tuning_2025_11_25_00_56/candidates/specs/249_spec.mlir
2025-11-25 01:02:22,698 - INFO - /home/amily/shark-ai/sharktuner/tuning_2025_11_25_00_56/candidates/specs/82_spec.mlir
2025-11-25 01:02:22,698 - INFO - /home/amily/shark-ai/sharktuner/tuning_2025_11_25_00_56/candidates/specs/162_spec.mlir
2025-11-25 01:02:22,698 - INFO - /home/amily/shark-ai/sharktuner/tuning_2025_11_25_00_56/candidates/specs/2_spec.mlir
2025-11-25 01:02:22,698 - INFO - /home/amily/shark-ai/sharktuner/tuning_2025_11_25_00_56/candidates/specs/358_spec.mlir
2025-11-25 01:02:22,698 - INFO - /home/amily/shark-ai/sharktuner/tuning_2025_11_25_00_56/candidates/specs/234_spec.mlir
2025-11-25 01:02:22,698 - INFO - /home/amily/shark-ai/sharktuner/tuning_2025_11_25_00_56/candidates/specs/363_spec.mlir
2025-11-25 01:02:22,698 - INFO - /home/amily/shark-ai/sharktuner/tuning_2025_11_25_00_56/candidates/specs/215_spec.mlir
2025-11-25 01:02:22,698 - INFO - /home/amily/shark-ai/sharktuner/tuning_2025_11_25_00_56/candidates/specs/342_spec.mlir
2025-11-25 01:02:22,698 - INFO - /home/amily/shark-ai/sharktuner/tuning_2025_11_25_00_56/candidates/specs/8_spec.mlir
2025-11-25 01:02:22,698 - INFO - /home/amily/shark-ai/sharktuner/tuning_2025_11_25_00_56/candidates/specs/202_spec.mlir
2025-11-25 01:02:22,698 - INFO - /home/amily/shark-ai/sharktuner/tuning_2025_11_25_00_56/candidates/specs/300_spec.mlir
2025-11-25 01:02:22,698 - INFO - /home/amily/shark-ai/sharktuner/tuning_2025_11_25_00_56/candidates/specs/323_spec.mlir
2025-11-25 01:02:22,698 - INFO - /home/amily/shark-ai/sharktuner/tuning_2025_11_25_00_56/candidates/specs/355_spec.mlir
2025-11-25 01:02:22,698 - INFO - /home/amily/shark-ai/sharktuner/tuning_2025_11_25_00_56/candidates/specs/50_spec.mlir
2025-11-25 01:02:22,698 - INFO - /home/amily/shark-ai/sharktuner/tuning_2025_11_25_00_56/candidates/specs/359_spec.mlir
2025-11-25 01:02:22,698 - INFO - /home/amily/shark-ai/sharktuner/tuning_2025_11_25_00_56/candidates/specs/246_spec.mlir
2025-11-25 01:02:22,698 - INFO - /home/amily/shark-ai/sharktuner/tuning_2025_11_25_00_56/candidates/specs/241_spec.mlir
2025-11-25 01:02:22,698 - INFO - /home/amily/shark-ai/sharktuner/tuning_2025_11_25_00_56/candidates/specs/40_spec.mlir
2025-11-25 01:02:22,698 - INFO - /home/amily/shark-ai/sharktuner/tuning_2025_11_25_00_56/candidates/specs/81_spec.mlir
2025-11-25 01:02:22,698 - INFO - /home/amily/shark-ai/sharktuner/tuning_2025_11_25_00_56/candidates/specs/92_spec.mlir
2025-11-25 01:02:22,698 - INFO - /home/amily/shark-ai/sharktuner/tuning_2025_11_25_00_56/candidates/specs/192_spec.mlir
2025-11-25 01:02:22,698 - INFO - /home/amily/shark-ai/sharktuner/tuning_2025_11_25_00_56/candidates/specs/151_spec.mlir
2025-11-25 01:02:22,699 - INFO - /home/amily/shark-ai/sharktuner/tuning_2025_11_25_00_56/candidates/specs/130_spec.mlir
2025-11-25 01:02:22,699 - INFO - /home/amily/shark-ai/sharktuner/tuning_2025_11_25_00_56/candidates/specs/254_spec.mlir
2025-11-25 01:02:22,699 - INFO - /home/amily/shark-ai/sharktuner/tuning_2025_11_25_00_56/candidates/specs/292_spec.mlir
2025-11-25 01:02:22,699 - INFO - /home/amily/shark-ai/sharktuner/tuning_2025_11_25_00_56/candidates/specs/173_spec.mlir
2025-11-25 01:02:22,699 - INFO - /home/amily/shark-ai/sharktuner/tuning_2025_11_25_00_56/candidates/specs/87_spec.mlir
2025-11-25 01:02:22,699 - INFO - /home/amily/shark-ai/sharktuner/tuning_2025_11_25_00_56/candidates/specs/143_spec.mlir
2025-11-25 01:02:22,699 - INFO - /home/amily/shark-ai/sharktuner/tuning_2025_11_25_00_56/candidates/specs/270_spec.mlir
2025-11-25 01:02:22,699 - INFO - /home/amily/shark-ai/sharktuner/tuning_2025_11_25_00_56/candidates/specs/49_spec.mlir
2025-11-25 01:02:22,699 - INFO - /home/amily/shark-ai/sharktuner/tuning_2025_11_25_00_56/candidates/specs/152_spec.mlir
2025-11-25 01:02:22,699 - INFO - /home/amily/shark-ai/sharktuner/tuning_2025_11_25_00_56/candidates/specs/21_spec.mlir
2025-11-25 01:02:22,699 - INFO - /home/amily/shark-ai/sharktuner/tuning_2025_11_25_00_56/candidates/specs/185_spec.mlir
2025-11-25 01:02:22,699 - INFO - /home/amily/shark-ai/sharktuner/tuning_2025_11_25_00_56/candidates/specs/10_spec.mlir
2025-11-25 01:02:22,699 - INFO - /home/amily/shark-ai/sharktuner/tuning_2025_11_25_00_56/candidates/specs/52_spec.mlir
2025-11-25 01:02:22,699 - INFO - /home/amily/shark-ai/sharktuner/tuning_2025_11_25_00_56/candidates/specs/37_spec.mlir
2025-11-25 01:02:22,699 - INFO - /home/amily/shark-ai/sharktuner/tuning_2025_11_25_00_56/candidates/specs/121_spec.mlir
2025-11-25 01:02:22,699 - INFO - /home/amily/shark-ai/sharktuner/tuning_2025_11_25_00_56/candidates/specs/22_spec.mlir
2025-11-25 01:02:22,699 - INFO - /home/amily/shark-ai/sharktuner/tuning_2025_11_25_00_56/candidates/specs/156_spec.mlir
2025-11-25 01:02:22,699 - INFO - /home/amily/shark-ai/sharktuner/tuning_2025_11_25_00_56/candidates/specs/190_spec.mlir
2025-11-25 01:02:22,699 - INFO - /home/amily/shark-ai/sharktuner/tuning_2025_11_25_00_56/candidates/specs/46_spec.mlir
2025-11-25 01:02:22,699 - INFO - /home/amily/shark-ai/sharktuner/tuning_2025_11_25_00_56/candidates/specs/117_spec.mlir
2025-11-25 01:02:22,699 - INFO - /home/amily/shark-ai/sharktuner/tuning_2025_11_25_00_56/candidates/specs/224_spec.mlir
2025-11-25 01:02:22,699 - INFO - /home/amily/shark-ai/sharktuner/tuning_2025_11_25_00_56/candidates/specs/371_spec.mlir
2025-11-25 01:02:22,700 - INFO - /home/amily/shark-ai/sharktuner/tuning_2025_11_25_00_56/candidates/specs/229_spec.mlir
2025-11-25 01:02:22,700 - INFO - /home/amily/shark-ai/sharktuner/tuning_2025_11_25_00_56/candidates/specs/294_spec.mlir
2025-11-25 01:02:22,700 - INFO - /home/amily/shark-ai/sharktuner/tuning_2025_11_25_00_56/candidates/specs/237_spec.mlir
2025-11-25 01:02:22,700 - INFO - /home/amily/shark-ai/sharktuner/tuning_2025_11_25_00_56/candidates/specs/223_spec.mlir
2025-11-25 01:02:22,700 - INFO - /home/amily/shark-ai/sharktuner/tuning_2025_11_25_00_56/candidates/specs/280_spec.mlir
2025-11-25 01:02:22,700 - INFO - /home/amily/shark-ai/sharktuner/tuning_2025_11_25_00_56/candidates/specs/135_spec.mlir
2025-11-25 01:02:22,700 - INFO - /home/amily/shark-ai/sharktuner/tuning_2025_11_25_00_56/candidates/specs/238_spec.mlir
2025-11-25 01:02:22,700 - INFO - /home/amily/shark-ai/sharktuner/tuning_2025_11_25_00_56/candidates/specs/346_spec.mlir
2025-11-25 01:02:22,700 - INFO - /home/amily/shark-ai/sharktuner/tuning_2025_11_25_00_56/candidates/specs/267_spec.mlir
2025-11-25 01:02:22,700 - INFO - /home/amily/shark-ai/sharktuner/tuning_2025_11_25_00_56/candidates/specs/103_spec.mlir
2025-11-25 01:02:22,700 - INFO - /home/amily/shark-ai/sharktuner/tuning_2025_11_25_00_56/candidates/specs/191_spec.mlir
2025-11-25 01:02:22,700 - INFO - /home/amily/shark-ai/sharktuner/tuning_2025_11_25_00_56/candidates/specs/357_spec.mlir
2025-11-25 01:02:22,700 - INFO - /home/amily/shark-ai/sharktuner/tuning_2025_11_25_00_56/candidates/specs/288_spec.mlir
2025-11-25 01:02:22,700 - INFO - /home/amily/shark-ai/sharktuner/tuning_2025_11_25_00_56/candidates/specs/250_spec.mlir
2025-11-25 01:02:22,700 - INFO - /home/amily/shark-ai/sharktuner/tuning_2025_11_25_00_56/candidates/specs/220_spec.mlir
2025-11-25 01:02:22,700 - INFO - /home/amily/shark-ai/sharktuner/tuning_2025_11_25_00_56/candidates/specs/325_spec.mlir
2025-11-25 01:02:22,700 - INFO - /home/amily/shark-ai/sharktuner/tuning_2025_11_25_00_56/candidates/specs/41_spec.mlir
2025-11-25 01:02:22,700 - INFO - /home/amily/shark-ai/sharktuner/tuning_2025_11_25_00_56/candidates/specs/128_spec.mlir
2025-11-25 01:02:22,700 - INFO - /home/amily/shark-ai/sharktuner/tuning_2025_11_25_00_56/candidates/specs/327_spec.mlir
2025-11-25 01:02:22,700 - INFO - /home/amily/shark-ai/sharktuner/tuning_2025_11_25_00_56/candidates/specs/293_spec.mlir
2025-11-25 01:02:22,700 - INFO - /home/amily/shark-ai/sharktuner/tuning_2025_11_25_00_56/candidates/specs/221_spec.mlir
2025-11-25 01:02:22,700 - INFO - /home/amily/shark-ai/sharktuner/tuning_2025_11_25_00_56/candidates/specs/247_spec.mlir
2025-11-25 01:02:22,701 - INFO - /home/amily/shark-ai/sharktuner/tuning_2025_11_25_00_56/candidates/specs/196_spec.mlir
2025-11-25 01:02:22,701 - INFO - /home/amily/shark-ai/sharktuner/tuning_2025_11_25_00_56/candidates/specs/253_spec.mlir
2025-11-25 01:02:22,701 - INFO - /home/amily/shark-ai/sharktuner/tuning_2025_11_25_00_56/candidates/specs/243_spec.mlir
2025-11-25 01:02:22,701 - INFO - /home/amily/shark-ai/sharktuner/tuning_2025_11_25_00_56/candidates/specs/206_spec.mlir
2025-11-25 01:02:22,701 - INFO - /home/amily/shark-ai/sharktuner/tuning_2025_11_25_00_56/candidates/specs/3_spec.mlir
2025-11-25 01:02:22,701 - INFO - /home/amily/shark-ai/sharktuner/tuning_2025_11_25_00_56/candidates/specs/178_spec.mlir
2025-11-25 01:02:22,701 - INFO - /home/amily/shark-ai/sharktuner/tuning_2025_11_25_00_56/candidates/specs/147_spec.mlir
2025-11-25 01:02:22,701 - INFO - /home/amily/shark-ai/sharktuner/tuning_2025_11_25_00_56/candidates/specs/369_spec.mlir
2025-11-25 01:02:22,701 - INFO - /home/amily/shark-ai/sharktuner/tuning_2025_11_25_00_56/candidates/specs/248_spec.mlir
2025-11-25 01:02:22,701 - INFO - /home/amily/shark-ai/sharktuner/tuning_2025_11_25_00_56/candidates/specs/171_spec.mlir
2025-11-25 01:02:22,701 - INFO - /home/amily/shark-ai/sharktuner/tuning_2025_11_25_00_56/candidates/specs/198_spec.mlir
2025-11-25 01:02:22,701 - INFO - /home/amily/shark-ai/sharktuner/tuning_2025_11_25_00_56/candidates/specs/168_spec.mlir
2025-11-25 01:02:22,701 - INFO - /home/amily/shark-ai/sharktuner/tuning_2025_11_25_00_56/candidates/specs/312_spec.mlir
2025-11-25 01:02:22,701 - INFO - /home/amily/shark-ai/sharktuner/tuning_2025_11_25_00_56/candidates/specs/287_spec.mlir
2025-11-25 01:02:22,701 - INFO - /home/amily/shark-ai/sharktuner/tuning_2025_11_25_00_56/candidates/specs/244_spec.mlir
2025-11-25 01:02:22,701 - INFO - /home/amily/shark-ai/sharktuner/tuning_2025_11_25_00_56/candidates/specs/113_spec.mlir
2025-11-25 01:02:22,701 - INFO - /home/amily/shark-ai/sharktuner/tuning_2025_11_25_00_56/candidates/specs/32_spec.mlir
2025-11-25 01:02:22,701 - INFO - /home/amily/shark-ai/sharktuner/tuning_2025_11_25_00_56/candidates/specs/348_spec.mlir
2025-11-25 01:02:22,701 - INFO - /home/amily/shark-ai/sharktuner/tuning_2025_11_25_00_56/candidates/specs/73_spec.mlir
2025-11-25 01:02:22,701 - INFO - /home/amily/shark-ai/sharktuner/tuning_2025_11_25_00_56/candidates/specs/329_spec.mlir
2025-11-25 01:02:22,701 - INFO - /home/amily/shark-ai/sharktuner/tuning_2025_11_25_00_56/candidates/specs/208_spec.mlir
2025-11-25 01:02:22,701 - INFO - /home/amily/shark-ai/sharktuner/tuning_2025_11_25_00_56/candidates/specs/1_spec.mlir
2025-11-25 01:02:22,701 - INFO - /home/amily/shark-ai/sharktuner/tuning_2025_11_25_00_56/candidates/specs/133_spec.mlir
2025-11-25 01:02:22,702 - INFO - /home/amily/shark-ai/sharktuner/tuning_2025_11_25_00_56/candidates/specs/166_spec.mlir
2025-11-25 01:02:22,702 - INFO - /home/amily/shark-ai/sharktuner/tuning_2025_11_25_00_56/candidates/specs/305_spec.mlir
2025-11-25 01:02:22,702 - INFO - /home/amily/shark-ai/sharktuner/tuning_2025_11_25_00_56/candidates/specs/354_spec.mlir
2025-11-25 01:02:22,702 - INFO - /home/amily/shark-ai/sharktuner/tuning_2025_11_25_00_56/candidates/specs/159_spec.mlir
2025-11-25 01:02:22,702 - INFO - /home/amily/shark-ai/sharktuner/tuning_2025_11_25_00_56/candidates/specs/333_spec.mlir
2025-11-25 01:02:22,702 - INFO - /home/amily/shark-ai/sharktuner/tuning_2025_11_25_00_56/candidates/specs/126_spec.mlir
2025-11-25 01:02:22,702 - INFO - /home/amily/shark-ai/sharktuner/tuning_2025_11_25_00_56/candidates/specs/370_spec.mlir
2025-11-25 01:02:22,702 - INFO - /home/amily/shark-ai/sharktuner/tuning_2025_11_25_00_56/candidates/specs/351_spec.mlir
2025-11-25 01:02:22,702 - INFO - /home/amily/shark-ai/sharktuner/tuning_2025_11_25_00_56/candidates/specs/18_spec.mlir
2025-11-25 01:02:22,702 - INFO - /home/amily/shark-ai/sharktuner/tuning_2025_11_25_00_56/candidates/specs/28_spec.mlir
2025-11-25 01:02:22,702 - INFO - /home/amily/shark-ai/sharktuner/tuning_2025_11_25_00_56/candidates/specs/182_spec.mlir
2025-11-25 01:02:22,702 - INFO - /home/amily/shark-ai/sharktuner/tuning_2025_11_25_00_56/candidates/specs/265_spec.mlir
2025-11-25 01:02:22,702 - INFO - /home/amily/shark-ai/sharktuner/tuning_2025_11_25_00_56/candidates/specs/297_spec.mlir
2025-11-25 01:02:22,702 - INFO - /home/amily/shark-ai/sharktuner/tuning_2025_11_25_00_56/candidates/specs/154_spec.mlir
2025-11-25 01:02:22,702 - INFO - /home/amily/shark-ai/sharktuner/tuning_2025_11_25_00_56/candidates/specs/314_spec.mlir
2025-11-25 01:02:22,702 - INFO - /home/amily/shark-ai/sharktuner/tuning_2025_11_25_00_56/candidates/specs/67_spec.mlir
2025-11-25 01:02:22,702 - INFO - /home/amily/shark-ai/sharktuner/tuning_2025_11_25_00_56/candidates/specs/5_spec.mlir
2025-11-25 01:02:22,702 - INFO - /home/amily/shark-ai/sharktuner/tuning_2025_11_25_00_56/candidates/specs/353_spec.mlir
2025-11-25 01:02:22,702 - INFO - /home/amily/shark-ai/sharktuner/tuning_2025_11_25_00_56/candidates/specs/39_spec.mlir
2025-11-25 01:02:22,702 - INFO - /home/amily/shark-ai/sharktuner/tuning_2025_11_25_00_56/candidates/specs/282_spec.mlir
2025-11-25 01:02:22,702 - INFO - /home/amily/shark-ai/sharktuner/tuning_2025_11_25_00_56/candidates/specs/352_spec.mlir
2025-11-25 01:02:22,702 - INFO - /home/amily/shark-ai/sharktuner/tuning_2025_11_25_00_56/candidates/specs/61_spec.mlir
2025-11-25 01:02:22,703 - INFO - /home/amily/shark-ai/sharktuner/tuning_2025_11_25_00_56/candidates/specs/313_spec.mlir
2025-11-25 01:02:22,703 - INFO - /home/amily/shark-ai/sharktuner/tuning_2025_11_25_00_56/candidates/specs/90_spec.mlir
2025-11-25 01:02:22,703 - INFO - /home/amily/shark-ai/sharktuner/tuning_2025_11_25_00_56/candidates/specs/205_spec.mlir
2025-11-25 01:02:22,703 - INFO - /home/amily/shark-ai/sharktuner/tuning_2025_11_25_00_56/candidates/specs/15_spec.mlir
2025-11-25 01:02:22,703 - INFO - /home/amily/shark-ai/sharktuner/tuning_2025_11_25_00_56/candidates/specs/163_spec.mlir
2025-11-25 01:02:22,703 - INFO - /home/amily/shark-ai/sharktuner/tuning_2025_11_25_00_56/candidates/specs/203_spec.mlir
2025-11-25 01:02:22,703 - INFO - /home/amily/shark-ai/sharktuner/tuning_2025_11_25_00_56/candidates/specs/200_spec.mlir
2025-11-25 01:02:22,703 - INFO - /home/amily/shark-ai/sharktuner/tuning_2025_11_25_00_56/candidates/specs/29_spec.mlir
2025-11-25 01:02:22,703 - INFO - /home/amily/shark-ai/sharktuner/tuning_2025_11_25_00_56/candidates/specs/134_spec.mlir
2025-11-25 01:02:22,703 - INFO - /home/amily/shark-ai/sharktuner/tuning_2025_11_25_00_56/candidates/specs/222_spec.mlir
2025-11-25 01:02:22,703 - INFO - /home/amily/shark-ai/sharktuner/tuning_2025_11_25_00_56/candidates/specs/31_spec.mlir
2025-11-25 01:02:22,703 - INFO - /home/amily/shark-ai/sharktuner/tuning_2025_11_25_00_56/candidates/specs/57_spec.mlir
2025-11-25 01:02:22,703 - INFO - /home/amily/shark-ai/sharktuner/tuning_2025_11_25_00_56/candidates/specs/23_spec.mlir
2025-11-25 01:02:22,703 - INFO - /home/amily/shark-ai/sharktuner/tuning_2025_11_25_00_56/candidates/specs/77_spec.mlir
2025-11-25 01:02:22,703 - INFO - /home/amily/shark-ai/sharktuner/tuning_2025_11_25_00_56/candidates/specs/123_spec.mlir
2025-11-25 01:02:22,703 - INFO - /home/amily/shark-ai/sharktuner/tuning_2025_11_25_00_56/candidates/specs/118_spec.mlir
2025-11-25 01:02:22,703 - INFO - /home/amily/shark-ai/sharktuner/tuning_2025_11_25_00_56/candidates/specs/51_spec.mlir
2025-11-25 01:02:22,703 - INFO - /home/amily/shark-ai/sharktuner/tuning_2025_11_25_00_56/candidates/specs/193_spec.mlir
2025-11-25 01:02:22,703 - INFO - /home/amily/shark-ai/sharktuner/tuning_2025_11_25_00_56/candidates/specs/102_spec.mlir
2025-11-25 01:02:22,703 - INFO - /home/amily/shark-ai/sharktuner/tuning_2025_11_25_00_56/candidates/specs/59_spec.mlir
2025-11-25 01:02:22,703 - INFO - /home/amily/shark-ai/sharktuner/tuning_2025_11_25_00_56/candidates/specs/141_spec.mlir
2025-11-25 01:02:22,703 - INFO - /home/amily/shark-ai/sharktuner/tuning_2025_11_25_00_56/candidates/specs/111_spec.mlir
2025-11-25 01:02:22,703 - INFO - /home/amily/shark-ai/sharktuner/tuning_2025_11_25_00_56/candidates/specs/328_spec.mlir
2025-11-25 01:02:22,704 - INFO - /home/amily/shark-ai/sharktuner/tuning_2025_11_25_00_56/candidates/specs/44_spec.mlir
2025-11-25 01:02:22,704 - INFO - /home/amily/shark-ai/sharktuner/tuning_2025_11_25_00_56/candidates/specs/85_spec.mlir
2025-11-25 01:02:22,704 - INFO - /home/amily/shark-ai/sharktuner/tuning_2025_11_25_00_56/candidates/specs/116_spec.mlir
2025-11-25 01:02:22,704 - INFO - /home/amily/shark-ai/sharktuner/tuning_2025_11_25_00_56/candidates/specs/55_spec.mlir
2025-11-25 01:02:22,704 - INFO - /home/amily/shark-ai/sharktuner/tuning_2025_11_25_00_56/candidates/specs/13_spec.mlir
2025-11-25 01:02:22,704 - INFO - /home/amily/shark-ai/sharktuner/tuning_2025_11_25_00_56/candidates/specs/64_spec.mlir
2025-11-25 01:02:22,704 - INFO - /home/amily/shark-ai/sharktuner/tuning_2025_11_25_00_56/candidates/specs/228_spec.mlir
2025-11-25 01:02:22,704 - INFO - /home/amily/shark-ai/sharktuner/tuning_2025_11_25_00_56/candidates/specs/80_spec.mlir
2025-11-25 01:02:22,704 - INFO - /home/amily/shark-ai/sharktuner/tuning_2025_11_25_00_56/candidates/specs/257_spec.mlir
2025-11-25 01:02:22,704 - INFO - /home/amily/shark-ai/sharktuner/tuning_2025_11_25_00_56/candidates/specs/38_spec.mlir
2025-11-25 01:02:22,704 - INFO - /home/amily/shark-ai/sharktuner/tuning_2025_11_25_00_56/candidates/specs/150_spec.mlir
2025-11-25 01:02:22,704 - INFO - /home/amily/shark-ai/sharktuner/tuning_2025_11_25_00_56/candidates/specs/6_spec.mlir
2025-11-25 01:02:22,704 - INFO - /home/amily/shark-ai/sharktuner/tuning_2025_11_25_00_56/candidates/specs/4_spec.mlir
2025-11-25 01:02:22,704 - INFO - /home/amily/shark-ai/sharktuner/tuning_2025_11_25_00_56/candidates/specs/201_spec.mlir
2025-11-25 01:02:22,704 - INFO - /home/amily/shark-ai/sharktuner/tuning_2025_11_25_00_56/candidates/specs/70_spec.mlir
2025-11-25 01:02:22,704 - INFO - /home/amily/shark-ai/sharktuner/tuning_2025_11_25_00_56/candidates/specs/217_spec.mlir
2025-11-25 01:02:22,704 - INFO - /home/amily/shark-ai/sharktuner/tuning_2025_11_25_00_56/candidates/specs/14_spec.mlir
2025-11-25 01:02:22,704 - INFO - /home/amily/shark-ai/sharktuner/tuning_2025_11_25_00_56/candidates/specs/99_spec.mlir
2025-11-25 01:02:22,704 - INFO - /home/amily/shark-ai/sharktuner/tuning_2025_11_25_00_56/candidates/specs/108_spec.mlir
2025-11-25 01:02:22,704 - INFO - /home/amily/shark-ai/sharktuner/tuning_2025_11_25_00_56/candidates/specs/20_spec.mlir
2025-11-25 01:02:22,704 - INFO - /home/amily/shark-ai/sharktuner/tuning_2025_11_25_00_56/candidates/specs/317_spec.mlir
2025-11-25 01:02:22,704 - INFO - /home/amily/shark-ai/sharktuner/tuning_2025_11_25_00_56/candidates/specs/199_spec.mlir
2025-11-25 01:02:22,705 - INFO - /home/amily/shark-ai/sharktuner/tuning_2025_11_25_00_56/candidates/specs/262_spec.mlir
2025-11-25 01:02:22,705 - INFO - /home/amily/shark-ai/sharktuner/tuning_2025_11_25_00_56/candidates/specs/36_spec.mlir
2025-11-25 01:02:22,705 - INFO - /home/amily/shark-ai/sharktuner/tuning_2025_11_25_00_56/candidates/specs/129_spec.mlir
2025-11-25 01:02:22,705 - INFO - /home/amily/shark-ai/sharktuner/tuning_2025_11_25_00_56/candidates/specs/97_spec.mlir
2025-11-25 01:02:22,705 - INFO - /home/amily/shark-ai/sharktuner/tuning_2025_11_25_00_56/candidates/specs/137_spec.mlir
2025-11-25 01:02:22,705 - INFO - /home/amily/shark-ai/sharktuner/tuning_2025_11_25_00_56/candidates/specs/86_spec.mlir
2025-11-25 01:02:22,705 - INFO - /home/amily/shark-ai/sharktuner/tuning_2025_11_25_00_56/candidates/specs/105_spec.mlir
2025-11-25 01:02:22,705 - INFO - /home/amily/shark-ai/sharktuner/tuning_2025_11_25_00_56/candidates/specs/112_spec.mlir
2025-11-25 01:02:22,705 - INFO - /home/amily/shark-ai/sharktuner/tuning_2025_11_25_00_56/candidates/specs/42_spec.mlir
2025-11-25 01:02:22,705 - INFO - /home/amily/shark-ai/sharktuner/tuning_2025_11_25_00_56/candidates/specs/114_spec.mlir
2025-11-25 01:02:22,705 - INFO - /home/amily/shark-ai/sharktuner/tuning_2025_11_25_00_56/candidates/specs/107_spec.mlir
2025-11-25 01:02:22,705 - INFO - /home/amily/shark-ai/sharktuner/tuning_2025_11_25_00_56/candidates/specs/17_spec.mlir
2025-11-25 01:02:22,705 - INFO - /home/amily/shark-ai/sharktuner/tuning_2025_11_25_00_56/candidates/specs/169_spec.mlir
2025-11-25 01:02:22,705 - INFO - /home/amily/shark-ai/sharktuner/tuning_2025_11_25_00_56/candidates/specs/125_spec.mlir
2025-11-25 01:02:22,705 - INFO - /home/amily/shark-ai/sharktuner/tuning_2025_11_25_00_56/candidates/specs/104_spec.mlir
2025-11-25 01:02:22,705 - INFO - /home/amily/shark-ai/sharktuner/tuning_2025_11_25_00_56/candidates/specs/197_spec.mlir
2025-11-25 01:02:22,705 - INFO - /home/amily/shark-ai/sharktuner/tuning_2025_11_25_00_56/candidates/specs/181_spec.mlir
2025-11-25 01:02:22,705 - INFO - /home/amily/shark-ai/sharktuner/tuning_2025_11_25_00_56/candidates/specs/26_spec.mlir
2025-11-25 01:02:22,705 - INFO - /home/amily/shark-ai/sharktuner/tuning_2025_11_25_00_56/candidates/specs/34_spec.mlir
2025-11-25 01:02:22,705 - INFO - /home/amily/shark-ai/sharktuner/tuning_2025_11_25_00_56/candidates/specs/101_spec.mlir
2025-11-25 01:02:22,705 - INFO - /home/amily/shark-ai/sharktuner/tuning_2025_11_25_00_56/candidates/specs/106_spec.mlir
2025-11-25 01:02:22,705 - INFO - /home/amily/shark-ai/sharktuner/tuning_2025_11_25_00_56/candidates/specs/138_spec.mlir
2025-11-25 01:02:22,705 - INFO - /home/amily/shark-ai/sharktuner/tuning_2025_11_25_00_56/candidates/specs/158_spec.mlir
2025-11-25 01:02:22,706 - INFO - /home/amily/shark-ai/sharktuner/tuning_2025_11_25_00_56/candidates/specs/164_spec.mlir
2025-11-25 01:02:22,706 - INFO - /home/amily/shark-ai/sharktuner/tuning_2025_11_25_00_56/candidates/specs/174_spec.mlir
2025-11-25 01:02:22,706 - INFO - /home/amily/shark-ai/sharktuner/tuning_2025_11_25_00_56/candidates/specs/330_spec.mlir
