2025-11-24 21:19:11,119 - WARNING - Command '/home/amily/iree-build/compiler/bindings/python/iree/compiler/tools/../_mlir_libs/iree-compile tuning_2025_11_24_21_18/template.mlir -o=tuning_2025_11_24_21_18/candidates/compiled/52.vmfb --mlir-pass-pipeline-crash-reproducer=tuning_2025_11_24_21_18/candidates/compiled/52.vmfb.crash_report.mlir --iree-codegen-tuning-spec-path=tuning_2025_11_24_21_18/candidates/specs/52_spec.mlir --iree-hal-target-device=hip --iree-hip-target=gfx942 --compile-from=executable-sources' timed out after 16 seconds.
2025-11-24 21:19:11,397 - WARNING - Command '/home/amily/iree-build/compiler/bindings/python/iree/compiler/tools/../_mlir_libs/iree-compile tuning_2025_11_24_21_18/template.mlir -o=tuning_2025_11_24_21_18/candidates/compiled/69.vmfb --mlir-pass-pipeline-crash-reproducer=tuning_2025_11_24_21_18/candidates/compiled/69.vmfb.crash_report.mlir --iree-codegen-tuning-spec-path=tuning_2025_11_24_21_18/candidates/specs/69_spec.mlir --iree-hal-target-device=hip --iree-hip-target=gfx942 --compile-from=executable-sources' timed out after 16 seconds.
2025-11-24 21:19:12,511 - WARNING - Command '/home/amily/iree-build/compiler/bindings/python/iree/compiler/tools/../_mlir_libs/iree-compile tuning_2025_11_24_21_18/template.mlir -o=tuning_2025_11_24_21_18/candidates/compiled/173.vmfb --mlir-pass-pipeline-crash-reproducer=tuning_2025_11_24_21_18/candidates/compiled/173.vmfb.crash_report.mlir --iree-codegen-tuning-spec-path=tuning_2025_11_24_21_18/candidates/specs/173_spec.mlir --iree-hal-target-device=hip --iree-hip-target=gfx942 --compile-from=executable-sources' timed out after 16 seconds.
2025-11-24 21:19:13,401 - WARNING - Command '/home/amily/iree-build/compiler/bindings/python/iree/compiler/tools/../_mlir_libs/iree-compile tuning_2025_11_24_21_18/template.mlir -o=tuning_2025_11_24_21_18/candidates/compiled/233.vmfb --mlir-pass-pipeline-crash-reproducer=tuning_2025_11_24_21_18/candidates/compiled/233.vmfb.crash_report.mlir --iree-codegen-tuning-spec-path=tuning_2025_11_24_21_18/candidates/specs/233_spec.mlir --iree-hal-target-device=hip --iree-hip-target=gfx942 --compile-from=executable-sources' timed out after 16 seconds.
2025-11-24 21:19:13,586 - WARNING - Command '/home/amily/iree-build/compiler/bindings/python/iree/compiler/tools/../_mlir_libs/iree-compile tuning_2025_11_24_21_18/template.mlir -o=tuning_2025_11_24_21_18/candidates/compiled/248.vmfb --mlir-pass-pipeline-crash-reproducer=tuning_2025_11_24_21_18/candidates/compiled/248.vmfb.crash_report.mlir --iree-codegen-tuning-spec-path=tuning_2025_11_24_21_18/candidates/specs/248_spec.mlir --iree-hal-target-device=hip --iree-hip-target=gfx942 --compile-from=executable-sources' timed out after 16 seconds.
2025-11-24 21:19:14,845 - WARNING - Command '/home/amily/iree-build/compiler/bindings/python/iree/compiler/tools/../_mlir_libs/iree-compile tuning_2025_11_24_21_18/template.mlir -o=tuning_2025_11_24_21_18/candidates/compiled/332.vmfb --mlir-pass-pipeline-crash-reproducer=tuning_2025_11_24_21_18/candidates/compiled/332.vmfb.crash_report.mlir --iree-codegen-tuning-spec-path=tuning_2025_11_24_21_18/candidates/specs/332_spec.mlir --iree-hal-target-device=hip --iree-hip-target=gfx942 --compile-from=executable-sources' timed out after 16 seconds.
2025-11-24 21:19:14,936 - INFO - Benchmarking compiled dispatch candidates...
2025-11-24 21:19:27,582 - INFO - Smart candidate benchmark timeout is set to 3.86s
2025-11-24 21:24:26,009 - WARNING - Performance regressions detected for the following devices: hip://2, hip://5, hip://7.
2025-11-24 21:24:26,012 - INFO - Candidate 345 time: 64.67 us (70.9% of baseline)
2025-11-24 21:24:26,012 - INFO - Candidate 73 time: 65.67 us (71.1% of baseline)
2025-11-24 21:24:26,012 - INFO - Candidate 122 time: 65.67 us (72.0% of baseline)
2025-11-24 21:24:26,012 - INFO - Candidate 8 time: 67.33 us (72.9% of baseline)
2025-11-24 21:24:26,012 - INFO - Candidate 143 time: 65.33 us (73.3% of baseline)
2025-11-24 21:24:26,012 - INFO - Candidate 240 time: 67.33 us (73.9% of baseline)
2025-11-24 21:24:26,012 - INFO - Candidate 84 time: 66.33 us (74.4% of baseline)
2025-11-24 21:24:26,012 - INFO - Candidate 85 time: 69.33 us (75.1% of baseline)
2025-11-24 21:24:26,012 - INFO - Candidate 362 time: 69.33 us (75.1% of baseline)
2025-11-24 21:24:26,012 - INFO - Candidate 36 time: 69.67 us (76.4% of baseline)
2025-11-24 21:24:26,012 - INFO - Candidate 268 time: 70.67 us (76.5% of baseline)
2025-11-24 21:24:26,012 - INFO - Candidate 365 time: 70.67 us (77.5% of baseline)
2025-11-24 21:24:26,012 - INFO - Candidate 135 time: 69.33 us (77.8% of baseline)
2025-11-24 21:24:26,012 - INFO - Candidate 186 time: 71.67 us (78.6% of baseline)
2025-11-24 21:24:26,012 - INFO - Candidate 244 time: 71.67 us (78.6% of baseline)
2025-11-24 21:24:26,012 - INFO - Candidate 12 time: 72.67 us (79.7% of baseline)
2025-11-24 21:24:26,012 - INFO - Candidate 100 time: 66.33 us (79.9% of baseline)
2025-11-24 21:24:26,013 - INFO - Candidate 195 time: 73.67 us (80.8% of baseline)
2025-11-24 21:24:26,013 - INFO - Candidate 349 time: 73.67 us (80.8% of baseline)
2025-11-24 21:24:26,013 - INFO - Candidate 310 time: 72.67 us (81.5% of baseline)
2025-11-24 21:24:26,013 - INFO - Candidate 331 time: 68.00 us (81.9% of baseline)
2025-11-24 21:24:26,013 - INFO - Candidate 280 time: 75.00 us (82.3% of baseline)
2025-11-24 21:24:26,013 - INFO - Candidate 112 time: 68.67 us (82.7% of baseline)
2025-11-24 21:24:26,013 - INFO - Candidate 16 time: 76.00 us (83.4% of baseline)
2025-11-24 21:24:26,013 - INFO - Candidate 253 time: 77.00 us (83.4% of baseline)
2025-11-24 21:24:26,013 - INFO - Candidate 302 time: 75.33 us (84.5% of baseline)
2025-11-24 21:24:26,013 - INFO - Candidate 118 time: 77.33 us (84.8% of baseline)
2025-11-24 21:24:26,013 - INFO - Candidate 128 time: 75.67 us (84.9% of baseline)
2025-11-24 21:24:26,013 - INFO - Candidate 154 time: 78.00 us (85.6% of baseline)
2025-11-24 21:24:26,013 - INFO - Candidate 296 time: 79.33 us (85.9% of baseline)
2025-11-24 21:24:26,013 - INFO - Candidate 78 time: 79.67 us (87.4% of baseline)
2025-11-24 21:24:26,013 - INFO - Candidate 273 time: 81.00 us (87.7% of baseline)
2025-11-24 21:24:26,013 - INFO - Candidate 295 time: 73.00 us (88.0% of baseline)
2025-11-24 21:24:26,013 - INFO - Candidate 193 time: 73.33 us (88.4% of baseline)
2025-11-24 21:24:26,013 - INFO - Candidate 192 time: 79.33 us (89.0% of baseline)
2025-11-24 21:24:26,013 - INFO - Candidate 119 time: 74.33 us (89.6% of baseline)
2025-11-24 21:24:26,014 - INFO - Candidate 277 time: 82.67 us (90.7% of baseline)
2025-11-24 21:24:26,014 - INFO - Candidate 140 time: 84.00 us (91.0% of baseline)
2025-11-24 21:24:26,014 - INFO - Candidate 130 time: 83.67 us (91.8% of baseline)
2025-11-24 21:24:26,014 - INFO - Candidate 237 time: 82.33 us (92.3% of baseline)
2025-11-24 21:24:26,014 - INFO - Candidate 15 time: 83.00 us (93.1% of baseline)
2025-11-24 21:24:26,014 - INFO - Candidate 14 time: 86.67 us (93.9% of baseline)
2025-11-24 21:24:26,014 - INFO - Candidate 293 time: 86.67 us (93.9% of baseline)
2025-11-24 21:24:26,014 - INFO - Candidate 155 time: 84.00 us (94.2% of baseline)
2025-11-24 21:24:26,014 - INFO - Candidate 354 time: 84.00 us (94.2% of baseline)
2025-11-24 21:24:26,014 - INFO - Candidate 105 time: 87.00 us (94.2% of baseline)
2025-11-24 21:24:26,014 - INFO - Candidate 288 time: 86.00 us (94.3% of baseline)
2025-11-24 21:24:26,014 - INFO - Candidate 30 time: 79.00 us (95.2% of baseline)
2025-11-24 21:24:26,014 - INFO - Candidate 49 time: 85.00 us (95.3% of baseline)
2025-11-24 21:24:26,014 - INFO - Candidate 230 time: 88.33 us (95.7% of baseline)
2025-11-24 21:24:26,014 - INFO - Candidate 262 time: 85.67 us (96.1% of baseline)
2025-11-24 21:24:26,014 - INFO - Candidate 187 time: 89.00 us (96.4% of baseline)
2025-11-24 21:24:26,014 - INFO - Candidate 261 time: 89.33 us (96.8% of baseline)
2025-11-24 21:24:26,014 - INFO - Candidate 266 time: 86.67 us (97.2% of baseline)
2025-11-24 21:24:26,015 - INFO - Candidate 126 time: 88.67 us (97.3% of baseline)
2025-11-24 21:24:26,015 - INFO - Candidate 174 time: 88.67 us (97.3% of baseline)
2025-11-24 21:24:26,015 - INFO - Candidate 164 time: 81.00 us (97.6% of baseline)
2025-11-24 21:24:26,015 - INFO - Candidate 289 time: 90.33 us (97.8% of baseline)
2025-11-24 21:24:26,015 - INFO - Candidate 314 time: 90.67 us (98.2% of baseline)
2025-11-24 21:24:26,015 - INFO - Candidate 107 time: 88.00 us (98.7% of baseline)
2025-11-24 21:24:26,015 - INFO - Candidate 72 time: 82.00 us (98.8% of baseline)
2025-11-24 21:24:26,015 - INFO - Candidate 258 time: 88.33 us (99.1% of baseline)
2025-11-24 21:24:26,015 - INFO - Candidate 343 time: 91.67 us (99.3% of baseline)
2025-11-24 21:24:26,015 - INFO - Candidate 367 time: 89.00 us (99.8% of baseline)
2025-11-24 21:24:26,015 - INFO - Candidate 92 time: 83.00 us (100.0% of baseline)
2025-11-24 21:24:26,015 - INFO - Candidate 282 time: 89.33 us (100.2% of baseline)
2025-11-24 21:24:26,015 - INFO - Candidate 252 time: 91.67 us (100.5% of baseline)
2025-11-24 21:24:26,015 - INFO - Candidate 129 time: 93.00 us (100.7% of baseline)
2025-11-24 21:24:26,015 - INFO - Candidate 108 time: 83.67 us (100.8% of baseline)
2025-11-24 21:24:26,015 - INFO - Candidate 206 time: 92.00 us (100.9% of baseline)
2025-11-24 21:24:26,015 - INFO - Candidate 68 time: 93.33 us (101.1% of baseline)
2025-11-24 21:24:26,015 - INFO - Candidate 207 time: 93.33 us (101.1% of baseline)
2025-11-24 21:24:26,015 - INFO - Candidate 57 time: 84.00 us (101.2% of baseline)
2025-11-24 21:24:26,016 - INFO - Candidate 158 time: 92.33 us (101.3% of baseline)
2025-11-24 21:24:26,016 - INFO - Candidate 142 time: 92.67 us (101.6% of baseline)
2025-11-24 21:24:26,016 - INFO - Candidate 123 time: 84.67 us (102.0% of baseline)
2025-11-24 21:24:26,016 - INFO - Candidate 212 time: 92.00 us (103.2% of baseline)
2025-11-24 21:24:26,016 - INFO - Candidate 77 time: 95.33 us (103.2% of baseline)
2025-11-24 21:24:26,016 - INFO - Candidate 6 time: 94.33 us (103.5% of baseline)
2025-11-24 21:24:26,016 - INFO - Candidate 61 time: 94.33 us (103.5% of baseline)
2025-11-24 21:24:26,016 - INFO - Candidate 94 time: 94.33 us (103.5% of baseline)
2025-11-24 21:24:26,016 - INFO - Candidate 21 time: 92.33 us (103.6% of baseline)
2025-11-24 21:24:26,016 - INFO - Candidate 51 time: 95.67 us (103.6% of baseline)
2025-11-24 21:24:26,016 - INFO - Candidate 156 time: 86.00 us (103.6% of baseline)
2025-11-24 21:24:26,016 - INFO - Candidate 124 time: 92.67 us (103.9% of baseline)
2025-11-24 21:24:26,016 - INFO - Candidate 222 time: 95.00 us (104.2% of baseline)
2025-11-24 21:24:26,016 - INFO - Candidate 361 time: 95.00 us (104.2% of baseline)
2025-11-24 21:24:26,016 - INFO - Candidate 319 time: 86.67 us (104.4% of baseline)
2025-11-24 21:24:26,016 - INFO - Candidate 150 time: 95.33 us (104.6% of baseline)
2025-11-24 21:24:26,016 - INFO - Candidate 250 time: 93.33 us (104.7% of baseline)
2025-11-24 21:24:26,016 - INFO - Candidate 45 time: 87.67 us (105.6% of baseline)
2025-11-24 21:24:26,016 - INFO - Candidate 364 time: 87.67 us (105.6% of baseline)
2025-11-24 21:24:26,016 - INFO - Candidate 106 time: 96.33 us (105.7% of baseline)
2025-11-24 21:24:26,017 - INFO - Candidate 189 time: 88.67 us (106.8% of baseline)
2025-11-24 21:24:26,017 - INFO - Candidate 299 time: 88.67 us (106.8% of baseline)
2025-11-24 21:24:26,017 - INFO - Candidate 315 time: 88.67 us (106.8% of baseline)
2025-11-24 21:24:26,017 - INFO - Candidate 360 time: 88.67 us (106.8% of baseline)
2025-11-24 21:24:26,017 - INFO - Candidate 109 time: 99.00 us (107.2% of baseline)
2025-11-24 21:24:26,017 - INFO - Candidate 350 time: 95.67 us (107.3% of baseline)
2025-11-24 21:24:26,017 - INFO - Candidate 202 time: 98.00 us (107.5% of baseline)
2025-11-24 21:24:26,017 - INFO - Candidate 220 time: 97.00 us (108.8% of baseline)
2025-11-24 21:24:26,017 - INFO - Candidate 160 time: 90.33 us (108.8% of baseline)
2025-11-24 21:24:26,017 - INFO - Candidate 88 time: 90.67 us (109.2% of baseline)
2025-11-24 21:24:26,017 - INFO - Candidate 82 time: 100.00 us (109.7% of baseline)
2025-11-24 21:24:26,017 - INFO - Candidate 175 time: 101.67 us (110.1% of baseline)
2025-11-24 21:24:26,017 - INFO - Candidate 257 time: 101.67 us (110.1% of baseline)
2025-11-24 21:24:26,017 - INFO - Candidate 53 time: 101.00 us (110.8% of baseline)
2025-11-24 21:24:26,017 - INFO - Candidate 48 time: 101.33 us (111.2% of baseline)
2025-11-24 21:24:26,017 - INFO - Candidate 178 time: 101.33 us (111.2% of baseline)
2025-11-24 21:24:26,017 - INFO - Candidate 283 time: 92.33 us (111.2% of baseline)
2025-11-24 21:24:26,017 - INFO - Candidate 70 time: 101.67 us (111.5% of baseline)
2025-11-24 21:24:26,018 - INFO - Candidate 306 time: 100.33 us (112.5% of baseline)
2025-11-24 21:24:26,018 - INFO - Candidate 297 time: 102.67 us (112.6% of baseline)
2025-11-24 21:24:26,018 - INFO - Candidate 76 time: 102.00 us (114.4% of baseline)
2025-11-24 21:24:26,018 - INFO - Candidate 223 time: 105.67 us (114.4% of baseline)
2025-11-24 21:24:26,018 - INFO - Candidate 165 time: 105.00 us (115.2% of baseline)
2025-11-24 21:24:26,018 - INFO - Candidate 208 time: 104.67 us (117.4% of baseline)
2025-11-24 21:24:26,018 - INFO - Candidate 1 time: 97.67 us (117.7% of baseline)
2025-11-24 21:24:26,018 - INFO - Candidate 263 time: 97.67 us (117.7% of baseline)
2025-11-24 21:24:26,018 - INFO - Candidate 50 time: 98.00 us (118.1% of baseline)
2025-11-24 21:24:26,018 - INFO - Candidate 71 time: 105.67 us (118.5% of baseline)
2025-11-24 21:24:26,018 - INFO - Candidate 139 time: 106.00 us (118.9% of baseline)
2025-11-24 21:24:26,018 - INFO - Candidate 346 time: 106.33 us (119.3% of baseline)
2025-11-24 21:24:26,018 - INFO - Candidate 279 time: 102.67 us (123.7% of baseline)
2025-11-24 21:24:26,018 - INFO - Candidate 132 time: 114.67 us (128.6% of baseline)
2025-11-24 21:24:26,018 - INFO - Candidate 55 time: 119.33 us (129.2% of baseline)
2025-11-24 21:24:26,018 - INFO - Candidate 311 time: 108.67 us (130.9% of baseline)
2025-11-24 21:24:26,018 - INFO - Candidate 215 time: 121.33 us (131.4% of baseline)
2025-11-24 21:24:26,018 - INFO - Candidate 243 time: 121.33 us (131.4% of baseline)
2025-11-24 21:24:26,018 - INFO - Candidate 110 time: 120.00 us (131.6% of baseline)
2025-11-24 21:24:26,019 - INFO - Candidate 39 time: 123.00 us (133.2% of baseline)
2025-11-24 21:24:26,019 - INFO - Candidate 199 time: 123.33 us (133.6% of baseline)
2025-11-24 21:24:26,019 - INFO - Candidate 235 time: 124.00 us (134.3% of baseline)
2025-11-24 21:24:26,019 - INFO - Candidate 301 time: 125.33 us (135.7% of baseline)
2025-11-24 21:24:26,019 - INFO - Candidate 159 time: 121.33 us (136.1% of baseline)
2025-11-24 21:24:26,019 - INFO - Candidate 359 time: 121.67 us (136.4% of baseline)
2025-11-24 21:24:26,019 - INFO - Candidate 183 time: 126.00 us (136.5% of baseline)
2025-11-24 21:24:26,019 - INFO - Candidate 196 time: 122.00 us (136.8% of baseline)
2025-11-24 21:24:26,019 - INFO - Candidate 231 time: 125.67 us (137.8% of baseline)
2025-11-24 21:24:26,019 - INFO - Candidate 67 time: 123.00 us (137.9% of baseline)
2025-11-24 21:24:26,019 - INFO - Candidate 56 time: 126.33 us (138.6% of baseline)
2025-11-24 21:24:26,019 - INFO - Candidate 260 time: 126.33 us (138.6% of baseline)
2025-11-24 21:24:26,019 - INFO - Candidate 2 time: 128.00 us (138.6% of baseline)
2025-11-24 21:24:26,019 - INFO - Candidate 87 time: 125.00 us (140.2% of baseline)
2025-11-24 21:24:26,019 - INFO - Candidate 153 time: 129.67 us (140.4% of baseline)
2025-11-24 21:24:26,019 - INFO - Candidate 127 time: 116.67 us (140.6% of baseline)
2025-11-24 21:24:26,019 - INFO - Candidate 74 time: 128.33 us (140.8% of baseline)
2025-11-24 21:24:26,019 - INFO - Candidate 274 time: 125.67 us (140.9% of baseline)
2025-11-24 21:24:26,019 - INFO - Candidate 35 time: 130.33 us (141.2% of baseline)
2025-11-24 21:24:26,020 - INFO - Candidate 198 time: 129.67 us (142.2% of baseline)
2025-11-24 21:24:26,020 - INFO - Candidate 31 time: 131.33 us (142.2% of baseline)
2025-11-24 21:24:26,020 - INFO - Candidate 339 time: 131.33 us (142.2% of baseline)
2025-11-24 21:24:26,020 - INFO - Candidate 133 time: 132.00 us (143.0% of baseline)
2025-11-24 21:24:26,020 - INFO - Candidate 324 time: 130.33 us (143.0% of baseline)
2025-11-24 21:24:26,020 - INFO - Candidate 305 time: 131.00 us (143.7% of baseline)
2025-11-24 21:24:26,020 - INFO - Candidate 98 time: 131.33 us (144.1% of baseline)
2025-11-24 21:24:26,020 - INFO - Candidate 327 time: 119.67 us (144.2% of baseline)
2025-11-24 21:24:26,020 - INFO - Candidate 20 time: 131.67 us (144.4% of baseline)
2025-11-24 21:24:26,020 - INFO - Candidate 200 time: 130.33 us (146.2% of baseline)
2025-11-24 21:24:26,020 - INFO - Candidate 166 time: 135.00 us (146.2% of baseline)
2025-11-24 21:24:26,020 - INFO - Candidate 355 time: 135.00 us (146.2% of baseline)
2025-11-24 21:24:26,020 - INFO - Candidate 101 time: 135.33 us (146.6% of baseline)
2025-11-24 21:24:26,020 - INFO - Candidate 81 time: 135.67 us (146.9% of baseline)
2025-11-24 21:24:26,020 - INFO - Candidate 177 time: 122.00 us (147.0% of baseline)
2025-11-24 21:24:26,020 - INFO - Candidate 205 time: 122.67 us (147.8% of baseline)
2025-11-24 21:24:26,020 - INFO - Candidate 117 time: 137.33 us (148.7% of baseline)
2025-11-24 21:24:26,020 - INFO - Candidate 292 time: 135.67 us (148.8% of baseline)
2025-11-24 21:24:26,020 - INFO - Candidate 363 time: 133.67 us (149.9% of baseline)
2025-11-24 21:24:26,021 - INFO - Candidate 326 time: 138.67 us (150.2% of baseline)
2025-11-24 21:24:26,021 - INFO - Candidate 64 time: 124.67 us (150.2% of baseline)
2025-11-24 21:24:26,021 - INFO - Candidate 180 time: 134.33 us (150.7% of baseline)
2025-11-24 21:24:26,021 - INFO - Candidate 322 time: 139.33 us (150.9% of baseline)
2025-11-24 21:24:26,021 - INFO - Candidate 333 time: 138.00 us (151.4% of baseline)
2025-11-24 21:24:26,021 - INFO - Candidate 209 time: 125.67 us (151.4% of baseline)
2025-11-24 21:24:26,021 - INFO - Candidate 176 time: 135.67 us (152.1% of baseline)
2025-11-24 21:24:26,021 - INFO - Candidate 148 time: 126.67 us (152.6% of baseline)
2025-11-24 21:24:26,021 - INFO - Candidate 368 time: 128.00 us (154.2% of baseline)
2025-11-24 21:24:26,021 - INFO - Candidate 325 time: 137.67 us (154.4% of baseline)
2025-11-24 21:24:26,021 - INFO - Candidate 307 time: 129.33 us (155.8% of baseline)
2025-11-24 21:24:26,021 - INFO - Candidate 291 time: 130.00 us (156.6% of baseline)
2025-11-24 21:24:26,021 - INFO - Candidate 95 time: 140.33 us (157.4% of baseline)
2025-11-24 21:24:26,021 - INFO - Candidate 29 time: 140.67 us (157.8% of baseline)
2025-11-24 21:24:26,021 - INFO - Candidate 163 time: 141.33 us (158.5% of baseline)
2025-11-24 21:24:26,021 - INFO - Candidate 59 time: 146.67 us (158.8% of baseline)
2025-11-24 21:24:26,021 - INFO - Candidate 141 time: 132.33 us (159.4% of baseline)
2025-11-24 21:24:26,021 - INFO - Candidate 79 time: 133.00 us (160.2% of baseline)
2025-11-24 21:24:26,021 - INFO - Candidate 269 time: 146.33 us (160.5% of baseline)
2025-11-24 21:24:26,022 - INFO - Candidate 308 time: 146.67 us (160.9% of baseline)
2025-11-24 21:24:26,022 - INFO - Candidate 201 time: 133.67 us (161.0% of baseline)
2025-11-24 21:24:26,022 - INFO - Candidate 46 time: 150.33 us (162.8% of baseline)
2025-11-24 21:24:26,022 - INFO - Candidate 372 time: 136.00 us (163.9% of baseline)
2025-11-24 21:24:26,022 - INFO - Candidate 7 time: 136.33 us (164.3% of baseline)
2025-11-24 21:24:26,022 - INFO - Candidate 168 time: 136.67 us (164.7% of baseline)
2025-11-24 21:24:26,022 - INFO - Candidate 5 time: 147.33 us (165.2% of baseline)
2025-11-24 21:24:26,022 - INFO - Candidate 66 time: 139.33 us (167.9% of baseline)
2025-11-24 21:24:26,022 - INFO - Candidate 13 time: 139.67 us (168.3% of baseline)
2025-11-24 21:24:26,022 - INFO - Candidate 60 time: 140.33 us (169.1% of baseline)
2025-11-24 21:24:26,022 - INFO - Candidate 185 time: 142.00 us (171.1% of baseline)
2025-11-24 21:24:26,022 - INFO - Candidate 18 time: 144.00 us (173.5% of baseline)
2025-11-24 21:24:26,022 - INFO - Candidate 115 time: 144.33 us (173.9% of baseline)
2025-11-24 21:24:26,022 - INFO - Candidate 120 time: 155.67 us (174.6% of baseline)
2025-11-24 21:24:26,022 - INFO - Candidate 204 time: 159.33 us (178.7% of baseline)
2025-11-24 21:24:26,022 - INFO - Candidate 214 time: 166.67 us (182.8% of baseline)
2025-11-24 21:24:26,022 - INFO - Candidate 75 time: 152.33 us (183.5% of baseline)
2025-11-24 21:24:26,022 - INFO - Candidate 234 time: 155.67 us (187.6% of baseline)
2025-11-24 21:24:26,022 - INFO - Candidate 54 time: 171.00 us (191.8% of baseline)
2025-11-24 21:24:26,023 - INFO - Candidate 216 time: 171.33 us (192.1% of baseline)
2025-11-24 21:24:26,023 - INFO - Candidate 116 time: 178.67 us (200.4% of baseline)
2025-11-24 21:24:26,023 - INFO - Candidate 65 time: 184.00 us (201.8% of baseline)
2025-11-24 21:24:26,023 - INFO - Candidate 121 time: 188.33 us (204.0% of baseline)
2025-11-24 21:24:26,023 - INFO - Candidate 226 time: 189.67 us (205.4% of baseline)
2025-11-24 21:24:26,023 - INFO - Candidate 281 time: 190.33 us (206.1% of baseline)
2025-11-24 21:24:26,023 - INFO - Candidate 278 time: 185.00 us (207.5% of baseline)
2025-11-24 21:24:26,023 - INFO - Candidate 9 time: 192.00 us (207.9% of baseline)
2025-11-24 21:24:26,023 - INFO - Candidate 227 time: 190.33 us (208.8% of baseline)
2025-11-24 21:24:26,023 - INFO - Candidate 114 time: 191.00 us (209.5% of baseline)
2025-11-24 21:24:26,023 - INFO - Candidate 341 time: 191.00 us (209.5% of baseline)
2025-11-24 21:24:26,023 - INFO - Candidate 265 time: 195.00 us (211.2% of baseline)
2025-11-24 21:24:26,023 - INFO - Candidate 371 time: 189.00 us (212.0% of baseline)
2025-11-24 21:24:26,023 - INFO - Candidate 125 time: 196.67 us (213.0% of baseline)
2025-11-24 21:24:26,023 - INFO - Candidate 330 time: 198.00 us (214.4% of baseline)
2025-11-24 21:24:26,023 - INFO - Candidate 97 time: 199.67 us (216.2% of baseline)
2025-11-24 21:24:26,023 - INFO - Candidate 353 time: 197.67 us (216.8% of baseline)
2025-11-24 21:24:26,023 - INFO - Candidate 329 time: 193.33 us (216.8% of baseline)
2025-11-24 21:24:26,023 - INFO - Candidate 138 time: 198.33 us (217.6% of baseline)
2025-11-24 21:24:26,024 - INFO - Candidate 298 time: 194.67 us (218.3% of baseline)
2025-11-24 21:24:26,024 - INFO - Candidate 338 time: 194.67 us (218.3% of baseline)
2025-11-24 21:24:26,024 - INFO - Candidate 276 time: 202.00 us (218.8% of baseline)
2025-11-24 21:24:26,024 - INFO - Candidate 239 time: 205.00 us (222.0% of baseline)
2025-11-24 21:24:26,024 - INFO - Candidate 290 time: 198.33 us (222.4% of baseline)
2025-11-24 21:24:26,024 - INFO - Candidate 241 time: 200.33 us (224.7% of baseline)
2025-11-24 21:24:26,024 - INFO - Candidate 337 time: 205.67 us (225.6% of baseline)
2025-11-24 21:24:26,024 - INFO - Candidate 224 time: 201.33 us (225.8% of baseline)
2025-11-24 21:24:26,024 - INFO - Candidate 294 time: 202.00 us (226.5% of baseline)
2025-11-24 21:24:26,024 - INFO - Candidate 321 time: 202.33 us (226.9% of baseline)
2025-11-24 21:24:26,024 - INFO - Candidate 256 time: 207.00 us (227.1% of baseline)
2025-11-24 21:24:26,024 - INFO - Candidate 10 time: 203.33 us (228.0% of baseline)
2025-11-24 21:24:26,024 - INFO - Candidate 316 time: 208.67 us (228.9% of baseline)
2025-11-24 21:24:26,024 - INFO - Candidate 179 time: 212.33 us (230.0% of baseline)
2025-11-24 21:24:26,024 - INFO - Candidate 90 time: 209.67 us (230.0% of baseline)
2025-11-24 21:24:26,024 - INFO - Candidate 334 time: 206.67 us (231.8% of baseline)
2025-11-24 21:24:26,024 - INFO - Candidate 245 time: 207.33 us (232.5% of baseline)
2025-11-24 21:24:26,024 - INFO - Candidate 170 time: 215.00 us (232.9% of baseline)
2025-11-24 21:24:26,024 - INFO - Candidate 147 time: 209.67 us (235.1% of baseline)
2025-11-24 21:24:26,025 - INFO - Candidate 242 time: 195.33 us (235.3% of baseline)
2025-11-24 21:24:26,025 - INFO - Candidate 19 time: 211.00 us (236.6% of baseline)
2025-11-24 21:24:26,025 - INFO - Candidate 336 time: 196.67 us (236.9% of baseline)
2025-11-24 21:24:26,025 - INFO - Candidate 251 time: 197.33 us (237.8% of baseline)
2025-11-24 21:24:26,025 - INFO - Candidate 44 time: 218.67 us (239.9% of baseline)
2025-11-24 21:24:26,025 - INFO - Candidate 104 time: 199.67 us (240.6% of baseline)
2025-11-24 21:24:26,025 - INFO - Candidate 259 time: 200.67 us (241.8% of baseline)
2025-11-24 21:24:26,025 - INFO - Candidate 58 time: 216.00 us (242.2% of baseline)
2025-11-24 21:24:26,025 - INFO - Candidate 161 time: 222.33 us (243.9% of baseline)
2025-11-24 21:24:26,025 - INFO - Candidate 145 time: 204.67 us (246.6% of baseline)
2025-11-24 21:24:26,025 - INFO - Candidate 17 time: 229.00 us (248.0% of baseline)
2025-11-24 21:24:26,025 - INFO - Candidate 254 time: 222.00 us (249.0% of baseline)
2025-11-24 21:24:26,025 - INFO - Candidate 23 time: 227.00 us (249.0% of baseline)
2025-11-24 21:24:26,025 - INFO - Candidate 340 time: 207.00 us (249.4% of baseline)
2025-11-24 21:24:26,025 - INFO - Candidate 284 time: 229.67 us (251.9% of baseline)
2025-11-24 21:24:26,025 - INFO - Candidate 27 time: 239.67 us (259.6% of baseline)
2025-11-24 21:24:26,025 - INFO - Candidate 323 time: 216.00 us (260.2% of baseline)
2025-11-24 21:24:26,025 - INFO - Candidate 271 time: 218.67 us (263.5% of baseline)
2025-11-24 21:24:26,025 - INFO - Candidate 40 time: 242.67 us (266.2% of baseline)
2025-11-24 21:24:26,026 - INFO - Candidate 181 time: 223.67 us (269.5% of baseline)
2025-11-24 21:24:26,026 - INFO - Candidate 369 time: 249.33 us (273.5% of baseline)
2025-11-24 21:24:26,026 - INFO - Candidate 217 time: 232.33 us (279.9% of baseline)
2025-11-24 21:24:26,026 - INFO - Candidate 225 time: 233.33 us (281.1% of baseline)
2025-11-24 21:24:26,026 - INFO - Candidate 352 time: 235.33 us (283.5% of baseline)
2025-11-24 21:24:26,026 - INFO - Candidate 246 time: 241.33 us (290.8% of baseline)
2025-11-24 21:24:26,026 - INFO - Candidate 366 time: 272.67 us (295.3% of baseline)
2025-11-24 21:24:26,026 - INFO - Candidate 317 time: 265.00 us (297.2% of baseline)
2025-11-24 21:24:26,026 - INFO - Candidate 304 time: 308.67 us (334.3% of baseline)
2025-11-24 21:24:26,026 - INFO - Candidate 182 time: 306.33 us (336.0% of baseline)
2025-11-24 21:24:26,026 - INFO - Candidate 357 time: 306.67 us (336.4% of baseline)
2025-11-24 21:24:26,026 - INFO - Candidate 134 time: 328.33 us (360.1% of baseline)
2025-11-24 21:24:26,026 - INFO - Candidate 188 time: 324.00 us (363.4% of baseline)
2025-11-24 21:24:26,026 - INFO - Candidate 236 time: 332.00 us (364.2% of baseline)
2025-11-24 21:24:26,026 - INFO - Candidate 103 time: 327.67 us (367.5% of baseline)
2025-11-24 21:24:26,026 - INFO - Candidate 335 time: 347.00 us (375.8% of baseline)
2025-11-24 21:24:26,026 - INFO - Candidate 171 time: 335.33 us (376.1% of baseline)
2025-11-24 21:24:26,026 - INFO - Candidate 286 time: 337.67 us (378.7% of baseline)
2025-11-24 21:24:26,026 - INFO - Candidate 318 time: 360.00 us (389.9% of baseline)
2025-11-24 21:24:26,027 - INFO - Candidate 194 time: 363.67 us (393.9% of baseline)
2025-11-24 21:24:26,027 - INFO - Candidate 144 time: 372.67 us (403.6% of baseline)
2025-11-24 21:24:26,027 - INFO - Candidate 221 time: 339.67 us (409.2% of baseline)
2025-11-24 21:24:26,027 - INFO - Candidate 167 time: 370.67 us (415.7% of baseline)
2025-11-24 21:24:26,027 - INFO - Candidate 328 time: 381.33 us (418.3% of baseline)
2025-11-24 21:24:26,027 - INFO - Candidate 287 time: 349.67 us (421.3% of baseline)
2025-11-24 21:24:26,027 - INFO - Candidate 370 time: 389.33 us (421.7% of baseline)
2025-11-24 21:24:26,027 - INFO - Candidate 190 time: 384.67 us (421.9% of baseline)
2025-11-24 21:24:26,027 - INFO - Candidate 41 time: 381.00 us (427.3% of baseline)
2025-11-24 21:24:26,027 - INFO - Candidate 211 time: 404.67 us (438.3% of baseline)
2025-11-24 21:24:26,027 - INFO - Candidate 37 time: 394.00 us (441.9% of baseline)
2025-11-24 21:24:26,027 - INFO - Candidate 344 time: 367.00 us (442.2% of baseline)
2025-11-24 21:24:26,027 - INFO - Candidate 83 time: 368.00 us (443.4% of baseline)
2025-11-24 21:24:26,027 - INFO - Candidate 275 time: 372.33 us (448.6% of baseline)
2025-11-24 21:24:26,027 - INFO - Candidate 28 time: 409.00 us (448.6% of baseline)
2025-11-24 21:24:26,027 - INFO - Candidate 25 time: 373.67 us (450.2% of baseline)
2025-11-24 21:24:26,027 - INFO - Candidate 111 time: 405.33 us (454.6% of baseline)
2025-11-24 21:24:26,027 - INFO - Candidate 131 time: 378.00 us (455.4% of baseline)
2025-11-24 21:24:26,027 - INFO - Candidate 63 time: 435.67 us (471.8% of baseline)
2025-11-24 21:24:26,028 - INFO - Candidate 229 time: 401.00 us (483.1% of baseline)
2025-11-24 21:24:26,028 - INFO - Candidate 228 time: 431.00 us (483.4% of baseline)
2025-11-24 21:24:26,028 - INFO - Candidate 238 time: 405.00 us (488.0% of baseline)
2025-11-24 21:24:26,028 - INFO - Candidate 232 time: 438.33 us (491.6% of baseline)
2025-11-24 21:24:26,028 - INFO - Candidate 309 time: 457.67 us (495.7% of baseline)
2025-11-24 21:24:26,028 - INFO - Candidate 149 time: 460.00 us (498.2% of baseline)
2025-11-24 21:24:26,028 - INFO - Candidate 285 time: 463.00 us (501.4% of baseline)
2025-11-24 21:24:26,028 - INFO - Candidate 272 time: 465.33 us (510.4% of baseline)
2025-11-24 21:24:26,028 - INFO - Candidate 264 time: 466.67 us (511.9% of baseline)
2025-11-24 21:24:26,028 - INFO - Candidate 191 time: 510.67 us (553.1% of baseline)
2025-11-24 21:24:26,028 - INFO - Candidate 113 time: 574.67 us (622.4% of baseline)
2025-11-24 21:24:26,028 - INFO - Candidate 303 time: 520.00 us (626.5% of baseline)
2025-11-24 21:24:26,028 - INFO - Candidate 203 time: 585.00 us (633.6% of baseline)
2025-11-24 21:24:26,028 - INFO - Candidate 151 time: 593.33 us (665.4% of baseline)
2025-11-24 21:24:26,028 - INFO - Candidate 247 time: 654.00 us (717.4% of baseline)
2025-11-24 21:24:26,028 - INFO - Candidate 47 time: 641.33 us (719.3% of baseline)
2025-11-24 21:24:26,028 - INFO - Candidate 4 time: 649.33 us (728.2% of baseline)
2025-11-24 21:24:26,028 - INFO - Candidate 347 time: 682.00 us (738.6% of baseline)
2025-11-24 21:24:26,028 - INFO - Candidate 3 time: 698.00 us (765.6% of baseline)
2025-11-24 21:24:26,028 - INFO - Candidate 26 time: 692.00 us (776.1% of baseline)
2025-11-24 21:24:26,029 - INFO - Candidate 96 time: 708.00 us (853.0% of baseline)
2025-11-24 21:24:26,029 - INFO - Candidate 267 time: 764.33 us (920.9% of baseline)
2025-11-24 21:24:26,029 - INFO - Candidate 255 time: 1093.33 us (1317.3% of baseline)
2025-11-24 21:24:26,029 - INFO - Candidate 11 time: 1350.00 us (1626.5% of baseline)
2025-11-24 21:24:26,029 - INFO - Candidate 146 time: 1730.00 us (1897.6% of baseline)
2025-11-24 21:24:26,029 - INFO - Candidate 99 time: 1820.00 us (2041.1% of baseline)
2025-11-24 21:24:26,029 - INFO - Candidate 249 time: 1886.67 us (2043.3% of baseline)
2025-11-24 21:24:26,029 - INFO - Candidate 351 time: 1980.00 us (2144.4% of baseline)
2025-11-24 21:24:26,029 - INFO - Candidate 210 time: 1993.33 us (2186.5% of baseline)
2025-11-24 21:24:26,029 - INFO - Candidate 218 time: 2016.67 us (2212.1% of baseline)
2025-11-24 21:24:26,029 - INFO - Candidate 80 time: 2010.00 us (2254.2% of baseline)
2025-11-24 21:24:26,029 - INFO - Candidate 270 time: 2036.67 us (2284.1% of baseline)
2025-11-24 21:24:26,029 - INFO - Candidate 162 time: 2110.00 us (2285.2% of baseline)
2025-11-24 21:24:26,029 - INFO - Candidate 91 time: 2040.00 us (2287.9% of baseline)
2025-11-24 21:24:26,029 - INFO - Candidate 32 time: 2133.33 us (2340.0% of baseline)
2025-11-24 21:24:26,029 - INFO - Candidate 342 time: 2133.33 us (2392.5% of baseline)
2025-11-24 21:24:26,029 - INFO - Candidate 313 time: 2193.33 us (2459.8% of baseline)
2025-11-24 21:24:26,029 - INFO - Candidate 102 time: 2256.67 us (2475.3% of baseline)
2025-11-24 21:24:26,029 - INFO - Candidate 172 time: 2120.00 us (2554.2% of baseline)
2025-11-24 21:24:26,030 - INFO - Candidate 62 time: 2490.00 us (2792.5% of baseline)
2025-11-24 21:24:26,030 - INFO - Candidate 152 time: 2336.67 us (2815.3% of baseline)
2025-11-24 21:24:26,030 - INFO - Candidate 38 time: 2346.67 us (2827.3% of baseline)
2025-11-24 21:24:26,030 - INFO - Candidate 348 time: 2393.33 us (2883.5% of baseline)
2025-11-24 21:24:26,030 - INFO - Candidate 89 time: 2700.00 us (2924.2% of baseline)
2025-11-24 21:24:26,030 - INFO - Candidate 169 time: 2813.33 us (3085.9% of baseline)
2025-11-24 21:24:26,030 - INFO - Candidate 213 time: 2603.33 us (3136.5% of baseline)
2025-11-24 21:24:26,030 - INFO - Candidate 157 time: 2900.00 us (3140.8% of baseline)
2025-11-24 21:24:26,030 - INFO - Candidate 320 time: 2880.00 us (3159.0% of baseline)
2025-11-24 21:24:26,030 - INFO - Candidate 300 time: 2893.33 us (3173.7% of baseline)
2025-11-24 21:24:26,030 - INFO - Candidate 358 time: 3093.33 us (3350.2% of baseline)
2025-11-24 21:24:26,030 - INFO - Candidate 86 time: 3416.67 us (3747.7% of baseline)
2025-11-24 21:24:26,030 - INFO - Candidate 136 time: 4823.33 us (5811.2% of baseline)
2025-11-24 21:24:26,030 - INFO - Candidate 197 time: 4950.00 us (5963.9% of baseline)
2025-11-24 21:24:26,030 - INFO - Candidate 42 time: 5603.33 us (6751.0% of baseline)
2025-11-24 21:24:26,030 - INFO - Candidate 137 time: 6343.33 us (6870.0% of baseline)
2025-11-24 21:24:26,030 - INFO - Candidate 184 time: 6443.33 us (7226.2% of baseline)
2025-11-24 21:24:26,030 - INFO - Candidate 33 time: 7110.00 us (7973.8% of baseline)
2025-11-24 21:24:26,030 - INFO - Candidate 22 time: 6670.00 us (8036.1% of baseline)
2025-11-24 21:24:26,031 - INFO - Candidate 356 time: 6810.00 us (8204.8% of baseline)
2025-11-24 21:24:26,031 - INFO - Candidate 93 time: 7863.33 us (8516.2% of baseline)
2025-11-24 21:24:26,031 - INFO - Candidate 312 time: 8080.00 us (8862.9% of baseline)
2025-11-24 21:24:26,031 - INFO - Candidate 24 time: 8476.67 us (9180.5% of baseline)
2025-11-24 21:24:26,031 - INFO - Candidate 43 time: 9163.33 us (9924.2% of baseline)
2025-11-24 21:24:26,031 - INFO - Candidate 219 time: 10300.00 us (11155.2% of baseline)
2025-11-24 21:24:26,031 - INFO - Candidate 34 time: 10200.00 us (12289.2% of baseline)
2025-11-24 21:24:26,031 - INFO - Top dispatch candidates: [345, 73, 122, 8, 143, 240, 84, 85, 362, 36, 268, 365, 135, 186, 244, 12, 100, 195, 349, 310, 331, 280, 112, 16, 253, 302, 118, 128, 154, 296, 78, 273, 295, 193, 192, 119, 277, 140, 130, 237, 15, 14, 293, 155, 354, 105, 288, 30, 49, 230, 262, 187, 261, 266, 126, 174, 164, 289, 314, 107, 72, 258, 343, 367, 92, 282, 252, 129, 108, 206, 68, 207, 57, 158, 142, 123, 212, 77, 6, 61, 94, 21, 51, 156, 124, 222, 361, 319, 150, 250, 45, 364, 106, 189, 299, 315, 360, 109, 350, 202, 220, 160, 88, 82, 175, 257, 53, 48, 178, 283, 70, 306, 297, 76, 223, 165, 208, 1, 263, 50, 71, 139, 346, 279, 132, 55, 311, 215, 243, 110, 39, 199, 235, 301, 159, 359, 183, 196, 231, 67, 56, 260, 2, 87, 153, 127, 74, 274, 35, 198, 31, 339, 133, 324, 305, 98, 327, 20, 200, 166, 355, 101, 81, 177, 205, 117, 292, 363, 326, 64, 180, 322, 333, 209, 176, 148, 368, 325, 307, 291, 95, 29, 163, 59, 141, 79, 269, 308, 201, 46, 372, 7, 168, 5, 66, 13, 60, 185, 18, 115, 120, 204, 214, 75, 234, 54, 216, 116, 65, 121, 226, 281, 278, 9, 227, 114, 341, 265, 371, 125, 330, 97, 353, 329, 138, 298, 338, 276, 239, 290, 241, 337, 224, 294, 321, 256, 10, 316, 179, 90, 334, 245, 170, 147, 242, 19, 336, 251, 44, 104, 259, 58, 161, 145, 17, 254, 23, 340, 284, 27, 323, 271, 40, 181, 369, 217, 225, 352, 246, 366, 317, 304, 182, 357, 134, 188, 236, 103, 335, 171, 286, 318, 194, 144, 221, 167, 328, 287, 370, 190, 41, 211, 37, 344, 83, 275, 28, 25, 111, 131, 63, 229, 228, 238, 232, 309, 149, 285, 272, 264, 191, 113, 303, 203, 151, 247, 47, 4, 347, 3, 26, 96, 267, 255, 11, 146, 99, 249, 351, 210, 218, 80, 270, 162, 91, 32, 342, 313, 102, 172, 62, 152, 38, 348, 89, 169, 213, 157, 320, 300, 358, 86, 136, 197, 42, 137, 184, 33, 22, 356, 93, 312, 24, 43, 219, 34]
2025-11-24 21:24:26,031 - INFO - /home/amily/shark-ai/sharktuner/tuning_2025_11_24_21_18/candidates/specs/345_spec.mlir
2025-11-24 21:24:26,032 - INFO - /home/amily/shark-ai/sharktuner/tuning_2025_11_24_21_18/candidates/specs/73_spec.mlir
2025-11-24 21:24:26,032 - INFO - /home/amily/shark-ai/sharktuner/tuning_2025_11_24_21_18/candidates/specs/122_spec.mlir
2025-11-24 21:24:26,032 - INFO - /home/amily/shark-ai/sharktuner/tuning_2025_11_24_21_18/candidates/specs/8_spec.mlir
2025-11-24 21:24:26,032 - INFO - /home/amily/shark-ai/sharktuner/tuning_2025_11_24_21_18/candidates/specs/143_spec.mlir
2025-11-24 21:24:26,032 - INFO - /home/amily/shark-ai/sharktuner/tuning_2025_11_24_21_18/candidates/specs/240_spec.mlir
2025-11-24 21:24:26,032 - INFO - /home/amily/shark-ai/sharktuner/tuning_2025_11_24_21_18/candidates/specs/84_spec.mlir
2025-11-24 21:24:26,032 - INFO - /home/amily/shark-ai/sharktuner/tuning_2025_11_24_21_18/candidates/specs/85_spec.mlir
2025-11-24 21:24:26,032 - INFO - /home/amily/shark-ai/sharktuner/tuning_2025_11_24_21_18/candidates/specs/362_spec.mlir
2025-11-24 21:24:26,033 - INFO - /home/amily/shark-ai/sharktuner/tuning_2025_11_24_21_18/candidates/specs/36_spec.mlir
2025-11-24 21:24:26,033 - INFO - /home/amily/shark-ai/sharktuner/tuning_2025_11_24_21_18/candidates/specs/268_spec.mlir
2025-11-24 21:24:26,033 - INFO - /home/amily/shark-ai/sharktuner/tuning_2025_11_24_21_18/candidates/specs/365_spec.mlir
2025-11-24 21:24:26,033 - INFO - /home/amily/shark-ai/sharktuner/tuning_2025_11_24_21_18/candidates/specs/135_spec.mlir
2025-11-24 21:24:26,033 - INFO - /home/amily/shark-ai/sharktuner/tuning_2025_11_24_21_18/candidates/specs/186_spec.mlir
2025-11-24 21:24:26,033 - INFO - /home/amily/shark-ai/sharktuner/tuning_2025_11_24_21_18/candidates/specs/244_spec.mlir
2025-11-24 21:24:26,033 - INFO - /home/amily/shark-ai/sharktuner/tuning_2025_11_24_21_18/candidates/specs/12_spec.mlir
2025-11-24 21:24:26,033 - INFO - /home/amily/shark-ai/sharktuner/tuning_2025_11_24_21_18/candidates/specs/100_spec.mlir
2025-11-24 21:24:26,033 - INFO - /home/amily/shark-ai/sharktuner/tuning_2025_11_24_21_18/candidates/specs/195_spec.mlir
2025-11-24 21:24:26,034 - INFO - /home/amily/shark-ai/sharktuner/tuning_2025_11_24_21_18/candidates/specs/349_spec.mlir
2025-11-24 21:24:26,034 - INFO - /home/amily/shark-ai/sharktuner/tuning_2025_11_24_21_18/candidates/specs/310_spec.mlir
2025-11-24 21:24:26,034 - INFO - /home/amily/shark-ai/sharktuner/tuning_2025_11_24_21_18/candidates/specs/331_spec.mlir
2025-11-24 21:24:26,034 - INFO - /home/amily/shark-ai/sharktuner/tuning_2025_11_24_21_18/candidates/specs/280_spec.mlir
2025-11-24 21:24:26,034 - INFO - /home/amily/shark-ai/sharktuner/tuning_2025_11_24_21_18/candidates/specs/112_spec.mlir
2025-11-24 21:24:26,034 - INFO - /home/amily/shark-ai/sharktuner/tuning_2025_11_24_21_18/candidates/specs/16_spec.mlir
2025-11-24 21:24:26,034 - INFO - /home/amily/shark-ai/sharktuner/tuning_2025_11_24_21_18/candidates/specs/253_spec.mlir
2025-11-24 21:24:26,034 - INFO - /home/amily/shark-ai/sharktuner/tuning_2025_11_24_21_18/candidates/specs/302_spec.mlir
2025-11-24 21:24:26,034 - INFO - /home/amily/shark-ai/sharktuner/tuning_2025_11_24_21_18/candidates/specs/118_spec.mlir
2025-11-24 21:24:26,035 - INFO - /home/amily/shark-ai/sharktuner/tuning_2025_11_24_21_18/candidates/specs/128_spec.mlir
2025-11-24 21:24:26,035 - INFO - /home/amily/shark-ai/sharktuner/tuning_2025_11_24_21_18/candidates/specs/154_spec.mlir
2025-11-24 21:24:26,035 - INFO - /home/amily/shark-ai/sharktuner/tuning_2025_11_24_21_18/candidates/specs/296_spec.mlir
2025-11-24 21:24:26,035 - INFO - /home/amily/shark-ai/sharktuner/tuning_2025_11_24_21_18/candidates/specs/78_spec.mlir
2025-11-24 21:24:26,035 - INFO - /home/amily/shark-ai/sharktuner/tuning_2025_11_24_21_18/candidates/specs/273_spec.mlir
2025-11-24 21:24:26,035 - INFO - /home/amily/shark-ai/sharktuner/tuning_2025_11_24_21_18/candidates/specs/295_spec.mlir
2025-11-24 21:24:26,035 - INFO - /home/amily/shark-ai/sharktuner/tuning_2025_11_24_21_18/candidates/specs/193_spec.mlir
2025-11-24 21:24:26,035 - INFO - /home/amily/shark-ai/sharktuner/tuning_2025_11_24_21_18/candidates/specs/192_spec.mlir
2025-11-24 21:24:26,035 - INFO - /home/amily/shark-ai/sharktuner/tuning_2025_11_24_21_18/candidates/specs/119_spec.mlir
2025-11-24 21:24:26,036 - INFO - /home/amily/shark-ai/sharktuner/tuning_2025_11_24_21_18/candidates/specs/277_spec.mlir
2025-11-24 21:24:26,036 - INFO - /home/amily/shark-ai/sharktuner/tuning_2025_11_24_21_18/candidates/specs/140_spec.mlir
2025-11-24 21:24:26,036 - INFO - /home/amily/shark-ai/sharktuner/tuning_2025_11_24_21_18/candidates/specs/130_spec.mlir
2025-11-24 21:24:26,036 - INFO - /home/amily/shark-ai/sharktuner/tuning_2025_11_24_21_18/candidates/specs/237_spec.mlir
2025-11-24 21:24:26,036 - INFO - /home/amily/shark-ai/sharktuner/tuning_2025_11_24_21_18/candidates/specs/15_spec.mlir
2025-11-24 21:24:26,036 - INFO - /home/amily/shark-ai/sharktuner/tuning_2025_11_24_21_18/candidates/specs/14_spec.mlir
2025-11-24 21:24:26,036 - INFO - /home/amily/shark-ai/sharktuner/tuning_2025_11_24_21_18/candidates/specs/293_spec.mlir
2025-11-24 21:24:26,036 - INFO - /home/amily/shark-ai/sharktuner/tuning_2025_11_24_21_18/candidates/specs/155_spec.mlir
2025-11-24 21:24:26,036 - INFO - /home/amily/shark-ai/sharktuner/tuning_2025_11_24_21_18/candidates/specs/354_spec.mlir
2025-11-24 21:24:26,037 - INFO - /home/amily/shark-ai/sharktuner/tuning_2025_11_24_21_18/candidates/specs/105_spec.mlir
2025-11-24 21:24:26,037 - INFO - /home/amily/shark-ai/sharktuner/tuning_2025_11_24_21_18/candidates/specs/288_spec.mlir
2025-11-24 21:24:26,037 - INFO - /home/amily/shark-ai/sharktuner/tuning_2025_11_24_21_18/candidates/specs/30_spec.mlir
2025-11-24 21:24:26,037 - INFO - /home/amily/shark-ai/sharktuner/tuning_2025_11_24_21_18/candidates/specs/49_spec.mlir
2025-11-24 21:24:26,037 - INFO - /home/amily/shark-ai/sharktuner/tuning_2025_11_24_21_18/candidates/specs/230_spec.mlir
2025-11-24 21:24:26,037 - INFO - /home/amily/shark-ai/sharktuner/tuning_2025_11_24_21_18/candidates/specs/262_spec.mlir
2025-11-24 21:24:26,037 - INFO - /home/amily/shark-ai/sharktuner/tuning_2025_11_24_21_18/candidates/specs/187_spec.mlir
2025-11-24 21:24:26,037 - INFO - /home/amily/shark-ai/sharktuner/tuning_2025_11_24_21_18/candidates/specs/261_spec.mlir
2025-11-24 21:24:26,037 - INFO - /home/amily/shark-ai/sharktuner/tuning_2025_11_24_21_18/candidates/specs/266_spec.mlir
2025-11-24 21:24:26,038 - INFO - /home/amily/shark-ai/sharktuner/tuning_2025_11_24_21_18/candidates/specs/126_spec.mlir
2025-11-24 21:24:26,038 - INFO - /home/amily/shark-ai/sharktuner/tuning_2025_11_24_21_18/candidates/specs/174_spec.mlir
2025-11-24 21:24:26,038 - INFO - /home/amily/shark-ai/sharktuner/tuning_2025_11_24_21_18/candidates/specs/164_spec.mlir
2025-11-24 21:24:26,038 - INFO - /home/amily/shark-ai/sharktuner/tuning_2025_11_24_21_18/candidates/specs/289_spec.mlir
2025-11-24 21:24:26,038 - INFO - /home/amily/shark-ai/sharktuner/tuning_2025_11_24_21_18/candidates/specs/314_spec.mlir
2025-11-24 21:24:26,038 - INFO - /home/amily/shark-ai/sharktuner/tuning_2025_11_24_21_18/candidates/specs/107_spec.mlir
2025-11-24 21:24:26,038 - INFO - /home/amily/shark-ai/sharktuner/tuning_2025_11_24_21_18/candidates/specs/72_spec.mlir
2025-11-24 21:24:26,038 - INFO - /home/amily/shark-ai/sharktuner/tuning_2025_11_24_21_18/candidates/specs/258_spec.mlir
2025-11-24 21:24:26,038 - INFO - /home/amily/shark-ai/sharktuner/tuning_2025_11_24_21_18/candidates/specs/343_spec.mlir
2025-11-24 21:24:26,038 - INFO - /home/amily/shark-ai/sharktuner/tuning_2025_11_24_21_18/candidates/specs/367_spec.mlir
2025-11-24 21:24:26,039 - INFO - /home/amily/shark-ai/sharktuner/tuning_2025_11_24_21_18/candidates/specs/92_spec.mlir
2025-11-24 21:24:26,039 - INFO - /home/amily/shark-ai/sharktuner/tuning_2025_11_24_21_18/candidates/specs/282_spec.mlir
2025-11-24 21:24:26,039 - INFO - /home/amily/shark-ai/sharktuner/tuning_2025_11_24_21_18/candidates/specs/252_spec.mlir
2025-11-24 21:24:26,039 - INFO - /home/amily/shark-ai/sharktuner/tuning_2025_11_24_21_18/candidates/specs/129_spec.mlir
2025-11-24 21:24:26,039 - INFO - /home/amily/shark-ai/sharktuner/tuning_2025_11_24_21_18/candidates/specs/108_spec.mlir
2025-11-24 21:24:26,039 - INFO - /home/amily/shark-ai/sharktuner/tuning_2025_11_24_21_18/candidates/specs/206_spec.mlir
2025-11-24 21:24:26,039 - INFO - /home/amily/shark-ai/sharktuner/tuning_2025_11_24_21_18/candidates/specs/68_spec.mlir
2025-11-24 21:24:26,039 - INFO - /home/amily/shark-ai/sharktuner/tuning_2025_11_24_21_18/candidates/specs/207_spec.mlir
2025-11-24 21:24:26,039 - INFO - /home/amily/shark-ai/sharktuner/tuning_2025_11_24_21_18/candidates/specs/57_spec.mlir
2025-11-24 21:24:26,040 - INFO - /home/amily/shark-ai/sharktuner/tuning_2025_11_24_21_18/candidates/specs/158_spec.mlir
2025-11-24 21:24:26,040 - INFO - /home/amily/shark-ai/sharktuner/tuning_2025_11_24_21_18/candidates/specs/142_spec.mlir
2025-11-24 21:24:26,040 - INFO - /home/amily/shark-ai/sharktuner/tuning_2025_11_24_21_18/candidates/specs/123_spec.mlir
2025-11-24 21:24:26,040 - INFO - /home/amily/shark-ai/sharktuner/tuning_2025_11_24_21_18/candidates/specs/212_spec.mlir
2025-11-24 21:24:26,040 - INFO - /home/amily/shark-ai/sharktuner/tuning_2025_11_24_21_18/candidates/specs/77_spec.mlir
2025-11-24 21:24:26,040 - INFO - /home/amily/shark-ai/sharktuner/tuning_2025_11_24_21_18/candidates/specs/6_spec.mlir
2025-11-24 21:24:26,040 - INFO - /home/amily/shark-ai/sharktuner/tuning_2025_11_24_21_18/candidates/specs/61_spec.mlir
2025-11-24 21:24:26,040 - INFO - /home/amily/shark-ai/sharktuner/tuning_2025_11_24_21_18/candidates/specs/94_spec.mlir
2025-11-24 21:24:26,040 - INFO - /home/amily/shark-ai/sharktuner/tuning_2025_11_24_21_18/candidates/specs/21_spec.mlir
2025-11-24 21:24:26,041 - INFO - /home/amily/shark-ai/sharktuner/tuning_2025_11_24_21_18/candidates/specs/51_spec.mlir
2025-11-24 21:24:26,041 - INFO - /home/amily/shark-ai/sharktuner/tuning_2025_11_24_21_18/candidates/specs/156_spec.mlir
2025-11-24 21:24:26,041 - INFO - /home/amily/shark-ai/sharktuner/tuning_2025_11_24_21_18/candidates/specs/124_spec.mlir
2025-11-24 21:24:26,041 - INFO - /home/amily/shark-ai/sharktuner/tuning_2025_11_24_21_18/candidates/specs/222_spec.mlir
2025-11-24 21:24:26,041 - INFO - /home/amily/shark-ai/sharktuner/tuning_2025_11_24_21_18/candidates/specs/361_spec.mlir
2025-11-24 21:24:26,041 - INFO - /home/amily/shark-ai/sharktuner/tuning_2025_11_24_21_18/candidates/specs/319_spec.mlir
2025-11-24 21:24:26,041 - INFO - /home/amily/shark-ai/sharktuner/tuning_2025_11_24_21_18/candidates/specs/150_spec.mlir
2025-11-24 21:24:26,041 - INFO - /home/amily/shark-ai/sharktuner/tuning_2025_11_24_21_18/candidates/specs/250_spec.mlir
2025-11-24 21:24:26,041 - INFO - /home/amily/shark-ai/sharktuner/tuning_2025_11_24_21_18/candidates/specs/45_spec.mlir
2025-11-24 21:24:26,042 - INFO - /home/amily/shark-ai/sharktuner/tuning_2025_11_24_21_18/candidates/specs/364_spec.mlir
2025-11-24 21:24:26,042 - INFO - /home/amily/shark-ai/sharktuner/tuning_2025_11_24_21_18/candidates/specs/106_spec.mlir
2025-11-24 21:24:26,042 - INFO - /home/amily/shark-ai/sharktuner/tuning_2025_11_24_21_18/candidates/specs/189_spec.mlir
2025-11-24 21:24:26,042 - INFO - /home/amily/shark-ai/sharktuner/tuning_2025_11_24_21_18/candidates/specs/299_spec.mlir
2025-11-24 21:24:26,042 - INFO - /home/amily/shark-ai/sharktuner/tuning_2025_11_24_21_18/candidates/specs/315_spec.mlir
2025-11-24 21:24:26,042 - INFO - /home/amily/shark-ai/sharktuner/tuning_2025_11_24_21_18/candidates/specs/360_spec.mlir
2025-11-24 21:24:26,042 - INFO - /home/amily/shark-ai/sharktuner/tuning_2025_11_24_21_18/candidates/specs/109_spec.mlir
2025-11-24 21:24:26,042 - INFO - /home/amily/shark-ai/sharktuner/tuning_2025_11_24_21_18/candidates/specs/350_spec.mlir
2025-11-24 21:24:26,043 - INFO - /home/amily/shark-ai/sharktuner/tuning_2025_11_24_21_18/candidates/specs/202_spec.mlir
2025-11-24 21:24:26,043 - INFO - /home/amily/shark-ai/sharktuner/tuning_2025_11_24_21_18/candidates/specs/220_spec.mlir
2025-11-24 21:24:26,043 - INFO - /home/amily/shark-ai/sharktuner/tuning_2025_11_24_21_18/candidates/specs/160_spec.mlir
2025-11-24 21:24:26,043 - INFO - /home/amily/shark-ai/sharktuner/tuning_2025_11_24_21_18/candidates/specs/88_spec.mlir
2025-11-24 21:24:26,043 - INFO - /home/amily/shark-ai/sharktuner/tuning_2025_11_24_21_18/candidates/specs/82_spec.mlir
2025-11-24 21:24:26,043 - INFO - /home/amily/shark-ai/sharktuner/tuning_2025_11_24_21_18/candidates/specs/175_spec.mlir
2025-11-24 21:24:26,043 - INFO - /home/amily/shark-ai/sharktuner/tuning_2025_11_24_21_18/candidates/specs/257_spec.mlir
2025-11-24 21:24:26,043 - INFO - /home/amily/shark-ai/sharktuner/tuning_2025_11_24_21_18/candidates/specs/53_spec.mlir
2025-11-24 21:24:26,043 - INFO - /home/amily/shark-ai/sharktuner/tuning_2025_11_24_21_18/candidates/specs/48_spec.mlir
2025-11-24 21:24:26,043 - INFO - /home/amily/shark-ai/sharktuner/tuning_2025_11_24_21_18/candidates/specs/178_spec.mlir
2025-11-24 21:24:26,044 - INFO - /home/amily/shark-ai/sharktuner/tuning_2025_11_24_21_18/candidates/specs/283_spec.mlir
2025-11-24 21:24:26,044 - INFO - /home/amily/shark-ai/sharktuner/tuning_2025_11_24_21_18/candidates/specs/70_spec.mlir
2025-11-24 21:24:26,044 - INFO - /home/amily/shark-ai/sharktuner/tuning_2025_11_24_21_18/candidates/specs/306_spec.mlir
2025-11-24 21:24:26,044 - INFO - /home/amily/shark-ai/sharktuner/tuning_2025_11_24_21_18/candidates/specs/297_spec.mlir
2025-11-24 21:24:26,044 - INFO - /home/amily/shark-ai/sharktuner/tuning_2025_11_24_21_18/candidates/specs/76_spec.mlir
2025-11-24 21:24:26,044 - INFO - /home/amily/shark-ai/sharktuner/tuning_2025_11_24_21_18/candidates/specs/223_spec.mlir
2025-11-24 21:24:26,044 - INFO - /home/amily/shark-ai/sharktuner/tuning_2025_11_24_21_18/candidates/specs/165_spec.mlir
2025-11-24 21:24:26,044 - INFO - /home/amily/shark-ai/sharktuner/tuning_2025_11_24_21_18/candidates/specs/208_spec.mlir
2025-11-24 21:24:26,044 - INFO - /home/amily/shark-ai/sharktuner/tuning_2025_11_24_21_18/candidates/specs/1_spec.mlir
2025-11-24 21:24:26,045 - INFO - /home/amily/shark-ai/sharktuner/tuning_2025_11_24_21_18/candidates/specs/263_spec.mlir
2025-11-24 21:24:26,045 - INFO - /home/amily/shark-ai/sharktuner/tuning_2025_11_24_21_18/candidates/specs/50_spec.mlir
2025-11-24 21:24:26,045 - INFO - /home/amily/shark-ai/sharktuner/tuning_2025_11_24_21_18/candidates/specs/71_spec.mlir
2025-11-24 21:24:26,045 - INFO - /home/amily/shark-ai/sharktuner/tuning_2025_11_24_21_18/candidates/specs/139_spec.mlir
2025-11-24 21:24:26,045 - INFO - /home/amily/shark-ai/sharktuner/tuning_2025_11_24_21_18/candidates/specs/346_spec.mlir
2025-11-24 21:24:26,045 - INFO - /home/amily/shark-ai/sharktuner/tuning_2025_11_24_21_18/candidates/specs/279_spec.mlir
2025-11-24 21:24:26,045 - INFO - /home/amily/shark-ai/sharktuner/tuning_2025_11_24_21_18/candidates/specs/132_spec.mlir
2025-11-24 21:24:26,045 - INFO - /home/amily/shark-ai/sharktuner/tuning_2025_11_24_21_18/candidates/specs/55_spec.mlir
2025-11-24 21:24:26,045 - INFO - /home/amily/shark-ai/sharktuner/tuning_2025_11_24_21_18/candidates/specs/311_spec.mlir
2025-11-24 21:24:26,046 - INFO - /home/amily/shark-ai/sharktuner/tuning_2025_11_24_21_18/candidates/specs/215_spec.mlir
2025-11-24 21:24:26,046 - INFO - /home/amily/shark-ai/sharktuner/tuning_2025_11_24_21_18/candidates/specs/243_spec.mlir
2025-11-24 21:24:26,046 - INFO - /home/amily/shark-ai/sharktuner/tuning_2025_11_24_21_18/candidates/specs/110_spec.mlir
2025-11-24 21:24:26,046 - INFO - /home/amily/shark-ai/sharktuner/tuning_2025_11_24_21_18/candidates/specs/39_spec.mlir
2025-11-24 21:24:26,046 - INFO - /home/amily/shark-ai/sharktuner/tuning_2025_11_24_21_18/candidates/specs/199_spec.mlir
2025-11-24 21:24:26,046 - INFO - /home/amily/shark-ai/sharktuner/tuning_2025_11_24_21_18/candidates/specs/235_spec.mlir
2025-11-24 21:24:26,046 - INFO - /home/amily/shark-ai/sharktuner/tuning_2025_11_24_21_18/candidates/specs/301_spec.mlir
2025-11-24 21:24:26,046 - INFO - /home/amily/shark-ai/sharktuner/tuning_2025_11_24_21_18/candidates/specs/159_spec.mlir
2025-11-24 21:24:26,046 - INFO - /home/amily/shark-ai/sharktuner/tuning_2025_11_24_21_18/candidates/specs/359_spec.mlir
2025-11-24 21:24:26,047 - INFO - /home/amily/shark-ai/sharktuner/tuning_2025_11_24_21_18/candidates/specs/183_spec.mlir
2025-11-24 21:24:26,047 - INFO - /home/amily/shark-ai/sharktuner/tuning_2025_11_24_21_18/candidates/specs/196_spec.mlir
2025-11-24 21:24:26,047 - INFO - /home/amily/shark-ai/sharktuner/tuning_2025_11_24_21_18/candidates/specs/231_spec.mlir
2025-11-24 21:24:26,047 - INFO - /home/amily/shark-ai/sharktuner/tuning_2025_11_24_21_18/candidates/specs/67_spec.mlir
2025-11-24 21:24:26,047 - INFO - /home/amily/shark-ai/sharktuner/tuning_2025_11_24_21_18/candidates/specs/56_spec.mlir
2025-11-24 21:24:26,047 - INFO - /home/amily/shark-ai/sharktuner/tuning_2025_11_24_21_18/candidates/specs/260_spec.mlir
2025-11-24 21:24:26,047 - INFO - /home/amily/shark-ai/sharktuner/tuning_2025_11_24_21_18/candidates/specs/2_spec.mlir
2025-11-24 21:24:26,047 - INFO - /home/amily/shark-ai/sharktuner/tuning_2025_11_24_21_18/candidates/specs/87_spec.mlir
2025-11-24 21:24:26,047 - INFO - /home/amily/shark-ai/sharktuner/tuning_2025_11_24_21_18/candidates/specs/153_spec.mlir
2025-11-24 21:24:26,048 - INFO - /home/amily/shark-ai/sharktuner/tuning_2025_11_24_21_18/candidates/specs/127_spec.mlir
2025-11-24 21:24:26,048 - INFO - /home/amily/shark-ai/sharktuner/tuning_2025_11_24_21_18/candidates/specs/74_spec.mlir
2025-11-24 21:24:26,048 - INFO - /home/amily/shark-ai/sharktuner/tuning_2025_11_24_21_18/candidates/specs/274_spec.mlir
2025-11-24 21:24:26,048 - INFO - /home/amily/shark-ai/sharktuner/tuning_2025_11_24_21_18/candidates/specs/35_spec.mlir
2025-11-24 21:24:26,048 - INFO - /home/amily/shark-ai/sharktuner/tuning_2025_11_24_21_18/candidates/specs/198_spec.mlir
2025-11-24 21:24:26,048 - INFO - /home/amily/shark-ai/sharktuner/tuning_2025_11_24_21_18/candidates/specs/31_spec.mlir
2025-11-24 21:24:26,048 - INFO - /home/amily/shark-ai/sharktuner/tuning_2025_11_24_21_18/candidates/specs/339_spec.mlir
2025-11-24 21:24:26,048 - INFO - /home/amily/shark-ai/sharktuner/tuning_2025_11_24_21_18/candidates/specs/133_spec.mlir
2025-11-24 21:24:26,048 - INFO - /home/amily/shark-ai/sharktuner/tuning_2025_11_24_21_18/candidates/specs/324_spec.mlir
2025-11-24 21:24:26,048 - INFO - /home/amily/shark-ai/sharktuner/tuning_2025_11_24_21_18/candidates/specs/305_spec.mlir
2025-11-24 21:24:26,049 - INFO - /home/amily/shark-ai/sharktuner/tuning_2025_11_24_21_18/candidates/specs/98_spec.mlir
2025-11-24 21:24:26,049 - INFO - /home/amily/shark-ai/sharktuner/tuning_2025_11_24_21_18/candidates/specs/327_spec.mlir
2025-11-24 21:24:26,049 - INFO - /home/amily/shark-ai/sharktuner/tuning_2025_11_24_21_18/candidates/specs/20_spec.mlir
2025-11-24 21:24:26,049 - INFO - /home/amily/shark-ai/sharktuner/tuning_2025_11_24_21_18/candidates/specs/200_spec.mlir
2025-11-24 21:24:26,049 - INFO - /home/amily/shark-ai/sharktuner/tuning_2025_11_24_21_18/candidates/specs/166_spec.mlir
2025-11-24 21:24:26,049 - INFO - /home/amily/shark-ai/sharktuner/tuning_2025_11_24_21_18/candidates/specs/355_spec.mlir
2025-11-24 21:24:26,049 - INFO - /home/amily/shark-ai/sharktuner/tuning_2025_11_24_21_18/candidates/specs/101_spec.mlir
2025-11-24 21:24:26,049 - INFO - /home/amily/shark-ai/sharktuner/tuning_2025_11_24_21_18/candidates/specs/81_spec.mlir
2025-11-24 21:24:26,049 - INFO - /home/amily/shark-ai/sharktuner/tuning_2025_11_24_21_18/candidates/specs/177_spec.mlir
2025-11-24 21:24:26,050 - INFO - /home/amily/shark-ai/sharktuner/tuning_2025_11_24_21_18/candidates/specs/205_spec.mlir
2025-11-24 21:24:26,050 - INFO - /home/amily/shark-ai/sharktuner/tuning_2025_11_24_21_18/candidates/specs/117_spec.mlir
2025-11-24 21:24:26,050 - INFO - /home/amily/shark-ai/sharktuner/tuning_2025_11_24_21_18/candidates/specs/292_spec.mlir
2025-11-24 21:24:26,050 - INFO - /home/amily/shark-ai/sharktuner/tuning_2025_11_24_21_18/candidates/specs/363_spec.mlir
2025-11-24 21:24:26,050 - INFO - /home/amily/shark-ai/sharktuner/tuning_2025_11_24_21_18/candidates/specs/326_spec.mlir
2025-11-24 21:24:26,050 - INFO - /home/amily/shark-ai/sharktuner/tuning_2025_11_24_21_18/candidates/specs/64_spec.mlir
2025-11-24 21:24:26,050 - INFO - /home/amily/shark-ai/sharktuner/tuning_2025_11_24_21_18/candidates/specs/180_spec.mlir
2025-11-24 21:24:26,050 - INFO - /home/amily/shark-ai/sharktuner/tuning_2025_11_24_21_18/candidates/specs/322_spec.mlir
2025-11-24 21:24:26,050 - INFO - /home/amily/shark-ai/sharktuner/tuning_2025_11_24_21_18/candidates/specs/333_spec.mlir
2025-11-24 21:24:26,051 - INFO - /home/amily/shark-ai/sharktuner/tuning_2025_11_24_21_18/candidates/specs/209_spec.mlir
2025-11-24 21:24:26,051 - INFO - /home/amily/shark-ai/sharktuner/tuning_2025_11_24_21_18/candidates/specs/176_spec.mlir
2025-11-24 21:24:26,051 - INFO - /home/amily/shark-ai/sharktuner/tuning_2025_11_24_21_18/candidates/specs/148_spec.mlir
2025-11-24 21:24:26,051 - INFO - /home/amily/shark-ai/sharktuner/tuning_2025_11_24_21_18/candidates/specs/368_spec.mlir
2025-11-24 21:24:26,051 - INFO - /home/amily/shark-ai/sharktuner/tuning_2025_11_24_21_18/candidates/specs/325_spec.mlir
2025-11-24 21:24:26,051 - INFO - /home/amily/shark-ai/sharktuner/tuning_2025_11_24_21_18/candidates/specs/307_spec.mlir
2025-11-24 21:24:26,051 - INFO - /home/amily/shark-ai/sharktuner/tuning_2025_11_24_21_18/candidates/specs/291_spec.mlir
2025-11-24 21:24:26,051 - INFO - /home/amily/shark-ai/sharktuner/tuning_2025_11_24_21_18/candidates/specs/95_spec.mlir
2025-11-24 21:24:26,051 - INFO - /home/amily/shark-ai/sharktuner/tuning_2025_11_24_21_18/candidates/specs/29_spec.mlir
2025-11-24 21:24:26,052 - INFO - /home/amily/shark-ai/sharktuner/tuning_2025_11_24_21_18/candidates/specs/163_spec.mlir
2025-11-24 21:24:26,052 - INFO - /home/amily/shark-ai/sharktuner/tuning_2025_11_24_21_18/candidates/specs/59_spec.mlir
2025-11-24 21:24:26,052 - INFO - /home/amily/shark-ai/sharktuner/tuning_2025_11_24_21_18/candidates/specs/141_spec.mlir
2025-11-24 21:24:26,052 - INFO - /home/amily/shark-ai/sharktuner/tuning_2025_11_24_21_18/candidates/specs/79_spec.mlir
2025-11-24 21:24:26,052 - INFO - /home/amily/shark-ai/sharktuner/tuning_2025_11_24_21_18/candidates/specs/269_spec.mlir
2025-11-24 21:24:26,052 - INFO - /home/amily/shark-ai/sharktuner/tuning_2025_11_24_21_18/candidates/specs/308_spec.mlir
2025-11-24 21:24:26,052 - INFO - /home/amily/shark-ai/sharktuner/tuning_2025_11_24_21_18/candidates/specs/201_spec.mlir
2025-11-24 21:24:26,052 - INFO - /home/amily/shark-ai/sharktuner/tuning_2025_11_24_21_18/candidates/specs/46_spec.mlir
2025-11-24 21:24:26,052 - INFO - /home/amily/shark-ai/sharktuner/tuning_2025_11_24_21_18/candidates/specs/372_spec.mlir
2025-11-24 21:24:26,052 - INFO - /home/amily/shark-ai/sharktuner/tuning_2025_11_24_21_18/candidates/specs/7_spec.mlir
2025-11-24 21:24:26,053 - INFO - /home/amily/shark-ai/sharktuner/tuning_2025_11_24_21_18/candidates/specs/168_spec.mlir
2025-11-24 21:24:26,053 - INFO - /home/amily/shark-ai/sharktuner/tuning_2025_11_24_21_18/candidates/specs/5_spec.mlir
2025-11-24 21:24:26,053 - INFO - /home/amily/shark-ai/sharktuner/tuning_2025_11_24_21_18/candidates/specs/66_spec.mlir
2025-11-24 21:24:26,053 - INFO - /home/amily/shark-ai/sharktuner/tuning_2025_11_24_21_18/candidates/specs/13_spec.mlir
2025-11-24 21:24:26,053 - INFO - /home/amily/shark-ai/sharktuner/tuning_2025_11_24_21_18/candidates/specs/60_spec.mlir
2025-11-24 21:24:26,053 - INFO - /home/amily/shark-ai/sharktuner/tuning_2025_11_24_21_18/candidates/specs/185_spec.mlir
2025-11-24 21:24:26,053 - INFO - /home/amily/shark-ai/sharktuner/tuning_2025_11_24_21_18/candidates/specs/18_spec.mlir
2025-11-24 21:24:26,053 - INFO - /home/amily/shark-ai/sharktuner/tuning_2025_11_24_21_18/candidates/specs/115_spec.mlir
2025-11-24 21:24:26,053 - INFO - /home/amily/shark-ai/sharktuner/tuning_2025_11_24_21_18/candidates/specs/120_spec.mlir
2025-11-24 21:24:26,054 - INFO - /home/amily/shark-ai/sharktuner/tuning_2025_11_24_21_18/candidates/specs/204_spec.mlir
2025-11-24 21:24:26,054 - INFO - /home/amily/shark-ai/sharktuner/tuning_2025_11_24_21_18/candidates/specs/214_spec.mlir
2025-11-24 21:24:26,054 - INFO - /home/amily/shark-ai/sharktuner/tuning_2025_11_24_21_18/candidates/specs/75_spec.mlir
2025-11-24 21:24:26,054 - INFO - /home/amily/shark-ai/sharktuner/tuning_2025_11_24_21_18/candidates/specs/234_spec.mlir
2025-11-24 21:24:26,054 - INFO - /home/amily/shark-ai/sharktuner/tuning_2025_11_24_21_18/candidates/specs/54_spec.mlir
2025-11-24 21:24:26,054 - INFO - /home/amily/shark-ai/sharktuner/tuning_2025_11_24_21_18/candidates/specs/216_spec.mlir
2025-11-24 21:24:26,054 - INFO - /home/amily/shark-ai/sharktuner/tuning_2025_11_24_21_18/candidates/specs/116_spec.mlir
2025-11-24 21:24:26,054 - INFO - /home/amily/shark-ai/sharktuner/tuning_2025_11_24_21_18/candidates/specs/65_spec.mlir
2025-11-24 21:24:26,054 - INFO - /home/amily/shark-ai/sharktuner/tuning_2025_11_24_21_18/candidates/specs/121_spec.mlir
2025-11-24 21:24:26,055 - INFO - /home/amily/shark-ai/sharktuner/tuning_2025_11_24_21_18/candidates/specs/226_spec.mlir
2025-11-24 21:24:26,055 - INFO - /home/amily/shark-ai/sharktuner/tuning_2025_11_24_21_18/candidates/specs/281_spec.mlir
2025-11-24 21:24:26,055 - INFO - /home/amily/shark-ai/sharktuner/tuning_2025_11_24_21_18/candidates/specs/278_spec.mlir
2025-11-24 21:24:26,055 - INFO - /home/amily/shark-ai/sharktuner/tuning_2025_11_24_21_18/candidates/specs/9_spec.mlir
2025-11-24 21:24:26,055 - INFO - /home/amily/shark-ai/sharktuner/tuning_2025_11_24_21_18/candidates/specs/227_spec.mlir
2025-11-24 21:24:26,055 - INFO - /home/amily/shark-ai/sharktuner/tuning_2025_11_24_21_18/candidates/specs/114_spec.mlir
2025-11-24 21:24:26,055 - INFO - /home/amily/shark-ai/sharktuner/tuning_2025_11_24_21_18/candidates/specs/341_spec.mlir
2025-11-24 21:24:26,055 - INFO - /home/amily/shark-ai/sharktuner/tuning_2025_11_24_21_18/candidates/specs/265_spec.mlir
2025-11-24 21:24:26,055 - INFO - /home/amily/shark-ai/sharktuner/tuning_2025_11_24_21_18/candidates/specs/371_spec.mlir
2025-11-24 21:24:26,055 - INFO - /home/amily/shark-ai/sharktuner/tuning_2025_11_24_21_18/candidates/specs/125_spec.mlir
2025-11-24 21:24:26,055 - INFO - /home/amily/shark-ai/sharktuner/tuning_2025_11_24_21_18/candidates/specs/330_spec.mlir
2025-11-24 21:24:26,055 - INFO - /home/amily/shark-ai/sharktuner/tuning_2025_11_24_21_18/candidates/specs/97_spec.mlir
2025-11-24 21:24:26,055 - INFO - /home/amily/shark-ai/sharktuner/tuning_2025_11_24_21_18/candidates/specs/353_spec.mlir
2025-11-24 21:24:26,056 - INFO - /home/amily/shark-ai/sharktuner/tuning_2025_11_24_21_18/candidates/specs/329_spec.mlir
2025-11-24 21:24:26,056 - INFO - /home/amily/shark-ai/sharktuner/tuning_2025_11_24_21_18/candidates/specs/138_spec.mlir
2025-11-24 21:24:26,056 - INFO - /home/amily/shark-ai/sharktuner/tuning_2025_11_24_21_18/candidates/specs/298_spec.mlir
2025-11-24 21:24:26,056 - INFO - /home/amily/shark-ai/sharktuner/tuning_2025_11_24_21_18/candidates/specs/338_spec.mlir
2025-11-24 21:24:26,056 - INFO - /home/amily/shark-ai/sharktuner/tuning_2025_11_24_21_18/candidates/specs/276_spec.mlir
2025-11-24 21:24:26,056 - INFO - /home/amily/shark-ai/sharktuner/tuning_2025_11_24_21_18/candidates/specs/239_spec.mlir
2025-11-24 21:24:26,056 - INFO - /home/amily/shark-ai/sharktuner/tuning_2025_11_24_21_18/candidates/specs/290_spec.mlir
2025-11-24 21:24:26,056 - INFO - /home/amily/shark-ai/sharktuner/tuning_2025_11_24_21_18/candidates/specs/241_spec.mlir
2025-11-24 21:24:26,056 - INFO - /home/amily/shark-ai/sharktuner/tuning_2025_11_24_21_18/candidates/specs/337_spec.mlir
2025-11-24 21:24:26,056 - INFO - /home/amily/shark-ai/sharktuner/tuning_2025_11_24_21_18/candidates/specs/224_spec.mlir
2025-11-24 21:24:26,056 - INFO - /home/amily/shark-ai/sharktuner/tuning_2025_11_24_21_18/candidates/specs/294_spec.mlir
2025-11-24 21:24:26,056 - INFO - /home/amily/shark-ai/sharktuner/tuning_2025_11_24_21_18/candidates/specs/321_spec.mlir
2025-11-24 21:24:26,056 - INFO - /home/amily/shark-ai/sharktuner/tuning_2025_11_24_21_18/candidates/specs/256_spec.mlir
2025-11-24 21:24:26,057 - INFO - /home/amily/shark-ai/sharktuner/tuning_2025_11_24_21_18/candidates/specs/10_spec.mlir
2025-11-24 21:24:26,057 - INFO - /home/amily/shark-ai/sharktuner/tuning_2025_11_24_21_18/candidates/specs/316_spec.mlir
2025-11-24 21:24:26,057 - INFO - /home/amily/shark-ai/sharktuner/tuning_2025_11_24_21_18/candidates/specs/179_spec.mlir
2025-11-24 21:24:26,057 - INFO - /home/amily/shark-ai/sharktuner/tuning_2025_11_24_21_18/candidates/specs/90_spec.mlir
2025-11-24 21:24:26,057 - INFO - /home/amily/shark-ai/sharktuner/tuning_2025_11_24_21_18/candidates/specs/334_spec.mlir
2025-11-24 21:24:26,057 - INFO - /home/amily/shark-ai/sharktuner/tuning_2025_11_24_21_18/candidates/specs/245_spec.mlir
2025-11-24 21:24:26,057 - INFO - /home/amily/shark-ai/sharktuner/tuning_2025_11_24_21_18/candidates/specs/170_spec.mlir
2025-11-24 21:24:26,057 - INFO - /home/amily/shark-ai/sharktuner/tuning_2025_11_24_21_18/candidates/specs/147_spec.mlir
2025-11-24 21:24:26,057 - INFO - /home/amily/shark-ai/sharktuner/tuning_2025_11_24_21_18/candidates/specs/242_spec.mlir
2025-11-24 21:24:26,057 - INFO - /home/amily/shark-ai/sharktuner/tuning_2025_11_24_21_18/candidates/specs/19_spec.mlir
2025-11-24 21:24:26,057 - INFO - /home/amily/shark-ai/sharktuner/tuning_2025_11_24_21_18/candidates/specs/336_spec.mlir
2025-11-24 21:24:26,057 - INFO - /home/amily/shark-ai/sharktuner/tuning_2025_11_24_21_18/candidates/specs/251_spec.mlir
2025-11-24 21:24:26,057 - INFO - /home/amily/shark-ai/sharktuner/tuning_2025_11_24_21_18/candidates/specs/44_spec.mlir
2025-11-24 21:24:26,058 - INFO - /home/amily/shark-ai/sharktuner/tuning_2025_11_24_21_18/candidates/specs/104_spec.mlir
2025-11-24 21:24:26,058 - INFO - /home/amily/shark-ai/sharktuner/tuning_2025_11_24_21_18/candidates/specs/259_spec.mlir
2025-11-24 21:24:26,058 - INFO - /home/amily/shark-ai/sharktuner/tuning_2025_11_24_21_18/candidates/specs/58_spec.mlir
2025-11-24 21:24:26,058 - INFO - /home/amily/shark-ai/sharktuner/tuning_2025_11_24_21_18/candidates/specs/161_spec.mlir
2025-11-24 21:24:26,058 - INFO - /home/amily/shark-ai/sharktuner/tuning_2025_11_24_21_18/candidates/specs/145_spec.mlir
2025-11-24 21:24:26,058 - INFO - /home/amily/shark-ai/sharktuner/tuning_2025_11_24_21_18/candidates/specs/17_spec.mlir
2025-11-24 21:24:26,058 - INFO - /home/amily/shark-ai/sharktuner/tuning_2025_11_24_21_18/candidates/specs/254_spec.mlir
2025-11-24 21:24:26,058 - INFO - /home/amily/shark-ai/sharktuner/tuning_2025_11_24_21_18/candidates/specs/23_spec.mlir
2025-11-24 21:24:26,058 - INFO - /home/amily/shark-ai/sharktuner/tuning_2025_11_24_21_18/candidates/specs/340_spec.mlir
2025-11-24 21:24:26,058 - INFO - /home/amily/shark-ai/sharktuner/tuning_2025_11_24_21_18/candidates/specs/284_spec.mlir
2025-11-24 21:24:26,058 - INFO - /home/amily/shark-ai/sharktuner/tuning_2025_11_24_21_18/candidates/specs/27_spec.mlir
2025-11-24 21:24:26,058 - INFO - /home/amily/shark-ai/sharktuner/tuning_2025_11_24_21_18/candidates/specs/323_spec.mlir
2025-11-24 21:24:26,058 - INFO - /home/amily/shark-ai/sharktuner/tuning_2025_11_24_21_18/candidates/specs/271_spec.mlir
2025-11-24 21:24:26,059 - INFO - /home/amily/shark-ai/sharktuner/tuning_2025_11_24_21_18/candidates/specs/40_spec.mlir
2025-11-24 21:24:26,059 - INFO - /home/amily/shark-ai/sharktuner/tuning_2025_11_24_21_18/candidates/specs/181_spec.mlir
2025-11-24 21:24:26,059 - INFO - /home/amily/shark-ai/sharktuner/tuning_2025_11_24_21_18/candidates/specs/369_spec.mlir
2025-11-24 21:24:26,059 - INFO - /home/amily/shark-ai/sharktuner/tuning_2025_11_24_21_18/candidates/specs/217_spec.mlir
2025-11-24 21:24:26,059 - INFO - /home/amily/shark-ai/sharktuner/tuning_2025_11_24_21_18/candidates/specs/225_spec.mlir
2025-11-24 21:24:26,059 - INFO - /home/amily/shark-ai/sharktuner/tuning_2025_11_24_21_18/candidates/specs/352_spec.mlir
2025-11-24 21:24:26,059 - INFO - /home/amily/shark-ai/sharktuner/tuning_2025_11_24_21_18/candidates/specs/246_spec.mlir
2025-11-24 21:24:26,059 - INFO - /home/amily/shark-ai/sharktuner/tuning_2025_11_24_21_18/candidates/specs/366_spec.mlir
2025-11-24 21:24:26,059 - INFO - /home/amily/shark-ai/sharktuner/tuning_2025_11_24_21_18/candidates/specs/317_spec.mlir
2025-11-24 21:24:26,059 - INFO - /home/amily/shark-ai/sharktuner/tuning_2025_11_24_21_18/candidates/specs/304_spec.mlir
2025-11-24 21:24:26,059 - INFO - /home/amily/shark-ai/sharktuner/tuning_2025_11_24_21_18/candidates/specs/182_spec.mlir
2025-11-24 21:24:26,059 - INFO - /home/amily/shark-ai/sharktuner/tuning_2025_11_24_21_18/candidates/specs/357_spec.mlir
2025-11-24 21:24:26,059 - INFO - /home/amily/shark-ai/sharktuner/tuning_2025_11_24_21_18/candidates/specs/134_spec.mlir
2025-11-24 21:24:26,060 - INFO - /home/amily/shark-ai/sharktuner/tuning_2025_11_24_21_18/candidates/specs/188_spec.mlir
2025-11-24 21:24:26,060 - INFO - /home/amily/shark-ai/sharktuner/tuning_2025_11_24_21_18/candidates/specs/236_spec.mlir
2025-11-24 21:24:26,060 - INFO - /home/amily/shark-ai/sharktuner/tuning_2025_11_24_21_18/candidates/specs/103_spec.mlir
2025-11-24 21:24:26,060 - INFO - /home/amily/shark-ai/sharktuner/tuning_2025_11_24_21_18/candidates/specs/335_spec.mlir
2025-11-24 21:24:26,060 - INFO - /home/amily/shark-ai/sharktuner/tuning_2025_11_24_21_18/candidates/specs/171_spec.mlir
2025-11-24 21:24:26,060 - INFO - /home/amily/shark-ai/sharktuner/tuning_2025_11_24_21_18/candidates/specs/286_spec.mlir
2025-11-24 21:24:26,060 - INFO - /home/amily/shark-ai/sharktuner/tuning_2025_11_24_21_18/candidates/specs/318_spec.mlir
2025-11-24 21:24:26,060 - INFO - /home/amily/shark-ai/sharktuner/tuning_2025_11_24_21_18/candidates/specs/194_spec.mlir
2025-11-24 21:24:26,060 - INFO - /home/amily/shark-ai/sharktuner/tuning_2025_11_24_21_18/candidates/specs/144_spec.mlir
2025-11-24 21:24:26,060 - INFO - /home/amily/shark-ai/sharktuner/tuning_2025_11_24_21_18/candidates/specs/221_spec.mlir
2025-11-24 21:24:26,060 - INFO - /home/amily/shark-ai/sharktuner/tuning_2025_11_24_21_18/candidates/specs/167_spec.mlir
2025-11-24 21:24:26,060 - INFO - /home/amily/shark-ai/sharktuner/tuning_2025_11_24_21_18/candidates/specs/328_spec.mlir
2025-11-24 21:24:26,060 - INFO - /home/amily/shark-ai/sharktuner/tuning_2025_11_24_21_18/candidates/specs/287_spec.mlir
2025-11-24 21:24:26,061 - INFO - /home/amily/shark-ai/sharktuner/tuning_2025_11_24_21_18/candidates/specs/370_spec.mlir
2025-11-24 21:24:26,061 - INFO - /home/amily/shark-ai/sharktuner/tuning_2025_11_24_21_18/candidates/specs/190_spec.mlir
2025-11-24 21:24:26,061 - INFO - /home/amily/shark-ai/sharktuner/tuning_2025_11_24_21_18/candidates/specs/41_spec.mlir
2025-11-24 21:24:26,061 - INFO - /home/amily/shark-ai/sharktuner/tuning_2025_11_24_21_18/candidates/specs/211_spec.mlir
2025-11-24 21:24:26,061 - INFO - /home/amily/shark-ai/sharktuner/tuning_2025_11_24_21_18/candidates/specs/37_spec.mlir
2025-11-24 21:24:26,061 - INFO - /home/amily/shark-ai/sharktuner/tuning_2025_11_24_21_18/candidates/specs/344_spec.mlir
2025-11-24 21:24:26,061 - INFO - /home/amily/shark-ai/sharktuner/tuning_2025_11_24_21_18/candidates/specs/83_spec.mlir
2025-11-24 21:24:26,061 - INFO - /home/amily/shark-ai/sharktuner/tuning_2025_11_24_21_18/candidates/specs/275_spec.mlir
2025-11-24 21:24:26,061 - INFO - /home/amily/shark-ai/sharktuner/tuning_2025_11_24_21_18/candidates/specs/28_spec.mlir
2025-11-24 21:24:26,061 - INFO - /home/amily/shark-ai/sharktuner/tuning_2025_11_24_21_18/candidates/specs/25_spec.mlir
2025-11-24 21:24:26,061 - INFO - /home/amily/shark-ai/sharktuner/tuning_2025_11_24_21_18/candidates/specs/111_spec.mlir
2025-11-24 21:24:26,061 - INFO - /home/amily/shark-ai/sharktuner/tuning_2025_11_24_21_18/candidates/specs/131_spec.mlir
2025-11-24 21:24:26,061 - INFO - /home/amily/shark-ai/sharktuner/tuning_2025_11_24_21_18/candidates/specs/63_spec.mlir
2025-11-24 21:24:26,062 - INFO - /home/amily/shark-ai/sharktuner/tuning_2025_11_24_21_18/candidates/specs/229_spec.mlir
2025-11-24 21:24:26,062 - INFO - /home/amily/shark-ai/sharktuner/tuning_2025_11_24_21_18/candidates/specs/228_spec.mlir
2025-11-24 21:24:26,062 - INFO - /home/amily/shark-ai/sharktuner/tuning_2025_11_24_21_18/candidates/specs/238_spec.mlir
2025-11-24 21:24:26,062 - INFO - /home/amily/shark-ai/sharktuner/tuning_2025_11_24_21_18/candidates/specs/232_spec.mlir
2025-11-24 21:24:26,062 - INFO - /home/amily/shark-ai/sharktuner/tuning_2025_11_24_21_18/candidates/specs/309_spec.mlir
2025-11-24 21:24:26,062 - INFO - /home/amily/shark-ai/sharktuner/tuning_2025_11_24_21_18/candidates/specs/149_spec.mlir
2025-11-24 21:24:26,062 - INFO - /home/amily/shark-ai/sharktuner/tuning_2025_11_24_21_18/candidates/specs/285_spec.mlir
2025-11-24 21:24:26,062 - INFO - /home/amily/shark-ai/sharktuner/tuning_2025_11_24_21_18/candidates/specs/272_spec.mlir
2025-11-24 21:24:26,062 - INFO - /home/amily/shark-ai/sharktuner/tuning_2025_11_24_21_18/candidates/specs/264_spec.mlir
2025-11-24 21:24:26,062 - INFO - /home/amily/shark-ai/sharktuner/tuning_2025_11_24_21_18/candidates/specs/191_spec.mlir
2025-11-24 21:24:26,062 - INFO - /home/amily/shark-ai/sharktuner/tuning_2025_11_24_21_18/candidates/specs/113_spec.mlir
2025-11-24 21:24:26,062 - INFO - /home/amily/shark-ai/sharktuner/tuning_2025_11_24_21_18/candidates/specs/303_spec.mlir
2025-11-24 21:24:26,062 - INFO - /home/amily/shark-ai/sharktuner/tuning_2025_11_24_21_18/candidates/specs/203_spec.mlir
2025-11-24 21:24:26,063 - INFO - /home/amily/shark-ai/sharktuner/tuning_2025_11_24_21_18/candidates/specs/151_spec.mlir
2025-11-24 21:24:26,063 - INFO - /home/amily/shark-ai/sharktuner/tuning_2025_11_24_21_18/candidates/specs/247_spec.mlir
2025-11-24 21:24:26,063 - INFO - /home/amily/shark-ai/sharktuner/tuning_2025_11_24_21_18/candidates/specs/47_spec.mlir
2025-11-24 21:24:26,063 - INFO - /home/amily/shark-ai/sharktuner/tuning_2025_11_24_21_18/candidates/specs/4_spec.mlir
2025-11-24 21:24:26,063 - INFO - /home/amily/shark-ai/sharktuner/tuning_2025_11_24_21_18/candidates/specs/347_spec.mlir
2025-11-24 21:24:26,063 - INFO - /home/amily/shark-ai/sharktuner/tuning_2025_11_24_21_18/candidates/specs/3_spec.mlir
2025-11-24 21:24:26,063 - INFO - /home/amily/shark-ai/sharktuner/tuning_2025_11_24_21_18/candidates/specs/26_spec.mlir
2025-11-24 21:24:26,063 - INFO - /home/amily/shark-ai/sharktuner/tuning_2025_11_24_21_18/candidates/specs/96_spec.mlir
2025-11-24 21:24:26,063 - INFO - /home/amily/shark-ai/sharktuner/tuning_2025_11_24_21_18/candidates/specs/267_spec.mlir
2025-11-24 21:24:26,063 - INFO - /home/amily/shark-ai/sharktuner/tuning_2025_11_24_21_18/candidates/specs/255_spec.mlir
2025-11-24 21:24:26,063 - INFO - /home/amily/shark-ai/sharktuner/tuning_2025_11_24_21_18/candidates/specs/11_spec.mlir
2025-11-24 21:24:26,063 - INFO - /home/amily/shark-ai/sharktuner/tuning_2025_11_24_21_18/candidates/specs/146_spec.mlir
2025-11-24 21:24:26,063 - INFO - /home/amily/shark-ai/sharktuner/tuning_2025_11_24_21_18/candidates/specs/99_spec.mlir
2025-11-24 21:24:26,064 - INFO - /home/amily/shark-ai/sharktuner/tuning_2025_11_24_21_18/candidates/specs/249_spec.mlir
2025-11-24 21:24:26,064 - INFO - /home/amily/shark-ai/sharktuner/tuning_2025_11_24_21_18/candidates/specs/351_spec.mlir
2025-11-24 21:24:26,064 - INFO - /home/amily/shark-ai/sharktuner/tuning_2025_11_24_21_18/candidates/specs/210_spec.mlir
2025-11-24 21:24:26,064 - INFO - /home/amily/shark-ai/sharktuner/tuning_2025_11_24_21_18/candidates/specs/218_spec.mlir
2025-11-24 21:24:26,064 - INFO - /home/amily/shark-ai/sharktuner/tuning_2025_11_24_21_18/candidates/specs/80_spec.mlir
2025-11-24 21:24:26,064 - INFO - /home/amily/shark-ai/sharktuner/tuning_2025_11_24_21_18/candidates/specs/270_spec.mlir
2025-11-24 21:24:26,064 - INFO - /home/amily/shark-ai/sharktuner/tuning_2025_11_24_21_18/candidates/specs/162_spec.mlir
2025-11-24 21:24:26,064 - INFO - /home/amily/shark-ai/sharktuner/tuning_2025_11_24_21_18/candidates/specs/91_spec.mlir
2025-11-24 21:24:26,064 - INFO - /home/amily/shark-ai/sharktuner/tuning_2025_11_24_21_18/candidates/specs/32_spec.mlir
2025-11-24 21:24:26,064 - INFO - /home/amily/shark-ai/sharktuner/tuning_2025_11_24_21_18/candidates/specs/342_spec.mlir
2025-11-24 21:24:26,064 - INFO - /home/amily/shark-ai/sharktuner/tuning_2025_11_24_21_18/candidates/specs/313_spec.mlir
2025-11-24 21:24:26,064 - INFO - /home/amily/shark-ai/sharktuner/tuning_2025_11_24_21_18/candidates/specs/102_spec.mlir
2025-11-24 21:24:26,064 - INFO - /home/amily/shark-ai/sharktuner/tuning_2025_11_24_21_18/candidates/specs/172_spec.mlir
2025-11-24 21:24:26,064 - INFO - /home/amily/shark-ai/sharktuner/tuning_2025_11_24_21_18/candidates/specs/62_spec.mlir
2025-11-24 21:24:26,065 - INFO - /home/amily/shark-ai/sharktuner/tuning_2025_11_24_21_18/candidates/specs/152_spec.mlir
2025-11-24 21:24:26,065 - INFO - /home/amily/shark-ai/sharktuner/tuning_2025_11_24_21_18/candidates/specs/38_spec.mlir
2025-11-24 21:24:26,065 - INFO - /home/amily/shark-ai/sharktuner/tuning_2025_11_24_21_18/candidates/specs/348_spec.mlir
2025-11-24 21:24:26,065 - INFO - /home/amily/shark-ai/sharktuner/tuning_2025_11_24_21_18/candidates/specs/89_spec.mlir
2025-11-24 21:24:26,065 - INFO - /home/amily/shark-ai/sharktuner/tuning_2025_11_24_21_18/candidates/specs/169_spec.mlir
2025-11-24 21:24:26,065 - INFO - /home/amily/shark-ai/sharktuner/tuning_2025_11_24_21_18/candidates/specs/213_spec.mlir
2025-11-24 21:24:26,065 - INFO - /home/amily/shark-ai/sharktuner/tuning_2025_11_24_21_18/candidates/specs/157_spec.mlir
2025-11-24 21:24:26,065 - INFO - /home/amily/shark-ai/sharktuner/tuning_2025_11_24_21_18/candidates/specs/320_spec.mlir
2025-11-24 21:24:26,065 - INFO - /home/amily/shark-ai/sharktuner/tuning_2025_11_24_21_18/candidates/specs/300_spec.mlir
2025-11-24 21:24:26,065 - INFO - /home/amily/shark-ai/sharktuner/tuning_2025_11_24_21_18/candidates/specs/358_spec.mlir
2025-11-24 21:24:26,065 - INFO - /home/amily/shark-ai/sharktuner/tuning_2025_11_24_21_18/candidates/specs/86_spec.mlir
2025-11-24 21:24:26,065 - INFO - /home/amily/shark-ai/sharktuner/tuning_2025_11_24_21_18/candidates/specs/136_spec.mlir
2025-11-24 21:24:26,065 - INFO - /home/amily/shark-ai/sharktuner/tuning_2025_11_24_21_18/candidates/specs/197_spec.mlir
2025-11-24 21:24:26,066 - INFO - /home/amily/shark-ai/sharktuner/tuning_2025_11_24_21_18/candidates/specs/42_spec.mlir
2025-11-24 21:24:26,066 - INFO - /home/amily/shark-ai/sharktuner/tuning_2025_11_24_21_18/candidates/specs/137_spec.mlir
2025-11-24 21:24:26,066 - INFO - /home/amily/shark-ai/sharktuner/tuning_2025_11_24_21_18/candidates/specs/184_spec.mlir
2025-11-24 21:24:26,066 - INFO - /home/amily/shark-ai/sharktuner/tuning_2025_11_24_21_18/candidates/specs/33_spec.mlir
2025-11-24 21:24:26,066 - INFO - /home/amily/shark-ai/sharktuner/tuning_2025_11_24_21_18/candidates/specs/22_spec.mlir
2025-11-24 21:24:26,066 - INFO - /home/amily/shark-ai/sharktuner/tuning_2025_11_24_21_18/candidates/specs/356_spec.mlir
2025-11-24 21:24:26,066 - INFO - /home/amily/shark-ai/sharktuner/tuning_2025_11_24_21_18/candidates/specs/93_spec.mlir
2025-11-24 21:24:26,066 - INFO - /home/amily/shark-ai/sharktuner/tuning_2025_11_24_21_18/candidates/specs/312_spec.mlir
2025-11-24 21:24:26,066 - INFO - /home/amily/shark-ai/sharktuner/tuning_2025_11_24_21_18/candidates/specs/24_spec.mlir
2025-11-24 21:24:26,066 - INFO - /home/amily/shark-ai/sharktuner/tuning_2025_11_24_21_18/candidates/specs/43_spec.mlir
2025-11-24 21:24:26,066 - INFO - /home/amily/shark-ai/sharktuner/tuning_2025_11_24_21_18/candidates/specs/219_spec.mlir
2025-11-24 21:24:26,066 - INFO - /home/amily/shark-ai/sharktuner/tuning_2025_11_24_21_18/candidates/specs/34_spec.mlir
