2025-11-21 03:37:23,793 - ERROR - An error occurred during candidates generation: No compatible intrinsics found
2025-11-21 03:37:23,793 - ERROR - Error in candidate_gen.py:
Traceback (most recent call last):
  File "/home/amily/shark-ai/sharktuner/sharktuner/libtuner.py", line 827, in generate_candidate_specs
    solutions = list(solutions_iter)
  File "/home/amily/shark-ai/sharktuner/sharktuner/constraint_generator.py", line 112, in generate_generic_contraction_solutions
    constraints = dispatch_constraints.generate_tile_and_fuse_constraints(
  File "/home/amily/shark-ai/sharktuner/sharktuner/dispatch_constraints.py", line 299, in generate_tile_and_fuse_constraints
    get_mfma_intrinsic_constraints(
  File "/home/amily/shark-ai/sharktuner/sharktuner/dispatch_constraints.py", line 81, in get_mfma_intrinsic_constraints
    assert len(compatible_intrinsics) > 0, "No compatible intrinsics found"
AssertionError: No compatible intrinsics found
2025-11-21 03:37:23,793 - ERROR - Error in candidate_gen.py:
Traceback (most recent call last):
  File "/home/amily/shark-ai/sharktuner/sharktuner/libtuner.py", line 827, in generate_candidate_specs
    solutions = list(solutions_iter)
  File "/home/amily/shark-ai/sharktuner/sharktuner/constraint_generator.py", line 112, in generate_generic_contraction_solutions
    constraints = dispatch_constraints.generate_tile_and_fuse_constraints(
  File "/home/amily/shark-ai/sharktuner/sharktuner/dispatch_constraints.py", line 299, in generate_tile_and_fuse_constraints
    get_mfma_intrinsic_constraints(
  File "/home/amily/shark-ai/sharktuner/sharktuner/dispatch_constraints.py", line 81, in get_mfma_intrinsic_constraints
    assert len(compatible_intrinsics) > 0, "No compatible intrinsics found"
AssertionError: No compatible intrinsics found
2025-11-21 03:38:15,955 - WARNING - Command '/home/amily/iree-build/compiler/bindings/python/iree/compiler/tools/../_mlir_libs/iree-compile tuning_2025_11_21_03_37/template.mlir -o=tuning_2025_11_21_03_37/candidates/compiled/26.vmfb --mlir-pass-pipeline-crash-reproducer=tuning_2025_11_21_03_37/candidates/compiled/26.vmfb.crash_report.mlir --iree-codegen-tuning-spec-path=tuning_2025_11_21_03_37/candidates/specs/26_spec.mlir --iree-hal-target-device=hip --iree-hip-target=gfx942 --compile-from=executable-sources' timed out after 16 seconds.
2025-11-21 03:38:23,181 - WARNING - Command '/home/amily/iree-build/compiler/bindings/python/iree/compiler/tools/../_mlir_libs/iree-compile tuning_2025_11_21_03_37/template.mlir -o=tuning_2025_11_21_03_37/candidates/compiled/743.vmfb --mlir-pass-pipeline-crash-reproducer=tuning_2025_11_21_03_37/candidates/compiled/743.vmfb.crash_report.mlir --iree-codegen-tuning-spec-path=tuning_2025_11_21_03_37/candidates/specs/743_spec.mlir --iree-hal-target-device=hip --iree-hip-target=gfx942 --compile-from=executable-sources' timed out after 16 seconds.
2025-11-21 03:38:24,462 - WARNING - Command '/home/amily/iree-build/compiler/bindings/python/iree/compiler/tools/../_mlir_libs/iree-compile tuning_2025_11_21_03_37/template.mlir -o=tuning_2025_11_21_03_37/candidates/compiled/841.vmfb --mlir-pass-pipeline-crash-reproducer=tuning_2025_11_21_03_37/candidates/compiled/841.vmfb.crash_report.mlir --iree-codegen-tuning-spec-path=tuning_2025_11_21_03_37/candidates/specs/841_spec.mlir --iree-hal-target-device=hip --iree-hip-target=gfx942 --compile-from=executable-sources' timed out after 16 seconds.
2025-11-21 03:38:24,566 - WARNING - Command '/home/amily/iree-build/compiler/bindings/python/iree/compiler/tools/../_mlir_libs/iree-compile tuning_2025_11_21_03_37/template.mlir -o=tuning_2025_11_21_03_37/candidates/compiled/852.vmfb --mlir-pass-pipeline-crash-reproducer=tuning_2025_11_21_03_37/candidates/compiled/852.vmfb.crash_report.mlir --iree-codegen-tuning-spec-path=tuning_2025_11_21_03_37/candidates/specs/852_spec.mlir --iree-hal-target-device=hip --iree-hip-target=gfx942 --compile-from=executable-sources' timed out after 16 seconds.
2025-11-21 03:38:26,423 - WARNING - Command '/home/amily/iree-build/compiler/bindings/python/iree/compiler/tools/../_mlir_libs/iree-compile tuning_2025_11_21_03_37/template.mlir -o=tuning_2025_11_21_03_37/candidates/compiled/972.vmfb --mlir-pass-pipeline-crash-reproducer=tuning_2025_11_21_03_37/candidates/compiled/972.vmfb.crash_report.mlir --iree-codegen-tuning-spec-path=tuning_2025_11_21_03_37/candidates/specs/972_spec.mlir --iree-hal-target-device=hip --iree-hip-target=gfx942 --compile-from=executable-sources' timed out after 16 seconds.
2025-11-21 03:38:28,208 - WARNING - Command '/home/amily/iree-build/compiler/bindings/python/iree/compiler/tools/../_mlir_libs/iree-compile tuning_2025_11_21_03_37/template.mlir -o=tuning_2025_11_21_03_37/candidates/compiled/1089.vmfb --mlir-pass-pipeline-crash-reproducer=tuning_2025_11_21_03_37/candidates/compiled/1089.vmfb.crash_report.mlir --iree-codegen-tuning-spec-path=tuning_2025_11_21_03_37/candidates/specs/1089_spec.mlir --iree-hal-target-device=hip --iree-hip-target=gfx942 --compile-from=executable-sources' timed out after 16 seconds.
2025-11-21 03:38:32,575 - WARNING - Command '/home/amily/iree-build/compiler/bindings/python/iree/compiler/tools/../_mlir_libs/iree-compile tuning_2025_11_21_03_37/template.mlir -o=tuning_2025_11_21_03_37/candidates/compiled/1423.vmfb --mlir-pass-pipeline-crash-reproducer=tuning_2025_11_21_03_37/candidates/compiled/1423.vmfb.crash_report.mlir --iree-codegen-tuning-spec-path=tuning_2025_11_21_03_37/candidates/specs/1423_spec.mlir --iree-hal-target-device=hip --iree-hip-target=gfx942 --compile-from=executable-sources' timed out after 16 seconds.
2025-11-21 03:38:34,800 - WARNING - Command '/home/amily/iree-build/compiler/bindings/python/iree/compiler/tools/../_mlir_libs/iree-compile tuning_2025_11_21_03_37/template.mlir -o=tuning_2025_11_21_03_37/candidates/compiled/1600.vmfb --mlir-pass-pipeline-crash-reproducer=tuning_2025_11_21_03_37/candidates/compiled/1600.vmfb.crash_report.mlir --iree-codegen-tuning-spec-path=tuning_2025_11_21_03_37/candidates/specs/1600_spec.mlir --iree-hal-target-device=hip --iree-hip-target=gfx942 --compile-from=executable-sources' timed out after 16 seconds.
2025-11-21 03:38:36,147 - WARNING - Command '/home/amily/iree-build/compiler/bindings/python/iree/compiler/tools/../_mlir_libs/iree-compile tuning_2025_11_21_03_37/template.mlir -o=tuning_2025_11_21_03_37/candidates/compiled/1699.vmfb --mlir-pass-pipeline-crash-reproducer=tuning_2025_11_21_03_37/candidates/compiled/1699.vmfb.crash_report.mlir --iree-codegen-tuning-spec-path=tuning_2025_11_21_03_37/candidates/specs/1699_spec.mlir --iree-hal-target-device=hip --iree-hip-target=gfx942 --compile-from=executable-sources' timed out after 16 seconds.
2025-11-21 03:38:36,523 - WARNING - Command '/home/amily/iree-build/compiler/bindings/python/iree/compiler/tools/../_mlir_libs/iree-compile tuning_2025_11_21_03_37/template.mlir -o=tuning_2025_11_21_03_37/candidates/compiled/1726.vmfb --mlir-pass-pipeline-crash-reproducer=tuning_2025_11_21_03_37/candidates/compiled/1726.vmfb.crash_report.mlir --iree-codegen-tuning-spec-path=tuning_2025_11_21_03_37/candidates/specs/1726_spec.mlir --iree-hal-target-device=hip --iree-hip-target=gfx942 --compile-from=executable-sources' timed out after 16 seconds.
2025-11-21 03:38:37,817 - WARNING - Command '/home/amily/iree-build/compiler/bindings/python/iree/compiler/tools/../_mlir_libs/iree-compile tuning_2025_11_21_03_37/template.mlir -o=tuning_2025_11_21_03_37/candidates/compiled/1800.vmfb --mlir-pass-pipeline-crash-reproducer=tuning_2025_11_21_03_37/candidates/compiled/1800.vmfb.crash_report.mlir --iree-codegen-tuning-spec-path=tuning_2025_11_21_03_37/candidates/specs/1800_spec.mlir --iree-hal-target-device=hip --iree-hip-target=gfx942 --compile-from=executable-sources' timed out after 16 seconds.
2025-11-21 03:38:38,764 - WARNING - Command '/home/amily/iree-build/compiler/bindings/python/iree/compiler/tools/../_mlir_libs/iree-compile tuning_2025_11_21_03_37/template.mlir -o=tuning_2025_11_21_03_37/candidates/compiled/1854.vmfb --mlir-pass-pipeline-crash-reproducer=tuning_2025_11_21_03_37/candidates/compiled/1854.vmfb.crash_report.mlir --iree-codegen-tuning-spec-path=tuning_2025_11_21_03_37/candidates/specs/1854_spec.mlir --iree-hal-target-device=hip --iree-hip-target=gfx942 --compile-from=executable-sources' timed out after 16 seconds.
2025-11-21 03:38:40,619 - WARNING - Command '/home/amily/iree-build/compiler/bindings/python/iree/compiler/tools/../_mlir_libs/iree-compile tuning_2025_11_21_03_37/template.mlir -o=tuning_2025_11_21_03_37/candidates/compiled/1991.vmfb --mlir-pass-pipeline-crash-reproducer=tuning_2025_11_21_03_37/candidates/compiled/1991.vmfb.crash_report.mlir --iree-codegen-tuning-spec-path=tuning_2025_11_21_03_37/candidates/specs/1991_spec.mlir --iree-hal-target-device=hip --iree-hip-target=gfx942 --compile-from=executable-sources' timed out after 16 seconds.
2025-11-21 03:38:41,574 - WARNING - Command '/home/amily/iree-build/compiler/bindings/python/iree/compiler/tools/../_mlir_libs/iree-compile tuning_2025_11_21_03_37/template.mlir -o=tuning_2025_11_21_03_37/candidates/compiled/2050.vmfb --mlir-pass-pipeline-crash-reproducer=tuning_2025_11_21_03_37/candidates/compiled/2050.vmfb.crash_report.mlir --iree-codegen-tuning-spec-path=tuning_2025_11_21_03_37/candidates/specs/2050_spec.mlir --iree-hal-target-device=hip --iree-hip-target=gfx942 --compile-from=executable-sources' timed out after 16 seconds.
2025-11-21 03:38:46,293 - WARNING - Command '/home/amily/iree-build/compiler/bindings/python/iree/compiler/tools/../_mlir_libs/iree-compile tuning_2025_11_21_03_37/template.mlir -o=tuning_2025_11_21_03_37/candidates/compiled/2382.vmfb --mlir-pass-pipeline-crash-reproducer=tuning_2025_11_21_03_37/candidates/compiled/2382.vmfb.crash_report.mlir --iree-codegen-tuning-spec-path=tuning_2025_11_21_03_37/candidates/specs/2382_spec.mlir --iree-hal-target-device=hip --iree-hip-target=gfx942 --compile-from=executable-sources' timed out after 16 seconds.
2025-11-21 03:38:46,503 - WARNING - Collisions detected
2025-11-21 03:38:46,503 - WARNING - Hash value '84d66fa66f4f0a7a51455e46b1d74414' collided at candidate [0, 818].
2025-11-21 03:38:46,504 - INFO - Benchmarking compiled dispatch candidates...
2025-11-21 03:38:58,759 - INFO - Smart candidate benchmark timeout is set to 3.72s
2025-11-21 04:10:39,753 - WARNING - Performance regressions detected for the following devices: hip://5.
2025-11-21 04:10:39,755 - WARNING - All candidates are slower than the baseline.
2025-11-21 04:10:39,757 - CRITICAL - No tuning candidates performed better than the baseline.
