2025-11-25 02:45:22,669 - INFO - Benchmarking compiled dispatch candidates...
2025-11-25 02:45:34,871 - INFO - Smart candidate benchmark timeout is set to 3.73s
2025-11-25 02:49:57,791 - WARNING - Performance regressions detected for the following devices: hip://6.
2025-11-25 02:49:57,794 - INFO - Candidate 84 time: 59.00 us (45.1% of baseline)
2025-11-25 02:49:57,794 - INFO - Candidate 299 time: 63.00 us (48.5% of baseline)
2025-11-25 02:49:57,794 - INFO - Candidate 171 time: 66.33 us (49.8% of baseline)
2025-11-25 02:49:57,794 - INFO - Candidate 14 time: 67.33 us (51.5% of baseline)
2025-11-25 02:49:57,794 - INFO - Candidate 170 time: 68.00 us (52.4% of baseline)
2025-11-25 02:49:57,794 - INFO - Candidate 18 time: 69.67 us (53.2% of baseline)
2025-11-25 02:49:57,794 - INFO - Candidate 210 time: 70.67 us (54.4% of baseline)
2025-11-25 02:49:57,794 - INFO - Candidate 153 time: 71.00 us (54.7% of baseline)
2025-11-25 02:49:57,795 - INFO - Candidate 225 time: 74.33 us (55.8% of baseline)
2025-11-25 02:49:57,795 - INFO - Candidate 38 time: 76.00 us (57.1% of baseline)
2025-11-25 02:49:57,795 - INFO - Candidate 173 time: 75.00 us (57.3% of baseline)
2025-11-25 02:49:57,795 - INFO - Candidate 73 time: 76.00 us (58.8% of baseline)
2025-11-25 02:49:57,795 - INFO - Candidate 68 time: 76.33 us (59.0% of baseline)
2025-11-25 02:49:57,795 - INFO - Candidate 160 time: 77.67 us (60.1% of baseline)
2025-11-25 02:49:57,795 - INFO - Candidate 281 time: 80.00 us (60.1% of baseline)
2025-11-25 02:49:57,795 - INFO - Candidate 252 time: 81.33 us (61.1% of baseline)
2025-11-25 02:49:57,795 - INFO - Candidate 96 time: 84.00 us (64.9% of baseline)
2025-11-25 02:49:57,795 - INFO - Candidate 197 time: 86.33 us (66.8% of baseline)
2025-11-25 02:49:57,795 - INFO - Candidate 51 time: 89.00 us (66.8% of baseline)
2025-11-25 02:49:57,795 - INFO - Candidate 70 time: 89.33 us (67.1% of baseline)
2025-11-25 02:49:57,795 - INFO - Candidate 293 time: 89.33 us (67.1% of baseline)
2025-11-25 02:49:57,795 - INFO - Candidate 251 time: 88.33 us (67.5% of baseline)
2025-11-25 02:49:57,795 - INFO - Candidate 101 time: 89.67 us (68.5% of baseline)
2025-11-25 02:49:57,795 - INFO - Candidate 178 time: 89.00 us (68.5% of baseline)
2025-11-25 02:49:57,795 - INFO - Candidate 27 time: 89.33 us (68.8% of baseline)
2025-11-25 02:49:57,795 - INFO - Candidate 241 time: 90.33 us (69.0% of baseline)
2025-11-25 02:49:57,795 - INFO - Candidate 242 time: 92.67 us (69.6% of baseline)
2025-11-25 02:49:57,796 - INFO - Candidate 15 time: 90.00 us (69.6% of baseline)
2025-11-25 02:49:57,796 - INFO - Candidate 328 time: 93.33 us (70.1% of baseline)
2025-11-25 02:49:57,796 - INFO - Candidate 77 time: 91.00 us (70.1% of baseline)
2025-11-25 02:49:57,796 - INFO - Candidate 201 time: 90.67 us (70.1% of baseline)
2025-11-25 02:49:57,796 - INFO - Candidate 62 time: 92.00 us (70.3% of baseline)
2025-11-25 02:49:57,796 - INFO - Candidate 287 time: 93.00 us (71.6% of baseline)
2025-11-25 02:49:57,796 - INFO - Candidate 7 time: 93.33 us (71.9% of baseline)
2025-11-25 02:49:57,796 - INFO - Candidate 272 time: 96.00 us (72.1% of baseline)
2025-11-25 02:49:57,796 - INFO - Candidate 185 time: 94.33 us (72.1% of baseline)
2025-11-25 02:49:57,796 - INFO - Candidate 102 time: 94.00 us (72.4% of baseline)
2025-11-25 02:49:57,796 - INFO - Candidate 284 time: 94.00 us (72.7% of baseline)
2025-11-25 02:49:57,796 - INFO - Candidate 193 time: 96.00 us (73.4% of baseline)
2025-11-25 02:49:57,796 - INFO - Candidate 47 time: 98.33 us (73.8% of baseline)
2025-11-25 02:49:57,796 - INFO - Candidate 81 time: 96.33 us (74.2% of baseline)
2025-11-25 02:49:57,796 - INFO - Candidate 119 time: 96.33 us (74.2% of baseline)
2025-11-25 02:49:57,796 - INFO - Candidate 291 time: 96.33 us (74.2% of baseline)
2025-11-25 02:49:57,796 - INFO - Candidate 83 time: 99.33 us (74.6% of baseline)
2025-11-25 02:49:57,796 - INFO - Candidate 11 time: 96.67 us (74.7% of baseline)
2025-11-25 02:49:57,796 - INFO - Candidate 258 time: 97.33 us (75.3% of baseline)
2025-11-25 02:49:57,797 - INFO - Candidate 266 time: 97.33 us (75.3% of baseline)
2025-11-25 02:49:57,797 - INFO - Candidate 181 time: 98.67 us (75.4% of baseline)
2025-11-25 02:49:57,797 - INFO - Candidate 318 time: 99.33 us (75.9% of baseline)
2025-11-25 02:49:57,797 - INFO - Candidate 115 time: 98.67 us (76.0% of baseline)
2025-11-25 02:49:57,797 - INFO - Candidate 144 time: 99.67 us (76.8% of baseline)
2025-11-25 02:49:57,797 - INFO - Candidate 147 time: 101.67 us (77.7% of baseline)
2025-11-25 02:49:57,797 - INFO - Candidate 222 time: 101.00 us (77.8% of baseline)
2025-11-25 02:49:57,797 - INFO - Candidate 95 time: 103.67 us (77.8% of baseline)
2025-11-25 02:49:57,797 - INFO - Candidate 121 time: 104.33 us (78.3% of baseline)
2025-11-25 02:49:57,797 - INFO - Candidate 130 time: 102.00 us (78.9% of baseline)
2025-11-25 02:49:57,797 - INFO - Candidate 192 time: 102.00 us (78.9% of baseline)
2025-11-25 02:49:57,797 - INFO - Candidate 187 time: 105.33 us (79.1% of baseline)
2025-11-25 02:49:57,797 - INFO - Candidate 334 time: 103.00 us (79.3% of baseline)
2025-11-25 02:49:57,797 - INFO - Candidate 145 time: 103.00 us (79.6% of baseline)
2025-11-25 02:49:57,797 - INFO - Candidate 165 time: 104.67 us (80.0% of baseline)
2025-11-25 02:49:57,797 - INFO - Candidate 202 time: 104.67 us (80.0% of baseline)
2025-11-25 02:49:57,797 - INFO - Candidate 16 time: 104.33 us (80.4% of baseline)
2025-11-25 02:49:57,797 - INFO - Candidate 148 time: 106.67 us (82.2% of baseline)
2025-11-25 02:49:57,797 - INFO - Candidate 103 time: 107.33 us (83.0% of baseline)
2025-11-25 02:49:57,798 - INFO - Candidate 157 time: 109.00 us (84.0% of baseline)
2025-11-25 02:49:57,798 - INFO - Candidate 35 time: 111.33 us (85.1% of baseline)
2025-11-25 02:49:57,798 - INFO - Candidate 159 time: 115.67 us (86.9% of baseline)
2025-11-25 02:49:57,798 - INFO - Candidate 57 time: 114.67 us (88.3% of baseline)
2025-11-25 02:49:57,798 - INFO - Candidate 126 time: 114.67 us (88.7% of baseline)
2025-11-25 02:49:57,798 - INFO - Candidate 1 time: 117.00 us (89.4% of baseline)
2025-11-25 02:49:57,798 - INFO - Candidate 209 time: 122.00 us (91.6% of baseline)
2025-11-25 02:49:57,798 - INFO - Candidate 255 time: 123.00 us (94.0% of baseline)
2025-11-25 02:49:57,798 - INFO - Candidate 65 time: 125.33 us (94.1% of baseline)
2025-11-25 02:49:57,798 - INFO - Candidate 66 time: 123.33 us (94.3% of baseline)
2025-11-25 02:49:57,798 - INFO - Candidate 182 time: 123.33 us (95.0% of baseline)
2025-11-25 02:49:57,798 - INFO - Candidate 309 time: 128.00 us (96.1% of baseline)
2025-11-25 02:49:57,798 - INFO - Candidate 60 time: 124.67 us (96.4% of baseline)
2025-11-25 02:49:57,798 - INFO - Candidate 322 time: 126.33 us (96.6% of baseline)
2025-11-25 02:49:57,798 - INFO - Candidate 221 time: 129.00 us (96.9% of baseline)
2025-11-25 02:49:57,798 - INFO - Candidate 273 time: 125.67 us (97.2% of baseline)
2025-11-25 02:49:57,798 - INFO - Candidate 320 time: 126.00 us (97.4% of baseline)
2025-11-25 02:49:57,798 - INFO - Candidate 37 time: 126.33 us (97.7% of baseline)
2025-11-25 02:49:57,799 - INFO - Candidate 271 time: 127.00 us (97.8% of baseline)
2025-11-25 02:49:57,799 - INFO - Candidate 208 time: 128.00 us (97.8% of baseline)
2025-11-25 02:49:57,799 - INFO - Candidate 117 time: 130.33 us (97.9% of baseline)
2025-11-25 02:49:57,799 - INFO - Candidate 6 time: 126.67 us (97.9% of baseline)
2025-11-25 02:49:57,799 - INFO - Candidate 168 time: 130.67 us (98.1% of baseline)
2025-11-25 02:49:57,799 - INFO - Candidate 220 time: 128.67 us (98.3% of baseline)
2025-11-25 02:49:57,799 - INFO - Candidate 263 time: 127.33 us (98.5% of baseline)
2025-11-25 02:49:57,799 - INFO - Candidate 90 time: 128.33 us (98.8% of baseline)
2025-11-25 02:49:57,799 - INFO - Candidate 25 time: 131.67 us (98.9% of baseline)
2025-11-25 02:49:57,799 - INFO - Candidate 297 time: 132.00 us (99.1% of baseline)
2025-11-25 02:49:57,799 - INFO - Candidate 216 time: 130.33 us (99.6% of baseline)
2025-11-25 02:49:57,799 - INFO - Candidate 232 time: 130.33 us (99.6% of baseline)
2025-11-25 02:49:57,799 - INFO - Candidate 74 time: 133.00 us (99.9% of baseline)
2025-11-25 02:49:57,799 - INFO - Candidate 82 time: 129.67 us (100.3% of baseline)
2025-11-25 02:49:57,799 - INFO - Candidate 24 time: 130.00 us (100.5% of baseline)
2025-11-25 02:49:57,799 - INFO - Candidate 224 time: 132.00 us (100.9% of baseline)
2025-11-25 02:49:57,799 - INFO - Candidate 294 time: 132.00 us (100.9% of baseline)
2025-11-25 02:49:57,799 - INFO - Candidate 200 time: 135.00 us (101.4% of baseline)
2025-11-25 02:49:57,799 - INFO - Candidate 72 time: 131.67 us (101.4% of baseline)
2025-11-25 02:49:57,800 - INFO - Candidate 154 time: 131.33 us (101.5% of baseline)
2025-11-25 02:49:57,800 - INFO - Candidate 97 time: 133.00 us (101.7% of baseline)
2025-11-25 02:49:57,800 - INFO - Candidate 53 time: 132.33 us (101.9% of baseline)
2025-11-25 02:49:57,800 - INFO - Candidate 176 time: 132.33 us (102.3% of baseline)
2025-11-25 02:49:57,800 - INFO - Candidate 22 time: 134.00 us (102.4% of baseline)
2025-11-25 02:49:57,800 - INFO - Candidate 36 time: 133.67 us (103.0% of baseline)
2025-11-25 02:49:57,800 - INFO - Candidate 230 time: 133.67 us (103.0% of baseline)
2025-11-25 02:49:57,800 - INFO - Candidate 231 time: 133.67 us (103.4% of baseline)
2025-11-25 02:49:57,800 - INFO - Candidate 10 time: 135.33 us (103.4% of baseline)
2025-11-25 02:49:57,800 - INFO - Candidate 19 time: 134.33 us (103.5% of baseline)
2025-11-25 02:49:57,800 - INFO - Candidate 270 time: 135.67 us (103.7% of baseline)
2025-11-25 02:49:57,800 - INFO - Candidate 300 time: 134.33 us (103.9% of baseline)
2025-11-25 02:49:57,800 - INFO - Candidate 113 time: 139.33 us (104.6% of baseline)
2025-11-25 02:49:57,800 - INFO - Candidate 321 time: 139.33 us (104.6% of baseline)
2025-11-25 02:49:57,800 - INFO - Candidate 240 time: 135.67 us (104.9% of baseline)
2025-11-25 02:49:57,800 - INFO - Candidate 87 time: 136.67 us (105.7% of baseline)
2025-11-25 02:49:57,800 - INFO - Candidate 92 time: 141.33 us (106.1% of baseline)
2025-11-25 02:49:57,800 - INFO - Candidate 41 time: 137.33 us (106.2% of baseline)
2025-11-25 02:49:57,800 - INFO - Candidate 71 time: 139.00 us (106.2% of baseline)
2025-11-25 02:49:57,801 - INFO - Candidate 253 time: 138.00 us (106.3% of baseline)
2025-11-25 02:49:57,801 - INFO - Candidate 248 time: 138.67 us (107.2% of baseline)
2025-11-25 02:49:57,801 - INFO - Candidate 218 time: 145.67 us (109.4% of baseline)
2025-11-25 02:49:57,801 - INFO - Candidate 304 time: 142.00 us (109.8% of baseline)
2025-11-25 02:49:57,801 - INFO - Candidate 312 time: 142.33 us (110.1% of baseline)
2025-11-25 02:49:57,801 - INFO - Candidate 205 time: 148.00 us (111.1% of baseline)
2025-11-25 02:49:57,801 - INFO - Candidate 261 time: 144.33 us (111.2% of baseline)
2025-11-25 02:49:57,801 - INFO - Candidate 162 time: 145.33 us (111.9% of baseline)
2025-11-25 02:49:57,801 - INFO - Candidate 290 time: 146.67 us (112.1% of baseline)
2025-11-25 02:49:57,801 - INFO - Candidate 124 time: 146.00 us (112.5% of baseline)
2025-11-25 02:49:57,801 - INFO - Candidate 283 time: 146.00 us (112.5% of baseline)
2025-11-25 02:49:57,801 - INFO - Candidate 342 time: 150.00 us (112.6% of baseline)
2025-11-25 02:49:57,801 - INFO - Candidate 129 time: 151.67 us (113.9% of baseline)
2025-11-25 02:49:57,801 - INFO - Candidate 146 time: 152.33 us (114.4% of baseline)
2025-11-25 02:49:57,801 - INFO - Candidate 295 time: 150.67 us (116.0% of baseline)
2025-11-25 02:49:57,801 - INFO - Candidate 211 time: 151.00 us (116.8% of baseline)
2025-11-25 02:49:57,801 - INFO - Candidate 219 time: 152.00 us (117.5% of baseline)
2025-11-25 02:49:57,801 - INFO - Candidate 23 time: 153.67 us (118.4% of baseline)
2025-11-25 02:49:57,801 - INFO - Candidate 247 time: 154.00 us (118.6% of baseline)
2025-11-25 02:49:57,802 - INFO - Candidate 133 time: 153.67 us (118.8% of baseline)
2025-11-25 02:49:57,802 - INFO - Candidate 265 time: 155.00 us (119.4% of baseline)
2025-11-25 02:49:57,802 - INFO - Candidate 109 time: 160.67 us (120.7% of baseline)
2025-11-25 02:49:57,802 - INFO - Candidate 142 time: 156.67 us (120.7% of baseline)
2025-11-25 02:49:57,802 - INFO - Candidate 112 time: 157.00 us (121.4% of baseline)
2025-11-25 02:49:57,802 - INFO - Candidate 5 time: 159.33 us (121.8% of baseline)
2025-11-25 02:49:57,802 - INFO - Candidate 307 time: 159.00 us (122.5% of baseline)
2025-11-25 02:49:57,802 - INFO - Candidate 89 time: 160.67 us (122.8% of baseline)
2025-11-25 02:49:57,802 - INFO - Candidate 56 time: 164.00 us (123.2% of baseline)
2025-11-25 02:49:57,802 - INFO - Candidate 305 time: 164.67 us (123.7% of baseline)
2025-11-25 02:49:57,802 - INFO - Candidate 217 time: 162.00 us (124.8% of baseline)
2025-11-25 02:49:57,802 - INFO - Candidate 292 time: 162.33 us (125.5% of baseline)
2025-11-25 02:49:57,802 - INFO - Candidate 93 time: 164.67 us (125.9% of baseline)
2025-11-25 02:49:57,802 - INFO - Candidate 331 time: 163.00 us (126.0% of baseline)
2025-11-25 02:49:57,802 - INFO - Candidate 98 time: 163.67 us (126.1% of baseline)
2025-11-25 02:49:57,802 - INFO - Candidate 61 time: 171.00 us (128.4% of baseline)
2025-11-25 02:49:57,802 - INFO - Candidate 134 time: 172.67 us (129.7% of baseline)
2025-11-25 02:49:57,802 - INFO - Candidate 323 time: 170.00 us (130.9% of baseline)
2025-11-25 02:49:57,803 - INFO - Candidate 325 time: 170.67 us (132.0% of baseline)
2025-11-25 02:49:57,803 - INFO - Candidate 28 time: 171.00 us (132.2% of baseline)
2025-11-25 02:49:57,803 - INFO - Candidate 155 time: 186.00 us (139.7% of baseline)
2025-11-25 02:49:57,803 - INFO - Candidate 229 time: 192.67 us (144.7% of baseline)
2025-11-25 02:49:57,803 - INFO - Candidate 317 time: 193.33 us (145.2% of baseline)
2025-11-25 02:49:57,803 - INFO - Candidate 175 time: 194.67 us (146.2% of baseline)
2025-11-25 02:49:57,803 - INFO - Candidate 313 time: 194.67 us (146.2% of baseline)
2025-11-25 02:49:57,803 - INFO - Candidate 282 time: 191.33 us (146.2% of baseline)
2025-11-25 02:49:57,803 - INFO - Candidate 139 time: 194.33 us (148.5% of baseline)
2025-11-25 02:49:57,803 - INFO - Candidate 259 time: 195.00 us (149.0% of baseline)
2025-11-25 02:49:57,803 - INFO - Candidate 264 time: 195.00 us (149.0% of baseline)
2025-11-25 02:49:57,803 - INFO - Candidate 279 time: 194.67 us (149.9% of baseline)
2025-11-25 02:49:57,803 - INFO - Candidate 136 time: 194.00 us (150.0% of baseline)
2025-11-25 02:49:57,803 - INFO - Candidate 308 time: 194.00 us (150.0% of baseline)
2025-11-25 02:49:57,803 - INFO - Candidate 269 time: 201.00 us (150.9% of baseline)
2025-11-25 02:49:57,803 - INFO - Candidate 214 time: 196.33 us (151.2% of baseline)
2025-11-25 02:49:57,803 - INFO - Candidate 189 time: 198.33 us (151.6% of baseline)
2025-11-25 02:49:57,803 - INFO - Candidate 166 time: 197.67 us (152.2% of baseline)
2025-11-25 02:49:57,803 - INFO - Candidate 329 time: 199.33 us (152.4% of baseline)
2025-11-25 02:49:57,804 - INFO - Candidate 244 time: 198.00 us (153.1% of baseline)
2025-11-25 02:49:57,804 - INFO - Candidate 108 time: 198.67 us (153.6% of baseline)
2025-11-25 02:49:57,804 - INFO - Candidate 48 time: 201.00 us (153.6% of baseline)
2025-11-25 02:49:57,804 - INFO - Candidate 131 time: 202.33 us (154.6% of baseline)
2025-11-25 02:49:57,804 - INFO - Candidate 122 time: 200.33 us (154.9% of baseline)
2025-11-25 02:49:57,804 - INFO - Candidate 238 time: 206.33 us (154.9% of baseline)
2025-11-25 02:49:57,804 - INFO - Candidate 12 time: 201.67 us (155.3% of baseline)
2025-11-25 02:49:57,804 - INFO - Candidate 319 time: 203.67 us (156.9% of baseline)
2025-11-25 02:49:57,804 - INFO - Candidate 46 time: 204.33 us (158.0% of baseline)
2025-11-25 02:49:57,804 - INFO - Candidate 206 time: 205.33 us (158.2% of baseline)
2025-11-25 02:49:57,804 - INFO - Candidate 164 time: 207.00 us (160.1% of baseline)
2025-11-25 02:49:57,804 - INFO - Candidate 188 time: 207.00 us (160.1% of baseline)
2025-11-25 02:49:57,804 - INFO - Candidate 137 time: 210.33 us (162.0% of baseline)
2025-11-25 02:49:57,804 - INFO - Candidate 298 time: 213.00 us (162.8% of baseline)
2025-11-25 02:49:57,804 - INFO - Candidate 88 time: 217.67 us (163.5% of baseline)
2025-11-25 02:49:57,804 - INFO - Candidate 196 time: 219.00 us (164.5% of baseline)
2025-11-25 02:49:57,804 - INFO - Candidate 127 time: 215.33 us (164.6% of baseline)
2025-11-25 02:49:57,804 - INFO - Candidate 198 time: 216.67 us (165.6% of baseline)
2025-11-25 02:49:57,804 - INFO - Candidate 215 time: 218.00 us (168.6% of baseline)
2025-11-25 02:49:57,805 - INFO - Candidate 172 time: 220.67 us (170.6% of baseline)
2025-11-25 02:49:57,805 - INFO - Candidate 260 time: 228.67 us (171.7% of baseline)
2025-11-25 02:49:57,805 - INFO - Candidate 289 time: 229.00 us (172.0% of baseline)
2025-11-25 02:49:57,805 - INFO - Candidate 340 time: 223.67 us (172.3% of baseline)
2025-11-25 02:49:57,805 - INFO - Candidate 9 time: 232.00 us (174.2% of baseline)
2025-11-25 02:49:57,805 - INFO - Candidate 179 time: 232.00 us (174.2% of baseline)
2025-11-25 02:49:57,805 - INFO - Candidate 78 time: 226.67 us (175.3% of baseline)
2025-11-25 02:49:57,805 - INFO - Candidate 31 time: 229.67 us (175.5% of baseline)
2025-11-25 02:49:57,805 - INFO - Candidate 105 time: 230.00 us (175.8% of baseline)
2025-11-25 02:49:57,805 - INFO - Candidate 276 time: 235.67 us (177.0% of baseline)
2025-11-25 02:49:57,805 - INFO - Candidate 118 time: 232.67 us (177.8% of baseline)
2025-11-25 02:49:57,805 - INFO - Candidate 233 time: 237.33 us (178.2% of baseline)
2025-11-25 02:49:57,805 - INFO - Candidate 223 time: 230.67 us (178.4% of baseline)
2025-11-25 02:49:57,805 - INFO - Candidate 184 time: 231.00 us (178.6% of baseline)
2025-11-25 02:49:57,805 - INFO - Candidate 32 time: 232.67 us (179.2% of baseline)
2025-11-25 02:49:57,805 - INFO - Candidate 278 time: 234.67 us (179.4% of baseline)
2025-11-25 02:49:57,805 - INFO - Candidate 306 time: 235.33 us (179.9% of baseline)
2025-11-25 02:49:57,805 - INFO - Candidate 132 time: 233.67 us (180.0% of baseline)
2025-11-25 02:49:57,805 - INFO - Candidate 239 time: 234.67 us (180.7% of baseline)
2025-11-25 02:49:57,806 - INFO - Candidate 156 time: 237.00 us (181.1% of baseline)
2025-11-25 02:49:57,806 - INFO - Candidate 316 time: 235.33 us (181.3% of baseline)
2025-11-25 02:49:57,806 - INFO - Candidate 341 time: 235.00 us (181.7% of baseline)
2025-11-25 02:49:57,806 - INFO - Candidate 301 time: 242.67 us (182.2% of baseline)
2025-11-25 02:49:57,806 - INFO - Candidate 100 time: 244.00 us (183.2% of baseline)
2025-11-25 02:49:57,806 - INFO - Candidate 34 time: 247.00 us (185.5% of baseline)
2025-11-25 02:49:57,806 - INFO - Candidate 288 time: 241.33 us (186.6% of baseline)
2025-11-25 02:49:57,806 - INFO - Candidate 80 time: 246.00 us (188.0% of baseline)
2025-11-25 02:49:57,806 - INFO - Candidate 151 time: 250.67 us (188.2% of baseline)
2025-11-25 02:49:57,806 - INFO - Candidate 332 time: 251.33 us (188.7% of baseline)
2025-11-25 02:49:57,806 - INFO - Candidate 314 time: 248.33 us (189.8% of baseline)
2025-11-25 02:49:57,806 - INFO - Candidate 169 time: 249.00 us (190.3% of baseline)
2025-11-25 02:49:57,806 - INFO - Candidate 227 time: 248.00 us (191.8% of baseline)
2025-11-25 02:49:57,806 - INFO - Candidate 3 time: 248.67 us (192.3% of baseline)
2025-11-25 02:49:57,806 - INFO - Candidate 199 time: 251.33 us (193.6% of baseline)
2025-11-25 02:49:57,806 - INFO - Candidate 237 time: 259.33 us (198.2% of baseline)
2025-11-25 02:49:57,806 - INFO - Candidate 45 time: 257.67 us (198.5% of baseline)
2025-11-25 02:49:57,806 - INFO - Candidate 167 time: 258.67 us (200.0% of baseline)
2025-11-25 02:49:57,806 - INFO - Candidate 39 time: 271.33 us (207.4% of baseline)
2025-11-25 02:49:57,807 - INFO - Candidate 44 time: 284.67 us (217.6% of baseline)
2025-11-25 02:49:57,807 - INFO - Candidate 116 time: 282.67 us (218.6% of baseline)
2025-11-25 02:49:57,807 - INFO - Candidate 343 time: 328.67 us (251.2% of baseline)
2025-11-25 02:49:57,807 - INFO - Candidate 152 time: 330.00 us (252.2% of baseline)
2025-11-25 02:49:57,807 - INFO - Candidate 17 time: 337.00 us (253.1% of baseline)
2025-11-25 02:49:57,807 - INFO - Candidate 183 time: 340.00 us (255.3% of baseline)
2025-11-25 02:49:57,807 - INFO - Candidate 150 time: 332.33 us (257.0% of baseline)
2025-11-25 02:49:57,807 - INFO - Candidate 91 time: 333.33 us (257.7% of baseline)
2025-11-25 02:49:57,807 - INFO - Candidate 111 time: 335.67 us (258.5% of baseline)
2025-11-25 02:49:57,807 - INFO - Candidate 212 time: 339.33 us (259.4% of baseline)
2025-11-25 02:49:57,807 - INFO - Candidate 13 time: 345.67 us (259.6% of baseline)
2025-11-25 02:49:57,807 - INFO - Candidate 335 time: 336.33 us (260.1% of baseline)
2025-11-25 02:49:57,807 - INFO - Candidate 2 time: 338.33 us (260.6% of baseline)
2025-11-25 02:49:57,807 - INFO - Candidate 26 time: 341.67 us (261.1% of baseline)
2025-11-25 02:49:57,807 - INFO - Candidate 114 time: 342.67 us (261.9% of baseline)
2025-11-25 02:49:57,807 - INFO - Candidate 310 time: 342.67 us (261.9% of baseline)
2025-11-25 02:49:57,807 - INFO - Candidate 141 time: 339.00 us (262.1% of baseline)
2025-11-25 02:49:57,807 - INFO - Candidate 257 time: 340.33 us (262.1% of baseline)
2025-11-25 02:49:57,808 - INFO - Candidate 140 time: 349.67 us (262.6% of baseline)
2025-11-25 02:49:57,808 - INFO - Candidate 110 time: 343.67 us (262.7% of baseline)
2025-11-25 02:49:57,808 - INFO - Candidate 243 time: 341.67 us (263.2% of baseline)
2025-11-25 02:49:57,808 - INFO - Candidate 67 time: 346.33 us (266.8% of baseline)
2025-11-25 02:49:57,808 - INFO - Candidate 213 time: 355.33 us (266.8% of baseline)
2025-11-25 02:49:57,808 - INFO - Candidate 333 time: 350.00 us (267.5% of baseline)
2025-11-25 02:49:57,808 - INFO - Candidate 194 time: 354.00 us (272.7% of baseline)
2025-11-25 02:49:57,808 - INFO - Candidate 54 time: 354.67 us (274.2% of baseline)
2025-11-25 02:49:57,808 - INFO - Candidate 33 time: 355.33 us (274.7% of baseline)
2025-11-25 02:49:57,808 - INFO - Candidate 191 time: 367.00 us (275.6% of baseline)
2025-11-25 02:49:57,808 - INFO - Candidate 163 time: 371.33 us (278.8% of baseline)
2025-11-25 02:49:57,808 - INFO - Candidate 135 time: 365.33 us (279.2% of baseline)
2025-11-25 02:49:57,808 - INFO - Candidate 246 time: 379.33 us (284.9% of baseline)
2025-11-25 02:49:57,808 - INFO - Candidate 302 time: 392.00 us (299.6% of baseline)
2025-11-25 02:49:57,808 - INFO - Candidate 64 time: 398.67 us (308.2% of baseline)
2025-11-25 02:49:57,808 - INFO - Candidate 207 time: 399.67 us (309.0% of baseline)
2025-11-25 02:49:57,808 - INFO - Candidate 104 time: 413.33 us (310.4% of baseline)
2025-11-25 02:49:57,808 - INFO - Candidate 52 time: 414.33 us (316.7% of baseline)
2025-11-25 02:49:57,808 - INFO - Candidate 174 time: 411.33 us (316.8% of baseline)
2025-11-25 02:49:57,809 - INFO - Candidate 226 time: 412.33 us (317.6% of baseline)
2025-11-25 02:49:57,809 - INFO - Candidate 75 time: 416.00 us (318.0% of baseline)
2025-11-25 02:49:57,809 - INFO - Candidate 286 time: 416.00 us (318.0% of baseline)
2025-11-25 02:49:57,809 - INFO - Candidate 339 time: 417.00 us (318.7% of baseline)
2025-11-25 02:49:57,809 - INFO - Candidate 63 time: 415.33 us (319.9% of baseline)
2025-11-25 02:49:57,809 - INFO - Candidate 303 time: 415.33 us (319.9% of baseline)
2025-11-25 02:49:57,809 - INFO - Candidate 285 time: 431.00 us (323.7% of baseline)
2025-11-25 02:49:57,809 - INFO - Candidate 85 time: 422.33 us (325.3% of baseline)
2025-11-25 02:49:57,809 - INFO - Candidate 21 time: 434.00 us (325.9% of baseline)
2025-11-25 02:49:57,809 - INFO - Candidate 20 time: 423.33 us (327.3% of baseline)
2025-11-25 02:49:57,809 - INFO - Candidate 315 time: 429.00 us (331.7% of baseline)
2025-11-25 02:49:57,809 - INFO - Candidate 4 time: 442.00 us (331.9% of baseline)
2025-11-25 02:49:57,809 - INFO - Candidate 123 time: 437.67 us (334.5% of baseline)
2025-11-25 02:49:57,809 - INFO - Candidate 186 time: 435.33 us (335.3% of baseline)
2025-11-25 02:49:57,809 - INFO - Candidate 128 time: 435.67 us (335.6% of baseline)
2025-11-25 02:49:57,809 - INFO - Candidate 236 time: 439.67 us (339.9% of baseline)
2025-11-25 02:49:57,809 - INFO - Candidate 311 time: 452.33 us (348.4% of baseline)
2025-11-25 02:49:57,809 - INFO - Candidate 256 time: 467.67 us (351.2% of baseline)
2025-11-25 02:49:57,809 - INFO - Candidate 161 time: 465.00 us (355.4% of baseline)
2025-11-25 02:49:57,810 - INFO - Candidate 180 time: 466.00 us (360.3% of baseline)
2025-11-25 02:49:57,810 - INFO - Candidate 125 time: 512.33 us (384.7% of baseline)
2025-11-25 02:49:57,810 - INFO - Candidate 228 time: 536.00 us (409.7% of baseline)
2025-11-25 02:49:57,810 - INFO - Candidate 280 time: 588.67 us (455.2% of baseline)
2025-11-25 02:49:57,810 - INFO - Candidate 177 time: 646.67 us (494.3% of baseline)
2025-11-25 02:49:57,810 - INFO - Candidate 296 time: 643.33 us (497.4% of baseline)
2025-11-25 02:49:57,810 - INFO - Candidate 254 time: 694.00 us (536.6% of baseline)
2025-11-25 02:49:57,810 - INFO - Candidate 235 time: 743.00 us (572.3% of baseline)
2025-11-25 02:49:57,810 - INFO - Candidate 330 time: 751.00 us (578.4% of baseline)
2025-11-25 02:49:57,810 - INFO - Candidate 59 time: 776.67 us (593.6% of baseline)
2025-11-25 02:49:57,810 - INFO - Candidate 94 time: 806.33 us (621.1% of baseline)
2025-11-25 02:49:57,810 - INFO - Candidate 274 time: 838.00 us (640.5% of baseline)
2025-11-25 02:49:57,810 - INFO - Candidate 143 time: 1110.00 us (848.4% of baseline)
2025-11-25 02:49:57,810 - INFO - Candidate 29 time: 1236.67 us (928.7% of baseline)
2025-11-25 02:49:57,810 - INFO - Candidate 245 time: 1363.33 us (1042.0% of baseline)
2025-11-25 02:49:57,810 - INFO - Candidate 138 time: 1453.33 us (1091.4% of baseline)
2025-11-25 02:49:57,810 - INFO - Candidate 79 time: 1500.00 us (1126.4% of baseline)
2025-11-25 02:49:57,810 - INFO - Candidate 277 time: 1496.67 us (1157.2% of baseline)
2025-11-25 02:49:57,810 - INFO - Candidate 275 time: 1550.00 us (1193.8% of baseline)
2025-11-25 02:49:57,811 - INFO - Candidate 337 time: 1630.00 us (1224.0% of baseline)
2025-11-25 02:49:57,811 - INFO - Candidate 99 time: 1600.00 us (1237.1% of baseline)
2025-11-25 02:49:57,811 - INFO - Candidate 40 time: 1770.00 us (1363.3% of baseline)
2025-11-25 02:49:57,811 - INFO - Candidate 49 time: 1886.67 us (1453.1% of baseline)
2025-11-25 02:49:57,811 - INFO - Candidate 190 time: 3603.33 us (2775.4% of baseline)
2025-11-25 02:49:57,811 - INFO - Candidate 106 time: 3996.67 us (3078.3% of baseline)
2025-11-25 02:49:57,811 - INFO - Candidate 42 time: 4983.33 us (3742.2% of baseline)
2025-11-25 02:49:57,811 - INFO - Candidate 50 time: 5723.33 us (4425.3% of baseline)
2025-11-25 02:49:57,811 - INFO - Top dispatch candidates: [84, 299, 171, 14, 170, 18, 210, 153, 225, 38, 173, 73, 68, 160, 281, 252, 96, 197, 51, 70, 293, 251, 101, 178, 27, 241, 242, 15, 328, 77, 201, 62, 287, 7, 272, 185, 102, 284, 193, 47, 81, 119, 291, 83, 11, 258, 266, 181, 318, 115, 144, 147, 222, 95, 121, 130, 192, 187, 334, 145, 165, 202, 16, 148, 103, 157, 35, 159, 57, 126, 1, 209, 255, 65, 66, 182, 309, 60, 322, 221, 273, 320, 37, 271, 208, 117, 6, 168, 220, 263, 90, 25, 297, 216, 232, 74, 82, 24, 224, 294, 200, 72, 154, 97, 53, 176, 22, 36, 230, 231, 10, 19, 270, 300, 113, 321, 240, 87, 92, 41, 71, 253, 248, 218, 304, 312, 205, 261, 162, 290, 124, 283, 342, 129, 146, 295, 211, 219, 23, 247, 133, 265, 109, 142, 112, 5, 307, 89, 56, 305, 217, 292, 93, 331, 98, 61, 134, 323, 325, 28, 155, 229, 317, 175, 313, 282, 139, 259, 264, 279, 136, 308, 269, 214, 189, 166, 329, 244, 108, 48, 131, 122, 238, 12, 319, 46, 206, 164, 188, 137, 298, 88, 196, 127, 198, 215, 172, 260, 289, 340, 9, 179, 78, 31, 105, 276, 118, 233, 223, 184, 32, 278, 306, 132, 239, 156, 316, 341, 301, 100, 34, 288, 80, 151, 332, 314, 169, 227, 3, 199, 237, 45, 167, 39, 44, 116, 343, 152, 17, 183, 150, 91, 111, 212, 13, 335, 2, 26, 114, 310, 141, 257, 140, 110, 243, 67, 213, 333, 194, 54, 33, 191, 163, 135, 246, 302, 64, 207, 104, 52, 174, 226, 75, 286, 339, 63, 303, 285, 85, 21, 20, 315, 4, 123, 186, 128, 236, 311, 256, 161, 180, 125, 228, 280, 177, 296, 254, 235, 330, 59, 94, 274, 143, 29, 245, 138, 79, 277, 275, 337, 99, 40, 49, 190, 106, 42, 50]
2025-11-25 02:49:57,811 - INFO - /home/amily/shark-ai/sharktuner/tuning_2025_11_25_02_45/candidates/specs/84_spec.mlir
2025-11-25 02:49:57,812 - INFO - /home/amily/shark-ai/sharktuner/tuning_2025_11_25_02_45/candidates/specs/299_spec.mlir
2025-11-25 02:49:57,812 - INFO - /home/amily/shark-ai/sharktuner/tuning_2025_11_25_02_45/candidates/specs/171_spec.mlir
2025-11-25 02:49:57,812 - INFO - /home/amily/shark-ai/sharktuner/tuning_2025_11_25_02_45/candidates/specs/14_spec.mlir
2025-11-25 02:49:57,812 - INFO - /home/amily/shark-ai/sharktuner/tuning_2025_11_25_02_45/candidates/specs/170_spec.mlir
2025-11-25 02:49:57,812 - INFO - /home/amily/shark-ai/sharktuner/tuning_2025_11_25_02_45/candidates/specs/18_spec.mlir
2025-11-25 02:49:57,812 - INFO - /home/amily/shark-ai/sharktuner/tuning_2025_11_25_02_45/candidates/specs/210_spec.mlir
2025-11-25 02:49:57,812 - INFO - /home/amily/shark-ai/sharktuner/tuning_2025_11_25_02_45/candidates/specs/153_spec.mlir
2025-11-25 02:49:57,813 - INFO - /home/amily/shark-ai/sharktuner/tuning_2025_11_25_02_45/candidates/specs/225_spec.mlir
2025-11-25 02:49:57,813 - INFO - /home/amily/shark-ai/sharktuner/tuning_2025_11_25_02_45/candidates/specs/38_spec.mlir
2025-11-25 02:49:57,813 - INFO - /home/amily/shark-ai/sharktuner/tuning_2025_11_25_02_45/candidates/specs/173_spec.mlir
2025-11-25 02:49:57,813 - INFO - /home/amily/shark-ai/sharktuner/tuning_2025_11_25_02_45/candidates/specs/73_spec.mlir
2025-11-25 02:49:57,813 - INFO - /home/amily/shark-ai/sharktuner/tuning_2025_11_25_02_45/candidates/specs/68_spec.mlir
2025-11-25 02:49:57,813 - INFO - /home/amily/shark-ai/sharktuner/tuning_2025_11_25_02_45/candidates/specs/160_spec.mlir
2025-11-25 02:49:57,813 - INFO - /home/amily/shark-ai/sharktuner/tuning_2025_11_25_02_45/candidates/specs/281_spec.mlir
2025-11-25 02:49:57,813 - INFO - /home/amily/shark-ai/sharktuner/tuning_2025_11_25_02_45/candidates/specs/252_spec.mlir
2025-11-25 02:49:57,813 - INFO - /home/amily/shark-ai/sharktuner/tuning_2025_11_25_02_45/candidates/specs/96_spec.mlir
2025-11-25 02:49:57,814 - INFO - /home/amily/shark-ai/sharktuner/tuning_2025_11_25_02_45/candidates/specs/197_spec.mlir
2025-11-25 02:49:57,814 - INFO - /home/amily/shark-ai/sharktuner/tuning_2025_11_25_02_45/candidates/specs/51_spec.mlir
2025-11-25 02:49:57,814 - INFO - /home/amily/shark-ai/sharktuner/tuning_2025_11_25_02_45/candidates/specs/70_spec.mlir
2025-11-25 02:49:57,814 - INFO - /home/amily/shark-ai/sharktuner/tuning_2025_11_25_02_45/candidates/specs/293_spec.mlir
2025-11-25 02:49:57,814 - INFO - /home/amily/shark-ai/sharktuner/tuning_2025_11_25_02_45/candidates/specs/251_spec.mlir
2025-11-25 02:49:57,814 - INFO - /home/amily/shark-ai/sharktuner/tuning_2025_11_25_02_45/candidates/specs/101_spec.mlir
2025-11-25 02:49:57,814 - INFO - /home/amily/shark-ai/sharktuner/tuning_2025_11_25_02_45/candidates/specs/178_spec.mlir
2025-11-25 02:49:57,814 - INFO - /home/amily/shark-ai/sharktuner/tuning_2025_11_25_02_45/candidates/specs/27_spec.mlir
2025-11-25 02:49:57,814 - INFO - /home/amily/shark-ai/sharktuner/tuning_2025_11_25_02_45/candidates/specs/241_spec.mlir
2025-11-25 02:49:57,815 - INFO - /home/amily/shark-ai/sharktuner/tuning_2025_11_25_02_45/candidates/specs/242_spec.mlir
2025-11-25 02:49:57,815 - INFO - /home/amily/shark-ai/sharktuner/tuning_2025_11_25_02_45/candidates/specs/15_spec.mlir
2025-11-25 02:49:57,815 - INFO - /home/amily/shark-ai/sharktuner/tuning_2025_11_25_02_45/candidates/specs/328_spec.mlir
2025-11-25 02:49:57,815 - INFO - /home/amily/shark-ai/sharktuner/tuning_2025_11_25_02_45/candidates/specs/77_spec.mlir
2025-11-25 02:49:57,815 - INFO - /home/amily/shark-ai/sharktuner/tuning_2025_11_25_02_45/candidates/specs/201_spec.mlir
2025-11-25 02:49:57,815 - INFO - /home/amily/shark-ai/sharktuner/tuning_2025_11_25_02_45/candidates/specs/62_spec.mlir
2025-11-25 02:49:57,815 - INFO - /home/amily/shark-ai/sharktuner/tuning_2025_11_25_02_45/candidates/specs/287_spec.mlir
2025-11-25 02:49:57,815 - INFO - /home/amily/shark-ai/sharktuner/tuning_2025_11_25_02_45/candidates/specs/7_spec.mlir
2025-11-25 02:49:57,815 - INFO - /home/amily/shark-ai/sharktuner/tuning_2025_11_25_02_45/candidates/specs/272_spec.mlir
2025-11-25 02:49:57,816 - INFO - /home/amily/shark-ai/sharktuner/tuning_2025_11_25_02_45/candidates/specs/185_spec.mlir
2025-11-25 02:49:57,816 - INFO - /home/amily/shark-ai/sharktuner/tuning_2025_11_25_02_45/candidates/specs/102_spec.mlir
2025-11-25 02:49:57,816 - INFO - /home/amily/shark-ai/sharktuner/tuning_2025_11_25_02_45/candidates/specs/284_spec.mlir
2025-11-25 02:49:57,816 - INFO - /home/amily/shark-ai/sharktuner/tuning_2025_11_25_02_45/candidates/specs/193_spec.mlir
2025-11-25 02:49:57,816 - INFO - /home/amily/shark-ai/sharktuner/tuning_2025_11_25_02_45/candidates/specs/47_spec.mlir
2025-11-25 02:49:57,816 - INFO - /home/amily/shark-ai/sharktuner/tuning_2025_11_25_02_45/candidates/specs/81_spec.mlir
2025-11-25 02:49:57,816 - INFO - /home/amily/shark-ai/sharktuner/tuning_2025_11_25_02_45/candidates/specs/119_spec.mlir
2025-11-25 02:49:57,816 - INFO - /home/amily/shark-ai/sharktuner/tuning_2025_11_25_02_45/candidates/specs/291_spec.mlir
2025-11-25 02:49:57,816 - INFO - /home/amily/shark-ai/sharktuner/tuning_2025_11_25_02_45/candidates/specs/83_spec.mlir
2025-11-25 02:49:57,817 - INFO - /home/amily/shark-ai/sharktuner/tuning_2025_11_25_02_45/candidates/specs/11_spec.mlir
2025-11-25 02:49:57,817 - INFO - /home/amily/shark-ai/sharktuner/tuning_2025_11_25_02_45/candidates/specs/258_spec.mlir
2025-11-25 02:49:57,817 - INFO - /home/amily/shark-ai/sharktuner/tuning_2025_11_25_02_45/candidates/specs/266_spec.mlir
2025-11-25 02:49:57,817 - INFO - /home/amily/shark-ai/sharktuner/tuning_2025_11_25_02_45/candidates/specs/181_spec.mlir
2025-11-25 02:49:57,817 - INFO - /home/amily/shark-ai/sharktuner/tuning_2025_11_25_02_45/candidates/specs/318_spec.mlir
2025-11-25 02:49:57,817 - INFO - /home/amily/shark-ai/sharktuner/tuning_2025_11_25_02_45/candidates/specs/115_spec.mlir
2025-11-25 02:49:57,817 - INFO - /home/amily/shark-ai/sharktuner/tuning_2025_11_25_02_45/candidates/specs/144_spec.mlir
2025-11-25 02:49:57,817 - INFO - /home/amily/shark-ai/sharktuner/tuning_2025_11_25_02_45/candidates/specs/147_spec.mlir
2025-11-25 02:49:57,818 - INFO - /home/amily/shark-ai/sharktuner/tuning_2025_11_25_02_45/candidates/specs/222_spec.mlir
2025-11-25 02:49:57,818 - INFO - /home/amily/shark-ai/sharktuner/tuning_2025_11_25_02_45/candidates/specs/95_spec.mlir
2025-11-25 02:49:57,818 - INFO - /home/amily/shark-ai/sharktuner/tuning_2025_11_25_02_45/candidates/specs/121_spec.mlir
2025-11-25 02:49:57,818 - INFO - /home/amily/shark-ai/sharktuner/tuning_2025_11_25_02_45/candidates/specs/130_spec.mlir
2025-11-25 02:49:57,818 - INFO - /home/amily/shark-ai/sharktuner/tuning_2025_11_25_02_45/candidates/specs/192_spec.mlir
2025-11-25 02:49:57,818 - INFO - /home/amily/shark-ai/sharktuner/tuning_2025_11_25_02_45/candidates/specs/187_spec.mlir
2025-11-25 02:49:57,818 - INFO - /home/amily/shark-ai/sharktuner/tuning_2025_11_25_02_45/candidates/specs/334_spec.mlir
2025-11-25 02:49:57,818 - INFO - /home/amily/shark-ai/sharktuner/tuning_2025_11_25_02_45/candidates/specs/145_spec.mlir
2025-11-25 02:49:57,818 - INFO - /home/amily/shark-ai/sharktuner/tuning_2025_11_25_02_45/candidates/specs/165_spec.mlir
2025-11-25 02:49:57,819 - INFO - /home/amily/shark-ai/sharktuner/tuning_2025_11_25_02_45/candidates/specs/202_spec.mlir
2025-11-25 02:49:57,819 - INFO - /home/amily/shark-ai/sharktuner/tuning_2025_11_25_02_45/candidates/specs/16_spec.mlir
2025-11-25 02:49:57,819 - INFO - /home/amily/shark-ai/sharktuner/tuning_2025_11_25_02_45/candidates/specs/148_spec.mlir
2025-11-25 02:49:57,819 - INFO - /home/amily/shark-ai/sharktuner/tuning_2025_11_25_02_45/candidates/specs/103_spec.mlir
2025-11-25 02:49:57,819 - INFO - /home/amily/shark-ai/sharktuner/tuning_2025_11_25_02_45/candidates/specs/157_spec.mlir
2025-11-25 02:49:57,819 - INFO - /home/amily/shark-ai/sharktuner/tuning_2025_11_25_02_45/candidates/specs/35_spec.mlir
2025-11-25 02:49:57,819 - INFO - /home/amily/shark-ai/sharktuner/tuning_2025_11_25_02_45/candidates/specs/159_spec.mlir
2025-11-25 02:49:57,819 - INFO - /home/amily/shark-ai/sharktuner/tuning_2025_11_25_02_45/candidates/specs/57_spec.mlir
2025-11-25 02:49:57,819 - INFO - /home/amily/shark-ai/sharktuner/tuning_2025_11_25_02_45/candidates/specs/126_spec.mlir
2025-11-25 02:49:57,820 - INFO - /home/amily/shark-ai/sharktuner/tuning_2025_11_25_02_45/candidates/specs/1_spec.mlir
2025-11-25 02:49:57,820 - INFO - /home/amily/shark-ai/sharktuner/tuning_2025_11_25_02_45/candidates/specs/209_spec.mlir
2025-11-25 02:49:57,820 - INFO - /home/amily/shark-ai/sharktuner/tuning_2025_11_25_02_45/candidates/specs/255_spec.mlir
2025-11-25 02:49:57,820 - INFO - /home/amily/shark-ai/sharktuner/tuning_2025_11_25_02_45/candidates/specs/65_spec.mlir
2025-11-25 02:49:57,820 - INFO - /home/amily/shark-ai/sharktuner/tuning_2025_11_25_02_45/candidates/specs/66_spec.mlir
2025-11-25 02:49:57,820 - INFO - /home/amily/shark-ai/sharktuner/tuning_2025_11_25_02_45/candidates/specs/182_spec.mlir
2025-11-25 02:49:57,820 - INFO - /home/amily/shark-ai/sharktuner/tuning_2025_11_25_02_45/candidates/specs/309_spec.mlir
2025-11-25 02:49:57,820 - INFO - /home/amily/shark-ai/sharktuner/tuning_2025_11_25_02_45/candidates/specs/60_spec.mlir
2025-11-25 02:49:57,820 - INFO - /home/amily/shark-ai/sharktuner/tuning_2025_11_25_02_45/candidates/specs/322_spec.mlir
2025-11-25 02:49:57,821 - INFO - /home/amily/shark-ai/sharktuner/tuning_2025_11_25_02_45/candidates/specs/221_spec.mlir
2025-11-25 02:49:57,821 - INFO - /home/amily/shark-ai/sharktuner/tuning_2025_11_25_02_45/candidates/specs/273_spec.mlir
2025-11-25 02:49:57,821 - INFO - /home/amily/shark-ai/sharktuner/tuning_2025_11_25_02_45/candidates/specs/320_spec.mlir
2025-11-25 02:49:57,821 - INFO - /home/amily/shark-ai/sharktuner/tuning_2025_11_25_02_45/candidates/specs/37_spec.mlir
2025-11-25 02:49:57,821 - INFO - /home/amily/shark-ai/sharktuner/tuning_2025_11_25_02_45/candidates/specs/271_spec.mlir
2025-11-25 02:49:57,821 - INFO - /home/amily/shark-ai/sharktuner/tuning_2025_11_25_02_45/candidates/specs/208_spec.mlir
2025-11-25 02:49:57,821 - INFO - /home/amily/shark-ai/sharktuner/tuning_2025_11_25_02_45/candidates/specs/117_spec.mlir
2025-11-25 02:49:57,821 - INFO - /home/amily/shark-ai/sharktuner/tuning_2025_11_25_02_45/candidates/specs/6_spec.mlir
2025-11-25 02:49:57,821 - INFO - /home/amily/shark-ai/sharktuner/tuning_2025_11_25_02_45/candidates/specs/168_spec.mlir
2025-11-25 02:49:57,822 - INFO - /home/amily/shark-ai/sharktuner/tuning_2025_11_25_02_45/candidates/specs/220_spec.mlir
2025-11-25 02:49:57,822 - INFO - /home/amily/shark-ai/sharktuner/tuning_2025_11_25_02_45/candidates/specs/263_spec.mlir
2025-11-25 02:49:57,822 - INFO - /home/amily/shark-ai/sharktuner/tuning_2025_11_25_02_45/candidates/specs/90_spec.mlir
2025-11-25 02:49:57,822 - INFO - /home/amily/shark-ai/sharktuner/tuning_2025_11_25_02_45/candidates/specs/25_spec.mlir
2025-11-25 02:49:57,822 - INFO - /home/amily/shark-ai/sharktuner/tuning_2025_11_25_02_45/candidates/specs/297_spec.mlir
2025-11-25 02:49:57,822 - INFO - /home/amily/shark-ai/sharktuner/tuning_2025_11_25_02_45/candidates/specs/216_spec.mlir
2025-11-25 02:49:57,822 - INFO - /home/amily/shark-ai/sharktuner/tuning_2025_11_25_02_45/candidates/specs/232_spec.mlir
2025-11-25 02:49:57,822 - INFO - /home/amily/shark-ai/sharktuner/tuning_2025_11_25_02_45/candidates/specs/74_spec.mlir
2025-11-25 02:49:57,823 - INFO - /home/amily/shark-ai/sharktuner/tuning_2025_11_25_02_45/candidates/specs/82_spec.mlir
2025-11-25 02:49:57,823 - INFO - /home/amily/shark-ai/sharktuner/tuning_2025_11_25_02_45/candidates/specs/24_spec.mlir
2025-11-25 02:49:57,823 - INFO - /home/amily/shark-ai/sharktuner/tuning_2025_11_25_02_45/candidates/specs/224_spec.mlir
2025-11-25 02:49:57,823 - INFO - /home/amily/shark-ai/sharktuner/tuning_2025_11_25_02_45/candidates/specs/294_spec.mlir
2025-11-25 02:49:57,823 - INFO - /home/amily/shark-ai/sharktuner/tuning_2025_11_25_02_45/candidates/specs/200_spec.mlir
2025-11-25 02:49:57,823 - INFO - /home/amily/shark-ai/sharktuner/tuning_2025_11_25_02_45/candidates/specs/72_spec.mlir
2025-11-25 02:49:57,823 - INFO - /home/amily/shark-ai/sharktuner/tuning_2025_11_25_02_45/candidates/specs/154_spec.mlir
2025-11-25 02:49:57,823 - INFO - /home/amily/shark-ai/sharktuner/tuning_2025_11_25_02_45/candidates/specs/97_spec.mlir
2025-11-25 02:49:57,823 - INFO - /home/amily/shark-ai/sharktuner/tuning_2025_11_25_02_45/candidates/specs/53_spec.mlir
2025-11-25 02:49:57,824 - INFO - /home/amily/shark-ai/sharktuner/tuning_2025_11_25_02_45/candidates/specs/176_spec.mlir
2025-11-25 02:49:57,824 - INFO - /home/amily/shark-ai/sharktuner/tuning_2025_11_25_02_45/candidates/specs/22_spec.mlir
2025-11-25 02:49:57,824 - INFO - /home/amily/shark-ai/sharktuner/tuning_2025_11_25_02_45/candidates/specs/36_spec.mlir
2025-11-25 02:49:57,824 - INFO - /home/amily/shark-ai/sharktuner/tuning_2025_11_25_02_45/candidates/specs/230_spec.mlir
2025-11-25 02:49:57,824 - INFO - /home/amily/shark-ai/sharktuner/tuning_2025_11_25_02_45/candidates/specs/231_spec.mlir
2025-11-25 02:49:57,824 - INFO - /home/amily/shark-ai/sharktuner/tuning_2025_11_25_02_45/candidates/specs/10_spec.mlir
2025-11-25 02:49:57,824 - INFO - /home/amily/shark-ai/sharktuner/tuning_2025_11_25_02_45/candidates/specs/19_spec.mlir
2025-11-25 02:49:57,824 - INFO - /home/amily/shark-ai/sharktuner/tuning_2025_11_25_02_45/candidates/specs/270_spec.mlir
2025-11-25 02:49:57,824 - INFO - /home/amily/shark-ai/sharktuner/tuning_2025_11_25_02_45/candidates/specs/300_spec.mlir
2025-11-25 02:49:57,825 - INFO - /home/amily/shark-ai/sharktuner/tuning_2025_11_25_02_45/candidates/specs/113_spec.mlir
2025-11-25 02:49:57,825 - INFO - /home/amily/shark-ai/sharktuner/tuning_2025_11_25_02_45/candidates/specs/321_spec.mlir
2025-11-25 02:49:57,825 - INFO - /home/amily/shark-ai/sharktuner/tuning_2025_11_25_02_45/candidates/specs/240_spec.mlir
2025-11-25 02:49:57,825 - INFO - /home/amily/shark-ai/sharktuner/tuning_2025_11_25_02_45/candidates/specs/87_spec.mlir
2025-11-25 02:49:57,825 - INFO - /home/amily/shark-ai/sharktuner/tuning_2025_11_25_02_45/candidates/specs/92_spec.mlir
2025-11-25 02:49:57,825 - INFO - /home/amily/shark-ai/sharktuner/tuning_2025_11_25_02_45/candidates/specs/41_spec.mlir
2025-11-25 02:49:57,825 - INFO - /home/amily/shark-ai/sharktuner/tuning_2025_11_25_02_45/candidates/specs/71_spec.mlir
2025-11-25 02:49:57,825 - INFO - /home/amily/shark-ai/sharktuner/tuning_2025_11_25_02_45/candidates/specs/253_spec.mlir
2025-11-25 02:49:57,825 - INFO - /home/amily/shark-ai/sharktuner/tuning_2025_11_25_02_45/candidates/specs/248_spec.mlir
2025-11-25 02:49:57,826 - INFO - /home/amily/shark-ai/sharktuner/tuning_2025_11_25_02_45/candidates/specs/218_spec.mlir
2025-11-25 02:49:57,826 - INFO - /home/amily/shark-ai/sharktuner/tuning_2025_11_25_02_45/candidates/specs/304_spec.mlir
2025-11-25 02:49:57,826 - INFO - /home/amily/shark-ai/sharktuner/tuning_2025_11_25_02_45/candidates/specs/312_spec.mlir
2025-11-25 02:49:57,826 - INFO - /home/amily/shark-ai/sharktuner/tuning_2025_11_25_02_45/candidates/specs/205_spec.mlir
2025-11-25 02:49:57,826 - INFO - /home/amily/shark-ai/sharktuner/tuning_2025_11_25_02_45/candidates/specs/261_spec.mlir
2025-11-25 02:49:57,826 - INFO - /home/amily/shark-ai/sharktuner/tuning_2025_11_25_02_45/candidates/specs/162_spec.mlir
2025-11-25 02:49:57,826 - INFO - /home/amily/shark-ai/sharktuner/tuning_2025_11_25_02_45/candidates/specs/290_spec.mlir
2025-11-25 02:49:57,826 - INFO - /home/amily/shark-ai/sharktuner/tuning_2025_11_25_02_45/candidates/specs/124_spec.mlir
2025-11-25 02:49:57,826 - INFO - /home/amily/shark-ai/sharktuner/tuning_2025_11_25_02_45/candidates/specs/283_spec.mlir
2025-11-25 02:49:57,827 - INFO - /home/amily/shark-ai/sharktuner/tuning_2025_11_25_02_45/candidates/specs/342_spec.mlir
2025-11-25 02:49:57,827 - INFO - /home/amily/shark-ai/sharktuner/tuning_2025_11_25_02_45/candidates/specs/129_spec.mlir
2025-11-25 02:49:57,827 - INFO - /home/amily/shark-ai/sharktuner/tuning_2025_11_25_02_45/candidates/specs/146_spec.mlir
2025-11-25 02:49:57,827 - INFO - /home/amily/shark-ai/sharktuner/tuning_2025_11_25_02_45/candidates/specs/295_spec.mlir
2025-11-25 02:49:57,827 - INFO - /home/amily/shark-ai/sharktuner/tuning_2025_11_25_02_45/candidates/specs/211_spec.mlir
2025-11-25 02:49:57,827 - INFO - /home/amily/shark-ai/sharktuner/tuning_2025_11_25_02_45/candidates/specs/219_spec.mlir
2025-11-25 02:49:57,827 - INFO - /home/amily/shark-ai/sharktuner/tuning_2025_11_25_02_45/candidates/specs/23_spec.mlir
2025-11-25 02:49:57,827 - INFO - /home/amily/shark-ai/sharktuner/tuning_2025_11_25_02_45/candidates/specs/247_spec.mlir
2025-11-25 02:49:57,827 - INFO - /home/amily/shark-ai/sharktuner/tuning_2025_11_25_02_45/candidates/specs/133_spec.mlir
2025-11-25 02:49:57,828 - INFO - /home/amily/shark-ai/sharktuner/tuning_2025_11_25_02_45/candidates/specs/265_spec.mlir
2025-11-25 02:49:57,828 - INFO - /home/amily/shark-ai/sharktuner/tuning_2025_11_25_02_45/candidates/specs/109_spec.mlir
2025-11-25 02:49:57,828 - INFO - /home/amily/shark-ai/sharktuner/tuning_2025_11_25_02_45/candidates/specs/142_spec.mlir
2025-11-25 02:49:57,828 - INFO - /home/amily/shark-ai/sharktuner/tuning_2025_11_25_02_45/candidates/specs/112_spec.mlir
2025-11-25 02:49:57,828 - INFO - /home/amily/shark-ai/sharktuner/tuning_2025_11_25_02_45/candidates/specs/5_spec.mlir
2025-11-25 02:49:57,828 - INFO - /home/amily/shark-ai/sharktuner/tuning_2025_11_25_02_45/candidates/specs/307_spec.mlir
2025-11-25 02:49:57,828 - INFO - /home/amily/shark-ai/sharktuner/tuning_2025_11_25_02_45/candidates/specs/89_spec.mlir
2025-11-25 02:49:57,828 - INFO - /home/amily/shark-ai/sharktuner/tuning_2025_11_25_02_45/candidates/specs/56_spec.mlir
2025-11-25 02:49:57,828 - INFO - /home/amily/shark-ai/sharktuner/tuning_2025_11_25_02_45/candidates/specs/305_spec.mlir
2025-11-25 02:49:57,829 - INFO - /home/amily/shark-ai/sharktuner/tuning_2025_11_25_02_45/candidates/specs/217_spec.mlir
2025-11-25 02:49:57,829 - INFO - /home/amily/shark-ai/sharktuner/tuning_2025_11_25_02_45/candidates/specs/292_spec.mlir
2025-11-25 02:49:57,829 - INFO - /home/amily/shark-ai/sharktuner/tuning_2025_11_25_02_45/candidates/specs/93_spec.mlir
2025-11-25 02:49:57,829 - INFO - /home/amily/shark-ai/sharktuner/tuning_2025_11_25_02_45/candidates/specs/331_spec.mlir
2025-11-25 02:49:57,829 - INFO - /home/amily/shark-ai/sharktuner/tuning_2025_11_25_02_45/candidates/specs/98_spec.mlir
2025-11-25 02:49:57,829 - INFO - /home/amily/shark-ai/sharktuner/tuning_2025_11_25_02_45/candidates/specs/61_spec.mlir
2025-11-25 02:49:57,829 - INFO - /home/amily/shark-ai/sharktuner/tuning_2025_11_25_02_45/candidates/specs/134_spec.mlir
2025-11-25 02:49:57,829 - INFO - /home/amily/shark-ai/sharktuner/tuning_2025_11_25_02_45/candidates/specs/323_spec.mlir
2025-11-25 02:49:57,829 - INFO - /home/amily/shark-ai/sharktuner/tuning_2025_11_25_02_45/candidates/specs/325_spec.mlir
2025-11-25 02:49:57,829 - INFO - /home/amily/shark-ai/sharktuner/tuning_2025_11_25_02_45/candidates/specs/28_spec.mlir
2025-11-25 02:49:57,830 - INFO - /home/amily/shark-ai/sharktuner/tuning_2025_11_25_02_45/candidates/specs/155_spec.mlir
2025-11-25 02:49:57,830 - INFO - /home/amily/shark-ai/sharktuner/tuning_2025_11_25_02_45/candidates/specs/229_spec.mlir
2025-11-25 02:49:57,830 - INFO - /home/amily/shark-ai/sharktuner/tuning_2025_11_25_02_45/candidates/specs/317_spec.mlir
2025-11-25 02:49:57,830 - INFO - /home/amily/shark-ai/sharktuner/tuning_2025_11_25_02_45/candidates/specs/175_spec.mlir
2025-11-25 02:49:57,830 - INFO - /home/amily/shark-ai/sharktuner/tuning_2025_11_25_02_45/candidates/specs/313_spec.mlir
2025-11-25 02:49:57,830 - INFO - /home/amily/shark-ai/sharktuner/tuning_2025_11_25_02_45/candidates/specs/282_spec.mlir
2025-11-25 02:49:57,830 - INFO - /home/amily/shark-ai/sharktuner/tuning_2025_11_25_02_45/candidates/specs/139_spec.mlir
2025-11-25 02:49:57,830 - INFO - /home/amily/shark-ai/sharktuner/tuning_2025_11_25_02_45/candidates/specs/259_spec.mlir
2025-11-25 02:49:57,831 - INFO - /home/amily/shark-ai/sharktuner/tuning_2025_11_25_02_45/candidates/specs/264_spec.mlir
2025-11-25 02:49:57,831 - INFO - /home/amily/shark-ai/sharktuner/tuning_2025_11_25_02_45/candidates/specs/279_spec.mlir
2025-11-25 02:49:57,831 - INFO - /home/amily/shark-ai/sharktuner/tuning_2025_11_25_02_45/candidates/specs/136_spec.mlir
2025-11-25 02:49:57,831 - INFO - /home/amily/shark-ai/sharktuner/tuning_2025_11_25_02_45/candidates/specs/308_spec.mlir
2025-11-25 02:49:57,831 - INFO - /home/amily/shark-ai/sharktuner/tuning_2025_11_25_02_45/candidates/specs/269_spec.mlir
2025-11-25 02:49:57,831 - INFO - /home/amily/shark-ai/sharktuner/tuning_2025_11_25_02_45/candidates/specs/214_spec.mlir
2025-11-25 02:49:57,831 - INFO - /home/amily/shark-ai/sharktuner/tuning_2025_11_25_02_45/candidates/specs/189_spec.mlir
2025-11-25 02:49:57,831 - INFO - /home/amily/shark-ai/sharktuner/tuning_2025_11_25_02_45/candidates/specs/166_spec.mlir
2025-11-25 02:49:57,831 - INFO - /home/amily/shark-ai/sharktuner/tuning_2025_11_25_02_45/candidates/specs/329_spec.mlir
2025-11-25 02:49:57,831 - INFO - /home/amily/shark-ai/sharktuner/tuning_2025_11_25_02_45/candidates/specs/244_spec.mlir
2025-11-25 02:49:57,832 - INFO - /home/amily/shark-ai/sharktuner/tuning_2025_11_25_02_45/candidates/specs/108_spec.mlir
2025-11-25 02:49:57,832 - INFO - /home/amily/shark-ai/sharktuner/tuning_2025_11_25_02_45/candidates/specs/48_spec.mlir
2025-11-25 02:49:57,832 - INFO - /home/amily/shark-ai/sharktuner/tuning_2025_11_25_02_45/candidates/specs/131_spec.mlir
2025-11-25 02:49:57,832 - INFO - /home/amily/shark-ai/sharktuner/tuning_2025_11_25_02_45/candidates/specs/122_spec.mlir
2025-11-25 02:49:57,832 - INFO - /home/amily/shark-ai/sharktuner/tuning_2025_11_25_02_45/candidates/specs/238_spec.mlir
2025-11-25 02:49:57,832 - INFO - /home/amily/shark-ai/sharktuner/tuning_2025_11_25_02_45/candidates/specs/12_spec.mlir
2025-11-25 02:49:57,832 - INFO - /home/amily/shark-ai/sharktuner/tuning_2025_11_25_02_45/candidates/specs/319_spec.mlir
2025-11-25 02:49:57,832 - INFO - /home/amily/shark-ai/sharktuner/tuning_2025_11_25_02_45/candidates/specs/46_spec.mlir
2025-11-25 02:49:57,832 - INFO - /home/amily/shark-ai/sharktuner/tuning_2025_11_25_02_45/candidates/specs/206_spec.mlir
2025-11-25 02:49:57,833 - INFO - /home/amily/shark-ai/sharktuner/tuning_2025_11_25_02_45/candidates/specs/164_spec.mlir
2025-11-25 02:49:57,833 - INFO - /home/amily/shark-ai/sharktuner/tuning_2025_11_25_02_45/candidates/specs/188_spec.mlir
2025-11-25 02:49:57,833 - INFO - /home/amily/shark-ai/sharktuner/tuning_2025_11_25_02_45/candidates/specs/137_spec.mlir
2025-11-25 02:49:57,833 - INFO - /home/amily/shark-ai/sharktuner/tuning_2025_11_25_02_45/candidates/specs/298_spec.mlir
2025-11-25 02:49:57,833 - INFO - /home/amily/shark-ai/sharktuner/tuning_2025_11_25_02_45/candidates/specs/88_spec.mlir
2025-11-25 02:49:57,833 - INFO - /home/amily/shark-ai/sharktuner/tuning_2025_11_25_02_45/candidates/specs/196_spec.mlir
2025-11-25 02:49:57,833 - INFO - /home/amily/shark-ai/sharktuner/tuning_2025_11_25_02_45/candidates/specs/127_spec.mlir
2025-11-25 02:49:57,833 - INFO - /home/amily/shark-ai/sharktuner/tuning_2025_11_25_02_45/candidates/specs/198_spec.mlir
2025-11-25 02:49:57,833 - INFO - /home/amily/shark-ai/sharktuner/tuning_2025_11_25_02_45/candidates/specs/215_spec.mlir
2025-11-25 02:49:57,834 - INFO - /home/amily/shark-ai/sharktuner/tuning_2025_11_25_02_45/candidates/specs/172_spec.mlir
2025-11-25 02:49:57,834 - INFO - /home/amily/shark-ai/sharktuner/tuning_2025_11_25_02_45/candidates/specs/260_spec.mlir
2025-11-25 02:49:57,834 - INFO - /home/amily/shark-ai/sharktuner/tuning_2025_11_25_02_45/candidates/specs/289_spec.mlir
2025-11-25 02:49:57,834 - INFO - /home/amily/shark-ai/sharktuner/tuning_2025_11_25_02_45/candidates/specs/340_spec.mlir
2025-11-25 02:49:57,834 - INFO - /home/amily/shark-ai/sharktuner/tuning_2025_11_25_02_45/candidates/specs/9_spec.mlir
2025-11-25 02:49:57,834 - INFO - /home/amily/shark-ai/sharktuner/tuning_2025_11_25_02_45/candidates/specs/179_spec.mlir
2025-11-25 02:49:57,834 - INFO - /home/amily/shark-ai/sharktuner/tuning_2025_11_25_02_45/candidates/specs/78_spec.mlir
2025-11-25 02:49:57,834 - INFO - /home/amily/shark-ai/sharktuner/tuning_2025_11_25_02_45/candidates/specs/31_spec.mlir
2025-11-25 02:49:57,834 - INFO - /home/amily/shark-ai/sharktuner/tuning_2025_11_25_02_45/candidates/specs/105_spec.mlir
2025-11-25 02:49:57,834 - INFO - /home/amily/shark-ai/sharktuner/tuning_2025_11_25_02_45/candidates/specs/276_spec.mlir
2025-11-25 02:49:57,835 - INFO - /home/amily/shark-ai/sharktuner/tuning_2025_11_25_02_45/candidates/specs/118_spec.mlir
2025-11-25 02:49:57,835 - INFO - /home/amily/shark-ai/sharktuner/tuning_2025_11_25_02_45/candidates/specs/233_spec.mlir
2025-11-25 02:49:57,835 - INFO - /home/amily/shark-ai/sharktuner/tuning_2025_11_25_02_45/candidates/specs/223_spec.mlir
2025-11-25 02:49:57,835 - INFO - /home/amily/shark-ai/sharktuner/tuning_2025_11_25_02_45/candidates/specs/184_spec.mlir
2025-11-25 02:49:57,835 - INFO - /home/amily/shark-ai/sharktuner/tuning_2025_11_25_02_45/candidates/specs/32_spec.mlir
2025-11-25 02:49:57,835 - INFO - /home/amily/shark-ai/sharktuner/tuning_2025_11_25_02_45/candidates/specs/278_spec.mlir
2025-11-25 02:49:57,835 - INFO - /home/amily/shark-ai/sharktuner/tuning_2025_11_25_02_45/candidates/specs/306_spec.mlir
2025-11-25 02:49:57,835 - INFO - /home/amily/shark-ai/sharktuner/tuning_2025_11_25_02_45/candidates/specs/132_spec.mlir
2025-11-25 02:49:57,835 - INFO - /home/amily/shark-ai/sharktuner/tuning_2025_11_25_02_45/candidates/specs/239_spec.mlir
2025-11-25 02:49:57,835 - INFO - /home/amily/shark-ai/sharktuner/tuning_2025_11_25_02_45/candidates/specs/156_spec.mlir
2025-11-25 02:49:57,835 - INFO - /home/amily/shark-ai/sharktuner/tuning_2025_11_25_02_45/candidates/specs/316_spec.mlir
2025-11-25 02:49:57,835 - INFO - /home/amily/shark-ai/sharktuner/tuning_2025_11_25_02_45/candidates/specs/341_spec.mlir
2025-11-25 02:49:57,835 - INFO - /home/amily/shark-ai/sharktuner/tuning_2025_11_25_02_45/candidates/specs/301_spec.mlir
2025-11-25 02:49:57,836 - INFO - /home/amily/shark-ai/sharktuner/tuning_2025_11_25_02_45/candidates/specs/100_spec.mlir
2025-11-25 02:49:57,836 - INFO - /home/amily/shark-ai/sharktuner/tuning_2025_11_25_02_45/candidates/specs/34_spec.mlir
2025-11-25 02:49:57,836 - INFO - /home/amily/shark-ai/sharktuner/tuning_2025_11_25_02_45/candidates/specs/288_spec.mlir
2025-11-25 02:49:57,836 - INFO - /home/amily/shark-ai/sharktuner/tuning_2025_11_25_02_45/candidates/specs/80_spec.mlir
2025-11-25 02:49:57,836 - INFO - /home/amily/shark-ai/sharktuner/tuning_2025_11_25_02_45/candidates/specs/151_spec.mlir
2025-11-25 02:49:57,836 - INFO - /home/amily/shark-ai/sharktuner/tuning_2025_11_25_02_45/candidates/specs/332_spec.mlir
2025-11-25 02:49:57,836 - INFO - /home/amily/shark-ai/sharktuner/tuning_2025_11_25_02_45/candidates/specs/314_spec.mlir
2025-11-25 02:49:57,836 - INFO - /home/amily/shark-ai/sharktuner/tuning_2025_11_25_02_45/candidates/specs/169_spec.mlir
2025-11-25 02:49:57,836 - INFO - /home/amily/shark-ai/sharktuner/tuning_2025_11_25_02_45/candidates/specs/227_spec.mlir
2025-11-25 02:49:57,836 - INFO - /home/amily/shark-ai/sharktuner/tuning_2025_11_25_02_45/candidates/specs/3_spec.mlir
2025-11-25 02:49:57,836 - INFO - /home/amily/shark-ai/sharktuner/tuning_2025_11_25_02_45/candidates/specs/199_spec.mlir
2025-11-25 02:49:57,836 - INFO - /home/amily/shark-ai/sharktuner/tuning_2025_11_25_02_45/candidates/specs/237_spec.mlir
2025-11-25 02:49:57,836 - INFO - /home/amily/shark-ai/sharktuner/tuning_2025_11_25_02_45/candidates/specs/45_spec.mlir
2025-11-25 02:49:57,837 - INFO - /home/amily/shark-ai/sharktuner/tuning_2025_11_25_02_45/candidates/specs/167_spec.mlir
2025-11-25 02:49:57,837 - INFO - /home/amily/shark-ai/sharktuner/tuning_2025_11_25_02_45/candidates/specs/39_spec.mlir
2025-11-25 02:49:57,837 - INFO - /home/amily/shark-ai/sharktuner/tuning_2025_11_25_02_45/candidates/specs/44_spec.mlir
2025-11-25 02:49:57,837 - INFO - /home/amily/shark-ai/sharktuner/tuning_2025_11_25_02_45/candidates/specs/116_spec.mlir
2025-11-25 02:49:57,837 - INFO - /home/amily/shark-ai/sharktuner/tuning_2025_11_25_02_45/candidates/specs/343_spec.mlir
2025-11-25 02:49:57,837 - INFO - /home/amily/shark-ai/sharktuner/tuning_2025_11_25_02_45/candidates/specs/152_spec.mlir
2025-11-25 02:49:57,837 - INFO - /home/amily/shark-ai/sharktuner/tuning_2025_11_25_02_45/candidates/specs/17_spec.mlir
2025-11-25 02:49:57,837 - INFO - /home/amily/shark-ai/sharktuner/tuning_2025_11_25_02_45/candidates/specs/183_spec.mlir
2025-11-25 02:49:57,837 - INFO - /home/amily/shark-ai/sharktuner/tuning_2025_11_25_02_45/candidates/specs/150_spec.mlir
2025-11-25 02:49:57,837 - INFO - /home/amily/shark-ai/sharktuner/tuning_2025_11_25_02_45/candidates/specs/91_spec.mlir
2025-11-25 02:49:57,837 - INFO - /home/amily/shark-ai/sharktuner/tuning_2025_11_25_02_45/candidates/specs/111_spec.mlir
2025-11-25 02:49:57,837 - INFO - /home/amily/shark-ai/sharktuner/tuning_2025_11_25_02_45/candidates/specs/212_spec.mlir
2025-11-25 02:49:57,837 - INFO - /home/amily/shark-ai/sharktuner/tuning_2025_11_25_02_45/candidates/specs/13_spec.mlir
2025-11-25 02:49:57,838 - INFO - /home/amily/shark-ai/sharktuner/tuning_2025_11_25_02_45/candidates/specs/335_spec.mlir
2025-11-25 02:49:57,838 - INFO - /home/amily/shark-ai/sharktuner/tuning_2025_11_25_02_45/candidates/specs/2_spec.mlir
2025-11-25 02:49:57,838 - INFO - /home/amily/shark-ai/sharktuner/tuning_2025_11_25_02_45/candidates/specs/26_spec.mlir
2025-11-25 02:49:57,838 - INFO - /home/amily/shark-ai/sharktuner/tuning_2025_11_25_02_45/candidates/specs/114_spec.mlir
2025-11-25 02:49:57,838 - INFO - /home/amily/shark-ai/sharktuner/tuning_2025_11_25_02_45/candidates/specs/310_spec.mlir
2025-11-25 02:49:57,838 - INFO - /home/amily/shark-ai/sharktuner/tuning_2025_11_25_02_45/candidates/specs/141_spec.mlir
2025-11-25 02:49:57,838 - INFO - /home/amily/shark-ai/sharktuner/tuning_2025_11_25_02_45/candidates/specs/257_spec.mlir
2025-11-25 02:49:57,838 - INFO - /home/amily/shark-ai/sharktuner/tuning_2025_11_25_02_45/candidates/specs/140_spec.mlir
2025-11-25 02:49:57,838 - INFO - /home/amily/shark-ai/sharktuner/tuning_2025_11_25_02_45/candidates/specs/110_spec.mlir
2025-11-25 02:49:57,838 - INFO - /home/amily/shark-ai/sharktuner/tuning_2025_11_25_02_45/candidates/specs/243_spec.mlir
2025-11-25 02:49:57,838 - INFO - /home/amily/shark-ai/sharktuner/tuning_2025_11_25_02_45/candidates/specs/67_spec.mlir
2025-11-25 02:49:57,838 - INFO - /home/amily/shark-ai/sharktuner/tuning_2025_11_25_02_45/candidates/specs/213_spec.mlir
2025-11-25 02:49:57,838 - INFO - /home/amily/shark-ai/sharktuner/tuning_2025_11_25_02_45/candidates/specs/333_spec.mlir
2025-11-25 02:49:57,839 - INFO - /home/amily/shark-ai/sharktuner/tuning_2025_11_25_02_45/candidates/specs/194_spec.mlir
2025-11-25 02:49:57,839 - INFO - /home/amily/shark-ai/sharktuner/tuning_2025_11_25_02_45/candidates/specs/54_spec.mlir
2025-11-25 02:49:57,839 - INFO - /home/amily/shark-ai/sharktuner/tuning_2025_11_25_02_45/candidates/specs/33_spec.mlir
2025-11-25 02:49:57,839 - INFO - /home/amily/shark-ai/sharktuner/tuning_2025_11_25_02_45/candidates/specs/191_spec.mlir
2025-11-25 02:49:57,839 - INFO - /home/amily/shark-ai/sharktuner/tuning_2025_11_25_02_45/candidates/specs/163_spec.mlir
2025-11-25 02:49:57,839 - INFO - /home/amily/shark-ai/sharktuner/tuning_2025_11_25_02_45/candidates/specs/135_spec.mlir
2025-11-25 02:49:57,839 - INFO - /home/amily/shark-ai/sharktuner/tuning_2025_11_25_02_45/candidates/specs/246_spec.mlir
2025-11-25 02:49:57,839 - INFO - /home/amily/shark-ai/sharktuner/tuning_2025_11_25_02_45/candidates/specs/302_spec.mlir
2025-11-25 02:49:57,839 - INFO - /home/amily/shark-ai/sharktuner/tuning_2025_11_25_02_45/candidates/specs/64_spec.mlir
2025-11-25 02:49:57,839 - INFO - /home/amily/shark-ai/sharktuner/tuning_2025_11_25_02_45/candidates/specs/207_spec.mlir
2025-11-25 02:49:57,839 - INFO - /home/amily/shark-ai/sharktuner/tuning_2025_11_25_02_45/candidates/specs/104_spec.mlir
2025-11-25 02:49:57,839 - INFO - /home/amily/shark-ai/sharktuner/tuning_2025_11_25_02_45/candidates/specs/52_spec.mlir
2025-11-25 02:49:57,840 - INFO - /home/amily/shark-ai/sharktuner/tuning_2025_11_25_02_45/candidates/specs/174_spec.mlir
2025-11-25 02:49:57,840 - INFO - /home/amily/shark-ai/sharktuner/tuning_2025_11_25_02_45/candidates/specs/226_spec.mlir
2025-11-25 02:49:57,840 - INFO - /home/amily/shark-ai/sharktuner/tuning_2025_11_25_02_45/candidates/specs/75_spec.mlir
2025-11-25 02:49:57,840 - INFO - /home/amily/shark-ai/sharktuner/tuning_2025_11_25_02_45/candidates/specs/286_spec.mlir
2025-11-25 02:49:57,840 - INFO - /home/amily/shark-ai/sharktuner/tuning_2025_11_25_02_45/candidates/specs/339_spec.mlir
2025-11-25 02:49:57,840 - INFO - /home/amily/shark-ai/sharktuner/tuning_2025_11_25_02_45/candidates/specs/63_spec.mlir
2025-11-25 02:49:57,840 - INFO - /home/amily/shark-ai/sharktuner/tuning_2025_11_25_02_45/candidates/specs/303_spec.mlir
2025-11-25 02:49:57,840 - INFO - /home/amily/shark-ai/sharktuner/tuning_2025_11_25_02_45/candidates/specs/285_spec.mlir
2025-11-25 02:49:57,840 - INFO - /home/amily/shark-ai/sharktuner/tuning_2025_11_25_02_45/candidates/specs/85_spec.mlir
2025-11-25 02:49:57,840 - INFO - /home/amily/shark-ai/sharktuner/tuning_2025_11_25_02_45/candidates/specs/21_spec.mlir
2025-11-25 02:49:57,840 - INFO - /home/amily/shark-ai/sharktuner/tuning_2025_11_25_02_45/candidates/specs/20_spec.mlir
2025-11-25 02:49:57,840 - INFO - /home/amily/shark-ai/sharktuner/tuning_2025_11_25_02_45/candidates/specs/315_spec.mlir
2025-11-25 02:49:57,840 - INFO - /home/amily/shark-ai/sharktuner/tuning_2025_11_25_02_45/candidates/specs/4_spec.mlir
2025-11-25 02:49:57,841 - INFO - /home/amily/shark-ai/sharktuner/tuning_2025_11_25_02_45/candidates/specs/123_spec.mlir
2025-11-25 02:49:57,841 - INFO - /home/amily/shark-ai/sharktuner/tuning_2025_11_25_02_45/candidates/specs/186_spec.mlir
2025-11-25 02:49:57,841 - INFO - /home/amily/shark-ai/sharktuner/tuning_2025_11_25_02_45/candidates/specs/128_spec.mlir
2025-11-25 02:49:57,841 - INFO - /home/amily/shark-ai/sharktuner/tuning_2025_11_25_02_45/candidates/specs/236_spec.mlir
2025-11-25 02:49:57,841 - INFO - /home/amily/shark-ai/sharktuner/tuning_2025_11_25_02_45/candidates/specs/311_spec.mlir
2025-11-25 02:49:57,841 - INFO - /home/amily/shark-ai/sharktuner/tuning_2025_11_25_02_45/candidates/specs/256_spec.mlir
2025-11-25 02:49:57,841 - INFO - /home/amily/shark-ai/sharktuner/tuning_2025_11_25_02_45/candidates/specs/161_spec.mlir
2025-11-25 02:49:57,841 - INFO - /home/amily/shark-ai/sharktuner/tuning_2025_11_25_02_45/candidates/specs/180_spec.mlir
2025-11-25 02:49:57,841 - INFO - /home/amily/shark-ai/sharktuner/tuning_2025_11_25_02_45/candidates/specs/125_spec.mlir
2025-11-25 02:49:57,841 - INFO - /home/amily/shark-ai/sharktuner/tuning_2025_11_25_02_45/candidates/specs/228_spec.mlir
2025-11-25 02:49:57,841 - INFO - /home/amily/shark-ai/sharktuner/tuning_2025_11_25_02_45/candidates/specs/280_spec.mlir
2025-11-25 02:49:57,841 - INFO - /home/amily/shark-ai/sharktuner/tuning_2025_11_25_02_45/candidates/specs/177_spec.mlir
2025-11-25 02:49:57,841 - INFO - /home/amily/shark-ai/sharktuner/tuning_2025_11_25_02_45/candidates/specs/296_spec.mlir
2025-11-25 02:49:57,841 - INFO - /home/amily/shark-ai/sharktuner/tuning_2025_11_25_02_45/candidates/specs/254_spec.mlir
2025-11-25 02:49:57,842 - INFO - /home/amily/shark-ai/sharktuner/tuning_2025_11_25_02_45/candidates/specs/235_spec.mlir
2025-11-25 02:49:57,842 - INFO - /home/amily/shark-ai/sharktuner/tuning_2025_11_25_02_45/candidates/specs/330_spec.mlir
2025-11-25 02:49:57,842 - INFO - /home/amily/shark-ai/sharktuner/tuning_2025_11_25_02_45/candidates/specs/59_spec.mlir
2025-11-25 02:49:57,842 - INFO - /home/amily/shark-ai/sharktuner/tuning_2025_11_25_02_45/candidates/specs/94_spec.mlir
2025-11-25 02:49:57,842 - INFO - /home/amily/shark-ai/sharktuner/tuning_2025_11_25_02_45/candidates/specs/274_spec.mlir
2025-11-25 02:49:57,842 - INFO - /home/amily/shark-ai/sharktuner/tuning_2025_11_25_02_45/candidates/specs/143_spec.mlir
2025-11-25 02:49:57,842 - INFO - /home/amily/shark-ai/sharktuner/tuning_2025_11_25_02_45/candidates/specs/29_spec.mlir
2025-11-25 02:49:57,842 - INFO - /home/amily/shark-ai/sharktuner/tuning_2025_11_25_02_45/candidates/specs/245_spec.mlir
2025-11-25 02:49:57,842 - INFO - /home/amily/shark-ai/sharktuner/tuning_2025_11_25_02_45/candidates/specs/138_spec.mlir
2025-11-25 02:49:57,842 - INFO - /home/amily/shark-ai/sharktuner/tuning_2025_11_25_02_45/candidates/specs/79_spec.mlir
2025-11-25 02:49:57,842 - INFO - /home/amily/shark-ai/sharktuner/tuning_2025_11_25_02_45/candidates/specs/277_spec.mlir
2025-11-25 02:49:57,842 - INFO - /home/amily/shark-ai/sharktuner/tuning_2025_11_25_02_45/candidates/specs/275_spec.mlir
2025-11-25 02:49:57,843 - INFO - /home/amily/shark-ai/sharktuner/tuning_2025_11_25_02_45/candidates/specs/337_spec.mlir
2025-11-25 02:49:57,843 - INFO - /home/amily/shark-ai/sharktuner/tuning_2025_11_25_02_45/candidates/specs/99_spec.mlir
2025-11-25 02:49:57,843 - INFO - /home/amily/shark-ai/sharktuner/tuning_2025_11_25_02_45/candidates/specs/40_spec.mlir
2025-11-25 02:49:57,843 - INFO - /home/amily/shark-ai/sharktuner/tuning_2025_11_25_02_45/candidates/specs/49_spec.mlir
2025-11-25 02:49:57,843 - INFO - /home/amily/shark-ai/sharktuner/tuning_2025_11_25_02_45/candidates/specs/190_spec.mlir
2025-11-25 02:49:57,843 - INFO - /home/amily/shark-ai/sharktuner/tuning_2025_11_25_02_45/candidates/specs/106_spec.mlir
2025-11-25 02:49:57,843 - INFO - /home/amily/shark-ai/sharktuner/tuning_2025_11_25_02_45/candidates/specs/42_spec.mlir
2025-11-25 02:49:57,843 - INFO - /home/amily/shark-ai/sharktuner/tuning_2025_11_25_02_45/candidates/specs/50_spec.mlir
